[0.009s] Invoking command in '/home/pim0ubuntu/go1_ws/build/go1_description': CMAKE_PREFIX_PATH=${CMAKE_PREFIX_PATH}:/opt/ros/humble /usr/bin/cmake /home/pim0ubuntu/go1_ws/src/unitree_guide2/go1_description -DCMAKE_INSTALL_PREFIX=/home/pim0ubuntu/go1_ws/install/go1_description
[0.079s] -- The C compiler identification is GNU 11.4.0
[0.145s] -- The CXX compiler identification is GNU 11.4.0
[0.152s] -- Detecting C compiler ABI info
[0.221s] -- Detecting C compiler ABI info - done
[0.226s] -- Check for working C compiler: /usr/bin/cc - skipped
[0.226s] -- Detecting C compile features
[0.226s] -- Detecting C compile features - done
[0.230s] -- Detecting CXX compiler ABI info
[0.313s] -- Detecting CXX compiler ABI info - done
[0.319s] -- Check for working CXX compiler: /usr/bin/c++ - skipped
[0.319s] -- Detecting CXX compile features
[0.319s] -- Detecting CXX compile features - done
[0.322s] -- Found ament_cmake: 1.3.12 (/opt/ros/humble/share/ament_cmake/cmake)
[0.508s] -- Found Python3: /usr/bin/python3 (found version "3.10.12") found components: Interpreter 
[0.597s] -- Found rclcpp: 16.0.15 (/opt/ros/humble/share/rclcpp/cmake)
[0.635s] -- Found rosidl_generator_c: 3.1.7 (/opt/ros/humble/share/rosidl_generator_c/cmake)
[0.642s] -- Found rosidl_adapter: 3.1.7 (/opt/ros/humble/share/rosidl_adapter/cmake)
[0.651s] -- Found rosidl_generator_cpp: 3.1.7 (/opt/ros/humble/share/rosidl_generator_cpp/cmake)
[0.669s] -- Using all available rosidl_typesupport_c: rosidl_typesupport_fastrtps_c;rosidl_typesupport_introspection_c
[0.683s] -- Using all available rosidl_typesupport_cpp: rosidl_typesupport_fastrtps_cpp;rosidl_typesupport_introspection_cpp
[0.725s] -- Found rmw_implementation_cmake: 6.1.2 (/opt/ros/humble/share/rmw_implementation_cmake/cmake)
[0.728s] -- Found rmw_fastrtps_cpp: 6.2.9 (/opt/ros/humble/share/rmw_fastrtps_cpp/cmake)
[0.852s] -- Found OpenSSL: /usr/lib/x86_64-linux-gnu/libcrypto.so (found version "3.0.2")  
[0.893s] -- Found FastRTPS: /opt/ros/humble/include  
[0.961s] -- Using RMW implementation 'rmw_fastrtps_cpp' as default
[0.978s] -- Looking for pthread.h
[1.103s] -- Looking for pthread.h - found
[1.104s] -- Performing Test CMAKE_HAVE_LIBC_PTHREAD
[1.192s] -- Performing Test CMAKE_HAVE_LIBC_PTHREAD - Success
[1.193s] -- Found Threads: TRUE  
[1.241s] -- Found tf2: 0.25.16 (/opt/ros/humble/share/tf2/cmake)
[1.270s] -- Found tf2_ros: 0.25.16 (/opt/ros/humble/share/tf2_ros/cmake)
[1.425s] -- Configuring done
[1.429s] -- Generating done
[1.434s] -- Build files have been written to: /home/pim0ubuntu/go1_ws/build/go1_description
[1.452s] Invoked command in '/home/pim0ubuntu/go1_ws/build/go1_description' returned '0': CMAKE_PREFIX_PATH=${CMAKE_PREFIX_PATH}:/opt/ros/humble /usr/bin/cmake /home/pim0ubuntu/go1_ws/src/unitree_guide2/go1_description -DCMAKE_INSTALL_PREFIX=/home/pim0ubuntu/go1_ws/install/go1_description
[1.455s] Invoking command in '/home/pim0ubuntu/go1_ws/build/go1_description': CMAKE_PREFIX_PATH=${CMAKE_PREFIX_PATH}:/opt/ros/humble /usr/bin/cmake --build /home/pim0ubuntu/go1_ws/build/go1_description -- -j4 -l4
[1.508s] Invoked command in '/home/pim0ubuntu/go1_ws/build/go1_description' returned '0': CMAKE_PREFIX_PATH=${CMAKE_PREFIX_PATH}:/opt/ros/humble /usr/bin/cmake --build /home/pim0ubuntu/go1_ws/build/go1_description -- -j4 -l4
[1.523s] Invoking command in '/home/pim0ubuntu/go1_ws/build/go1_description': CMAKE_PREFIX_PATH=${CMAKE_PREFIX_PATH}:/opt/ros/humble /usr/bin/cmake --install /home/pim0ubuntu/go1_ws/build/go1_description
[1.531s] -- Install configuration: ""
[1.532s] -- Installing: /home/pim0ubuntu/go1_ws/install/go1_description/share/go1_description//config
[1.534s] -- Installing: /home/pim0ubuntu/go1_ws/install/go1_description/share/go1_description//config/joints
[1.534s] -- Installing: /home/pim0ubuntu/go1_ws/install/go1_description/share/go1_description//config/joints/joints.yaml
[1.534s] -- Installing: /home/pim0ubuntu/go1_ws/install/go1_description/share/go1_description//config/gait
[1.535s] -- Installing: /home/pim0ubuntu/go1_ws/install/go1_description/share/go1_description//config/gait/gait.yaml
[1.535s] -- Installing: /home/pim0ubuntu/go1_ws/install/go1_description/share/go1_description//config/robot_control.yaml
[1.536s] -- Installing: /home/pim0ubuntu/go1_ws/install/go1_description/share/go1_description//config/autonomy
[1.536s] -- Installing: /home/pim0ubuntu/go1_ws/install/go1_description/share/go1_description//config/autonomy/slam.yaml
[1.538s] -- Installing: /home/pim0ubuntu/go1_ws/install/go1_description/share/go1_description//config/autonomy/navigation.yaml
[1.539s] -- Installing: /home/pim0ubuntu/go1_ws/install/go1_description/share/go1_description//config/links
[1.540s] -- Installing: /home/pim0ubuntu/go1_ws/install/go1_description/share/go1_description//config/links/links.yaml
[1.541s] -- Installing: /home/pim0ubuntu/go1_ws/install/go1_description/share/go1_description//config/move_base
[1.542s] -- Installing: /home/pim0ubuntu/go1_ws/install/go1_description/share/go1_description//config/move_base/local_costmap_params.yaml
[1.542s] -- Installing: /home/pim0ubuntu/go1_ws/install/go1_description/share/go1_description//config/move_base/global_costmap_params.yaml
[1.543s] -- Installing: /home/pim0ubuntu/go1_ws/install/go1_description/share/go1_description//config/move_base/base_local_planner_holonomic_params.yaml
[1.543s] -- Installing: /home/pim0ubuntu/go1_ws/install/go1_description/share/go1_description//config/move_base/costmap_common_params.yaml
[1.543s] -- Installing: /home/pim0ubuntu/go1_ws/install/go1_description/share/go1_description//config/move_base/move_base_params.yaml
[1.543s] -- Installing: /home/pim0ubuntu/go1_ws/install/go1_description/share/go1_description//config/ros_control
[1.544s] -- Installing: /home/pim0ubuntu/go1_ws/install/go1_description/share/go1_description//config/ros_control/go1_controller.yaml
[1.544s] -- Installing: /home/pim0ubuntu/go1_ws/install/go1_description/share/go1_description//config/ros_control/ros_control.yaml
[1.544s] -- Installing: /home/pim0ubuntu/go1_ws/install/go1_description/share/go1_description//launch
[1.544s] -- Installing: /home/pim0ubuntu/go1_ws/install/go1_description/share/go1_description//launch/go1_gazebo.launch.py
[1.544s] -- Installing: /home/pim0ubuntu/go1_ws/install/go1_description/share/go1_description//launch/go1_rviz2.launch.py
[1.545s] -- Installing: /home/pim0ubuntu/go1_ws/install/go1_description/share/go1_description//launch/check_joint.rviz
[1.545s] -- Installing: /home/pim0ubuntu/go1_ws/install/go1_description/share/go1_description//meshes
[1.545s] -- Installing: /home/pim0ubuntu/go1_ws/install/go1_description/share/go1_description//meshes/thigh_mirror.dae
[1.547s] -- Installing: /home/pim0ubuntu/go1_ws/install/go1_description/share/go1_description//meshes/ultraSound.dae
[1.548s] -- Installing: /home/pim0ubuntu/go1_ws/install/go1_description/share/go1_description//meshes/depthCamera.dae
[1.548s] -- Installing: /home/pim0ubuntu/go1_ws/install/go1_description/share/go1_description//meshes/trunk.dae
[1.625s] -- Installing: /home/pim0ubuntu/go1_ws/install/go1_description/share/go1_description//meshes/thigh.dae
[1.627s] -- Installing: /home/pim0ubuntu/go1_ws/install/go1_description/share/go1_description//meshes/hip.dae
[1.630s] -- Installing: /home/pim0ubuntu/go1_ws/install/go1_description/share/go1_description//meshes/calf.dae
[1.633s] -- Installing: /home/pim0ubuntu/go1_ws/install/go1_description/share/go1_description//urdf
[1.633s] -- Installing: /home/pim0ubuntu/go1_ws/install/go1_description/share/go1_description//urdf/go1.urdf
[1.635s] -- Installing: /home/pim0ubuntu/go1_ws/install/go1_description/share/go1_description//xacro
[1.635s] -- Installing: /home/pim0ubuntu/go1_ws/install/go1_description/share/go1_description//xacro/transmission.xacro
[1.635s] -- Installing: /home/pim0ubuntu/go1_ws/install/go1_description/share/go1_description//xacro/gazebo.xacro
[1.635s] -- Installing: /home/pim0ubuntu/go1_ws/install/go1_description/share/go1_description//xacro/leg.xacro
[1.635s] -- Installing: /home/pim0ubuntu/go1_ws/install/go1_description/share/go1_description//xacro/leg2.xacro
[1.635s] -- Installing: /home/pim0ubuntu/go1_ws/install/go1_description/share/go1_description//xacro/depthCamera.xacro
[1.635s] -- Installing: /home/pim0ubuntu/go1_ws/install/go1_description/share/go1_description//xacro/robot.xacro
[1.635s] -- Installing: /home/pim0ubuntu/go1_ws/install/go1_description/share/go1_description//xacro/ultraSound.xacro
[1.635s] -- Installing: /home/pim0ubuntu/go1_ws/install/go1_description/share/go1_description//xacro/materials.xacro
[1.635s] -- Installing: /home/pim0ubuntu/go1_ws/install/go1_description/share/go1_description//xacro/const.xacro
[1.636s] -- Installing: /home/pim0ubuntu/go1_ws/install/go1_description/share/ament_index/resource_index/package_run_dependencies/go1_description
[1.636s] -- Installing: /home/pim0ubuntu/go1_ws/install/go1_description/share/ament_index/resource_index/parent_prefix_path/go1_description
[1.636s] -- Installing: /home/pim0ubuntu/go1_ws/install/go1_description/share/go1_description/environment/ament_prefix_path.sh
[1.637s] -- Installing: /home/pim0ubuntu/go1_ws/install/go1_description/share/go1_description/environment/ament_prefix_path.dsv
[1.637s] -- Installing: /home/pim0ubuntu/go1_ws/install/go1_description/share/go1_description/environment/path.sh
[1.637s] -- Installing: /home/pim0ubuntu/go1_ws/install/go1_description/share/go1_description/environment/path.dsv
[1.637s] -- Installing: /home/pim0ubuntu/go1_ws/install/go1_description/share/go1_description/local_setup.bash
[1.637s] -- Installing: /home/pim0ubuntu/go1_ws/install/go1_description/share/go1_description/local_setup.sh
[1.638s] -- Installing: /home/pim0ubuntu/go1_ws/install/go1_description/share/go1_description/local_setup.zsh
[1.638s] -- Installing: /home/pim0ubuntu/go1_ws/install/go1_description/share/go1_description/local_setup.dsv
[1.639s] -- Installing: /home/pim0ubuntu/go1_ws/install/go1_description/share/go1_description/package.dsv
[1.639s] -- Installing: /home/pim0ubuntu/go1_ws/install/go1_description/share/ament_index/resource_index/packages/go1_description
[1.639s] -- Installing: /home/pim0ubuntu/go1_ws/install/go1_description/share/go1_description/cmake/go1_descriptionConfig.cmake
[1.639s] -- Installing: /home/pim0ubuntu/go1_ws/install/go1_description/share/go1_description/cmake/go1_descriptionConfig-version.cmake
[1.640s] -- Installing: /home/pim0ubuntu/go1_ws/install/go1_description/share/go1_description/package.xml
[1.643s] Invoked command in '/home/pim0ubuntu/go1_ws/build/go1_description' returned '0': CMAKE_PREFIX_PATH=${CMAKE_PREFIX_PATH}:/opt/ros/humble /usr/bin/cmake --install /home/pim0ubuntu/go1_ws/build/go1_description
