-- The C compiler identification is GNU 11.4.0
-- The CXX compiler identification is GNU 11.4.0
-- Detecting C compiler ABI info
-- Detecting C compiler ABI info - done
-- Check for working C compiler: /usr/bin/cc - skipped
-- Detecting C compile features
-- Detecting C compile features - done
-- Detecting CXX compiler ABI info
-- Detecting CXX compiler ABI info - done
-- Check for working CXX compiler: /usr/bin/c++ - skipped
-- Detecting CXX compile features
-- Detecting CXX compile features - done
-- Found Boost: /usr/lib/x86_64-linux-gnu/cmake/Boost-1.74.0/BoostConfig.cmake (found version "1.74.0")  
-- Found ament_cmake: 1.3.12 (/opt/ros/humble/share/ament_cmake/cmake)
-- Found Python3: /usr/bin/python3 (found version "3.10.12") found components: Interpreter 
-- Found rclcpp: 16.0.15 (/opt/ros/humble/share/rclcpp/cmake)
-- Found rosidl_generator_c: 3.1.7 (/opt/ros/humble/share/rosidl_generator_c/cmake)
-- Found rosidl_adapter: 3.1.7 (/opt/ros/humble/share/rosidl_adapter/cmake)
-- Found rosidl_generator_cpp: 3.1.7 (/opt/ros/humble/share/rosidl_generator_cpp/cmake)
-- Using all available rosidl_typesupport_c: rosidl_typesupport_fastrtps_c;rosidl_typesupport_introspection_c
-- Using all available rosidl_typesupport_cpp: rosidl_typesupport_fastrtps_cpp;rosidl_typesupport_introspection_cpp
-- Found rmw_implementation_cmake: 6.1.2 (/opt/ros/humble/share/rmw_implementation_cmake/cmake)
-- Found rmw_fastrtps_cpp: 6.2.9 (/opt/ros/humble/share/rmw_fastrtps_cpp/cmake)
-- Found OpenSSL: /usr/lib/x86_64-linux-gnu/libcrypto.so (found version "3.0.2")  
-- Found FastRTPS: /opt/ros/humble/include  
-- Using RMW implementation 'rmw_fastrtps_cpp' as default
-- Looking for pthread.h
-- Looking for pthread.h - found
-- Performing Test CMAKE_HAVE_LIBC_PTHREAD
-- Performing Test CMAKE_HAVE_LIBC_PTHREAD - Success
-- Found Threads: TRUE  
-- Found geometry_msgs: 4.9.0 (/opt/ros/humble/share/geometry_msgs/cmake)
-- Found robot_state_publisher: 3.0.3 (/opt/ros/humble/share/robot_state_publisher/cmake)
-- Found eigen3_cmake_module: 0.1.1 (/opt/ros/humble/share/eigen3_cmake_module/cmake)
-- Found Eigen3: TRUE (found version "3.4.0") 
-- Ensuring Eigen3 include directory is part of orocos-kdl CMake target
-- Found ros2_unitree_legged_msgs: 0.4.0 (/home/pim0ubuntu/go1_ws/install/ros2_unitree_legged_msgs/share/ros2_unitree_legged_msgs/cmake)
-- Found nav_msgs: 4.9.0 (/opt/ros/humble/share/nav_msgs/cmake)
-- Found gazebo_ros_pkgs: 3.9.0 (/opt/ros/humble/share/gazebo_ros_pkgs/cmake)
-- Found controller_manager: 2.52.0 (/opt/ros/humble/share/controller_manager/cmake)
-- Found ament_lint_auto: 0.12.14 (/opt/ros/humble/share/ament_lint_auto/cmake)
-- Added test 'cppcheck' to perform static code analysis on C / C++ code
-- Configured cppcheck include dirs: /home/pim0ubuntu/go1_ws/src/unitree_guide2/unitree_guide2/include/unitree_guide2
-- Configured cppcheck exclude dirs and/or files: 
-- Added test 'flake8' to check Python code syntax and style conventions
-- Added test 'lint_cmake' to check CMake code style
-- Added test 'pep257' to check Python code against some of the docstring style conventions in PEP 257
-- Added test 'uncrustify' to check C / C++ code style
-- Configured uncrustify additional arguments: 
-- Added test 'xmllint' to check XML markup files
-- Configuring done
-- Generating done
-- Build files have been written to: /home/pim0ubuntu/go1_ws/build/unitree_guide2
[ 10%] [32mBuilding CXX object CMakeFiles/junior_ctrl.dir/src/FSM/FSMState.cpp.o[0m
[ 10%] [32mBuilding CXX object CMakeFiles/junior_ctrl.dir/src/FSM/FSM.cpp.o[0m
[ 14%] [32mBuilding CXX object CMakeFiles/junior_ctrl.dir/src/FSM/State_BalanceTest.cpp.o[0m
[ 14%] [32mBuilding CXX object CMakeFiles/junior_ctrl.dir/src/main.cpp.o[0m
[ 17%] [32mBuilding CXX object CMakeFiles/junior_ctrl.dir/src/FSM/State_FixedStand.cpp.o[0m
[ 21%] [32mBuilding CXX object CMakeFiles/junior_ctrl.dir/src/FSM/State_FreeStand.cpp.o[0m
[ 25%] [32mBuilding CXX object CMakeFiles/junior_ctrl.dir/src/FSM/State_Passive.cpp.o[0m
[ 28%] [32mBuilding CXX object CMakeFiles/junior_ctrl.dir/src/FSM/State_ShakeHand.cpp.o[0m
[ 32%] [32mBuilding CXX object CMakeFiles/junior_ctrl.dir/src/FSM/State_StepTest.cpp.o[0m
[ 35%] [32mBuilding CXX object CMakeFiles/junior_ctrl.dir/src/FSM/State_SwingTest.cpp.o[0m
[ 39%] [32mBuilding CXX object CMakeFiles/junior_ctrl.dir/src/FSM/State_move_base.cpp.o[0m
[ 42%] [32mBuilding CXX object CMakeFiles/junior_ctrl.dir/src/FSM/State_Trotting.cpp.o[0m
[ 46%] [32mBuilding CXX object CMakeFiles/junior_ctrl.dir/src/Gait/FeetEndCal.cpp.o[0m
[ 50%] [32mBuilding CXX object CMakeFiles/junior_ctrl.dir/src/Gait/GaitGenerator.cpp.o[0m
[ 53%] [32mBuilding CXX object CMakeFiles/junior_ctrl.dir/src/Gait/WaveGenerator.cpp.o[0m
[ 57%] [32mBuilding CXX object CMakeFiles/junior_ctrl.dir/src/common/LowPassFilter.cpp.o[0m
[ 60%] [32mBuilding CXX object CMakeFiles/junior_ctrl.dir/src/common/unitreeLeg.cpp.o[0m
[ 64%] [32mBuilding CXX object CMakeFiles/junior_ctrl.dir/src/common/unitreeRobot.cpp.o[0m
[ 67%] [32mBuilding CXX object CMakeFiles/junior_ctrl.dir/src/control/BalanceCtrl.cpp.o[0m
[ 71%] [32mBuilding CXX object CMakeFiles/junior_ctrl.dir/src/control/ControlFrame.cpp.o[0m
[ 75%] [32mBuilding CXX object CMakeFiles/junior_ctrl.dir/src/control/Estimator.cpp.o[0m
[ 78%] [32mBuilding CXX object CMakeFiles/junior_ctrl.dir/src/interface/IOROS2.cpp.o[0m
[ 82%] [32mBuilding CXX object CMakeFiles/junior_ctrl.dir/src/interface/IOSDK.cpp.o[0m
[ 85%] [32mBuilding CXX object CMakeFiles/junior_ctrl.dir/src/interface/KeyBoard.cpp.o[0m
[ 89%] [32mBuilding CXX object CMakeFiles/junior_ctrl.dir/src/interface/WirelessHandle.cpp.o[0m
[ 92%] [32mBuilding CXX object CMakeFiles/junior_ctrl.dir/src/quadProgpp/Array.cc.o[0m
[ 96%] [32mBuilding CXX object CMakeFiles/junior_ctrl.dir/src/quadProgpp/QuadProg++.cc.o[0m
[100%] [32m[1mLinking CXX executable junior_ctrl[0m
[100%] Built target junior_ctrl
-- Install configuration: ""
-- Installing: /home/pim0ubuntu/go1_ws/install/unitree_guide2/include
-- Installing: /home/pim0ubuntu/go1_ws/install/unitree_guide2/include/unitree_guide2
-- Installing: /home/pim0ubuntu/go1_ws/install/unitree_guide2/include/unitree_guide2/interface
-- Installing: /home/pim0ubuntu/go1_ws/install/unitree_guide2/include/unitree_guide2/interface/WirelessHandle.h
-- Installing: /home/pim0ubuntu/go1_ws/install/unitree_guide2/include/unitree_guide2/interface/IOROS2.h
-- Installing: /home/pim0ubuntu/go1_ws/install/unitree_guide2/include/unitree_guide2/interface/IOInterface.h
-- Installing: /home/pim0ubuntu/go1_ws/install/unitree_guide2/include/unitree_guide2/interface/KeyBoard.h
-- Installing: /home/pim0ubuntu/go1_ws/install/unitree_guide2/include/unitree_guide2/interface/CmdPanel.h
-- Installing: /home/pim0ubuntu/go1_ws/install/unitree_guide2/include/unitree_guide2/interface/IOSDK.h
-- Installing: /home/pim0ubuntu/go1_ws/install/unitree_guide2/include/unitree_guide2/common
-- Installing: /home/pim0ubuntu/go1_ws/install/unitree_guide2/include/unitree_guide2/common/unitreeRobot.h
-- Installing: /home/pim0ubuntu/go1_ws/install/unitree_guide2/include/unitree_guide2/common/mathTypes.h
-- Installing: /home/pim0ubuntu/go1_ws/install/unitree_guide2/include/unitree_guide2/common/enumClass.h
-- Installing: /home/pim0ubuntu/go1_ws/install/unitree_guide2/include/unitree_guide2/common/mathTools.h
-- Installing: /home/pim0ubuntu/go1_ws/install/unitree_guide2/include/unitree_guide2/common/LowPassFilter.h
-- Installing: /home/pim0ubuntu/go1_ws/install/unitree_guide2/include/unitree_guide2/common/timeMarker.h
-- Installing: /home/pim0ubuntu/go1_ws/install/unitree_guide2/include/unitree_guide2/common/unitreeLeg.h
-- Installing: /home/pim0ubuntu/go1_ws/install/unitree_guide2/include/unitree_guide2/common/PyPlot.h
-- Installing: /home/pim0ubuntu/go1_ws/install/unitree_guide2/include/unitree_guide2/message
-- Installing: /home/pim0ubuntu/go1_ws/install/unitree_guide2/include/unitree_guide2/message/unitree_joystick.h
-- Installing: /home/pim0ubuntu/go1_ws/install/unitree_guide2/include/unitree_guide2/message/LowlevelState.h
-- Installing: /home/pim0ubuntu/go1_ws/install/unitree_guide2/include/unitree_guide2/message/LowlevelCmd.h
-- Installing: /home/pim0ubuntu/go1_ws/install/unitree_guide2/include/unitree_guide2/control
-- Installing: /home/pim0ubuntu/go1_ws/install/unitree_guide2/include/unitree_guide2/control/Estimator.h
-- Installing: /home/pim0ubuntu/go1_ws/install/unitree_guide2/include/unitree_guide2/control/BalanceCtrl.h
-- Installing: /home/pim0ubuntu/go1_ws/install/unitree_guide2/include/unitree_guide2/control/ControlFrame.h
-- Installing: /home/pim0ubuntu/go1_ws/install/unitree_guide2/include/unitree_guide2/control/CtrlComponents.h
-- Installing: /home/pim0ubuntu/go1_ws/install/unitree_guide2/include/unitree_guide2/thirdParty
-- Installing: /home/pim0ubuntu/go1_ws/install/unitree_guide2/include/unitree_guide2/thirdParty/quadProgpp
-- Installing: /home/pim0ubuntu/go1_ws/install/unitree_guide2/include/unitree_guide2/thirdParty/quadProgpp/QuadProg++.hh
-- Installing: /home/pim0ubuntu/go1_ws/install/unitree_guide2/include/unitree_guide2/thirdParty/quadProgpp/Array.hh
-- Installing: /home/pim0ubuntu/go1_ws/install/unitree_guide2/include/unitree_guide2/thirdParty/matplotlibcpp.h
-- Installing: /home/pim0ubuntu/go1_ws/install/unitree_guide2/include/unitree_guide2/FSM
-- Installing: /home/pim0ubuntu/go1_ws/install/unitree_guide2/include/unitree_guide2/FSM/FSMState.h
-- Installing: /home/pim0ubuntu/go1_ws/install/unitree_guide2/include/unitree_guide2/FSM/State_Trotting.h
-- Installing: /home/pim0ubuntu/go1_ws/install/unitree_guide2/include/unitree_guide2/FSM/State_StepTest.h
-- Installing: /home/pim0ubuntu/go1_ws/install/unitree_guide2/include/unitree_guide2/FSM/State_ShakeHand.h
-- Installing: /home/pim0ubuntu/go1_ws/install/unitree_guide2/include/unitree_guide2/FSM/State_FixedStand.h
-- Installing: /home/pim0ubuntu/go1_ws/install/unitree_guide2/include/unitree_guide2/FSM/FSM.h
-- Installing: /home/pim0ubuntu/go1_ws/install/unitree_guide2/include/unitree_guide2/FSM/State_Passive.h
-- Installing: /home/pim0ubuntu/go1_ws/install/unitree_guide2/include/unitree_guide2/FSM/State_move_base.h
-- Installing: /home/pim0ubuntu/go1_ws/install/unitree_guide2/include/unitree_guide2/FSM/State_BalanceTest.h
-- Installing: /home/pim0ubuntu/go1_ws/install/unitree_guide2/include/unitree_guide2/FSM/State_SwingTest.h
-- Installing: /home/pim0ubuntu/go1_ws/install/unitree_guide2/include/unitree_guide2/FSM/State_FreeStand.h
-- Installing: /home/pim0ubuntu/go1_ws/install/unitree_guide2/include/unitree_guide2/Gait
-- Installing: /home/pim0ubuntu/go1_ws/install/unitree_guide2/include/unitree_guide2/Gait/GaitGenerator.h
-- Installing: /home/pim0ubuntu/go1_ws/install/unitree_guide2/include/unitree_guide2/Gait/WaveGenerator.h
-- Installing: /home/pim0ubuntu/go1_ws/install/unitree_guide2/include/unitree_guide2/Gait/FeetEndCal.h
-- Installing: /home/pim0ubuntu/go1_ws/install/unitree_guide2/share/unitree_guide2//launch
-- Installing: /home/pim0ubuntu/go1_ws/install/unitree_guide2/share/unitree_guide2//launch/spawn_go1.launch.py
-- Installing: /home/pim0ubuntu/go1_ws/install/unitree_guide2/share/unitree_guide2//launch/launch_world.launch.py
-- Installing: /home/pim0ubuntu/go1_ws/install/unitree_guide2/share/unitree_guide2//config
-- Installing: /home/pim0ubuntu/go1_ws/install/unitree_guide2/share/unitree_guide2//config/gazebo_params.yaml
-- Installing: /home/pim0ubuntu/go1_ws/install/unitree_guide2/share/unitree_guide2//worlds
-- Installing: /home/pim0ubuntu/go1_ws/install/unitree_guide2/share/unitree_guide2//worlds/empty.sdf
-- Installing: /home/pim0ubuntu/go1_ws/install/unitree_guide2/lib/unitree_guide2/junior_ctrl
-- Set runtime path of "/home/pim0ubuntu/go1_ws/install/unitree_guide2/lib/unitree_guide2/junior_ctrl" to ""
-- Installing: /home/pim0ubuntu/go1_ws/install/unitree_guide2/share/ament_index/resource_index/package_run_dependencies/unitree_guide2
-- Installing: /home/pim0ubuntu/go1_ws/install/unitree_guide2/share/ament_index/resource_index/parent_prefix_path/unitree_guide2
-- Installing: /home/pim0ubuntu/go1_ws/install/unitree_guide2/share/unitree_guide2/environment/ament_prefix_path.sh
-- Installing: /home/pim0ubuntu/go1_ws/install/unitree_guide2/share/unitree_guide2/environment/ament_prefix_path.dsv
-- Installing: /home/pim0ubuntu/go1_ws/install/unitree_guide2/share/unitree_guide2/environment/path.sh
-- Installing: /home/pim0ubuntu/go1_ws/install/unitree_guide2/share/unitree_guide2/environment/path.dsv
-- Installing: /home/pim0ubuntu/go1_ws/install/unitree_guide2/share/unitree_guide2/local_setup.bash
-- Installing: /home/pim0ubuntu/go1_ws/install/unitree_guide2/share/unitree_guide2/local_setup.sh
-- Installing: /home/pim0ubuntu/go1_ws/install/unitree_guide2/share/unitree_guide2/local_setup.zsh
-- Installing: /home/pim0ubuntu/go1_ws/install/unitree_guide2/share/unitree_guide2/local_setup.dsv
-- Installing: /home/pim0ubuntu/go1_ws/install/unitree_guide2/share/unitree_guide2/package.dsv
-- Installing: /home/pim0ubuntu/go1_ws/install/unitree_guide2/share/ament_index/resource_index/packages/unitree_guide2
-- Installing: /home/pim0ubuntu/go1_ws/install/unitree_guide2/share/unitree_guide2/cmake/unitree_guide2Config.cmake
-- Installing: /home/pim0ubuntu/go1_ws/install/unitree_guide2/share/unitree_guide2/cmake/unitree_guide2Config-version.cmake
-- Installing: /home/pim0ubuntu/go1_ws/install/unitree_guide2/share/unitree_guide2/package.xml
