-- The CXX compiler identification is GNU 11.4.0
-- Detecting CXX compiler ABI info
-- Detecting CXX compiler ABI info - done
-- Check for working CXX compiler: /usr/bin/c++ - skipped
-- Detecting CXX compile features
-- Detecting CXX compile features - done
-- Found ament_cmake: 1.3.12 (/opt/ros/humble/share/ament_cmake/cmake)
-- Found Python3: /usr/bin/python3 (found version "3.10.12") found components: Interpreter 
-- Found angles: 1.15.0 (/opt/ros/humble/share/angles/cmake)
-- Found control_msgs: 4.8.0 (/opt/ros/humble/share/control_msgs/cmake)
-- Found rosidl_generator_c: 3.1.7 (/opt/ros/humble/share/rosidl_generator_c/cmake)
-- Found rosidl_adapter: 3.1.7 (/opt/ros/humble/share/rosidl_adapter/cmake)
-- Found rosidl_generator_cpp: 3.1.7 (/opt/ros/humble/share/rosidl_generator_cpp/cmake)
-- Using all available rosidl_typesupport_c: rosidl_typesupport_fastrtps_c;rosidl_typesupport_introspection_c
-- Using all available rosidl_typesupport_cpp: rosidl_typesupport_fastrtps_cpp;rosidl_typesupport_introspection_cpp
-- Found control_toolbox: 3.6.2 (/opt/ros/humble/share/control_toolbox/cmake)
-- Found rmw_implementation_cmake: 6.1.2 (/opt/ros/humble/share/rmw_implementation_cmake/cmake)
-- Found rmw_fastrtps_cpp: 6.2.9 (/opt/ros/humble/share/rmw_fastrtps_cpp/cmake)
-- Found OpenSSL: /usr/lib/x86_64-linux-gnu/libcrypto.so (found version "3.0.2")  
-- Found FastRTPS: /opt/ros/humble/include  
-- Using RMW implementation 'rmw_fastrtps_cpp' as default
-- Looking for C++ include pthread.h
-- Looking for C++ include pthread.h - found
-- Performing Test CMAKE_HAVE_LIBC_PTHREAD
-- Performing Test CMAKE_HAVE_LIBC_PTHREAD - Success
-- Found Threads: TRUE  
-- Found controller_interface: 2.52.0 (/opt/ros/humble/share/controller_interface/cmake)
-- Found ros2_unitree_legged_msgs: 0.4.0 (/home/pim0ubuntu/go1_ws/install/ros2_unitree_legged_msgs/share/ros2_unitree_legged_msgs/cmake)
-- Found urdf: 2.6.1 (/opt/ros/humble/share/urdf/cmake)
-- Configuring done
-- Generating done
-- Build files have been written to: /home/pim0ubuntu/go1_ws/build/unitree_joint_controller
[ 25%] [34m[1mRunning `/opt/ros/humble/bin/generate_parameter_library_cpp /home/pim0ubuntu/go1_ws/build/unitree_joint_controller/include/unitree_joint_controller/unitree_joint_controller_parameters.hpp /home/pim0ubuntu/go1_ws/src/unitree_guide2/unitree_joint_controller/src/unitree_joint_controller_parm.yaml validate_ujc_parameters.hpp`[0m
[ 50%] [34m[1mCreating deprecated header file /home/pim0ubuntu/go1_ws/build/unitree_joint_controller/include/unitree_joint_controller_parameters.hpp[0m
[ 50%] Built target unitree_joint_controller_parameters
[ 75%] [32mBuilding CXX object CMakeFiles/unitree_joint_controller.dir/src/joint_controller.cpp.o[0m
[100%] [32m[1mLinking CXX shared library libunitree_joint_controller.so[0m
[100%] Built target unitree_joint_controller
-- Install configuration: ""
-- Installing: /home/pim0ubuntu/go1_ws/install/unitree_joint_controller/include/unitree_joint_controller
-- Installing: /home/pim0ubuntu/go1_ws/install/unitree_joint_controller/include/unitree_joint_controller/validate_ujc_parameters.hpp
-- Installing: /home/pim0ubuntu/go1_ws/install/unitree_joint_controller/include/unitree_joint_controller/unitree_joint_controller_parameters.hpp
-- Installing: /home/pim0ubuntu/go1_ws/install/unitree_joint_controller/share/unitree_joint_controller/unitree_controller_plugin.xml
-- Up-to-date: /home/pim0ubuntu/go1_ws/install/unitree_joint_controller/include/unitree_joint_controller
-- Installing: /home/pim0ubuntu/go1_ws/install/unitree_joint_controller/include/unitree_joint_controller/unitree_joint_controller
-- Installing: /home/pim0ubuntu/go1_ws/install/unitree_joint_controller/include/unitree_joint_controller/unitree_joint_controller/joint_controller.h
-- Installing: /home/pim0ubuntu/go1_ws/install/unitree_joint_controller/include/unitree_joint_controller/unitree_joint_controller/validate_ujc_parameters.hpp
-- Installing: /home/pim0ubuntu/go1_ws/install/unitree_joint_controller/include/unitree_joint_controller/unitree_joint_controller/unitree_joint_control_tool.h
-- Installing: /home/pim0ubuntu/go1_ws/install/unitree_joint_controller/lib/libunitree_joint_controller.so
-- Set runtime path of "/home/pim0ubuntu/go1_ws/install/unitree_joint_controller/lib/libunitree_joint_controller.so" to ""
-- Installing: /home/pim0ubuntu/go1_ws/install/unitree_joint_controller/share/unitree_joint_controller/environment/library_path.sh
-- Installing: /home/pim0ubuntu/go1_ws/install/unitree_joint_controller/share/unitree_joint_controller/environment/library_path.dsv
-- Installing: /home/pim0ubuntu/go1_ws/install/unitree_joint_controller/share/ament_index/resource_index/package_run_dependencies/unitree_joint_controller
-- Installing: /home/pim0ubuntu/go1_ws/install/unitree_joint_controller/share/ament_index/resource_index/parent_prefix_path/unitree_joint_controller
-- Installing: /home/pim0ubuntu/go1_ws/install/unitree_joint_controller/share/unitree_joint_controller/environment/ament_prefix_path.sh
-- Installing: /home/pim0ubuntu/go1_ws/install/unitree_joint_controller/share/unitree_joint_controller/environment/ament_prefix_path.dsv
-- Installing: /home/pim0ubuntu/go1_ws/install/unitree_joint_controller/share/unitree_joint_controller/environment/path.sh
-- Installing: /home/pim0ubuntu/go1_ws/install/unitree_joint_controller/share/unitree_joint_controller/environment/path.dsv
-- Installing: /home/pim0ubuntu/go1_ws/install/unitree_joint_controller/share/unitree_joint_controller/local_setup.bash
-- Installing: /home/pim0ubuntu/go1_ws/install/unitree_joint_controller/share/unitree_joint_controller/local_setup.sh
-- Installing: /home/pim0ubuntu/go1_ws/install/unitree_joint_controller/share/unitree_joint_controller/local_setup.zsh
-- Installing: /home/pim0ubuntu/go1_ws/install/unitree_joint_controller/share/unitree_joint_controller/local_setup.dsv
-- Installing: /home/pim0ubuntu/go1_ws/install/unitree_joint_controller/share/unitree_joint_controller/package.dsv
-- Installing: /home/pim0ubuntu/go1_ws/install/unitree_joint_controller/share/ament_index/resource_index/packages/unitree_joint_controller
-- Installing: /home/pim0ubuntu/go1_ws/install/unitree_joint_controller/share/ament_index/resource_index/controller_interface__pluginlib__plugin/unitree_joint_controller
-- Installing: /home/pim0ubuntu/go1_ws/install/unitree_joint_controller/share/unitree_joint_controller/cmake/export_unitree_joint_controllerExport.cmake
-- Installing: /home/pim0ubuntu/go1_ws/install/unitree_joint_controller/share/unitree_joint_controller/cmake/export_unitree_joint_controllerExport-noconfig.cmake
-- Installing: /home/pim0ubuntu/go1_ws/install/unitree_joint_controller/share/unitree_joint_controller/cmake/ament_cmake_export_dependencies-extras.cmake
-- Installing: /home/pim0ubuntu/go1_ws/install/unitree_joint_controller/share/unitree_joint_controller/cmake/ament_cmake_export_targets-extras.cmake
-- Installing: /home/pim0ubuntu/go1_ws/install/unitree_joint_controller/share/unitree_joint_controller/cmake/unitree_joint_controllerConfig.cmake
-- Installing: /home/pim0ubuntu/go1_ws/install/unitree_joint_controller/share/unitree_joint_controller/cmake/unitree_joint_controllerConfig-version.cmake
-- Installing: /home/pim0ubuntu/go1_ws/install/unitree_joint_controller/share/unitree_joint_controller/package.xml
