[0.013s] Invoking command in '/home/pim0ubuntu/go1_ws/build/unitree_joint_controller': CMAKE_PREFIX_PATH=/home/pim0ubuntu/go1_ws/install/ros2_unitree_legged_msgs:/home/pim0ubuntu/go1_ws/install/unitree_guide2:/home/pim0ubuntu/go1_ws/install/unitree_joint_controller:/home/pim0ubuntu/go1_ws/install/go1_description:/opt/ros/humble LD_LIBRARY_PATH=/home/pim0ubuntu/go1_ws/install/ros2_unitree_legged_msgs/lib:/home/pim0ubuntu/go1_ws/install/unitree_joint_controller/lib:/usr/lib/x86_64-linux-gnu/gazebo-11/plugins:/opt/ros/humble/opt/rviz_ogre_vendor/lib:/opt/ros/humble/lib/x86_64-linux-gnu:/opt/ros/humble/lib /usr/bin/cmake --build /home/pim0ubuntu/go1_ws/build/unitree_joint_controller -- -j4 -l4
[0.072s] [ 50%] Built target unitree_joint_controller_parameters
[0.097s] [100%] Built target unitree_joint_controller
[0.108s] Invoked command in '/home/pim0ubuntu/go1_ws/build/unitree_joint_controller' returned '0': CMAKE_PREFIX_PATH=/home/pim0ubuntu/go1_ws/install/ros2_unitree_legged_msgs:/home/pim0ubuntu/go1_ws/install/unitree_guide2:/home/pim0ubuntu/go1_ws/install/unitree_joint_controller:/home/pim0ubuntu/go1_ws/install/go1_description:/opt/ros/humble LD_LIBRARY_PATH=/home/pim0ubuntu/go1_ws/install/ros2_unitree_legged_msgs/lib:/home/pim0ubuntu/go1_ws/install/unitree_joint_controller/lib:/usr/lib/x86_64-linux-gnu/gazebo-11/plugins:/opt/ros/humble/opt/rviz_ogre_vendor/lib:/opt/ros/humble/lib/x86_64-linux-gnu:/opt/ros/humble/lib /usr/bin/cmake --build /home/pim0ubuntu/go1_ws/build/unitree_joint_controller -- -j4 -l4
[0.114s] Invoking command in '/home/pim0ubuntu/go1_ws/build/unitree_joint_controller': CMAKE_PREFIX_PATH=/home/pim0ubuntu/go1_ws/install/ros2_unitree_legged_msgs:/home/pim0ubuntu/go1_ws/install/unitree_guide2:/home/pim0ubuntu/go1_ws/install/unitree_joint_controller:/home/pim0ubuntu/go1_ws/install/go1_description:/opt/ros/humble LD_LIBRARY_PATH=/home/pim0ubuntu/go1_ws/install/ros2_unitree_legged_msgs/lib:/home/pim0ubuntu/go1_ws/install/unitree_joint_controller/lib:/usr/lib/x86_64-linux-gnu/gazebo-11/plugins:/opt/ros/humble/opt/rviz_ogre_vendor/lib:/opt/ros/humble/lib/x86_64-linux-gnu:/opt/ros/humble/lib /usr/bin/cmake --install /home/pim0ubuntu/go1_ws/build/unitree_joint_controller
[0.120s] -- Install configuration: ""
[0.120s] -- Up-to-date: /home/pim0ubuntu/go1_ws/install/unitree_joint_controller/include/unitree_joint_controller
[0.120s] -- Up-to-date: /home/pim0ubuntu/go1_ws/install/unitree_joint_controller/include/unitree_joint_controller/validate_ujc_parameters.hpp
[0.120s] -- Up-to-date: /home/pim0ubuntu/go1_ws/install/unitree_joint_controller/include/unitree_joint_controller/unitree_joint_controller_parameters.hpp
[0.120s] -- Up-to-date: /home/pim0ubuntu/go1_ws/install/unitree_joint_controller/share/unitree_joint_controller/unitree_controller_plugin.xml
[0.120s] -- Up-to-date: /home/pim0ubuntu/go1_ws/install/unitree_joint_controller/include/unitree_joint_controller
[0.120s] -- Up-to-date: /home/pim0ubuntu/go1_ws/install/unitree_joint_controller/include/unitree_joint_controller/unitree_joint_controller
[0.120s] -- Up-to-date: /home/pim0ubuntu/go1_ws/install/unitree_joint_controller/include/unitree_joint_controller/unitree_joint_controller/joint_controller.h
[0.121s] -- Up-to-date: /home/pim0ubuntu/go1_ws/install/unitree_joint_controller/include/unitree_joint_controller/unitree_joint_controller/validate_ujc_parameters.hpp
[0.121s] -- Up-to-date: /home/pim0ubuntu/go1_ws/install/unitree_joint_controller/include/unitree_joint_controller/unitree_joint_controller/unitree_joint_control_tool.h
[0.123s] -- Up-to-date: /home/pim0ubuntu/go1_ws/install/unitree_joint_controller/lib/libunitree_joint_controller.so
[0.124s] -- Up-to-date: /home/pim0ubuntu/go1_ws/install/unitree_joint_controller/share/unitree_joint_controller/environment/library_path.sh
[0.124s] -- Up-to-date: /home/pim0ubuntu/go1_ws/install/unitree_joint_controller/share/unitree_joint_controller/environment/library_path.dsv
[0.124s] -- Up-to-date: /home/pim0ubuntu/go1_ws/install/unitree_joint_controller/share/ament_index/resource_index/package_run_dependencies/unitree_joint_controller
[0.124s] -- Up-to-date: /home/pim0ubuntu/go1_ws/install/unitree_joint_controller/share/ament_index/resource_index/parent_prefix_path/unitree_joint_controller
[0.124s] -- Up-to-date: /home/pim0ubuntu/go1_ws/install/unitree_joint_controller/share/unitree_joint_controller/environment/ament_prefix_path.sh
[0.125s] -- Up-to-date: /home/pim0ubuntu/go1_ws/install/unitree_joint_controller/share/unitree_joint_controller/environment/ament_prefix_path.dsv
[0.125s] -- Up-to-date: /home/pim0ubuntu/go1_ws/install/unitree_joint_controller/share/unitree_joint_controller/environment/path.sh
[0.125s] -- Up-to-date: /home/pim0ubuntu/go1_ws/install/unitree_joint_controller/share/unitree_joint_controller/environment/path.dsv
[0.125s] -- Up-to-date: /home/pim0ubuntu/go1_ws/install/unitree_joint_controller/share/unitree_joint_controller/local_setup.bash
[0.126s] -- Up-to-date: /home/pim0ubuntu/go1_ws/install/unitree_joint_controller/share/unitree_joint_controller/local_setup.sh
[0.126s] -- Up-to-date: /home/pim0ubuntu/go1_ws/install/unitree_joint_controller/share/unitree_joint_controller/local_setup.zsh
[0.126s] -- Up-to-date: /home/pim0ubuntu/go1_ws/install/unitree_joint_controller/share/unitree_joint_controller/local_setup.dsv
[0.126s] -- Installing: /home/pim0ubuntu/go1_ws/install/unitree_joint_controller/share/unitree_joint_controller/package.dsv
[0.127s] -- Up-to-date: /home/pim0ubuntu/go1_ws/install/unitree_joint_controller/share/ament_index/resource_index/packages/unitree_joint_controller
[0.127s] -- Up-to-date: /home/pim0ubuntu/go1_ws/install/unitree_joint_controller/share/ament_index/resource_index/controller_interface__pluginlib__plugin/unitree_joint_controller
[0.128s] -- Up-to-date: /home/pim0ubuntu/go1_ws/install/unitree_joint_controller/share/unitree_joint_controller/cmake/export_unitree_joint_controllerExport.cmake
[0.128s] -- Up-to-date: /home/pim0ubuntu/go1_ws/install/unitree_joint_controller/share/unitree_joint_controller/cmake/export_unitree_joint_controllerExport-noconfig.cmake
[0.128s] -- Up-to-date: /home/pim0ubuntu/go1_ws/install/unitree_joint_controller/share/unitree_joint_controller/cmake/ament_cmake_export_dependencies-extras.cmake
[0.128s] -- Up-to-date: /home/pim0ubuntu/go1_ws/install/unitree_joint_controller/share/unitree_joint_controller/cmake/ament_cmake_export_targets-extras.cmake
[0.128s] -- Up-to-date: /home/pim0ubuntu/go1_ws/install/unitree_joint_controller/share/unitree_joint_controller/cmake/unitree_joint_controllerConfig.cmake
[0.128s] -- Up-to-date: /home/pim0ubuntu/go1_ws/install/unitree_joint_controller/share/unitree_joint_controller/cmake/unitree_joint_controllerConfig-version.cmake
[0.128s] -- Up-to-date: /home/pim0ubuntu/go1_ws/install/unitree_joint_controller/share/unitree_joint_controller/package.xml
[0.136s] Invoked command in '/home/pim0ubuntu/go1_ws/build/unitree_joint_controller' returned '0': CMAKE_PREFIX_PATH=/home/pim0ubuntu/go1_ws/install/ros2_unitree_legged_msgs:/home/pim0ubuntu/go1_ws/install/unitree_guide2:/home/pim0ubuntu/go1_ws/install/unitree_joint_controller:/home/pim0ubuntu/go1_ws/install/go1_description:/opt/ros/humble LD_LIBRARY_PATH=/home/pim0ubuntu/go1_ws/install/ros2_unitree_legged_msgs/lib:/home/pim0ubuntu/go1_ws/install/unitree_joint_controller/lib:/usr/lib/x86_64-linux-gnu/gazebo-11/plugins:/opt/ros/humble/opt/rviz_ogre_vendor/lib:/opt/ros/humble/lib/x86_64-linux-gnu:/opt/ros/humble/lib /usr/bin/cmake --install /home/pim0ubuntu/go1_ws/build/unitree_joint_controller
