[0.037s] Invoking command in '/home/pim0ubuntu/go1_ws/build/go1_description': CMAKE_PREFIX_PATH=${CMAKE_PREFIX_PATH}:/opt/ros/humble /usr/bin/cmake --build /home/pim0ubuntu/go1_ws/build/go1_description -- -j4 -l4
[0.117s] Invoked command in '/home/pim0ubuntu/go1_ws/build/go1_description' returned '0': CMAKE_PREFIX_PATH=${CMAKE_PREFIX_PATH}:/opt/ros/humble /usr/bin/cmake --build /home/pim0ubuntu/go1_ws/build/go1_description -- -j4 -l4
[0.156s] Invoking command in '/home/pim0ubuntu/go1_ws/build/go1_description': CMAKE_PREFIX_PATH=${CMAKE_PREFIX_PATH}:/opt/ros/humble /usr/bin/cmake --install /home/pim0ubuntu/go1_ws/build/go1_description
[0.171s] -- Install configuration: ""
[0.171s] -- Up-to-date: /home/pim0ubuntu/go1_ws/install/go1_description/share/go1_description//config
[0.172s] -- Up-to-date: /home/pim0ubuntu/go1_ws/install/go1_description/share/go1_description//config/joints
[0.172s] -- Up-to-date: /home/pim0ubuntu/go1_ws/install/go1_description/share/go1_description//config/joints/joints.yaml
[0.172s] -- Up-to-date: /home/pim0ubuntu/go1_ws/install/go1_description/share/go1_description//config/gait
[0.172s] -- Up-to-date: /home/pim0ubuntu/go1_ws/install/go1_description/share/go1_description//config/gait/gait.yaml
[0.172s] -- Up-to-date: /home/pim0ubuntu/go1_ws/install/go1_description/share/go1_description//config/robot_control.yaml
[0.172s] -- Up-to-date: /home/pim0ubuntu/go1_ws/install/go1_description/share/go1_description//config/autonomy
[0.172s] -- Up-to-date: /home/pim0ubuntu/go1_ws/install/go1_description/share/go1_description//config/autonomy/slam.yaml
[0.172s] -- Up-to-date: /home/pim0ubuntu/go1_ws/install/go1_description/share/go1_description//config/autonomy/navigation.yaml
[0.172s] -- Up-to-date: /home/pim0ubuntu/go1_ws/install/go1_description/share/go1_description//config/links
[0.172s] -- Up-to-date: /home/pim0ubuntu/go1_ws/install/go1_description/share/go1_description//config/links/links.yaml
[0.173s] -- Up-to-date: /home/pim0ubuntu/go1_ws/install/go1_description/share/go1_description//config/move_base
[0.173s] -- Up-to-date: /home/pim0ubuntu/go1_ws/install/go1_description/share/go1_description//config/move_base/local_costmap_params.yaml
[0.173s] -- Up-to-date: /home/pim0ubuntu/go1_ws/install/go1_description/share/go1_description//config/move_base/global_costmap_params.yaml
[0.173s] -- Up-to-date: /home/pim0ubuntu/go1_ws/install/go1_description/share/go1_description//config/move_base/base_local_planner_holonomic_params.yaml
[0.173s] -- Up-to-date: /home/pim0ubuntu/go1_ws/install/go1_description/share/go1_description//config/move_base/costmap_common_params.yaml
[0.173s] -- Up-to-date: /home/pim0ubuntu/go1_ws/install/go1_description/share/go1_description//config/move_base/move_base_params.yaml
[0.173s] -- Up-to-date: /home/pim0ubuntu/go1_ws/install/go1_description/share/go1_description//config/ros_control
[0.173s] -- Up-to-date: /home/pim0ubuntu/go1_ws/install/go1_description/share/go1_description//config/ros_control/go1_controller.yaml
[0.173s] -- Up-to-date: /home/pim0ubuntu/go1_ws/install/go1_description/share/go1_description//config/ros_control/ros_control.yaml
[0.173s] -- Up-to-date: /home/pim0ubuntu/go1_ws/install/go1_description/share/go1_description//launch
[0.173s] -- Up-to-date: /home/pim0ubuntu/go1_ws/install/go1_description/share/go1_description//launch/go1_gazebo.launch.py
[0.173s] -- Up-to-date: /home/pim0ubuntu/go1_ws/install/go1_description/share/go1_description//launch/go1_rviz2.launch.py
[0.174s] -- Up-to-date: /home/pim0ubuntu/go1_ws/install/go1_description/share/go1_description//launch/check_joint.rviz
[0.174s] -- Up-to-date: /home/pim0ubuntu/go1_ws/install/go1_description/share/go1_description//meshes
[0.174s] -- Up-to-date: /home/pim0ubuntu/go1_ws/install/go1_description/share/go1_description//meshes/thigh_mirror.dae
[0.174s] -- Up-to-date: /home/pim0ubuntu/go1_ws/install/go1_description/share/go1_description//meshes/ultraSound.dae
[0.174s] -- Up-to-date: /home/pim0ubuntu/go1_ws/install/go1_description/share/go1_description//meshes/depthCamera.dae
[0.174s] -- Up-to-date: /home/pim0ubuntu/go1_ws/install/go1_description/share/go1_description//meshes/trunk.dae
[0.175s] -- Up-to-date: /home/pim0ubuntu/go1_ws/install/go1_description/share/go1_description//meshes/thigh.dae
[0.175s] -- Up-to-date: /home/pim0ubuntu/go1_ws/install/go1_description/share/go1_description//meshes/hip.dae
[0.175s] -- Up-to-date: /home/pim0ubuntu/go1_ws/install/go1_description/share/go1_description//meshes/calf.dae
[0.175s] -- Up-to-date: /home/pim0ubuntu/go1_ws/install/go1_description/share/go1_description//urdf
[0.176s] -- Up-to-date: /home/pim0ubuntu/go1_ws/install/go1_description/share/go1_description//urdf/go1.urdf
[0.176s] -- Up-to-date: /home/pim0ubuntu/go1_ws/install/go1_description/share/go1_description//xacro
[0.177s] -- Up-to-date: /home/pim0ubuntu/go1_ws/install/go1_description/share/go1_description//xacro/transmission.xacro
[0.177s] -- Up-to-date: /home/pim0ubuntu/go1_ws/install/go1_description/share/go1_description//xacro/gazebo.xacro
[0.178s] -- Up-to-date: /home/pim0ubuntu/go1_ws/install/go1_description/share/go1_description//xacro/leg.xacro
[0.178s] -- Up-to-date: /home/pim0ubuntu/go1_ws/install/go1_description/share/go1_description//xacro/leg2.xacro
[0.178s] -- Up-to-date: /home/pim0ubuntu/go1_ws/install/go1_description/share/go1_description//xacro/depthCamera.xacro
[0.179s] -- Up-to-date: /home/pim0ubuntu/go1_ws/install/go1_description/share/go1_description//xacro/robot.xacro
[0.179s] -- Up-to-date: /home/pim0ubuntu/go1_ws/install/go1_description/share/go1_description//xacro/ultraSound.xacro
[0.179s] -- Up-to-date: /home/pim0ubuntu/go1_ws/install/go1_description/share/go1_description//xacro/materials.xacro
[0.179s] -- Up-to-date: /home/pim0ubuntu/go1_ws/install/go1_description/share/go1_description//xacro/const.xacro
[0.179s] -- Up-to-date: /home/pim0ubuntu/go1_ws/install/go1_description/share/ament_index/resource_index/package_run_dependencies/go1_description
[0.179s] -- Up-to-date: /home/pim0ubuntu/go1_ws/install/go1_description/share/ament_index/resource_index/parent_prefix_path/go1_description
[0.179s] -- Up-to-date: /home/pim0ubuntu/go1_ws/install/go1_description/share/go1_description/environment/ament_prefix_path.sh
[0.180s] -- Up-to-date: /home/pim0ubuntu/go1_ws/install/go1_description/share/go1_description/environment/ament_prefix_path.dsv
[0.182s] -- Up-to-date: /home/pim0ubuntu/go1_ws/install/go1_description/share/go1_description/environment/path.sh
[0.182s] -- Up-to-date: /home/pim0ubuntu/go1_ws/install/go1_description/share/go1_description/environment/path.dsv
[0.182s] -- Up-to-date: /home/pim0ubuntu/go1_ws/install/go1_description/share/go1_description/local_setup.bash
[0.183s] -- Up-to-date: /home/pim0ubuntu/go1_ws/install/go1_description/share/go1_description/local_setup.sh
[0.183s] -- Up-to-date: /home/pim0ubuntu/go1_ws/install/go1_description/share/go1_description/local_setup.zsh
[0.183s] -- Up-to-date: /home/pim0ubuntu/go1_ws/install/go1_description/share/go1_description/local_setup.dsv
[0.183s] -- Installing: /home/pim0ubuntu/go1_ws/install/go1_description/share/go1_description/package.dsv
[0.187s] -- Up-to-date: /home/pim0ubuntu/go1_ws/install/go1_description/share/ament_index/resource_index/packages/go1_description
[0.187s] -- Up-to-date: /home/pim0ubuntu/go1_ws/install/go1_description/share/go1_description/cmake/go1_descriptionConfig.cmake
[0.188s] -- Up-to-date: /home/pim0ubuntu/go1_ws/install/go1_description/share/go1_description/cmake/go1_descriptionConfig-version.cmake
[0.188s] -- Up-to-date: /home/pim0ubuntu/go1_ws/install/go1_description/share/go1_description/package.xml
[0.189s] Invoked command in '/home/pim0ubuntu/go1_ws/build/go1_description' returned '0': CMAKE_PREFIX_PATH=${CMAKE_PREFIX_PATH}:/opt/ros/humble /usr/bin/cmake --install /home/pim0ubuntu/go1_ws/build/go1_description
