[0.116s] DEBUG:colcon:Command line arguments: ['/usr/bin/colcon', 'build']
[0.117s] DEBUG:colcon:Parsed command line arguments: Namespace(log_base=None, log_level=None, verb_name='build', build_base='build', install_base='install', merge_install=False, symlink_install=False, test_result_base=None, continue_on_error=False, executor='parallel', parallel_workers=4, event_handlers=None, ignore_user_meta=False, metas=['./colcon.meta'], base_paths=['.'], packages_ignore=None, packages_ignore_regex=None, paths=None, packages_up_to=None, packages_up_to_regex=None, packages_above=None, packages_above_and_dependencies=None, packages_above_depth=None, packages_select_by_dep=None, packages_skip_by_dep=None, packages_skip_up_to=None, packages_select_build_failed=False, packages_skip_build_finished=False, packages_select_test_failures=False, packages_skip_test_passed=False, packages_select=None, packages_skip=None, packages_select_regex=None, packages_skip_regex=None, packages_start=None, packages_end=None, allow_overriding=[], cmake_args=None, cmake_target=None, cmake_target_skip_unavailable=False, cmake_clean_cache=False, cmake_clean_first=False, cmake_force_configure=False, ament_cmake_args=None, catkin_cmake_args=None, catkin_skip_building_tests=False, mixin_files=None, mixin=None, verb_parser=<colcon_mixin.mixin.mixin_argument.MixinArgumentDecorator object at 0x7f433ba1ac50>, verb_extension=<colcon_core.verb.build.BuildVerb object at 0x7f433b9d41f0>, main=<bound method BuildVerb.main of <colcon_core.verb.build.BuildVerb object at 0x7f433b9d41f0>>, mixin_verb=('build',))
[0.275s] Level 1:colcon.colcon_core.package_discovery:discover_packages(colcon_meta) check parameters
[0.275s] Level 1:colcon.colcon_core.package_discovery:discover_packages(recursive) check parameters
[0.275s] Level 1:colcon.colcon_core.package_discovery:discover_packages(ignore) check parameters
[0.275s] Level 1:colcon.colcon_core.package_discovery:discover_packages(path) check parameters
[0.275s] Level 1:colcon.colcon_core.package_discovery:discover_packages(colcon_meta) discover
[0.276s] Level 1:colcon.colcon_core.package_discovery:discover_packages(recursive) discover
[0.276s] INFO:colcon.colcon_core.package_discovery:Crawling recursively for packages in '/home/pim0ubuntu/go1_ws'
[0.276s] Level 1:colcon.colcon_core.package_identification:_identify(.) by extensions ['ignore', 'ignore_ament_install']
[0.276s] Level 1:colcon.colcon_core.package_identification:_identify(.) by extension 'ignore'
[0.276s] Level 1:colcon.colcon_core.package_identification:_identify(.) by extension 'ignore_ament_install'
[0.276s] Level 1:colcon.colcon_core.package_identification:_identify(.) by extensions ['colcon_pkg']
[0.276s] Level 1:colcon.colcon_core.package_identification:_identify(.) by extension 'colcon_pkg'
[0.276s] Level 1:colcon.colcon_core.package_identification:_identify(.) by extensions ['colcon_meta']
[0.276s] Level 1:colcon.colcon_core.package_identification:_identify(.) by extension 'colcon_meta'
[0.276s] Level 1:colcon.colcon_core.package_identification:_identify(.) by extensions ['ros']
[0.276s] Level 1:colcon.colcon_core.package_identification:_identify(.) by extension 'ros'
[0.287s] Level 1:colcon.colcon_core.package_identification:_identify(.) by extensions ['cmake', 'python']
[0.288s] Level 1:colcon.colcon_core.package_identification:_identify(.) by extension 'cmake'
[0.288s] Level 1:colcon.colcon_core.package_identification:_identify(.) by extension 'python'
[0.288s] Level 1:colcon.colcon_core.package_identification:_identify(.) by extensions ['python_setup_py']
[0.288s] Level 1:colcon.colcon_core.package_identification:_identify(.) by extension 'python_setup_py'
[0.288s] Level 1:colcon.colcon_core.package_identification:_identify(build) by extensions ['ignore', 'ignore_ament_install']
[0.288s] Level 1:colcon.colcon_core.package_identification:_identify(build) by extension 'ignore'
[0.288s] Level 1:colcon.colcon_core.package_identification:_identify(build) ignored
[0.288s] Level 1:colcon.colcon_core.package_identification:_identify(install) by extensions ['ignore', 'ignore_ament_install']
[0.288s] Level 1:colcon.colcon_core.package_identification:_identify(install) by extension 'ignore'
[0.288s] Level 1:colcon.colcon_core.package_identification:_identify(install) ignored
[0.289s] Level 1:colcon.colcon_core.package_identification:_identify(log) by extensions ['ignore', 'ignore_ament_install']
[0.289s] Level 1:colcon.colcon_core.package_identification:_identify(log) by extension 'ignore'
[0.289s] Level 1:colcon.colcon_core.package_identification:_identify(log) ignored
[0.289s] Level 1:colcon.colcon_core.package_identification:_identify(src) by extensions ['ignore', 'ignore_ament_install']
[0.289s] Level 1:colcon.colcon_core.package_identification:_identify(src) by extension 'ignore'
[0.289s] Level 1:colcon.colcon_core.package_identification:_identify(src) by extension 'ignore_ament_install'
[0.289s] Level 1:colcon.colcon_core.package_identification:_identify(src) by extensions ['colcon_pkg']
[0.289s] Level 1:colcon.colcon_core.package_identification:_identify(src) by extension 'colcon_pkg'
[0.289s] Level 1:colcon.colcon_core.package_identification:_identify(src) by extensions ['colcon_meta']
[0.289s] Level 1:colcon.colcon_core.package_identification:_identify(src) by extension 'colcon_meta'
[0.289s] Level 1:colcon.colcon_core.package_identification:_identify(src) by extensions ['ros']
[0.289s] Level 1:colcon.colcon_core.package_identification:_identify(src) by extension 'ros'
[0.289s] Level 1:colcon.colcon_core.package_identification:_identify(src) by extensions ['cmake', 'python']
[0.289s] Level 1:colcon.colcon_core.package_identification:_identify(src) by extension 'cmake'
[0.289s] Level 1:colcon.colcon_core.package_identification:_identify(src) by extension 'python'
[0.289s] Level 1:colcon.colcon_core.package_identification:_identify(src) by extensions ['python_setup_py']
[0.289s] Level 1:colcon.colcon_core.package_identification:_identify(src) by extension 'python_setup_py'
[0.289s] Level 1:colcon.colcon_core.package_identification:_identify(src/unitree_guide2) by extensions ['ignore', 'ignore_ament_install']
[0.289s] Level 1:colcon.colcon_core.package_identification:_identify(src/unitree_guide2) by extension 'ignore'
[0.289s] Level 1:colcon.colcon_core.package_identification:_identify(src/unitree_guide2) by extension 'ignore_ament_install'
[0.289s] Level 1:colcon.colcon_core.package_identification:_identify(src/unitree_guide2) by extensions ['colcon_pkg']
[0.289s] Level 1:colcon.colcon_core.package_identification:_identify(src/unitree_guide2) by extension 'colcon_pkg'
[0.289s] Level 1:colcon.colcon_core.package_identification:_identify(src/unitree_guide2) by extensions ['colcon_meta']
[0.289s] Level 1:colcon.colcon_core.package_identification:_identify(src/unitree_guide2) by extension 'colcon_meta'
[0.290s] Level 1:colcon.colcon_core.package_identification:_identify(src/unitree_guide2) by extensions ['ros']
[0.290s] Level 1:colcon.colcon_core.package_identification:_identify(src/unitree_guide2) by extension 'ros'
[0.290s] Level 1:colcon.colcon_core.package_identification:_identify(src/unitree_guide2) by extensions ['cmake', 'python']
[0.290s] Level 1:colcon.colcon_core.package_identification:_identify(src/unitree_guide2) by extension 'cmake'
[0.290s] Level 1:colcon.colcon_core.package_identification:_identify(src/unitree_guide2) by extension 'python'
[0.290s] Level 1:colcon.colcon_core.package_identification:_identify(src/unitree_guide2) by extensions ['python_setup_py']
[0.290s] Level 1:colcon.colcon_core.package_identification:_identify(src/unitree_guide2) by extension 'python_setup_py'
[0.290s] Level 1:colcon.colcon_core.package_identification:_identify(src/unitree_guide2/go1_description) by extensions ['ignore', 'ignore_ament_install']
[0.290s] Level 1:colcon.colcon_core.package_identification:_identify(src/unitree_guide2/go1_description) by extension 'ignore'
[0.290s] Level 1:colcon.colcon_core.package_identification:_identify(src/unitree_guide2/go1_description) by extension 'ignore_ament_install'
[0.290s] Level 1:colcon.colcon_core.package_identification:_identify(src/unitree_guide2/go1_description) by extensions ['colcon_pkg']
[0.290s] Level 1:colcon.colcon_core.package_identification:_identify(src/unitree_guide2/go1_description) by extension 'colcon_pkg'
[0.290s] Level 1:colcon.colcon_core.package_identification:_identify(src/unitree_guide2/go1_description) by extensions ['colcon_meta']
[0.290s] Level 1:colcon.colcon_core.package_identification:_identify(src/unitree_guide2/go1_description) by extension 'colcon_meta'
[0.290s] Level 1:colcon.colcon_core.package_identification:_identify(src/unitree_guide2/go1_description) by extensions ['ros']
[0.290s] Level 1:colcon.colcon_core.package_identification:_identify(src/unitree_guide2/go1_description) by extension 'ros'
[0.293s] DEBUG:colcon.colcon_core.package_identification:Package 'src/unitree_guide2/go1_description' with type 'ros.ament_cmake' and name 'go1_description'
[0.293s] Level 1:colcon.colcon_core.package_identification:_identify(src/unitree_guide2/ros2_unitree_legged_msgs) by extensions ['ignore', 'ignore_ament_install']
[0.293s] Level 1:colcon.colcon_core.package_identification:_identify(src/unitree_guide2/ros2_unitree_legged_msgs) by extension 'ignore'
[0.294s] Level 1:colcon.colcon_core.package_identification:_identify(src/unitree_guide2/ros2_unitree_legged_msgs) by extension 'ignore_ament_install'
[0.294s] Level 1:colcon.colcon_core.package_identification:_identify(src/unitree_guide2/ros2_unitree_legged_msgs) by extensions ['colcon_pkg']
[0.294s] Level 1:colcon.colcon_core.package_identification:_identify(src/unitree_guide2/ros2_unitree_legged_msgs) by extension 'colcon_pkg'
[0.294s] Level 1:colcon.colcon_core.package_identification:_identify(src/unitree_guide2/ros2_unitree_legged_msgs) by extensions ['colcon_meta']
[0.294s] Level 1:colcon.colcon_core.package_identification:_identify(src/unitree_guide2/ros2_unitree_legged_msgs) by extension 'colcon_meta'
[0.294s] Level 1:colcon.colcon_core.package_identification:_identify(src/unitree_guide2/ros2_unitree_legged_msgs) by extensions ['ros']
[0.294s] Level 1:colcon.colcon_core.package_identification:_identify(src/unitree_guide2/ros2_unitree_legged_msgs) by extension 'ros'
[0.312s] DEBUG:colcon.colcon_core.package_identification:Package 'src/unitree_guide2/ros2_unitree_legged_msgs' with type 'ros.ament_cmake' and name 'ros2_unitree_legged_msgs'
[0.313s] Level 1:colcon.colcon_core.package_identification:_identify(src/unitree_guide2/unitree_actuator_sdk) by extensions ['ignore', 'ignore_ament_install']
[0.313s] Level 1:colcon.colcon_core.package_identification:_identify(src/unitree_guide2/unitree_actuator_sdk) by extension 'ignore'
[0.313s] Level 1:colcon.colcon_core.package_identification:_identify(src/unitree_guide2/unitree_actuator_sdk) by extension 'ignore_ament_install'
[0.313s] Level 1:colcon.colcon_core.package_identification:_identify(src/unitree_guide2/unitree_actuator_sdk) by extensions ['colcon_pkg']
[0.313s] Level 1:colcon.colcon_core.package_identification:_identify(src/unitree_guide2/unitree_actuator_sdk) by extension 'colcon_pkg'
[0.313s] Level 1:colcon.colcon_core.package_identification:_identify(src/unitree_guide2/unitree_actuator_sdk) by extensions ['colcon_meta']
[0.313s] Level 1:colcon.colcon_core.package_identification:_identify(src/unitree_guide2/unitree_actuator_sdk) by extension 'colcon_meta'
[0.313s] Level 1:colcon.colcon_core.package_identification:_identify(src/unitree_guide2/unitree_actuator_sdk) by extensions ['ros']
[0.313s] Level 1:colcon.colcon_core.package_identification:_identify(src/unitree_guide2/unitree_actuator_sdk) by extension 'ros'
[0.313s] Level 1:colcon.colcon_core.package_identification:_identify(src/unitree_guide2/unitree_actuator_sdk) by extensions ['cmake', 'python']
[0.313s] Level 1:colcon.colcon_core.package_identification:_identify(src/unitree_guide2/unitree_actuator_sdk) by extension 'cmake'
[0.314s] Level 1:colcon.colcon_core.package_identification:_identify(src/unitree_guide2/unitree_actuator_sdk) by extension 'python'
[0.315s] DEBUG:colcon.colcon_core.package_identification:Package 'src/unitree_guide2/unitree_actuator_sdk' with type 'cmake' and name 'motor_ctrl'
[0.315s] Level 1:colcon.colcon_core.package_identification:_identify(src/unitree_guide2/unitree_guide2) by extensions ['ignore', 'ignore_ament_install']
[0.315s] Level 1:colcon.colcon_core.package_identification:_identify(src/unitree_guide2/unitree_guide2) by extension 'ignore'
[0.315s] Level 1:colcon.colcon_core.package_identification:_identify(src/unitree_guide2/unitree_guide2) by extension 'ignore_ament_install'
[0.315s] Level 1:colcon.colcon_core.package_identification:_identify(src/unitree_guide2/unitree_guide2) by extensions ['colcon_pkg']
[0.315s] Level 1:colcon.colcon_core.package_identification:_identify(src/unitree_guide2/unitree_guide2) by extension 'colcon_pkg'
[0.315s] Level 1:colcon.colcon_core.package_identification:_identify(src/unitree_guide2/unitree_guide2) by extensions ['colcon_meta']
[0.315s] Level 1:colcon.colcon_core.package_identification:_identify(src/unitree_guide2/unitree_guide2) by extension 'colcon_meta'
[0.315s] Level 1:colcon.colcon_core.package_identification:_identify(src/unitree_guide2/unitree_guide2) by extensions ['ros']
[0.315s] Level 1:colcon.colcon_core.package_identification:_identify(src/unitree_guide2/unitree_guide2) by extension 'ros'
[0.316s] DEBUG:colcon.colcon_core.package_identification:Package 'src/unitree_guide2/unitree_guide2' with type 'ros.ament_cmake' and name 'unitree_guide2'
[0.316s] Level 1:colcon.colcon_core.package_identification:_identify(src/unitree_guide2/unitree_joint_controller) by extensions ['ignore', 'ignore_ament_install']
[0.316s] Level 1:colcon.colcon_core.package_identification:_identify(src/unitree_guide2/unitree_joint_controller) by extension 'ignore'
[0.316s] Level 1:colcon.colcon_core.package_identification:_identify(src/unitree_guide2/unitree_joint_controller) by extension 'ignore_ament_install'
[0.316s] Level 1:colcon.colcon_core.package_identification:_identify(src/unitree_guide2/unitree_joint_controller) by extensions ['colcon_pkg']
[0.316s] Level 1:colcon.colcon_core.package_identification:_identify(src/unitree_guide2/unitree_joint_controller) by extension 'colcon_pkg'
[0.316s] Level 1:colcon.colcon_core.package_identification:_identify(src/unitree_guide2/unitree_joint_controller) by extensions ['colcon_meta']
[0.316s] Level 1:colcon.colcon_core.package_identification:_identify(src/unitree_guide2/unitree_joint_controller) by extension 'colcon_meta'
[0.316s] Level 1:colcon.colcon_core.package_identification:_identify(src/unitree_guide2/unitree_joint_controller) by extensions ['ros']
[0.316s] Level 1:colcon.colcon_core.package_identification:_identify(src/unitree_guide2/unitree_joint_controller) by extension 'ros'
[0.318s] DEBUG:colcon.colcon_core.package_identification:Package 'src/unitree_guide2/unitree_joint_controller' with type 'ros.ament_cmake' and name 'unitree_joint_controller'
[0.318s] Level 1:colcon.colcon_core.package_discovery:discover_packages(recursive) using defaults
[0.318s] Level 1:colcon.colcon_core.package_discovery:discover_packages(ignore) discover
[0.318s] Level 1:colcon.colcon_core.package_discovery:discover_packages(ignore) using defaults
[0.318s] Level 1:colcon.colcon_core.package_discovery:discover_packages(path) discover
[0.318s] Level 1:colcon.colcon_core.package_discovery:discover_packages(path) using defaults
[0.341s] Level 1:colcon.colcon_core.package_discovery:discover_packages(prefix_path) check parameters
[0.342s] Level 1:colcon.colcon_core.package_discovery:discover_packages(prefix_path) discover
[0.343s] DEBUG:colcon.colcon_installed_package_information.package_discovery:Found 5 installed packages in /home/pim0ubuntu/go1_ws/install
[0.344s] DEBUG:colcon.colcon_installed_package_information.package_discovery:Found 408 installed packages in /opt/ros/humble
[0.347s] Level 1:colcon.colcon_core.package_discovery:discover_packages(prefix_path) using defaults
[0.444s] Level 5:colcon.colcon_core.verb:set package 'go1_description' build argument 'cmake_args' from command line to 'None'
[0.445s] Level 5:colcon.colcon_core.verb:set package 'go1_description' build argument 'cmake_target' from command line to 'None'
[0.445s] Level 5:colcon.colcon_core.verb:set package 'go1_description' build argument 'cmake_target_skip_unavailable' from command line to 'False'
[0.445s] Level 5:colcon.colcon_core.verb:set package 'go1_description' build argument 'cmake_clean_cache' from command line to 'False'
[0.445s] Level 5:colcon.colcon_core.verb:set package 'go1_description' build argument 'cmake_clean_first' from command line to 'False'
[0.446s] Level 5:colcon.colcon_core.verb:set package 'go1_description' build argument 'cmake_force_configure' from command line to 'False'
[0.446s] Level 5:colcon.colcon_core.verb:set package 'go1_description' build argument 'ament_cmake_args' from command line to 'None'
[0.446s] Level 5:colcon.colcon_core.verb:set package 'go1_description' build argument 'catkin_cmake_args' from command line to 'None'
[0.446s] Level 5:colcon.colcon_core.verb:set package 'go1_description' build argument 'catkin_skip_building_tests' from command line to 'False'
[0.447s] DEBUG:colcon.colcon_core.verb:Building package 'go1_description' with the following arguments: {'ament_cmake_args': None, 'build_base': '/home/pim0ubuntu/go1_ws/build/go1_description', 'catkin_cmake_args': None, 'catkin_skip_building_tests': False, 'cmake_args': None, 'cmake_clean_cache': False, 'cmake_clean_first': False, 'cmake_force_configure': False, 'cmake_target': None, 'cmake_target_skip_unavailable': False, 'install_base': '/home/pim0ubuntu/go1_ws/install/go1_description', 'merge_install': False, 'path': '/home/pim0ubuntu/go1_ws/src/unitree_guide2/go1_description', 'symlink_install': False, 'test_result_base': None}
[0.447s] Level 5:colcon.colcon_core.verb:set package 'motor_ctrl' build argument 'cmake_args' from command line to 'None'
[0.448s] Level 5:colcon.colcon_core.verb:set package 'motor_ctrl' build argument 'cmake_target' from command line to 'None'
[0.448s] Level 5:colcon.colcon_core.verb:set package 'motor_ctrl' build argument 'cmake_target_skip_unavailable' from command line to 'False'
[0.448s] Level 5:colcon.colcon_core.verb:set package 'motor_ctrl' build argument 'cmake_clean_cache' from command line to 'False'
[0.448s] Level 5:colcon.colcon_core.verb:set package 'motor_ctrl' build argument 'cmake_clean_first' from command line to 'False'
[0.448s] Level 5:colcon.colcon_core.verb:set package 'motor_ctrl' build argument 'cmake_force_configure' from command line to 'False'
[0.449s] Level 5:colcon.colcon_core.verb:set package 'motor_ctrl' build argument 'ament_cmake_args' from command line to 'None'
[0.449s] Level 5:colcon.colcon_core.verb:set package 'motor_ctrl' build argument 'catkin_cmake_args' from command line to 'None'
[0.449s] Level 5:colcon.colcon_core.verb:set package 'motor_ctrl' build argument 'catkin_skip_building_tests' from command line to 'False'
[0.452s] DEBUG:colcon.colcon_core.verb:Building package 'motor_ctrl' with the following arguments: {'ament_cmake_args': None, 'build_base': '/home/pim0ubuntu/go1_ws/build/motor_ctrl', 'catkin_cmake_args': None, 'catkin_skip_building_tests': False, 'cmake_args': None, 'cmake_clean_cache': False, 'cmake_clean_first': False, 'cmake_force_configure': False, 'cmake_target': None, 'cmake_target_skip_unavailable': False, 'install_base': '/home/pim0ubuntu/go1_ws/install/motor_ctrl', 'merge_install': False, 'path': '/home/pim0ubuntu/go1_ws/src/unitree_guide2/unitree_actuator_sdk', 'symlink_install': False, 'test_result_base': None}
[0.454s] Level 5:colcon.colcon_core.verb:set package 'ros2_unitree_legged_msgs' build argument 'cmake_args' from command line to 'None'
[0.454s] Level 5:colcon.colcon_core.verb:set package 'ros2_unitree_legged_msgs' build argument 'cmake_target' from command line to 'None'
[0.454s] Level 5:colcon.colcon_core.verb:set package 'ros2_unitree_legged_msgs' build argument 'cmake_target_skip_unavailable' from command line to 'False'
[0.455s] Level 5:colcon.colcon_core.verb:set package 'ros2_unitree_legged_msgs' build argument 'cmake_clean_cache' from command line to 'False'
[0.455s] Level 5:colcon.colcon_core.verb:set package 'ros2_unitree_legged_msgs' build argument 'cmake_clean_first' from command line to 'False'
[0.455s] Level 5:colcon.colcon_core.verb:set package 'ros2_unitree_legged_msgs' build argument 'cmake_force_configure' from command line to 'False'
[0.456s] Level 5:colcon.colcon_core.verb:set package 'ros2_unitree_legged_msgs' build argument 'ament_cmake_args' from command line to 'None'
[0.456s] Level 5:colcon.colcon_core.verb:set package 'ros2_unitree_legged_msgs' build argument 'catkin_cmake_args' from command line to 'None'
[0.456s] Level 5:colcon.colcon_core.verb:set package 'ros2_unitree_legged_msgs' build argument 'catkin_skip_building_tests' from command line to 'False'
[0.456s] DEBUG:colcon.colcon_core.verb:Building package 'ros2_unitree_legged_msgs' with the following arguments: {'ament_cmake_args': None, 'build_base': '/home/pim0ubuntu/go1_ws/build/ros2_unitree_legged_msgs', 'catkin_cmake_args': None, 'catkin_skip_building_tests': False, 'cmake_args': None, 'cmake_clean_cache': False, 'cmake_clean_first': False, 'cmake_force_configure': False, 'cmake_target': None, 'cmake_target_skip_unavailable': False, 'install_base': '/home/pim0ubuntu/go1_ws/install/ros2_unitree_legged_msgs', 'merge_install': False, 'path': '/home/pim0ubuntu/go1_ws/src/unitree_guide2/ros2_unitree_legged_msgs', 'symlink_install': False, 'test_result_base': None}
[0.457s] Level 5:colcon.colcon_core.verb:set package 'unitree_guide2' build argument 'cmake_args' from command line to 'None'
[0.457s] Level 5:colcon.colcon_core.verb:set package 'unitree_guide2' build argument 'cmake_target' from command line to 'None'
[0.457s] Level 5:colcon.colcon_core.verb:set package 'unitree_guide2' build argument 'cmake_target_skip_unavailable' from command line to 'False'
[0.457s] Level 5:colcon.colcon_core.verb:set package 'unitree_guide2' build argument 'cmake_clean_cache' from command line to 'False'
[0.457s] Level 5:colcon.colcon_core.verb:set package 'unitree_guide2' build argument 'cmake_clean_first' from command line to 'False'
[0.457s] Level 5:colcon.colcon_core.verb:set package 'unitree_guide2' build argument 'cmake_force_configure' from command line to 'False'
[0.458s] Level 5:colcon.colcon_core.verb:set package 'unitree_guide2' build argument 'ament_cmake_args' from command line to 'None'
[0.458s] Level 5:colcon.colcon_core.verb:set package 'unitree_guide2' build argument 'catkin_cmake_args' from command line to 'None'
[0.458s] Level 5:colcon.colcon_core.verb:set package 'unitree_guide2' build argument 'catkin_skip_building_tests' from command line to 'False'
[0.458s] DEBUG:colcon.colcon_core.verb:Building package 'unitree_guide2' with the following arguments: {'ament_cmake_args': None, 'build_base': '/home/pim0ubuntu/go1_ws/build/unitree_guide2', 'catkin_cmake_args': None, 'catkin_skip_building_tests': False, 'cmake_args': None, 'cmake_clean_cache': False, 'cmake_clean_first': False, 'cmake_force_configure': False, 'cmake_target': None, 'cmake_target_skip_unavailable': False, 'install_base': '/home/pim0ubuntu/go1_ws/install/unitree_guide2', 'merge_install': False, 'path': '/home/pim0ubuntu/go1_ws/src/unitree_guide2/unitree_guide2', 'symlink_install': False, 'test_result_base': None}
[0.458s] Level 5:colcon.colcon_core.verb:set package 'unitree_joint_controller' build argument 'cmake_args' from command line to 'None'
[0.458s] Level 5:colcon.colcon_core.verb:set package 'unitree_joint_controller' build argument 'cmake_target' from command line to 'None'
[0.458s] Level 5:colcon.colcon_core.verb:set package 'unitree_joint_controller' build argument 'cmake_target_skip_unavailable' from command line to 'False'
[0.459s] Level 5:colcon.colcon_core.verb:set package 'unitree_joint_controller' build argument 'cmake_clean_cache' from command line to 'False'
[0.459s] Level 5:colcon.colcon_core.verb:set package 'unitree_joint_controller' build argument 'cmake_clean_first' from command line to 'False'
[0.459s] Level 5:colcon.colcon_core.verb:set package 'unitree_joint_controller' build argument 'cmake_force_configure' from command line to 'False'
[0.459s] Level 5:colcon.colcon_core.verb:set package 'unitree_joint_controller' build argument 'ament_cmake_args' from command line to 'None'
[0.459s] Level 5:colcon.colcon_core.verb:set package 'unitree_joint_controller' build argument 'catkin_cmake_args' from command line to 'None'
[0.459s] Level 5:colcon.colcon_core.verb:set package 'unitree_joint_controller' build argument 'catkin_skip_building_tests' from command line to 'False'
[0.459s] DEBUG:colcon.colcon_core.verb:Building package 'unitree_joint_controller' with the following arguments: {'ament_cmake_args': None, 'build_base': '/home/pim0ubuntu/go1_ws/build/unitree_joint_controller', 'catkin_cmake_args': None, 'catkin_skip_building_tests': False, 'cmake_args': None, 'cmake_clean_cache': False, 'cmake_clean_first': False, 'cmake_force_configure': False, 'cmake_target': None, 'cmake_target_skip_unavailable': False, 'install_base': '/home/pim0ubuntu/go1_ws/install/unitree_joint_controller', 'merge_install': False, 'path': '/home/pim0ubuntu/go1_ws/src/unitree_guide2/unitree_joint_controller', 'symlink_install': False, 'test_result_base': None}
[0.459s] INFO:colcon.colcon_core.executor:Executing jobs using 'parallel' executor
[0.461s] DEBUG:colcon.colcon_parallel_executor.executor.parallel:run_until_complete
[0.462s] INFO:colcon.colcon_ros.task.ament_cmake.build:Building ROS package in '/home/pim0ubuntu/go1_ws/src/unitree_guide2/ros2_unitree_legged_msgs' with build type 'ament_cmake'
[0.462s] INFO:colcon.colcon_cmake.task.cmake.build:Building CMake package in '/home/pim0ubuntu/go1_ws/src/unitree_guide2/ros2_unitree_legged_msgs'
[0.465s] INFO:colcon.colcon_core.plugin_system:Skipping extension 'colcon_core.shell.bat': Not used on non-Windows systems
[0.465s] INFO:colcon.colcon_core.shell:Skip shell extension 'powershell' for command environment: Not usable outside of PowerShell
[0.466s] DEBUG:colcon.colcon_core.shell:Skip shell extension 'dsv' for command environment
[0.476s] INFO:colcon.colcon_ros.task.ament_cmake.build:Building ROS package in '/home/pim0ubuntu/go1_ws/src/unitree_guide2/go1_description' with build type 'ament_cmake'
[0.476s] INFO:colcon.colcon_cmake.task.cmake.build:Building CMake package in '/home/pim0ubuntu/go1_ws/src/unitree_guide2/go1_description'
[0.477s] INFO:colcon.colcon_core.shell:Skip shell extension 'powershell' for command environment: Not usable outside of PowerShell
[0.477s] DEBUG:colcon.colcon_core.shell:Skip shell extension 'dsv' for command environment
[0.486s] INFO:colcon.colcon_cmake.task.cmake.build:Building CMake package in '/home/pim0ubuntu/go1_ws/src/unitree_guide2/unitree_actuator_sdk'
[0.486s] INFO:colcon.colcon_core.shell:Skip shell extension 'powershell' for command environment: Not usable outside of PowerShell
[0.486s] DEBUG:colcon.colcon_core.shell:Skip shell extension 'dsv' for command environment
[0.495s] INFO:colcon.colcon_ros.task.ament_cmake.build:Building ROS package in '/home/pim0ubuntu/go1_ws/src/unitree_guide2/unitree_guide2' with build type 'ament_cmake'
[0.495s] INFO:colcon.colcon_cmake.task.cmake.build:Building CMake package in '/home/pim0ubuntu/go1_ws/src/unitree_guide2/unitree_guide2'
[0.495s] INFO:colcon.colcon_core.shell:Skip shell extension 'powershell' for command environment: Not usable outside of PowerShell
[0.495s] DEBUG:colcon.colcon_core.shell:Skip shell extension 'dsv' for command environment
[0.513s] DEBUG:colcon.colcon_core.event_handler.log_command:Invoking command in '/home/pim0ubuntu/go1_ws/build/ros2_unitree_legged_msgs': CMAKE_PREFIX_PATH=${CMAKE_PREFIX_PATH}:/opt/ros/humble /usr/bin/cmake --build /home/pim0ubuntu/go1_ws/build/ros2_unitree_legged_msgs -- -j4 -l4
[0.522s] DEBUG:colcon.colcon_core.event_handler.log_command:Invoking command in '/home/pim0ubuntu/go1_ws/build/go1_description': CMAKE_PREFIX_PATH=${CMAKE_PREFIX_PATH}:/opt/ros/humble /usr/bin/cmake --build /home/pim0ubuntu/go1_ws/build/go1_description -- -j4 -l4
[0.552s] DEBUG:colcon.colcon_core.event_handler.log_command:Invoking command in '/home/pim0ubuntu/go1_ws/build/motor_ctrl': /usr/bin/cmake --build /home/pim0ubuntu/go1_ws/build/motor_ctrl -- -j4 -l4
[0.564s] DEBUG:colcon.colcon_core.event_handler.log_command:Invoking command in '/home/pim0ubuntu/go1_ws/build/unitree_guide2': CMAKE_PREFIX_PATH=${CMAKE_PREFIX_PATH}:/opt/ros/humble /usr/bin/cmake --build /home/pim0ubuntu/go1_ws/build/unitree_guide2 -- -j4 -l4
[0.587s] DEBUG:colcon.colcon_core.event_handler.log_command:Invoked command in '/home/pim0ubuntu/go1_ws/build/go1_description' returned '0': CMAKE_PREFIX_PATH=${CMAKE_PREFIX_PATH}:/opt/ros/humble /usr/bin/cmake --build /home/pim0ubuntu/go1_ws/build/go1_description -- -j4 -l4
[0.609s] DEBUG:colcon.colcon_core.event_handler.log_command:Invoking command in '/home/pim0ubuntu/go1_ws/build/go1_description': CMAKE_PREFIX_PATH=${CMAKE_PREFIX_PATH}:/opt/ros/humble /usr/bin/cmake --install /home/pim0ubuntu/go1_ws/build/go1_description
[0.646s] Level 1:colcon.colcon_core.environment:create_environment_scripts_only(go1_description)
[0.647s] DEBUG:colcon.colcon_core.event_handler.log_command:Invoked command in '/home/pim0ubuntu/go1_ws/build/go1_description' returned '0': CMAKE_PREFIX_PATH=${CMAKE_PREFIX_PATH}:/opt/ros/humble /usr/bin/cmake --install /home/pim0ubuntu/go1_ws/build/go1_description
[0.649s] Level 1:colcon.colcon_core.environment:checking '/home/pim0ubuntu/go1_ws/install/go1_description' for CMake module files
[0.650s] Level 1:colcon.colcon_core.environment:checking '/home/pim0ubuntu/go1_ws/install/go1_description' for CMake config files
[0.650s] Level 1:colcon.colcon_core.shell:create_environment_hook('go1_description', 'cmake_prefix_path')
[0.650s] INFO:colcon.colcon_core.shell:Creating environment hook '/home/pim0ubuntu/go1_ws/install/go1_description/share/go1_description/hook/cmake_prefix_path.ps1'
[0.651s] INFO:colcon.colcon_core.shell:Creating environment descriptor '/home/pim0ubuntu/go1_ws/install/go1_description/share/go1_description/hook/cmake_prefix_path.dsv'
[0.652s] INFO:colcon.colcon_core.shell:Creating environment hook '/home/pim0ubuntu/go1_ws/install/go1_description/share/go1_description/hook/cmake_prefix_path.sh'
[0.658s] Level 1:colcon.colcon_core.environment:checking '/home/pim0ubuntu/go1_ws/install/go1_description/bin'
[0.658s] Level 1:colcon.colcon_core.environment:checking '/home/pim0ubuntu/go1_ws/install/go1_description/lib/pkgconfig/go1_description.pc'
[0.659s] Level 1:colcon.colcon_core.environment:checking '/home/pim0ubuntu/go1_ws/install/go1_description/lib/python3.10/site-packages'
[0.659s] Level 1:colcon.colcon_core.environment:checking '/home/pim0ubuntu/go1_ws/install/go1_description/bin'
[0.660s] INFO:colcon.colcon_core.shell:Creating package script '/home/pim0ubuntu/go1_ws/install/go1_description/share/go1_description/package.ps1'
[0.662s] INFO:colcon.colcon_core.shell:Creating package descriptor '/home/pim0ubuntu/go1_ws/install/go1_description/share/go1_description/package.dsv'
[0.663s] INFO:colcon.colcon_core.shell:Creating package script '/home/pim0ubuntu/go1_ws/install/go1_description/share/go1_description/package.sh'
[0.664s] INFO:colcon.colcon_core.shell:Creating package script '/home/pim0ubuntu/go1_ws/install/go1_description/share/go1_description/package.bash'
[0.665s] INFO:colcon.colcon_core.shell:Creating package script '/home/pim0ubuntu/go1_ws/install/go1_description/share/go1_description/package.zsh'
[0.668s] Level 1:colcon.colcon_core.environment:create_file_with_runtime_dependencies(/home/pim0ubuntu/go1_ws/install/go1_description/share/colcon-core/packages/go1_description)
[0.669s] Level 1:colcon.colcon_core.environment:create_environment_scripts_only(go1_description)
[0.671s] Level 1:colcon.colcon_core.environment:checking '/home/pim0ubuntu/go1_ws/install/go1_description' for CMake module files
[0.672s] Level 1:colcon.colcon_core.environment:checking '/home/pim0ubuntu/go1_ws/install/go1_description' for CMake config files
[0.672s] Level 1:colcon.colcon_core.shell:create_environment_hook('go1_description', 'cmake_prefix_path')
[0.674s] INFO:colcon.colcon_core.shell:Creating environment hook '/home/pim0ubuntu/go1_ws/install/go1_description/share/go1_description/hook/cmake_prefix_path.ps1'
[0.678s] INFO:colcon.colcon_core.shell:Creating environment descriptor '/home/pim0ubuntu/go1_ws/install/go1_description/share/go1_description/hook/cmake_prefix_path.dsv'
[0.679s] INFO:colcon.colcon_core.shell:Creating environment hook '/home/pim0ubuntu/go1_ws/install/go1_description/share/go1_description/hook/cmake_prefix_path.sh'
[0.679s] Level 1:colcon.colcon_core.environment:checking '/home/pim0ubuntu/go1_ws/install/go1_description/bin'
[0.679s] Level 1:colcon.colcon_core.environment:checking '/home/pim0ubuntu/go1_ws/install/go1_description/lib/pkgconfig/go1_description.pc'
[0.682s] Level 1:colcon.colcon_core.environment:checking '/home/pim0ubuntu/go1_ws/install/go1_description/lib/python3.10/site-packages'
[0.682s] Level 1:colcon.colcon_core.environment:checking '/home/pim0ubuntu/go1_ws/install/go1_description/bin'
[0.683s] INFO:colcon.colcon_core.shell:Creating package script '/home/pim0ubuntu/go1_ws/install/go1_description/share/go1_description/package.ps1'
[0.684s] INFO:colcon.colcon_core.shell:Creating package descriptor '/home/pim0ubuntu/go1_ws/install/go1_description/share/go1_description/package.dsv'
[0.688s] INFO:colcon.colcon_core.shell:Creating package script '/home/pim0ubuntu/go1_ws/install/go1_description/share/go1_description/package.sh'
[0.693s] INFO:colcon.colcon_core.shell:Creating package script '/home/pim0ubuntu/go1_ws/install/go1_description/share/go1_description/package.bash'
[0.698s] INFO:colcon.colcon_core.shell:Creating package script '/home/pim0ubuntu/go1_ws/install/go1_description/share/go1_description/package.zsh'
[0.699s] Level 1:colcon.colcon_core.environment:create_file_with_runtime_dependencies(/home/pim0ubuntu/go1_ws/install/go1_description/share/colcon-core/packages/go1_description)
[0.749s] DEBUG:colcon.colcon_core.event_handler.log_command:Invoked command in '/home/pim0ubuntu/go1_ws/build/motor_ctrl' returned '0': /usr/bin/cmake --build /home/pim0ubuntu/go1_ws/build/motor_ctrl -- -j4 -l4
[0.749s] WARNING:colcon.colcon_cmake.task.cmake.build:Could not run installation step for package 'motor_ctrl' because it has no 'install' target
[0.750s] Level 1:colcon.colcon_core.environment:create_environment_scripts_only(motor_ctrl)
[0.750s] Level 1:colcon.colcon_core.environment:checking '/home/pim0ubuntu/go1_ws/install/motor_ctrl' for CMake module files
[0.751s] Level 1:colcon.colcon_core.environment:checking '/home/pim0ubuntu/go1_ws/install/motor_ctrl' for CMake config files
[0.751s] Level 1:colcon.colcon_core.environment:checking '/home/pim0ubuntu/go1_ws/install/motor_ctrl/bin'
[0.751s] Level 1:colcon.colcon_core.environment:checking '/home/pim0ubuntu/go1_ws/install/motor_ctrl/lib/pkgconfig/motor_ctrl.pc'
[0.751s] Level 1:colcon.colcon_core.environment:checking '/home/pim0ubuntu/go1_ws/install/motor_ctrl/lib/python3.10/site-packages'
[0.752s] Level 1:colcon.colcon_core.environment:checking '/home/pim0ubuntu/go1_ws/install/motor_ctrl/bin'
[0.753s] INFO:colcon.colcon_core.shell:Creating package script '/home/pim0ubuntu/go1_ws/install/motor_ctrl/share/motor_ctrl/package.ps1'
[0.757s] INFO:colcon.colcon_core.shell:Creating package descriptor '/home/pim0ubuntu/go1_ws/install/motor_ctrl/share/motor_ctrl/package.dsv'
[0.758s] INFO:colcon.colcon_core.shell:Creating package script '/home/pim0ubuntu/go1_ws/install/motor_ctrl/share/motor_ctrl/package.sh'
[0.760s] INFO:colcon.colcon_core.shell:Creating package script '/home/pim0ubuntu/go1_ws/install/motor_ctrl/share/motor_ctrl/package.bash'
[0.761s] INFO:colcon.colcon_core.shell:Creating package script '/home/pim0ubuntu/go1_ws/install/motor_ctrl/share/motor_ctrl/package.zsh'
[0.761s] Level 1:colcon.colcon_core.environment:create_file_with_runtime_dependencies(/home/pim0ubuntu/go1_ws/install/motor_ctrl/share/colcon-core/packages/motor_ctrl)
[1.431s] DEBUG:colcon.colcon_core.event_handler.log_command:Invoked command in '/home/pim0ubuntu/go1_ws/build/ros2_unitree_legged_msgs' returned '0': CMAKE_PREFIX_PATH=${CMAKE_PREFIX_PATH}:/opt/ros/humble /usr/bin/cmake --build /home/pim0ubuntu/go1_ws/build/ros2_unitree_legged_msgs -- -j4 -l4
[1.434s] DEBUG:colcon.colcon_core.event_handler.log_command:Invoking command in '/home/pim0ubuntu/go1_ws/build/ros2_unitree_legged_msgs': CMAKE_PREFIX_PATH=${CMAKE_PREFIX_PATH}:/opt/ros/humble /usr/bin/cmake --install /home/pim0ubuntu/go1_ws/build/ros2_unitree_legged_msgs
[1.526s] Level 1:colcon.colcon_core.environment:create_environment_scripts_only(ros2_unitree_legged_msgs)
[1.526s] Level 1:colcon.colcon_core.environment:checking '/home/pim0ubuntu/go1_ws/install/ros2_unitree_legged_msgs' for CMake module files
[1.527s] Level 1:colcon.colcon_core.environment:checking '/home/pim0ubuntu/go1_ws/install/ros2_unitree_legged_msgs' for CMake config files
[1.528s] Level 1:colcon.colcon_core.shell:create_environment_hook('ros2_unitree_legged_msgs', 'cmake_prefix_path')
[1.528s] INFO:colcon.colcon_core.shell:Creating environment hook '/home/pim0ubuntu/go1_ws/install/ros2_unitree_legged_msgs/share/ros2_unitree_legged_msgs/hook/cmake_prefix_path.ps1'
[1.529s] INFO:colcon.colcon_core.shell:Creating environment descriptor '/home/pim0ubuntu/go1_ws/install/ros2_unitree_legged_msgs/share/ros2_unitree_legged_msgs/hook/cmake_prefix_path.dsv'
[1.529s] INFO:colcon.colcon_core.shell:Creating environment hook '/home/pim0ubuntu/go1_ws/install/ros2_unitree_legged_msgs/share/ros2_unitree_legged_msgs/hook/cmake_prefix_path.sh'
[1.530s] Level 1:colcon.colcon_core.environment:checking '/home/pim0ubuntu/go1_ws/install/ros2_unitree_legged_msgs/lib'
[1.530s] Level 1:colcon.colcon_core.shell:create_environment_hook('ros2_unitree_legged_msgs', 'ld_library_path_lib')
[1.531s] INFO:colcon.colcon_core.shell:Creating environment hook '/home/pim0ubuntu/go1_ws/install/ros2_unitree_legged_msgs/share/ros2_unitree_legged_msgs/hook/ld_library_path_lib.ps1'
[1.531s] INFO:colcon.colcon_core.shell:Creating environment descriptor '/home/pim0ubuntu/go1_ws/install/ros2_unitree_legged_msgs/share/ros2_unitree_legged_msgs/hook/ld_library_path_lib.dsv'
[1.531s] INFO:colcon.colcon_core.shell:Creating environment hook '/home/pim0ubuntu/go1_ws/install/ros2_unitree_legged_msgs/share/ros2_unitree_legged_msgs/hook/ld_library_path_lib.sh'
[1.532s] Level 1:colcon.colcon_core.environment:checking '/home/pim0ubuntu/go1_ws/install/ros2_unitree_legged_msgs/bin'
[1.532s] Level 1:colcon.colcon_core.environment:checking '/home/pim0ubuntu/go1_ws/install/ros2_unitree_legged_msgs/lib/pkgconfig/ros2_unitree_legged_msgs.pc'
[1.532s] Level 1:colcon.colcon_core.environment:checking '/home/pim0ubuntu/go1_ws/install/ros2_unitree_legged_msgs/lib/python3.10/site-packages'
[1.532s] Level 1:colcon.colcon_core.environment:checking '/home/pim0ubuntu/go1_ws/install/ros2_unitree_legged_msgs/bin'
[1.532s] INFO:colcon.colcon_core.shell:Creating package script '/home/pim0ubuntu/go1_ws/install/ros2_unitree_legged_msgs/share/ros2_unitree_legged_msgs/package.ps1'
[1.533s] INFO:colcon.colcon_core.shell:Creating package descriptor '/home/pim0ubuntu/go1_ws/install/ros2_unitree_legged_msgs/share/ros2_unitree_legged_msgs/package.dsv'
[1.533s] INFO:colcon.colcon_core.shell:Creating package script '/home/pim0ubuntu/go1_ws/install/ros2_unitree_legged_msgs/share/ros2_unitree_legged_msgs/package.sh'
[1.534s] DEBUG:colcon.colcon_core.event_handler.log_command:Invoked command in '/home/pim0ubuntu/go1_ws/build/ros2_unitree_legged_msgs' returned '0': CMAKE_PREFIX_PATH=${CMAKE_PREFIX_PATH}:/opt/ros/humble /usr/bin/cmake --install /home/pim0ubuntu/go1_ws/build/ros2_unitree_legged_msgs
[1.536s] INFO:colcon.colcon_core.shell:Creating package script '/home/pim0ubuntu/go1_ws/install/ros2_unitree_legged_msgs/share/ros2_unitree_legged_msgs/package.bash'
[1.537s] INFO:colcon.colcon_core.shell:Creating package script '/home/pim0ubuntu/go1_ws/install/ros2_unitree_legged_msgs/share/ros2_unitree_legged_msgs/package.zsh'
[1.538s] Level 1:colcon.colcon_core.environment:create_file_with_runtime_dependencies(/home/pim0ubuntu/go1_ws/install/ros2_unitree_legged_msgs/share/colcon-core/packages/ros2_unitree_legged_msgs)
[1.539s] Level 1:colcon.colcon_core.environment:create_environment_scripts_only(ros2_unitree_legged_msgs)
[1.539s] Level 1:colcon.colcon_core.environment:checking '/home/pim0ubuntu/go1_ws/install/ros2_unitree_legged_msgs' for CMake module files
[1.539s] Level 1:colcon.colcon_core.environment:checking '/home/pim0ubuntu/go1_ws/install/ros2_unitree_legged_msgs' for CMake config files
[1.540s] Level 1:colcon.colcon_core.shell:create_environment_hook('ros2_unitree_legged_msgs', 'cmake_prefix_path')
[1.543s] INFO:colcon.colcon_core.shell:Creating environment hook '/home/pim0ubuntu/go1_ws/install/ros2_unitree_legged_msgs/share/ros2_unitree_legged_msgs/hook/cmake_prefix_path.ps1'
[1.544s] INFO:colcon.colcon_core.shell:Creating environment descriptor '/home/pim0ubuntu/go1_ws/install/ros2_unitree_legged_msgs/share/ros2_unitree_legged_msgs/hook/cmake_prefix_path.dsv'
[1.545s] INFO:colcon.colcon_core.shell:Creating environment hook '/home/pim0ubuntu/go1_ws/install/ros2_unitree_legged_msgs/share/ros2_unitree_legged_msgs/hook/cmake_prefix_path.sh'
[1.546s] Level 1:colcon.colcon_core.environment:checking '/home/pim0ubuntu/go1_ws/install/ros2_unitree_legged_msgs/lib'
[1.546s] Level 1:colcon.colcon_core.shell:create_environment_hook('ros2_unitree_legged_msgs', 'ld_library_path_lib')
[1.546s] INFO:colcon.colcon_core.shell:Creating environment hook '/home/pim0ubuntu/go1_ws/install/ros2_unitree_legged_msgs/share/ros2_unitree_legged_msgs/hook/ld_library_path_lib.ps1'
[1.547s] INFO:colcon.colcon_core.shell:Creating environment descriptor '/home/pim0ubuntu/go1_ws/install/ros2_unitree_legged_msgs/share/ros2_unitree_legged_msgs/hook/ld_library_path_lib.dsv'
[1.547s] INFO:colcon.colcon_core.shell:Creating environment hook '/home/pim0ubuntu/go1_ws/install/ros2_unitree_legged_msgs/share/ros2_unitree_legged_msgs/hook/ld_library_path_lib.sh'
[1.548s] Level 1:colcon.colcon_core.environment:checking '/home/pim0ubuntu/go1_ws/install/ros2_unitree_legged_msgs/bin'
[1.548s] Level 1:colcon.colcon_core.environment:checking '/home/pim0ubuntu/go1_ws/install/ros2_unitree_legged_msgs/lib/pkgconfig/ros2_unitree_legged_msgs.pc'
[1.548s] Level 1:colcon.colcon_core.environment:checking '/home/pim0ubuntu/go1_ws/install/ros2_unitree_legged_msgs/lib/python3.10/site-packages'
[1.548s] Level 1:colcon.colcon_core.environment:checking '/home/pim0ubuntu/go1_ws/install/ros2_unitree_legged_msgs/bin'
[1.549s] INFO:colcon.colcon_core.shell:Creating package script '/home/pim0ubuntu/go1_ws/install/ros2_unitree_legged_msgs/share/ros2_unitree_legged_msgs/package.ps1'
[1.562s] INFO:colcon.colcon_core.shell:Creating package descriptor '/home/pim0ubuntu/go1_ws/install/ros2_unitree_legged_msgs/share/ros2_unitree_legged_msgs/package.dsv'
[1.563s] INFO:colcon.colcon_core.shell:Creating package script '/home/pim0ubuntu/go1_ws/install/ros2_unitree_legged_msgs/share/ros2_unitree_legged_msgs/package.sh'
[1.564s] INFO:colcon.colcon_core.shell:Creating package script '/home/pim0ubuntu/go1_ws/install/ros2_unitree_legged_msgs/share/ros2_unitree_legged_msgs/package.bash'
[1.565s] INFO:colcon.colcon_core.shell:Creating package script '/home/pim0ubuntu/go1_ws/install/ros2_unitree_legged_msgs/share/ros2_unitree_legged_msgs/package.zsh'
[1.566s] Level 1:colcon.colcon_core.environment:create_file_with_runtime_dependencies(/home/pim0ubuntu/go1_ws/install/ros2_unitree_legged_msgs/share/colcon-core/packages/ros2_unitree_legged_msgs)
[1.566s] INFO:colcon.colcon_ros.task.ament_cmake.build:Building ROS package in '/home/pim0ubuntu/go1_ws/src/unitree_guide2/unitree_joint_controller' with build type 'ament_cmake'
[1.566s] INFO:colcon.colcon_cmake.task.cmake.build:Building CMake package in '/home/pim0ubuntu/go1_ws/src/unitree_guide2/unitree_joint_controller'
[1.567s] INFO:colcon.colcon_core.shell:Skip shell extension 'powershell' for command environment: Not usable outside of PowerShell
[1.569s] DEBUG:colcon.colcon_core.shell:Skip shell extension 'dsv' for command environment
[1.588s] DEBUG:colcon.colcon_core.event_handler.log_command:Invoking command in '/home/pim0ubuntu/go1_ws/build/unitree_joint_controller': CMAKE_PREFIX_PATH=/home/pim0ubuntu/go1_ws/install/ros2_unitree_legged_msgs:/home/pim0ubuntu/go1_ws/install/unitree_joint_controller:/home/pim0ubuntu/go1_ws/install/unitree_guide2:/home/pim0ubuntu/go1_ws/install/go1_description:/opt/ros/humble LD_LIBRARY_PATH=/home/pim0ubuntu/go1_ws/install/ros2_unitree_legged_msgs/lib:/home/pim0ubuntu/go1_ws/install/unitree_joint_controller/lib:/usr/lib/x86_64-linux-gnu/gazebo-11/plugins:/opt/ros/humble/opt/rviz_ogre_vendor/lib:/opt/ros/humble/lib/x86_64-linux-gnu:/opt/ros/humble/lib /usr/bin/cmake --build /home/pim0ubuntu/go1_ws/build/unitree_joint_controller -- -j4 -l4
[1.741s] DEBUG:colcon.colcon_core.event_handler.log_command:Invoked command in '/home/pim0ubuntu/go1_ws/build/unitree_joint_controller' returned '0': CMAKE_PREFIX_PATH=/home/pim0ubuntu/go1_ws/install/ros2_unitree_legged_msgs:/home/pim0ubuntu/go1_ws/install/unitree_joint_controller:/home/pim0ubuntu/go1_ws/install/unitree_guide2:/home/pim0ubuntu/go1_ws/install/go1_description:/opt/ros/humble LD_LIBRARY_PATH=/home/pim0ubuntu/go1_ws/install/ros2_unitree_legged_msgs/lib:/home/pim0ubuntu/go1_ws/install/unitree_joint_controller/lib:/usr/lib/x86_64-linux-gnu/gazebo-11/plugins:/opt/ros/humble/opt/rviz_ogre_vendor/lib:/opt/ros/humble/lib/x86_64-linux-gnu:/opt/ros/humble/lib /usr/bin/cmake --build /home/pim0ubuntu/go1_ws/build/unitree_joint_controller -- -j4 -l4
[1.750s] DEBUG:colcon.colcon_core.event_handler.log_command:Invoking command in '/home/pim0ubuntu/go1_ws/build/unitree_joint_controller': CMAKE_PREFIX_PATH=/home/pim0ubuntu/go1_ws/install/ros2_unitree_legged_msgs:/home/pim0ubuntu/go1_ws/install/unitree_joint_controller:/home/pim0ubuntu/go1_ws/install/unitree_guide2:/home/pim0ubuntu/go1_ws/install/go1_description:/opt/ros/humble LD_LIBRARY_PATH=/home/pim0ubuntu/go1_ws/install/ros2_unitree_legged_msgs/lib:/home/pim0ubuntu/go1_ws/install/unitree_joint_controller/lib:/usr/lib/x86_64-linux-gnu/gazebo-11/plugins:/opt/ros/humble/opt/rviz_ogre_vendor/lib:/opt/ros/humble/lib/x86_64-linux-gnu:/opt/ros/humble/lib /usr/bin/cmake --install /home/pim0ubuntu/go1_ws/build/unitree_joint_controller
[1.780s] Level 1:colcon.colcon_core.environment:create_environment_scripts_only(unitree_joint_controller)
[1.780s] Level 1:colcon.colcon_core.environment:checking '/home/pim0ubuntu/go1_ws/install/unitree_joint_controller' for CMake module files
[1.781s] DEBUG:colcon.colcon_core.event_handler.log_command:Invoked command in '/home/pim0ubuntu/go1_ws/build/unitree_joint_controller' returned '0': CMAKE_PREFIX_PATH=/home/pim0ubuntu/go1_ws/install/ros2_unitree_legged_msgs:/home/pim0ubuntu/go1_ws/install/unitree_joint_controller:/home/pim0ubuntu/go1_ws/install/unitree_guide2:/home/pim0ubuntu/go1_ws/install/go1_description:/opt/ros/humble LD_LIBRARY_PATH=/home/pim0ubuntu/go1_ws/install/ros2_unitree_legged_msgs/lib:/home/pim0ubuntu/go1_ws/install/unitree_joint_controller/lib:/usr/lib/x86_64-linux-gnu/gazebo-11/plugins:/opt/ros/humble/opt/rviz_ogre_vendor/lib:/opt/ros/humble/lib/x86_64-linux-gnu:/opt/ros/humble/lib /usr/bin/cmake --install /home/pim0ubuntu/go1_ws/build/unitree_joint_controller
[1.782s] Level 1:colcon.colcon_core.environment:checking '/home/pim0ubuntu/go1_ws/install/unitree_joint_controller' for CMake config files
[1.782s] Level 1:colcon.colcon_core.shell:create_environment_hook('unitree_joint_controller', 'cmake_prefix_path')
[1.782s] INFO:colcon.colcon_core.shell:Creating environment hook '/home/pim0ubuntu/go1_ws/install/unitree_joint_controller/share/unitree_joint_controller/hook/cmake_prefix_path.ps1'
[1.783s] INFO:colcon.colcon_core.shell:Creating environment descriptor '/home/pim0ubuntu/go1_ws/install/unitree_joint_controller/share/unitree_joint_controller/hook/cmake_prefix_path.dsv'
[1.784s] INFO:colcon.colcon_core.shell:Creating environment hook '/home/pim0ubuntu/go1_ws/install/unitree_joint_controller/share/unitree_joint_controller/hook/cmake_prefix_path.sh'
[1.785s] Level 1:colcon.colcon_core.environment:checking '/home/pim0ubuntu/go1_ws/install/unitree_joint_controller/lib'
[1.786s] Level 1:colcon.colcon_core.shell:create_environment_hook('unitree_joint_controller', 'ld_library_path_lib')
[1.786s] INFO:colcon.colcon_core.shell:Creating environment hook '/home/pim0ubuntu/go1_ws/install/unitree_joint_controller/share/unitree_joint_controller/hook/ld_library_path_lib.ps1'
[1.787s] INFO:colcon.colcon_core.shell:Creating environment descriptor '/home/pim0ubuntu/go1_ws/install/unitree_joint_controller/share/unitree_joint_controller/hook/ld_library_path_lib.dsv'
[1.788s] INFO:colcon.colcon_core.shell:Creating environment hook '/home/pim0ubuntu/go1_ws/install/unitree_joint_controller/share/unitree_joint_controller/hook/ld_library_path_lib.sh'
[1.789s] Level 1:colcon.colcon_core.environment:checking '/home/pim0ubuntu/go1_ws/install/unitree_joint_controller/bin'
[1.789s] Level 1:colcon.colcon_core.environment:checking '/home/pim0ubuntu/go1_ws/install/unitree_joint_controller/lib/pkgconfig/unitree_joint_controller.pc'
[1.789s] Level 1:colcon.colcon_core.environment:checking '/home/pim0ubuntu/go1_ws/install/unitree_joint_controller/lib/python3.10/site-packages'
[1.789s] Level 1:colcon.colcon_core.environment:checking '/home/pim0ubuntu/go1_ws/install/unitree_joint_controller/bin'
[1.790s] INFO:colcon.colcon_core.shell:Creating package script '/home/pim0ubuntu/go1_ws/install/unitree_joint_controller/share/unitree_joint_controller/package.ps1'
[1.791s] INFO:colcon.colcon_core.shell:Creating package descriptor '/home/pim0ubuntu/go1_ws/install/unitree_joint_controller/share/unitree_joint_controller/package.dsv'
[1.791s] INFO:colcon.colcon_core.shell:Creating package script '/home/pim0ubuntu/go1_ws/install/unitree_joint_controller/share/unitree_joint_controller/package.sh'
[1.792s] INFO:colcon.colcon_core.shell:Creating package script '/home/pim0ubuntu/go1_ws/install/unitree_joint_controller/share/unitree_joint_controller/package.bash'
[1.793s] INFO:colcon.colcon_core.shell:Creating package script '/home/pim0ubuntu/go1_ws/install/unitree_joint_controller/share/unitree_joint_controller/package.zsh'
[1.794s] Level 1:colcon.colcon_core.environment:create_file_with_runtime_dependencies(/home/pim0ubuntu/go1_ws/install/unitree_joint_controller/share/colcon-core/packages/unitree_joint_controller)
[1.795s] Level 1:colcon.colcon_core.environment:create_environment_scripts_only(unitree_joint_controller)
[1.795s] Level 1:colcon.colcon_core.environment:checking '/home/pim0ubuntu/go1_ws/install/unitree_joint_controller' for CMake module files
[1.796s] Level 1:colcon.colcon_core.environment:checking '/home/pim0ubuntu/go1_ws/install/unitree_joint_controller' for CMake config files
[1.796s] Level 1:colcon.colcon_core.shell:create_environment_hook('unitree_joint_controller', 'cmake_prefix_path')
[1.797s] INFO:colcon.colcon_core.shell:Creating environment hook '/home/pim0ubuntu/go1_ws/install/unitree_joint_controller/share/unitree_joint_controller/hook/cmake_prefix_path.ps1'
[1.799s] INFO:colcon.colcon_core.shell:Creating environment descriptor '/home/pim0ubuntu/go1_ws/install/unitree_joint_controller/share/unitree_joint_controller/hook/cmake_prefix_path.dsv'
[1.800s] INFO:colcon.colcon_core.shell:Creating environment hook '/home/pim0ubuntu/go1_ws/install/unitree_joint_controller/share/unitree_joint_controller/hook/cmake_prefix_path.sh'
[1.801s] Level 1:colcon.colcon_core.environment:checking '/home/pim0ubuntu/go1_ws/install/unitree_joint_controller/lib'
[1.801s] Level 1:colcon.colcon_core.shell:create_environment_hook('unitree_joint_controller', 'ld_library_path_lib')
[1.802s] INFO:colcon.colcon_core.shell:Creating environment hook '/home/pim0ubuntu/go1_ws/install/unitree_joint_controller/share/unitree_joint_controller/hook/ld_library_path_lib.ps1'
[1.802s] INFO:colcon.colcon_core.shell:Creating environment descriptor '/home/pim0ubuntu/go1_ws/install/unitree_joint_controller/share/unitree_joint_controller/hook/ld_library_path_lib.dsv'
[1.803s] INFO:colcon.colcon_core.shell:Creating environment hook '/home/pim0ubuntu/go1_ws/install/unitree_joint_controller/share/unitree_joint_controller/hook/ld_library_path_lib.sh'
[1.804s] Level 1:colcon.colcon_core.environment:checking '/home/pim0ubuntu/go1_ws/install/unitree_joint_controller/bin'
[1.804s] Level 1:colcon.colcon_core.environment:checking '/home/pim0ubuntu/go1_ws/install/unitree_joint_controller/lib/pkgconfig/unitree_joint_controller.pc'
[1.804s] Level 1:colcon.colcon_core.environment:checking '/home/pim0ubuntu/go1_ws/install/unitree_joint_controller/lib/python3.10/site-packages'
[1.805s] Level 1:colcon.colcon_core.environment:checking '/home/pim0ubuntu/go1_ws/install/unitree_joint_controller/bin'
[1.806s] INFO:colcon.colcon_core.shell:Creating package script '/home/pim0ubuntu/go1_ws/install/unitree_joint_controller/share/unitree_joint_controller/package.ps1'
[1.807s] INFO:colcon.colcon_core.shell:Creating package descriptor '/home/pim0ubuntu/go1_ws/install/unitree_joint_controller/share/unitree_joint_controller/package.dsv'
[1.808s] INFO:colcon.colcon_core.shell:Creating package script '/home/pim0ubuntu/go1_ws/install/unitree_joint_controller/share/unitree_joint_controller/package.sh'
[1.809s] INFO:colcon.colcon_core.shell:Creating package script '/home/pim0ubuntu/go1_ws/install/unitree_joint_controller/share/unitree_joint_controller/package.bash'
[1.809s] INFO:colcon.colcon_core.shell:Creating package script '/home/pim0ubuntu/go1_ws/install/unitree_joint_controller/share/unitree_joint_controller/package.zsh'
[1.810s] Level 1:colcon.colcon_core.environment:create_file_with_runtime_dependencies(/home/pim0ubuntu/go1_ws/install/unitree_joint_controller/share/colcon-core/packages/unitree_joint_controller)
[11.616s] DEBUG:colcon.colcon_core.event_handler.log_command:Invoked command in '/home/pim0ubuntu/go1_ws/build/unitree_guide2' returned '0': CMAKE_PREFIX_PATH=${CMAKE_PREFIX_PATH}:/opt/ros/humble /usr/bin/cmake --build /home/pim0ubuntu/go1_ws/build/unitree_guide2 -- -j4 -l4
[11.619s] DEBUG:colcon.colcon_core.event_handler.log_command:Invoking command in '/home/pim0ubuntu/go1_ws/build/unitree_guide2': CMAKE_PREFIX_PATH=${CMAKE_PREFIX_PATH}:/opt/ros/humble /usr/bin/cmake --install /home/pim0ubuntu/go1_ws/build/unitree_guide2
[11.671s] Level 1:colcon.colcon_core.environment:create_environment_scripts_only(unitree_guide2)
[11.672s] Level 1:colcon.colcon_core.environment:checking '/home/pim0ubuntu/go1_ws/install/unitree_guide2' for CMake module files
[11.672s] DEBUG:colcon.colcon_core.event_handler.log_command:Invoked command in '/home/pim0ubuntu/go1_ws/build/unitree_guide2' returned '0': CMAKE_PREFIX_PATH=${CMAKE_PREFIX_PATH}:/opt/ros/humble /usr/bin/cmake --install /home/pim0ubuntu/go1_ws/build/unitree_guide2
[11.673s] Level 1:colcon.colcon_core.environment:checking '/home/pim0ubuntu/go1_ws/install/unitree_guide2' for CMake config files
[11.673s] Level 1:colcon.colcon_core.shell:create_environment_hook('unitree_guide2', 'cmake_prefix_path')
[11.673s] INFO:colcon.colcon_core.shell:Creating environment hook '/home/pim0ubuntu/go1_ws/install/unitree_guide2/share/unitree_guide2/hook/cmake_prefix_path.ps1'
[11.673s] INFO:colcon.colcon_core.shell:Creating environment descriptor '/home/pim0ubuntu/go1_ws/install/unitree_guide2/share/unitree_guide2/hook/cmake_prefix_path.dsv'
[11.674s] INFO:colcon.colcon_core.shell:Creating environment hook '/home/pim0ubuntu/go1_ws/install/unitree_guide2/share/unitree_guide2/hook/cmake_prefix_path.sh'
[11.674s] Level 1:colcon.colcon_core.environment:checking '/home/pim0ubuntu/go1_ws/install/unitree_guide2/lib'
[11.674s] Level 1:colcon.colcon_core.environment:checking '/home/pim0ubuntu/go1_ws/install/unitree_guide2/bin'
[11.674s] Level 1:colcon.colcon_core.environment:checking '/home/pim0ubuntu/go1_ws/install/unitree_guide2/lib/pkgconfig/unitree_guide2.pc'
[11.675s] Level 1:colcon.colcon_core.environment:checking '/home/pim0ubuntu/go1_ws/install/unitree_guide2/lib/python3.10/site-packages'
[11.675s] Level 1:colcon.colcon_core.environment:checking '/home/pim0ubuntu/go1_ws/install/unitree_guide2/bin'
[11.675s] INFO:colcon.colcon_core.shell:Creating package script '/home/pim0ubuntu/go1_ws/install/unitree_guide2/share/unitree_guide2/package.ps1'
[11.675s] INFO:colcon.colcon_core.shell:Creating package descriptor '/home/pim0ubuntu/go1_ws/install/unitree_guide2/share/unitree_guide2/package.dsv'
[11.676s] INFO:colcon.colcon_core.shell:Creating package script '/home/pim0ubuntu/go1_ws/install/unitree_guide2/share/unitree_guide2/package.sh'
[11.676s] INFO:colcon.colcon_core.shell:Creating package script '/home/pim0ubuntu/go1_ws/install/unitree_guide2/share/unitree_guide2/package.bash'
[11.676s] INFO:colcon.colcon_core.shell:Creating package script '/home/pim0ubuntu/go1_ws/install/unitree_guide2/share/unitree_guide2/package.zsh'
[11.677s] Level 1:colcon.colcon_core.environment:create_file_with_runtime_dependencies(/home/pim0ubuntu/go1_ws/install/unitree_guide2/share/colcon-core/packages/unitree_guide2)
[11.679s] Level 1:colcon.colcon_core.environment:create_environment_scripts_only(unitree_guide2)
[11.680s] Level 1:colcon.colcon_core.environment:checking '/home/pim0ubuntu/go1_ws/install/unitree_guide2' for CMake module files
[11.681s] Level 1:colcon.colcon_core.environment:checking '/home/pim0ubuntu/go1_ws/install/unitree_guide2' for CMake config files
[11.681s] Level 1:colcon.colcon_core.shell:create_environment_hook('unitree_guide2', 'cmake_prefix_path')
[11.681s] INFO:colcon.colcon_core.shell:Creating environment hook '/home/pim0ubuntu/go1_ws/install/unitree_guide2/share/unitree_guide2/hook/cmake_prefix_path.ps1'
[11.682s] INFO:colcon.colcon_core.shell:Creating environment descriptor '/home/pim0ubuntu/go1_ws/install/unitree_guide2/share/unitree_guide2/hook/cmake_prefix_path.dsv'
[11.682s] INFO:colcon.colcon_core.shell:Creating environment hook '/home/pim0ubuntu/go1_ws/install/unitree_guide2/share/unitree_guide2/hook/cmake_prefix_path.sh'
[11.683s] Level 1:colcon.colcon_core.environment:checking '/home/pim0ubuntu/go1_ws/install/unitree_guide2/lib'
[11.683s] Level 1:colcon.colcon_core.environment:checking '/home/pim0ubuntu/go1_ws/install/unitree_guide2/bin'
[11.683s] Level 1:colcon.colcon_core.environment:checking '/home/pim0ubuntu/go1_ws/install/unitree_guide2/lib/pkgconfig/unitree_guide2.pc'
[11.683s] Level 1:colcon.colcon_core.environment:checking '/home/pim0ubuntu/go1_ws/install/unitree_guide2/lib/python3.10/site-packages'
[11.683s] Level 1:colcon.colcon_core.environment:checking '/home/pim0ubuntu/go1_ws/install/unitree_guide2/bin'
[11.684s] INFO:colcon.colcon_core.shell:Creating package script '/home/pim0ubuntu/go1_ws/install/unitree_guide2/share/unitree_guide2/package.ps1'
[11.684s] INFO:colcon.colcon_core.shell:Creating package descriptor '/home/pim0ubuntu/go1_ws/install/unitree_guide2/share/unitree_guide2/package.dsv'
[11.684s] INFO:colcon.colcon_core.shell:Creating package script '/home/pim0ubuntu/go1_ws/install/unitree_guide2/share/unitree_guide2/package.sh'
[11.685s] INFO:colcon.colcon_core.shell:Creating package script '/home/pim0ubuntu/go1_ws/install/unitree_guide2/share/unitree_guide2/package.bash'
[11.685s] INFO:colcon.colcon_core.shell:Creating package script '/home/pim0ubuntu/go1_ws/install/unitree_guide2/share/unitree_guide2/package.zsh'
[11.686s] Level 1:colcon.colcon_core.environment:create_file_with_runtime_dependencies(/home/pim0ubuntu/go1_ws/install/unitree_guide2/share/colcon-core/packages/unitree_guide2)
[11.686s] DEBUG:colcon.colcon_parallel_executor.executor.parallel:closing loop
[11.687s] DEBUG:colcon.colcon_parallel_executor.executor.parallel:loop closed
[11.687s] DEBUG:colcon.colcon_parallel_executor.executor.parallel:run_until_complete finished with '0'
[11.687s] DEBUG:colcon.colcon_core.event_reactor:joining thread
[11.695s] INFO:colcon.colcon_core.plugin_system:Skipping extension 'colcon_notification.desktop_notification.terminal_notifier': Not used on non-Darwin systems
[11.696s] INFO:colcon.colcon_core.plugin_system:Skipping extension 'colcon_notification.desktop_notification.win32': Not used on non-Windows systems
[11.696s] INFO:colcon.colcon_notification.desktop_notification:Sending desktop notification using 'notify2'
[11.719s] DEBUG:colcon.colcon_core.event_reactor:joined thread
[11.720s] INFO:colcon.colcon_core.shell:Creating prefix script '/home/pim0ubuntu/go1_ws/install/local_setup.ps1'
[11.722s] INFO:colcon.colcon_core.shell:Creating prefix util module '/home/pim0ubuntu/go1_ws/install/_local_setup_util_ps1.py'
[11.725s] INFO:colcon.colcon_core.shell:Creating prefix chain script '/home/pim0ubuntu/go1_ws/install/setup.ps1'
[11.726s] INFO:colcon.colcon_core.shell:Creating prefix script '/home/pim0ubuntu/go1_ws/install/local_setup.sh'
[11.727s] INFO:colcon.colcon_core.shell:Creating prefix util module '/home/pim0ubuntu/go1_ws/install/_local_setup_util_sh.py'
[11.728s] INFO:colcon.colcon_core.shell:Creating prefix chain script '/home/pim0ubuntu/go1_ws/install/setup.sh'
[11.730s] INFO:colcon.colcon_core.shell:Creating prefix script '/home/pim0ubuntu/go1_ws/install/local_setup.bash'
[11.731s] INFO:colcon.colcon_core.shell:Creating prefix chain script '/home/pim0ubuntu/go1_ws/install/setup.bash'
[11.732s] INFO:colcon.colcon_core.shell:Creating prefix script '/home/pim0ubuntu/go1_ws/install/local_setup.zsh'
[11.733s] INFO:colcon.colcon_core.shell:Creating prefix chain script '/home/pim0ubuntu/go1_ws/install/setup.zsh'
