[0.087s] Invoking command in '/home/pim0ubuntu/go1_ws/build/ros2_unitree_legged_msgs': CMAKE_PREFIX_PATH=${CMAKE_PREFIX_PATH}:/opt/ros/humble /usr/bin/cmake --build /home/pim0ubuntu/go1_ws/build/ros2_unitree_legged_msgs -- -j4 -l4
[0.198s] [ 12%] Built target ros2_unitree_legged_msgs__rosidl_generator_c
[0.202s] [ 12%] Built target ros2_unitree_legged_msgs__cpp
[0.262s] [ 12%] Built target ament_cmake_python_copy_ros2_unitree_legged_msgs
[0.281s] [ 24%] Built target ros2_unitree_legged_msgs__rosidl_typesupport_fastrtps_c
[0.332s] [ 36%] Built target ros2_unitree_legged_msgs__rosidl_typesupport_introspection_c
[0.350s] [ 48%] Built target ros2_unitree_legged_msgs__rosidl_typesupport_c
[0.364s] [ 59%] Built target ros2_unitree_legged_msgs__rosidl_typesupport_fastrtps_cpp
[0.453s] [ 71%] Built target ros2_unitree_legged_msgs__rosidl_typesupport_introspection_cpp
[0.465s] [ 83%] Built target ros2_unitree_legged_msgs__rosidl_typesupport_cpp
[0.577s] [ 83%] Built target ros2_unitree_legged_msgs
[0.712s] [ 84%] Built target ros2_unitree_legged_msgs__py
[0.781s] [ 95%] Built target ros2_unitree_legged_msgs__rosidl_generator_py
[0.849s] running egg_info
[0.851s] writing ros2_unitree_legged_msgs.egg-info/PKG-INFO
[0.852s] writing dependency_links to ros2_unitree_legged_msgs.egg-info/dependency_links.txt
[0.854s] writing top-level names to ros2_unitree_legged_msgs.egg-info/top_level.txt
[0.859s] reading manifest file 'ros2_unitree_legged_msgs.egg-info/SOURCES.txt'
[0.860s] writing manifest file 'ros2_unitree_legged_msgs.egg-info/SOURCES.txt'
[0.861s] [ 97%] Built target ros2_unitree_legged_msgs__rosidl_typesupport_fastrtps_c__pyext
[0.891s] [ 99%] Built target ros2_unitree_legged_msgs__rosidl_typesupport_introspection_c__pyext
[0.914s] [100%] Built target ros2_unitree_legged_msgs__rosidl_typesupport_c__pyext
[0.929s] [100%] Built target ament_cmake_python_build_ros2_unitree_legged_msgs_egg
[0.965s] Invoked command in '/home/pim0ubuntu/go1_ws/build/ros2_unitree_legged_msgs' returned '0': CMAKE_PREFIX_PATH=${CMAKE_PREFIX_PATH}:/opt/ros/humble /usr/bin/cmake --build /home/pim0ubuntu/go1_ws/build/ros2_unitree_legged_msgs -- -j4 -l4
[0.967s] Invoking command in '/home/pim0ubuntu/go1_ws/build/ros2_unitree_legged_msgs': CMAKE_PREFIX_PATH=${CMAKE_PREFIX_PATH}:/opt/ros/humble /usr/bin/cmake --install /home/pim0ubuntu/go1_ws/build/ros2_unitree_legged_msgs
[0.984s] -- Install configuration: ""
[0.985s] -- Up-to-date: /home/pim0ubuntu/go1_ws/install/ros2_unitree_legged_msgs/share/ament_index/resource_index/rosidl_interfaces/ros2_unitree_legged_msgs
[0.985s] -- Up-to-date: /home/pim0ubuntu/go1_ws/install/ros2_unitree_legged_msgs/include/ros2_unitree_legged_msgs/ros2_unitree_legged_msgs
[0.985s] -- Up-to-date: /home/pim0ubuntu/go1_ws/install/ros2_unitree_legged_msgs/include/ros2_unitree_legged_msgs/ros2_unitree_legged_msgs/msg
[0.985s] -- Up-to-date: /home/pim0ubuntu/go1_ws/install/ros2_unitree_legged_msgs/include/ros2_unitree_legged_msgs/ros2_unitree_legged_msgs/msg/bms_cmd.h
[0.985s] -- Up-to-date: /home/pim0ubuntu/go1_ws/install/ros2_unitree_legged_msgs/include/ros2_unitree_legged_msgs/ros2_unitree_legged_msgs/msg/motor_state.h
[0.985s] -- Up-to-date: /home/pim0ubuntu/go1_ws/install/ros2_unitree_legged_msgs/include/ros2_unitree_legged_msgs/ros2_unitree_legged_msgs/msg/motor_cmd.h
[0.985s] -- Up-to-date: /home/pim0ubuntu/go1_ws/install/ros2_unitree_legged_msgs/include/ros2_unitree_legged_msgs/ros2_unitree_legged_msgs/msg/high_cmd.h
[0.985s] -- Up-to-date: /home/pim0ubuntu/go1_ws/install/ros2_unitree_legged_msgs/include/ros2_unitree_legged_msgs/ros2_unitree_legged_msgs/msg/rosidl_generator_c__visibility_control.h
[0.985s] -- Up-to-date: /home/pim0ubuntu/go1_ws/install/ros2_unitree_legged_msgs/include/ros2_unitree_legged_msgs/ros2_unitree_legged_msgs/msg/led.h
[0.985s] -- Up-to-date: /home/pim0ubuntu/go1_ws/install/ros2_unitree_legged_msgs/include/ros2_unitree_legged_msgs/ros2_unitree_legged_msgs/msg/detail
[0.985s] -- Up-to-date: /home/pim0ubuntu/go1_ws/install/ros2_unitree_legged_msgs/include/ros2_unitree_legged_msgs/ros2_unitree_legged_msgs/msg/detail/motor_state__functions.h
[0.992s] -- Up-to-date: /home/pim0ubuntu/go1_ws/install/ros2_unitree_legged_msgs/include/ros2_unitree_legged_msgs/ros2_unitree_legged_msgs/msg/detail/cartesian__struct.h
[0.992s] -- Up-to-date: /home/pim0ubuntu/go1_ws/install/ros2_unitree_legged_msgs/include/ros2_unitree_legged_msgs/ros2_unitree_legged_msgs/msg/detail/low_state__struct.h
[0.993s] -- Up-to-date: /home/pim0ubuntu/go1_ws/install/ros2_unitree_legged_msgs/include/ros2_unitree_legged_msgs/ros2_unitree_legged_msgs/msg/detail/bms_state__functions.h
[0.993s] -- Up-to-date: /home/pim0ubuntu/go1_ws/install/ros2_unitree_legged_msgs/include/ros2_unitree_legged_msgs/ros2_unitree_legged_msgs/msg/detail/motor_cmd__functions.h
[0.993s] -- Up-to-date: /home/pim0ubuntu/go1_ws/install/ros2_unitree_legged_msgs/include/ros2_unitree_legged_msgs/ros2_unitree_legged_msgs/msg/detail/imu__struct.h
[0.993s] -- Up-to-date: /home/pim0ubuntu/go1_ws/install/ros2_unitree_legged_msgs/include/ros2_unitree_legged_msgs/ros2_unitree_legged_msgs/msg/detail/low_state__functions.c
[0.993s] -- Up-to-date: /home/pim0ubuntu/go1_ws/install/ros2_unitree_legged_msgs/include/ros2_unitree_legged_msgs/ros2_unitree_legged_msgs/msg/detail/motor_state__functions.c
[0.993s] -- Up-to-date: /home/pim0ubuntu/go1_ws/install/ros2_unitree_legged_msgs/include/ros2_unitree_legged_msgs/ros2_unitree_legged_msgs/msg/detail/bms_cmd__functions.c
[0.993s] -- Up-to-date: /home/pim0ubuntu/go1_ws/install/ros2_unitree_legged_msgs/include/ros2_unitree_legged_msgs/ros2_unitree_legged_msgs/msg/detail/high_cmd__type_support.h
[0.993s] -- Up-to-date: /home/pim0ubuntu/go1_ws/install/ros2_unitree_legged_msgs/include/ros2_unitree_legged_msgs/ros2_unitree_legged_msgs/msg/detail/high_cmd__functions.c
[0.993s] -- Up-to-date: /home/pim0ubuntu/go1_ws/install/ros2_unitree_legged_msgs/include/ros2_unitree_legged_msgs/ros2_unitree_legged_msgs/msg/detail/cartesian__functions.c
[0.993s] -- Up-to-date: /home/pim0ubuntu/go1_ws/install/ros2_unitree_legged_msgs/include/ros2_unitree_legged_msgs/ros2_unitree_legged_msgs/msg/detail/imu__type_support.h
[0.993s] -- Up-to-date: /home/pim0ubuntu/go1_ws/install/ros2_unitree_legged_msgs/include/ros2_unitree_legged_msgs/ros2_unitree_legged_msgs/msg/detail/high_state__functions.c
[0.994s] -- Up-to-date: /home/pim0ubuntu/go1_ws/install/ros2_unitree_legged_msgs/include/ros2_unitree_legged_msgs/ros2_unitree_legged_msgs/msg/detail/motor_state__type_support.h
[0.994s] -- Up-to-date: /home/pim0ubuntu/go1_ws/install/ros2_unitree_legged_msgs/include/ros2_unitree_legged_msgs/ros2_unitree_legged_msgs/msg/detail/imu__functions.c
[0.994s] -- Up-to-date: /home/pim0ubuntu/go1_ws/install/ros2_unitree_legged_msgs/include/ros2_unitree_legged_msgs/ros2_unitree_legged_msgs/msg/detail/low_cmd__functions.h
[0.994s] -- Up-to-date: /home/pim0ubuntu/go1_ws/install/ros2_unitree_legged_msgs/include/ros2_unitree_legged_msgs/ros2_unitree_legged_msgs/msg/detail/motor_cmd__functions.c
[0.994s] -- Up-to-date: /home/pim0ubuntu/go1_ws/install/ros2_unitree_legged_msgs/include/ros2_unitree_legged_msgs/ros2_unitree_legged_msgs/msg/detail/bms_state__type_support.h
[0.994s] -- Up-to-date: /home/pim0ubuntu/go1_ws/install/ros2_unitree_legged_msgs/include/ros2_unitree_legged_msgs/ros2_unitree_legged_msgs/msg/detail/high_state__type_support.h
[0.994s] -- Up-to-date: /home/pim0ubuntu/go1_ws/install/ros2_unitree_legged_msgs/include/ros2_unitree_legged_msgs/ros2_unitree_legged_msgs/msg/detail/high_state__functions.h
[0.994s] -- Up-to-date: /home/pim0ubuntu/go1_ws/install/ros2_unitree_legged_msgs/include/ros2_unitree_legged_msgs/ros2_unitree_legged_msgs/msg/detail/low_cmd__functions.c
[0.994s] -- Up-to-date: /home/pim0ubuntu/go1_ws/install/ros2_unitree_legged_msgs/include/ros2_unitree_legged_msgs/ros2_unitree_legged_msgs/msg/detail/motor_cmd__type_support.h
[0.994s] -- Up-to-date: /home/pim0ubuntu/go1_ws/install/ros2_unitree_legged_msgs/include/ros2_unitree_legged_msgs/ros2_unitree_legged_msgs/msg/detail/bms_state__struct.h
[0.995s] -- Up-to-date: /home/pim0ubuntu/go1_ws/install/ros2_unitree_legged_msgs/include/ros2_unitree_legged_msgs/ros2_unitree_legged_msgs/msg/detail/bms_cmd__type_support.h
[0.995s] -- Up-to-date: /home/pim0ubuntu/go1_ws/install/ros2_unitree_legged_msgs/include/ros2_unitree_legged_msgs/ros2_unitree_legged_msgs/msg/detail/high_cmd__functions.h
[0.995s] -- Up-to-date: /home/pim0ubuntu/go1_ws/install/ros2_unitree_legged_msgs/include/ros2_unitree_legged_msgs/ros2_unitree_legged_msgs/msg/detail/led__functions.c
[0.995s] -- Up-to-date: /home/pim0ubuntu/go1_ws/install/ros2_unitree_legged_msgs/include/ros2_unitree_legged_msgs/ros2_unitree_legged_msgs/msg/detail/led__type_support.h
[0.995s] -- Up-to-date: /home/pim0ubuntu/go1_ws/install/ros2_unitree_legged_msgs/include/ros2_unitree_legged_msgs/ros2_unitree_legged_msgs/msg/detail/high_cmd__struct.h
[0.995s] -- Up-to-date: /home/pim0ubuntu/go1_ws/install/ros2_unitree_legged_msgs/include/ros2_unitree_legged_msgs/ros2_unitree_legged_msgs/msg/detail/imu__functions.h
[0.997s] -- Up-to-date: /home/pim0ubuntu/go1_ws/install/ros2_unitree_legged_msgs/include/ros2_unitree_legged_msgs/ros2_unitree_legged_msgs/msg/detail/motor_state__struct.h
[0.997s] -- Up-to-date: /home/pim0ubuntu/go1_ws/install/ros2_unitree_legged_msgs/include/ros2_unitree_legged_msgs/ros2_unitree_legged_msgs/msg/detail/bms_cmd__struct.h
[0.997s] -- Up-to-date: /home/pim0ubuntu/go1_ws/install/ros2_unitree_legged_msgs/include/ros2_unitree_legged_msgs/ros2_unitree_legged_msgs/msg/detail/bms_state__functions.c
[0.997s] -- Up-to-date: /home/pim0ubuntu/go1_ws/install/ros2_unitree_legged_msgs/include/ros2_unitree_legged_msgs/ros2_unitree_legged_msgs/msg/detail/low_cmd__type_support.h
[0.997s] -- Up-to-date: /home/pim0ubuntu/go1_ws/install/ros2_unitree_legged_msgs/include/ros2_unitree_legged_msgs/ros2_unitree_legged_msgs/msg/detail/high_state__struct.h
[0.997s] -- Up-to-date: /home/pim0ubuntu/go1_ws/install/ros2_unitree_legged_msgs/include/ros2_unitree_legged_msgs/ros2_unitree_legged_msgs/msg/detail/motor_cmd__struct.h
[0.997s] -- Up-to-date: /home/pim0ubuntu/go1_ws/install/ros2_unitree_legged_msgs/include/ros2_unitree_legged_msgs/ros2_unitree_legged_msgs/msg/detail/low_cmd__struct.h
[0.997s] -- Up-to-date: /home/pim0ubuntu/go1_ws/install/ros2_unitree_legged_msgs/include/ros2_unitree_legged_msgs/ros2_unitree_legged_msgs/msg/detail/low_state__type_support.h
[0.997s] -- Up-to-date: /home/pim0ubuntu/go1_ws/install/ros2_unitree_legged_msgs/include/ros2_unitree_legged_msgs/ros2_unitree_legged_msgs/msg/detail/low_state__functions.h
[0.997s] -- Up-to-date: /home/pim0ubuntu/go1_ws/install/ros2_unitree_legged_msgs/include/ros2_unitree_legged_msgs/ros2_unitree_legged_msgs/msg/detail/cartesian__functions.h
[0.997s] -- Up-to-date: /home/pim0ubuntu/go1_ws/install/ros2_unitree_legged_msgs/include/ros2_unitree_legged_msgs/ros2_unitree_legged_msgs/msg/detail/led__struct.h
[0.997s] -- Up-to-date: /home/pim0ubuntu/go1_ws/install/ros2_unitree_legged_msgs/include/ros2_unitree_legged_msgs/ros2_unitree_legged_msgs/msg/detail/bms_cmd__functions.h
[0.997s] -- Up-to-date: /home/pim0ubuntu/go1_ws/install/ros2_unitree_legged_msgs/include/ros2_unitree_legged_msgs/ros2_unitree_legged_msgs/msg/detail/cartesian__type_support.h
[0.997s] -- Up-to-date: /home/pim0ubuntu/go1_ws/install/ros2_unitree_legged_msgs/include/ros2_unitree_legged_msgs/ros2_unitree_legged_msgs/msg/detail/led__functions.h
[0.997s] -- Up-to-date: /home/pim0ubuntu/go1_ws/install/ros2_unitree_legged_msgs/include/ros2_unitree_legged_msgs/ros2_unitree_legged_msgs/msg/bms_state.h
[0.998s] -- Up-to-date: /home/pim0ubuntu/go1_ws/install/ros2_unitree_legged_msgs/include/ros2_unitree_legged_msgs/ros2_unitree_legged_msgs/msg/imu.h
[0.998s] -- Up-to-date: /home/pim0ubuntu/go1_ws/install/ros2_unitree_legged_msgs/include/ros2_unitree_legged_msgs/ros2_unitree_legged_msgs/msg/cartesian.h
[0.998s] -- Up-to-date: /home/pim0ubuntu/go1_ws/install/ros2_unitree_legged_msgs/include/ros2_unitree_legged_msgs/ros2_unitree_legged_msgs/msg/high_state.h
[0.998s] -- Up-to-date: /home/pim0ubuntu/go1_ws/install/ros2_unitree_legged_msgs/include/ros2_unitree_legged_msgs/ros2_unitree_legged_msgs/msg/low_state.h
[0.998s] -- Up-to-date: /home/pim0ubuntu/go1_ws/install/ros2_unitree_legged_msgs/include/ros2_unitree_legged_msgs/ros2_unitree_legged_msgs/msg/low_cmd.h
[0.998s] -- Up-to-date: /home/pim0ubuntu/go1_ws/install/ros2_unitree_legged_msgs/share/ros2_unitree_legged_msgs/environment/library_path.sh
[0.998s] -- Up-to-date: /home/pim0ubuntu/go1_ws/install/ros2_unitree_legged_msgs/share/ros2_unitree_legged_msgs/environment/library_path.dsv
[0.998s] -- Up-to-date: /home/pim0ubuntu/go1_ws/install/ros2_unitree_legged_msgs/lib/libros2_unitree_legged_msgs__rosidl_generator_c.so
[0.998s] -- Up-to-date: /home/pim0ubuntu/go1_ws/install/ros2_unitree_legged_msgs/include/ros2_unitree_legged_msgs/ros2_unitree_legged_msgs
[0.998s] -- Up-to-date: /home/pim0ubuntu/go1_ws/install/ros2_unitree_legged_msgs/include/ros2_unitree_legged_msgs/ros2_unitree_legged_msgs/msg
[0.998s] -- Up-to-date: /home/pim0ubuntu/go1_ws/install/ros2_unitree_legged_msgs/include/ros2_unitree_legged_msgs/ros2_unitree_legged_msgs/msg/detail
[0.998s] -- Up-to-date: /home/pim0ubuntu/go1_ws/install/ros2_unitree_legged_msgs/include/ros2_unitree_legged_msgs/ros2_unitree_legged_msgs/msg/detail/low_cmd__rosidl_typesupport_fastrtps_c.h
[0.998s] -- Up-to-date: /home/pim0ubuntu/go1_ws/install/ros2_unitree_legged_msgs/include/ros2_unitree_legged_msgs/ros2_unitree_legged_msgs/msg/detail/cartesian__rosidl_typesupport_fastrtps_c.h
[0.999s] -- Up-to-date: /home/pim0ubuntu/go1_ws/install/ros2_unitree_legged_msgs/include/ros2_unitree_legged_msgs/ros2_unitree_legged_msgs/msg/detail/high_cmd__rosidl_typesupport_fastrtps_c.h
[0.999s] -- Up-to-date: /home/pim0ubuntu/go1_ws/install/ros2_unitree_legged_msgs/include/ros2_unitree_legged_msgs/ros2_unitree_legged_msgs/msg/detail/motor_state__rosidl_typesupport_fastrtps_c.h
[0.999s] -- Up-to-date: /home/pim0ubuntu/go1_ws/install/ros2_unitree_legged_msgs/include/ros2_unitree_legged_msgs/ros2_unitree_legged_msgs/msg/detail/led__rosidl_typesupport_fastrtps_c.h
[0.999s] -- Up-to-date: /home/pim0ubuntu/go1_ws/install/ros2_unitree_legged_msgs/include/ros2_unitree_legged_msgs/ros2_unitree_legged_msgs/msg/detail/low_state__rosidl_typesupport_fastrtps_c.h
[0.999s] -- Up-to-date: /home/pim0ubuntu/go1_ws/install/ros2_unitree_legged_msgs/include/ros2_unitree_legged_msgs/ros2_unitree_legged_msgs/msg/detail/bms_cmd__rosidl_typesupport_fastrtps_c.h
[0.999s] -- Up-to-date: /home/pim0ubuntu/go1_ws/install/ros2_unitree_legged_msgs/include/ros2_unitree_legged_msgs/ros2_unitree_legged_msgs/msg/detail/high_state__rosidl_typesupport_fastrtps_c.h
[1.000s] -- Up-to-date: /home/pim0ubuntu/go1_ws/install/ros2_unitree_legged_msgs/include/ros2_unitree_legged_msgs/ros2_unitree_legged_msgs/msg/detail/imu__rosidl_typesupport_fastrtps_c.h
[1.000s] -- Up-to-date: /home/pim0ubuntu/go1_ws/install/ros2_unitree_legged_msgs/include/ros2_unitree_legged_msgs/ros2_unitree_legged_msgs/msg/detail/bms_state__rosidl_typesupport_fastrtps_c.h
[1.000s] -- Up-to-date: /home/pim0ubuntu/go1_ws/install/ros2_unitree_legged_msgs/include/ros2_unitree_legged_msgs/ros2_unitree_legged_msgs/msg/detail/motor_cmd__rosidl_typesupport_fastrtps_c.h
[1.000s] -- Up-to-date: /home/pim0ubuntu/go1_ws/install/ros2_unitree_legged_msgs/include/ros2_unitree_legged_msgs/ros2_unitree_legged_msgs/msg/rosidl_typesupport_fastrtps_c__visibility_control.h
[1.000s] -- Up-to-date: /home/pim0ubuntu/go1_ws/install/ros2_unitree_legged_msgs/lib/libros2_unitree_legged_msgs__rosidl_typesupport_fastrtps_c.so
[1.000s] -- Up-to-date: /home/pim0ubuntu/go1_ws/install/ros2_unitree_legged_msgs/include/ros2_unitree_legged_msgs/ros2_unitree_legged_msgs
[1.000s] -- Up-to-date: /home/pim0ubuntu/go1_ws/install/ros2_unitree_legged_msgs/include/ros2_unitree_legged_msgs/ros2_unitree_legged_msgs/msg
[1.000s] -- Up-to-date: /home/pim0ubuntu/go1_ws/install/ros2_unitree_legged_msgs/include/ros2_unitree_legged_msgs/ros2_unitree_legged_msgs/msg/detail
[1.000s] -- Up-to-date: /home/pim0ubuntu/go1_ws/install/ros2_unitree_legged_msgs/include/ros2_unitree_legged_msgs/ros2_unitree_legged_msgs/msg/detail/bms_state__type_support.c
[1.000s] -- Up-to-date: /home/pim0ubuntu/go1_ws/install/ros2_unitree_legged_msgs/include/ros2_unitree_legged_msgs/ros2_unitree_legged_msgs/msg/detail/high_cmd__type_support.c
[1.000s] -- Up-to-date: /home/pim0ubuntu/go1_ws/install/ros2_unitree_legged_msgs/include/ros2_unitree_legged_msgs/ros2_unitree_legged_msgs/msg/detail/bms_cmd__rosidl_typesupport_introspection_c.h
[1.000s] -- Up-to-date: /home/pim0ubuntu/go1_ws/install/ros2_unitree_legged_msgs/include/ros2_unitree_legged_msgs/ros2_unitree_legged_msgs/msg/detail/high_state__rosidl_typesupport_introspection_c.h
[1.000s] -- Up-to-date: /home/pim0ubuntu/go1_ws/install/ros2_unitree_legged_msgs/include/ros2_unitree_legged_msgs/ros2_unitree_legged_msgs/msg/detail/low_cmd__rosidl_typesupport_introspection_c.h
[1.000s] -- Up-to-date: /home/pim0ubuntu/go1_ws/install/ros2_unitree_legged_msgs/include/ros2_unitree_legged_msgs/ros2_unitree_legged_msgs/msg/detail/motor_cmd__rosidl_typesupport_introspection_c.h
[1.000s] -- Up-to-date: /home/pim0ubuntu/go1_ws/install/ros2_unitree_legged_msgs/include/ros2_unitree_legged_msgs/ros2_unitree_legged_msgs/msg/detail/bms_state__rosidl_typesupport_introspection_c.h
[1.001s] -- Up-to-date: /home/pim0ubuntu/go1_ws/install/ros2_unitree_legged_msgs/include/ros2_unitree_legged_msgs/ros2_unitree_legged_msgs/msg/detail/imu__rosidl_typesupport_introspection_c.h
[1.001s] -- Up-to-date: /home/pim0ubuntu/go1_ws/install/ros2_unitree_legged_msgs/include/ros2_unitree_legged_msgs/ros2_unitree_legged_msgs/msg/detail/motor_state__type_support.c
[1.001s] -- Up-to-date: /home/pim0ubuntu/go1_ws/install/ros2_unitree_legged_msgs/include/ros2_unitree_legged_msgs/ros2_unitree_legged_msgs/msg/detail/low_state__type_support.c
[1.001s] -- Up-to-date: /home/pim0ubuntu/go1_ws/install/ros2_unitree_legged_msgs/include/ros2_unitree_legged_msgs/ros2_unitree_legged_msgs/msg/detail/high_cmd__rosidl_typesupport_introspection_c.h
[1.001s] -- Up-to-date: /home/pim0ubuntu/go1_ws/install/ros2_unitree_legged_msgs/include/ros2_unitree_legged_msgs/ros2_unitree_legged_msgs/msg/detail/motor_cmd__type_support.c
[1.001s] -- Up-to-date: /home/pim0ubuntu/go1_ws/install/ros2_unitree_legged_msgs/include/ros2_unitree_legged_msgs/ros2_unitree_legged_msgs/msg/detail/imu__type_support.c
[1.001s] -- Up-to-date: /home/pim0ubuntu/go1_ws/install/ros2_unitree_legged_msgs/include/ros2_unitree_legged_msgs/ros2_unitree_legged_msgs/msg/detail/cartesian__rosidl_typesupport_introspection_c.h
[1.001s] -- Up-to-date: /home/pim0ubuntu/go1_ws/install/ros2_unitree_legged_msgs/include/ros2_unitree_legged_msgs/ros2_unitree_legged_msgs/msg/detail/led__rosidl_typesupport_introspection_c.h
[1.001s] -- Up-to-date: /home/pim0ubuntu/go1_ws/install/ros2_unitree_legged_msgs/include/ros2_unitree_legged_msgs/ros2_unitree_legged_msgs/msg/detail/high_state__type_support.c
[1.001s] -- Up-to-date: /home/pim0ubuntu/go1_ws/install/ros2_unitree_legged_msgs/include/ros2_unitree_legged_msgs/ros2_unitree_legged_msgs/msg/detail/motor_state__rosidl_typesupport_introspection_c.h
[1.001s] -- Up-to-date: /home/pim0ubuntu/go1_ws/install/ros2_unitree_legged_msgs/include/ros2_unitree_legged_msgs/ros2_unitree_legged_msgs/msg/detail/low_state__rosidl_typesupport_introspection_c.h
[1.001s] -- Up-to-date: /home/pim0ubuntu/go1_ws/install/ros2_unitree_legged_msgs/include/ros2_unitree_legged_msgs/ros2_unitree_legged_msgs/msg/detail/low_cmd__type_support.c
[1.001s] -- Up-to-date: /home/pim0ubuntu/go1_ws/install/ros2_unitree_legged_msgs/include/ros2_unitree_legged_msgs/ros2_unitree_legged_msgs/msg/detail/bms_cmd__type_support.c
[1.001s] -- Up-to-date: /home/pim0ubuntu/go1_ws/install/ros2_unitree_legged_msgs/include/ros2_unitree_legged_msgs/ros2_unitree_legged_msgs/msg/detail/led__type_support.c
[1.001s] -- Up-to-date: /home/pim0ubuntu/go1_ws/install/ros2_unitree_legged_msgs/include/ros2_unitree_legged_msgs/ros2_unitree_legged_msgs/msg/detail/cartesian__type_support.c
[1.002s] -- Up-to-date: /home/pim0ubuntu/go1_ws/install/ros2_unitree_legged_msgs/include/ros2_unitree_legged_msgs/ros2_unitree_legged_msgs/msg/rosidl_typesupport_introspection_c__visibility_control.h
[1.002s] -- Up-to-date: /home/pim0ubuntu/go1_ws/install/ros2_unitree_legged_msgs/lib/libros2_unitree_legged_msgs__rosidl_typesupport_introspection_c.so
[1.002s] -- Up-to-date: /home/pim0ubuntu/go1_ws/install/ros2_unitree_legged_msgs/lib/libros2_unitree_legged_msgs__rosidl_typesupport_c.so
[1.002s] -- Up-to-date: /home/pim0ubuntu/go1_ws/install/ros2_unitree_legged_msgs/include/ros2_unitree_legged_msgs/ros2_unitree_legged_msgs
[1.002s] -- Up-to-date: /home/pim0ubuntu/go1_ws/install/ros2_unitree_legged_msgs/include/ros2_unitree_legged_msgs/ros2_unitree_legged_msgs/msg
[1.002s] -- Up-to-date: /home/pim0ubuntu/go1_ws/install/ros2_unitree_legged_msgs/include/ros2_unitree_legged_msgs/ros2_unitree_legged_msgs/msg/motor_state.hpp
[1.008s] -- Up-to-date: /home/pim0ubuntu/go1_ws/install/ros2_unitree_legged_msgs/include/ros2_unitree_legged_msgs/ros2_unitree_legged_msgs/msg/low_cmd.hpp
[1.009s] -- Up-to-date: /home/pim0ubuntu/go1_ws/install/ros2_unitree_legged_msgs/include/ros2_unitree_legged_msgs/ros2_unitree_legged_msgs/msg/led.hpp
[1.009s] -- Up-to-date: /home/pim0ubuntu/go1_ws/install/ros2_unitree_legged_msgs/include/ros2_unitree_legged_msgs/ros2_unitree_legged_msgs/msg/bms_state.hpp
[1.009s] -- Up-to-date: /home/pim0ubuntu/go1_ws/install/ros2_unitree_legged_msgs/include/ros2_unitree_legged_msgs/ros2_unitree_legged_msgs/msg/bms_cmd.hpp
[1.009s] -- Up-to-date: /home/pim0ubuntu/go1_ws/install/ros2_unitree_legged_msgs/include/ros2_unitree_legged_msgs/ros2_unitree_legged_msgs/msg/imu.hpp
[1.009s] -- Up-to-date: /home/pim0ubuntu/go1_ws/install/ros2_unitree_legged_msgs/include/ros2_unitree_legged_msgs/ros2_unitree_legged_msgs/msg/detail
[1.009s] -- Up-to-date: /home/pim0ubuntu/go1_ws/install/ros2_unitree_legged_msgs/include/ros2_unitree_legged_msgs/ros2_unitree_legged_msgs/msg/detail/high_state__traits.hpp
[1.009s] -- Up-to-date: /home/pim0ubuntu/go1_ws/install/ros2_unitree_legged_msgs/include/ros2_unitree_legged_msgs/ros2_unitree_legged_msgs/msg/detail/cartesian__struct.hpp
[1.009s] -- Up-to-date: /home/pim0ubuntu/go1_ws/install/ros2_unitree_legged_msgs/include/ros2_unitree_legged_msgs/ros2_unitree_legged_msgs/msg/detail/low_cmd__type_support.hpp
[1.009s] -- Up-to-date: /home/pim0ubuntu/go1_ws/install/ros2_unitree_legged_msgs/include/ros2_unitree_legged_msgs/ros2_unitree_legged_msgs/msg/detail/bms_cmd__struct.hpp
[1.009s] -- Up-to-date: /home/pim0ubuntu/go1_ws/install/ros2_unitree_legged_msgs/include/ros2_unitree_legged_msgs/ros2_unitree_legged_msgs/msg/detail/motor_state__struct.hpp
[1.009s] -- Up-to-date: /home/pim0ubuntu/go1_ws/install/ros2_unitree_legged_msgs/include/ros2_unitree_legged_msgs/ros2_unitree_legged_msgs/msg/detail/cartesian__type_support.hpp
[1.010s] -- Up-to-date: /home/pim0ubuntu/go1_ws/install/ros2_unitree_legged_msgs/include/ros2_unitree_legged_msgs/ros2_unitree_legged_msgs/msg/detail/bms_cmd__builder.hpp
[1.010s] -- Up-to-date: /home/pim0ubuntu/go1_ws/install/ros2_unitree_legged_msgs/include/ros2_unitree_legged_msgs/ros2_unitree_legged_msgs/msg/detail/bms_state__struct.hpp
[1.010s] -- Up-to-date: /home/pim0ubuntu/go1_ws/install/ros2_unitree_legged_msgs/include/ros2_unitree_legged_msgs/ros2_unitree_legged_msgs/msg/detail/imu__type_support.hpp
[1.010s] -- Up-to-date: /home/pim0ubuntu/go1_ws/install/ros2_unitree_legged_msgs/include/ros2_unitree_legged_msgs/ros2_unitree_legged_msgs/msg/detail/high_cmd__traits.hpp
[1.010s] -- Up-to-date: /home/pim0ubuntu/go1_ws/install/ros2_unitree_legged_msgs/include/ros2_unitree_legged_msgs/ros2_unitree_legged_msgs/msg/detail/low_cmd__struct.hpp
[1.010s] -- Up-to-date: /home/pim0ubuntu/go1_ws/install/ros2_unitree_legged_msgs/include/ros2_unitree_legged_msgs/ros2_unitree_legged_msgs/msg/detail/bms_cmd__type_support.hpp
[1.010s] -- Up-to-date: /home/pim0ubuntu/go1_ws/install/ros2_unitree_legged_msgs/include/ros2_unitree_legged_msgs/ros2_unitree_legged_msgs/msg/detail/high_cmd__struct.hpp
[1.010s] -- Up-to-date: /home/pim0ubuntu/go1_ws/install/ros2_unitree_legged_msgs/include/ros2_unitree_legged_msgs/ros2_unitree_legged_msgs/msg/detail/high_state__builder.hpp
[1.010s] -- Up-to-date: /home/pim0ubuntu/go1_ws/install/ros2_unitree_legged_msgs/include/ros2_unitree_legged_msgs/ros2_unitree_legged_msgs/msg/detail/high_state__type_support.hpp
[1.010s] -- Up-to-date: /home/pim0ubuntu/go1_ws/install/ros2_unitree_legged_msgs/include/ros2_unitree_legged_msgs/ros2_unitree_legged_msgs/msg/detail/high_cmd__builder.hpp
[1.010s] -- Up-to-date: /home/pim0ubuntu/go1_ws/install/ros2_unitree_legged_msgs/include/ros2_unitree_legged_msgs/ros2_unitree_legged_msgs/msg/detail/motor_state__traits.hpp
[1.010s] -- Up-to-date: /home/pim0ubuntu/go1_ws/install/ros2_unitree_legged_msgs/include/ros2_unitree_legged_msgs/ros2_unitree_legged_msgs/msg/detail/bms_state__traits.hpp
[1.010s] -- Up-to-date: /home/pim0ubuntu/go1_ws/install/ros2_unitree_legged_msgs/include/ros2_unitree_legged_msgs/ros2_unitree_legged_msgs/msg/detail/low_state__struct.hpp
[1.010s] -- Up-to-date: /home/pim0ubuntu/go1_ws/install/ros2_unitree_legged_msgs/include/ros2_unitree_legged_msgs/ros2_unitree_legged_msgs/msg/detail/motor_state__builder.hpp
[1.010s] -- Up-to-date: /home/pim0ubuntu/go1_ws/install/ros2_unitree_legged_msgs/include/ros2_unitree_legged_msgs/ros2_unitree_legged_msgs/msg/detail/motor_cmd__type_support.hpp
[1.014s] -- Up-to-date: /home/pim0ubuntu/go1_ws/install/ros2_unitree_legged_msgs/include/ros2_unitree_legged_msgs/ros2_unitree_legged_msgs/msg/detail/led__builder.hpp
[1.015s] -- Up-to-date: /home/pim0ubuntu/go1_ws/install/ros2_unitree_legged_msgs/include/ros2_unitree_legged_msgs/ros2_unitree_legged_msgs/msg/detail/motor_cmd__struct.hpp
[1.015s] -- Up-to-date: /home/pim0ubuntu/go1_ws/install/ros2_unitree_legged_msgs/include/ros2_unitree_legged_msgs/ros2_unitree_legged_msgs/msg/detail/led__type_support.hpp
[1.015s] -- Up-to-date: /home/pim0ubuntu/go1_ws/install/ros2_unitree_legged_msgs/include/ros2_unitree_legged_msgs/ros2_unitree_legged_msgs/msg/detail/motor_state__type_support.hpp
[1.015s] -- Up-to-date: /home/pim0ubuntu/go1_ws/install/ros2_unitree_legged_msgs/include/ros2_unitree_legged_msgs/ros2_unitree_legged_msgs/msg/detail/motor_cmd__traits.hpp
[1.015s] -- Up-to-date: /home/pim0ubuntu/go1_ws/install/ros2_unitree_legged_msgs/include/ros2_unitree_legged_msgs/ros2_unitree_legged_msgs/msg/detail/motor_cmd__builder.hpp
[1.015s] -- Up-to-date: /home/pim0ubuntu/go1_ws/install/ros2_unitree_legged_msgs/include/ros2_unitree_legged_msgs/ros2_unitree_legged_msgs/msg/detail/imu__builder.hpp
[1.015s] -- Up-to-date: /home/pim0ubuntu/go1_ws/install/ros2_unitree_legged_msgs/include/ros2_unitree_legged_msgs/ros2_unitree_legged_msgs/msg/detail/imu__traits.hpp
[1.015s] -- Up-to-date: /home/pim0ubuntu/go1_ws/install/ros2_unitree_legged_msgs/include/ros2_unitree_legged_msgs/ros2_unitree_legged_msgs/msg/detail/high_cmd__type_support.hpp
[1.015s] -- Up-to-date: /home/pim0ubuntu/go1_ws/install/ros2_unitree_legged_msgs/include/ros2_unitree_legged_msgs/ros2_unitree_legged_msgs/msg/detail/led__struct.hpp
[1.016s] -- Up-to-date: /home/pim0ubuntu/go1_ws/install/ros2_unitree_legged_msgs/include/ros2_unitree_legged_msgs/ros2_unitree_legged_msgs/msg/detail/low_cmd__builder.hpp
[1.016s] -- Up-to-date: /home/pim0ubuntu/go1_ws/install/ros2_unitree_legged_msgs/include/ros2_unitree_legged_msgs/ros2_unitree_legged_msgs/msg/detail/led__traits.hpp
[1.016s] -- Up-to-date: /home/pim0ubuntu/go1_ws/install/ros2_unitree_legged_msgs/include/ros2_unitree_legged_msgs/ros2_unitree_legged_msgs/msg/detail/bms_state__type_support.hpp
[1.016s] -- Up-to-date: /home/pim0ubuntu/go1_ws/install/ros2_unitree_legged_msgs/include/ros2_unitree_legged_msgs/ros2_unitree_legged_msgs/msg/detail/cartesian__traits.hpp
[1.016s] -- Up-to-date: /home/pim0ubuntu/go1_ws/install/ros2_unitree_legged_msgs/include/ros2_unitree_legged_msgs/ros2_unitree_legged_msgs/msg/detail/cartesian__builder.hpp
[1.016s] -- Up-to-date: /home/pim0ubuntu/go1_ws/install/ros2_unitree_legged_msgs/include/ros2_unitree_legged_msgs/ros2_unitree_legged_msgs/msg/detail/imu__struct.hpp
[1.016s] -- Up-to-date: /home/pim0ubuntu/go1_ws/install/ros2_unitree_legged_msgs/include/ros2_unitree_legged_msgs/ros2_unitree_legged_msgs/msg/detail/low_state__builder.hpp
[1.016s] -- Up-to-date: /home/pim0ubuntu/go1_ws/install/ros2_unitree_legged_msgs/include/ros2_unitree_legged_msgs/ros2_unitree_legged_msgs/msg/detail/bms_cmd__traits.hpp
[1.016s] -- Up-to-date: /home/pim0ubuntu/go1_ws/install/ros2_unitree_legged_msgs/include/ros2_unitree_legged_msgs/ros2_unitree_legged_msgs/msg/detail/low_state__type_support.hpp
[1.016s] -- Up-to-date: /home/pim0ubuntu/go1_ws/install/ros2_unitree_legged_msgs/include/ros2_unitree_legged_msgs/ros2_unitree_legged_msgs/msg/detail/high_state__struct.hpp
[1.016s] -- Up-to-date: /home/pim0ubuntu/go1_ws/install/ros2_unitree_legged_msgs/include/ros2_unitree_legged_msgs/ros2_unitree_legged_msgs/msg/detail/bms_state__builder.hpp
[1.016s] -- Up-to-date: /home/pim0ubuntu/go1_ws/install/ros2_unitree_legged_msgs/include/ros2_unitree_legged_msgs/ros2_unitree_legged_msgs/msg/detail/low_state__traits.hpp
[1.016s] -- Up-to-date: /home/pim0ubuntu/go1_ws/install/ros2_unitree_legged_msgs/include/ros2_unitree_legged_msgs/ros2_unitree_legged_msgs/msg/detail/low_cmd__traits.hpp
[1.016s] -- Up-to-date: /home/pim0ubuntu/go1_ws/install/ros2_unitree_legged_msgs/include/ros2_unitree_legged_msgs/ros2_unitree_legged_msgs/msg/high_cmd.hpp
[1.016s] -- Up-to-date: /home/pim0ubuntu/go1_ws/install/ros2_unitree_legged_msgs/include/ros2_unitree_legged_msgs/ros2_unitree_legged_msgs/msg/rosidl_generator_cpp__visibility_control.hpp
[1.016s] -- Up-to-date: /home/pim0ubuntu/go1_ws/install/ros2_unitree_legged_msgs/include/ros2_unitree_legged_msgs/ros2_unitree_legged_msgs/msg/cartesian.hpp
[1.017s] -- Up-to-date: /home/pim0ubuntu/go1_ws/install/ros2_unitree_legged_msgs/include/ros2_unitree_legged_msgs/ros2_unitree_legged_msgs/msg/low_state.hpp
[1.017s] -- Up-to-date: /home/pim0ubuntu/go1_ws/install/ros2_unitree_legged_msgs/include/ros2_unitree_legged_msgs/ros2_unitree_legged_msgs/msg/motor_cmd.hpp
[1.017s] -- Up-to-date: /home/pim0ubuntu/go1_ws/install/ros2_unitree_legged_msgs/include/ros2_unitree_legged_msgs/ros2_unitree_legged_msgs/msg/high_state.hpp
[1.017s] -- Up-to-date: /home/pim0ubuntu/go1_ws/install/ros2_unitree_legged_msgs/include/ros2_unitree_legged_msgs/ros2_unitree_legged_msgs
[1.017s] -- Up-to-date: /home/pim0ubuntu/go1_ws/install/ros2_unitree_legged_msgs/include/ros2_unitree_legged_msgs/ros2_unitree_legged_msgs/msg
[1.017s] -- Up-to-date: /home/pim0ubuntu/go1_ws/install/ros2_unitree_legged_msgs/include/ros2_unitree_legged_msgs/ros2_unitree_legged_msgs/msg/detail
[1.022s] -- Up-to-date: /home/pim0ubuntu/go1_ws/install/ros2_unitree_legged_msgs/include/ros2_unitree_legged_msgs/ros2_unitree_legged_msgs/msg/detail/imu__rosidl_typesupport_fastrtps_cpp.hpp
[1.022s] -- Up-to-date: /home/pim0ubuntu/go1_ws/install/ros2_unitree_legged_msgs/include/ros2_unitree_legged_msgs/ros2_unitree_legged_msgs/msg/detail/motor_state__rosidl_typesupport_fastrtps_cpp.hpp
[1.022s] -- Up-to-date: /home/pim0ubuntu/go1_ws/install/ros2_unitree_legged_msgs/include/ros2_unitree_legged_msgs/ros2_unitree_legged_msgs/msg/detail/high_cmd__rosidl_typesupport_fastrtps_cpp.hpp
[1.022s] -- Up-to-date: /home/pim0ubuntu/go1_ws/install/ros2_unitree_legged_msgs/include/ros2_unitree_legged_msgs/ros2_unitree_legged_msgs/msg/detail/high_state__rosidl_typesupport_fastrtps_cpp.hpp
[1.022s] -- Up-to-date: /home/pim0ubuntu/go1_ws/install/ros2_unitree_legged_msgs/include/ros2_unitree_legged_msgs/ros2_unitree_legged_msgs/msg/detail/dds_fastrtps
[1.023s] -- Up-to-date: /home/pim0ubuntu/go1_ws/install/ros2_unitree_legged_msgs/include/ros2_unitree_legged_msgs/ros2_unitree_legged_msgs/msg/detail/low_cmd__rosidl_typesupport_fastrtps_cpp.hpp
[1.023s] -- Up-to-date: /home/pim0ubuntu/go1_ws/install/ros2_unitree_legged_msgs/include/ros2_unitree_legged_msgs/ros2_unitree_legged_msgs/msg/detail/cartesian__rosidl_typesupport_fastrtps_cpp.hpp
[1.023s] -- Up-to-date: /home/pim0ubuntu/go1_ws/install/ros2_unitree_legged_msgs/include/ros2_unitree_legged_msgs/ros2_unitree_legged_msgs/msg/detail/low_state__rosidl_typesupport_fastrtps_cpp.hpp
[1.023s] -- Up-to-date: /home/pim0ubuntu/go1_ws/install/ros2_unitree_legged_msgs/include/ros2_unitree_legged_msgs/ros2_unitree_legged_msgs/msg/detail/bms_state__rosidl_typesupport_fastrtps_cpp.hpp
[1.023s] -- Up-to-date: /home/pim0ubuntu/go1_ws/install/ros2_unitree_legged_msgs/include/ros2_unitree_legged_msgs/ros2_unitree_legged_msgs/msg/detail/bms_cmd__rosidl_typesupport_fastrtps_cpp.hpp
[1.023s] -- Up-to-date: /home/pim0ubuntu/go1_ws/install/ros2_unitree_legged_msgs/include/ros2_unitree_legged_msgs/ros2_unitree_legged_msgs/msg/detail/motor_cmd__rosidl_typesupport_fastrtps_cpp.hpp
[1.023s] -- Up-to-date: /home/pim0ubuntu/go1_ws/install/ros2_unitree_legged_msgs/include/ros2_unitree_legged_msgs/ros2_unitree_legged_msgs/msg/detail/led__rosidl_typesupport_fastrtps_cpp.hpp
[1.023s] -- Up-to-date: /home/pim0ubuntu/go1_ws/install/ros2_unitree_legged_msgs/include/ros2_unitree_legged_msgs/ros2_unitree_legged_msgs/msg/rosidl_typesupport_fastrtps_cpp__visibility_control.h
[1.024s] -- Up-to-date: /home/pim0ubuntu/go1_ws/install/ros2_unitree_legged_msgs/lib/libros2_unitree_legged_msgs__rosidl_typesupport_fastrtps_cpp.so
[1.024s] -- Up-to-date: /home/pim0ubuntu/go1_ws/install/ros2_unitree_legged_msgs/include/ros2_unitree_legged_msgs/ros2_unitree_legged_msgs
[1.024s] -- Up-to-date: /home/pim0ubuntu/go1_ws/install/ros2_unitree_legged_msgs/include/ros2_unitree_legged_msgs/ros2_unitree_legged_msgs/msg
[1.024s] -- Up-to-date: /home/pim0ubuntu/go1_ws/install/ros2_unitree_legged_msgs/include/ros2_unitree_legged_msgs/ros2_unitree_legged_msgs/msg/detail
[1.024s] -- Up-to-date: /home/pim0ubuntu/go1_ws/install/ros2_unitree_legged_msgs/include/ros2_unitree_legged_msgs/ros2_unitree_legged_msgs/msg/detail/led__type_support.cpp
[1.024s] -- Up-to-date: /home/pim0ubuntu/go1_ws/install/ros2_unitree_legged_msgs/include/ros2_unitree_legged_msgs/ros2_unitree_legged_msgs/msg/detail/high_state__rosidl_typesupport_introspection_cpp.hpp
[1.024s] -- Up-to-date: /home/pim0ubuntu/go1_ws/install/ros2_unitree_legged_msgs/include/ros2_unitree_legged_msgs/ros2_unitree_legged_msgs/msg/detail/low_state__rosidl_typesupport_introspection_cpp.hpp
[1.024s] -- Up-to-date: /home/pim0ubuntu/go1_ws/install/ros2_unitree_legged_msgs/include/ros2_unitree_legged_msgs/ros2_unitree_legged_msgs/msg/detail/bms_cmd__rosidl_typesupport_introspection_cpp.hpp
[1.024s] -- Up-to-date: /home/pim0ubuntu/go1_ws/install/ros2_unitree_legged_msgs/include/ros2_unitree_legged_msgs/ros2_unitree_legged_msgs/msg/detail/low_cmd__rosidl_typesupport_introspection_cpp.hpp
[1.024s] -- Up-to-date: /home/pim0ubuntu/go1_ws/install/ros2_unitree_legged_msgs/include/ros2_unitree_legged_msgs/ros2_unitree_legged_msgs/msg/detail/bms_cmd__type_support.cpp
[1.025s] -- Up-to-date: /home/pim0ubuntu/go1_ws/install/ros2_unitree_legged_msgs/include/ros2_unitree_legged_msgs/ros2_unitree_legged_msgs/msg/detail/led__rosidl_typesupport_introspection_cpp.hpp
[1.025s] -- Up-to-date: /home/pim0ubuntu/go1_ws/install/ros2_unitree_legged_msgs/include/ros2_unitree_legged_msgs/ros2_unitree_legged_msgs/msg/detail/imu__rosidl_typesupport_introspection_cpp.hpp
[1.025s] -- Up-to-date: /home/pim0ubuntu/go1_ws/install/ros2_unitree_legged_msgs/include/ros2_unitree_legged_msgs/ros2_unitree_legged_msgs/msg/detail/cartesian__rosidl_typesupport_introspection_cpp.hpp
[1.025s] -- Up-to-date: /home/pim0ubuntu/go1_ws/install/ros2_unitree_legged_msgs/include/ros2_unitree_legged_msgs/ros2_unitree_legged_msgs/msg/detail/imu__type_support.cpp
[1.025s] -- Up-to-date: /home/pim0ubuntu/go1_ws/install/ros2_unitree_legged_msgs/include/ros2_unitree_legged_msgs/ros2_unitree_legged_msgs/msg/detail/cartesian__type_support.cpp
[1.025s] -- Up-to-date: /home/pim0ubuntu/go1_ws/install/ros2_unitree_legged_msgs/include/ros2_unitree_legged_msgs/ros2_unitree_legged_msgs/msg/detail/motor_cmd__rosidl_typesupport_introspection_cpp.hpp
[1.025s] -- Up-to-date: /home/pim0ubuntu/go1_ws/install/ros2_unitree_legged_msgs/include/ros2_unitree_legged_msgs/ros2_unitree_legged_msgs/msg/detail/low_cmd__type_support.cpp
[1.025s] -- Up-to-date: /home/pim0ubuntu/go1_ws/install/ros2_unitree_legged_msgs/include/ros2_unitree_legged_msgs/ros2_unitree_legged_msgs/msg/detail/high_cmd__type_support.cpp
[1.025s] -- Up-to-date: /home/pim0ubuntu/go1_ws/install/ros2_unitree_legged_msgs/include/ros2_unitree_legged_msgs/ros2_unitree_legged_msgs/msg/detail/motor_cmd__type_support.cpp
[1.025s] -- Up-to-date: /home/pim0ubuntu/go1_ws/install/ros2_unitree_legged_msgs/include/ros2_unitree_legged_msgs/ros2_unitree_legged_msgs/msg/detail/motor_state__rosidl_typesupport_introspection_cpp.hpp
[1.025s] -- Up-to-date: /home/pim0ubuntu/go1_ws/install/ros2_unitree_legged_msgs/include/ros2_unitree_legged_msgs/ros2_unitree_legged_msgs/msg/detail/high_cmd__rosidl_typesupport_introspection_cpp.hpp
[1.025s] -- Up-to-date: /home/pim0ubuntu/go1_ws/install/ros2_unitree_legged_msgs/include/ros2_unitree_legged_msgs/ros2_unitree_legged_msgs/msg/detail/high_state__type_support.cpp
[1.025s] -- Up-to-date: /home/pim0ubuntu/go1_ws/install/ros2_unitree_legged_msgs/include/ros2_unitree_legged_msgs/ros2_unitree_legged_msgs/msg/detail/bms_state__type_support.cpp
[1.025s] -- Up-to-date: /home/pim0ubuntu/go1_ws/install/ros2_unitree_legged_msgs/include/ros2_unitree_legged_msgs/ros2_unitree_legged_msgs/msg/detail/bms_state__rosidl_typesupport_introspection_cpp.hpp
[1.025s] -- Up-to-date: /home/pim0ubuntu/go1_ws/install/ros2_unitree_legged_msgs/include/ros2_unitree_legged_msgs/ros2_unitree_legged_msgs/msg/detail/motor_state__type_support.cpp
[1.025s] -- Up-to-date: /home/pim0ubuntu/go1_ws/install/ros2_unitree_legged_msgs/include/ros2_unitree_legged_msgs/ros2_unitree_legged_msgs/msg/detail/low_state__type_support.cpp
[1.025s] -- Up-to-date: /home/pim0ubuntu/go1_ws/install/ros2_unitree_legged_msgs/lib/libros2_unitree_legged_msgs__rosidl_typesupport_introspection_cpp.so
[1.025s] -- Up-to-date: /home/pim0ubuntu/go1_ws/install/ros2_unitree_legged_msgs/lib/libros2_unitree_legged_msgs__rosidl_typesupport_cpp.so
[1.025s] -- Up-to-date: /home/pim0ubuntu/go1_ws/install/ros2_unitree_legged_msgs/share/ros2_unitree_legged_msgs/environment/pythonpath.sh
[1.026s] -- Up-to-date: /home/pim0ubuntu/go1_ws/install/ros2_unitree_legged_msgs/share/ros2_unitree_legged_msgs/environment/pythonpath.dsv
[1.026s] -- Up-to-date: /home/pim0ubuntu/go1_ws/install/ros2_unitree_legged_msgs/local/lib/python3.10/dist-packages/ros2_unitree_legged_msgs-0.4.0-py3.10.egg-info
[1.036s] -- Installing: /home/pim0ubuntu/go1_ws/install/ros2_unitree_legged_msgs/local/lib/python3.10/dist-packages/ros2_unitree_legged_msgs-0.4.0-py3.10.egg-info/SOURCES.txt
[1.036s] -- Installing: /home/pim0ubuntu/go1_ws/install/ros2_unitree_legged_msgs/local/lib/python3.10/dist-packages/ros2_unitree_legged_msgs-0.4.0-py3.10.egg-info/top_level.txt
[1.037s] -- Installing: /home/pim0ubuntu/go1_ws/install/ros2_unitree_legged_msgs/local/lib/python3.10/dist-packages/ros2_unitree_legged_msgs-0.4.0-py3.10.egg-info/dependency_links.txt
[1.038s] -- Installing: /home/pim0ubuntu/go1_ws/install/ros2_unitree_legged_msgs/local/lib/python3.10/dist-packages/ros2_unitree_legged_msgs-0.4.0-py3.10.egg-info/PKG-INFO
[1.038s] -- Up-to-date: /home/pim0ubuntu/go1_ws/install/ros2_unitree_legged_msgs/local/lib/python3.10/dist-packages/ros2_unitree_legged_msgs
[1.038s] -- Up-to-date: /home/pim0ubuntu/go1_ws/install/ros2_unitree_legged_msgs/local/lib/python3.10/dist-packages/ros2_unitree_legged_msgs/msg
[1.039s] -- Up-to-date: /home/pim0ubuntu/go1_ws/install/ros2_unitree_legged_msgs/local/lib/python3.10/dist-packages/ros2_unitree_legged_msgs/msg/_motor_state_s.c
[1.039s] -- Up-to-date: /home/pim0ubuntu/go1_ws/install/ros2_unitree_legged_msgs/local/lib/python3.10/dist-packages/ros2_unitree_legged_msgs/msg/_low_state_s.c
[1.039s] -- Up-to-date: /home/pim0ubuntu/go1_ws/install/ros2_unitree_legged_msgs/local/lib/python3.10/dist-packages/ros2_unitree_legged_msgs/msg/_bms_state_s.c
[1.039s] -- Up-to-date: /home/pim0ubuntu/go1_ws/install/ros2_unitree_legged_msgs/local/lib/python3.10/dist-packages/ros2_unitree_legged_msgs/msg/_high_cmd.py
[1.039s] -- Up-to-date: /home/pim0ubuntu/go1_ws/install/ros2_unitree_legged_msgs/local/lib/python3.10/dist-packages/ros2_unitree_legged_msgs/msg/_high_state.py
[1.039s] -- Up-to-date: /home/pim0ubuntu/go1_ws/install/ros2_unitree_legged_msgs/local/lib/python3.10/dist-packages/ros2_unitree_legged_msgs/msg/_high_cmd_s.c
[1.039s] -- Up-to-date: /home/pim0ubuntu/go1_ws/install/ros2_unitree_legged_msgs/local/lib/python3.10/dist-packages/ros2_unitree_legged_msgs/msg/_bms_cmd_s.c
[1.039s] -- Up-to-date: /home/pim0ubuntu/go1_ws/install/ros2_unitree_legged_msgs/local/lib/python3.10/dist-packages/ros2_unitree_legged_msgs/msg/_led.py
[1.039s] -- Up-to-date: /home/pim0ubuntu/go1_ws/install/ros2_unitree_legged_msgs/local/lib/python3.10/dist-packages/ros2_unitree_legged_msgs/msg/_cartesian_s.c
[1.039s] -- Up-to-date: /home/pim0ubuntu/go1_ws/install/ros2_unitree_legged_msgs/local/lib/python3.10/dist-packages/ros2_unitree_legged_msgs/msg/_bms_state.py
[1.039s] -- Up-to-date: /home/pim0ubuntu/go1_ws/install/ros2_unitree_legged_msgs/local/lib/python3.10/dist-packages/ros2_unitree_legged_msgs/msg/_low_state.py
[1.039s] -- Up-to-date: /home/pim0ubuntu/go1_ws/install/ros2_unitree_legged_msgs/local/lib/python3.10/dist-packages/ros2_unitree_legged_msgs/msg/_high_state_s.c
[1.039s] -- Up-to-date: /home/pim0ubuntu/go1_ws/install/ros2_unitree_legged_msgs/local/lib/python3.10/dist-packages/ros2_unitree_legged_msgs/msg/_cartesian.py
[1.039s] -- Up-to-date: /home/pim0ubuntu/go1_ws/install/ros2_unitree_legged_msgs/local/lib/python3.10/dist-packages/ros2_unitree_legged_msgs/msg/_led_s.c
[1.039s] -- Up-to-date: /home/pim0ubuntu/go1_ws/install/ros2_unitree_legged_msgs/local/lib/python3.10/dist-packages/ros2_unitree_legged_msgs/msg/_low_cmd_s.c
[1.039s] -- Up-to-date: /home/pim0ubuntu/go1_ws/install/ros2_unitree_legged_msgs/local/lib/python3.10/dist-packages/ros2_unitree_legged_msgs/msg/_imu.py
[1.039s] -- Up-to-date: /home/pim0ubuntu/go1_ws/install/ros2_unitree_legged_msgs/local/lib/python3.10/dist-packages/ros2_unitree_legged_msgs/msg/__init__.py
[1.039s] -- Up-to-date: /home/pim0ubuntu/go1_ws/install/ros2_unitree_legged_msgs/local/lib/python3.10/dist-packages/ros2_unitree_legged_msgs/msg/_motor_cmd_s.c
[1.039s] -- Up-to-date: /home/pim0ubuntu/go1_ws/install/ros2_unitree_legged_msgs/local/lib/python3.10/dist-packages/ros2_unitree_legged_msgs/msg/_low_cmd.py
[1.039s] -- Up-to-date: /home/pim0ubuntu/go1_ws/install/ros2_unitree_legged_msgs/local/lib/python3.10/dist-packages/ros2_unitree_legged_msgs/msg/_bms_cmd.py
[1.039s] -- Up-to-date: /home/pim0ubuntu/go1_ws/install/ros2_unitree_legged_msgs/local/lib/python3.10/dist-packages/ros2_unitree_legged_msgs/msg/_imu_s.c
[1.039s] -- Up-to-date: /home/pim0ubuntu/go1_ws/install/ros2_unitree_legged_msgs/local/lib/python3.10/dist-packages/ros2_unitree_legged_msgs/msg/_motor_state.py
[1.039s] -- Up-to-date: /home/pim0ubuntu/go1_ws/install/ros2_unitree_legged_msgs/local/lib/python3.10/dist-packages/ros2_unitree_legged_msgs/msg/_motor_cmd.py
[1.040s] -- Up-to-date: /home/pim0ubuntu/go1_ws/install/ros2_unitree_legged_msgs/local/lib/python3.10/dist-packages/ros2_unitree_legged_msgs/ros2_unitree_legged_msgs_s__rosidl_typesupport_c.cpython-310-x86_64-linux-gnu.so
[1.040s] -- Up-to-date: /home/pim0ubuntu/go1_ws/install/ros2_unitree_legged_msgs/local/lib/python3.10/dist-packages/ros2_unitree_legged_msgs/ros2_unitree_legged_msgs_s__rosidl_typesupport_fastrtps_c.cpython-310-x86_64-linux-gnu.so
[1.040s] -- Up-to-date: /home/pim0ubuntu/go1_ws/install/ros2_unitree_legged_msgs/local/lib/python3.10/dist-packages/ros2_unitree_legged_msgs/_ros2_unitree_legged_msgs_s.ep.rosidl_typesupport_fastrtps_c.c
[1.040s] -- Up-to-date: /home/pim0ubuntu/go1_ws/install/ros2_unitree_legged_msgs/local/lib/python3.10/dist-packages/ros2_unitree_legged_msgs/__init__.py
[1.040s] -- Up-to-date: /home/pim0ubuntu/go1_ws/install/ros2_unitree_legged_msgs/local/lib/python3.10/dist-packages/ros2_unitree_legged_msgs/libros2_unitree_legged_msgs__rosidl_generator_py.so
[1.040s] -- Up-to-date: /home/pim0ubuntu/go1_ws/install/ros2_unitree_legged_msgs/local/lib/python3.10/dist-packages/ros2_unitree_legged_msgs/_ros2_unitree_legged_msgs_s.ep.rosidl_typesupport_introspection_c.c
[1.040s] -- Up-to-date: /home/pim0ubuntu/go1_ws/install/ros2_unitree_legged_msgs/local/lib/python3.10/dist-packages/ros2_unitree_legged_msgs/ros2_unitree_legged_msgs_s__rosidl_typesupport_introspection_c.cpython-310-x86_64-linux-gnu.so
[1.040s] -- Up-to-date: /home/pim0ubuntu/go1_ws/install/ros2_unitree_legged_msgs/local/lib/python3.10/dist-packages/ros2_unitree_legged_msgs/_ros2_unitree_legged_msgs_s.ep.rosidl_typesupport_c.c
[1.046s] Listing '/home/pim0ubuntu/go1_ws/install/ros2_unitree_legged_msgs/local/lib/python3.10/dist-packages/ros2_unitree_legged_msgs'...
[1.046s] Listing '/home/pim0ubuntu/go1_ws/install/ros2_unitree_legged_msgs/local/lib/python3.10/dist-packages/ros2_unitree_legged_msgs/msg'...
[1.056s] -- Up-to-date: /home/pim0ubuntu/go1_ws/install/ros2_unitree_legged_msgs/local/lib/python3.10/dist-packages/ros2_unitree_legged_msgs/ros2_unitree_legged_msgs_s__rosidl_typesupport_fastrtps_c.cpython-310-x86_64-linux-gnu.so
[1.056s] -- Up-to-date: /home/pim0ubuntu/go1_ws/install/ros2_unitree_legged_msgs/local/lib/python3.10/dist-packages/ros2_unitree_legged_msgs/ros2_unitree_legged_msgs_s__rosidl_typesupport_introspection_c.cpython-310-x86_64-linux-gnu.so
[1.056s] -- Up-to-date: /home/pim0ubuntu/go1_ws/install/ros2_unitree_legged_msgs/local/lib/python3.10/dist-packages/ros2_unitree_legged_msgs/ros2_unitree_legged_msgs_s__rosidl_typesupport_c.cpython-310-x86_64-linux-gnu.so
[1.056s] -- Up-to-date: /home/pim0ubuntu/go1_ws/install/ros2_unitree_legged_msgs/lib/libros2_unitree_legged_msgs__rosidl_generator_py.so
[1.057s] -- Up-to-date: /home/pim0ubuntu/go1_ws/install/ros2_unitree_legged_msgs/share/ros2_unitree_legged_msgs/msg/MotorCmd.idl
[1.057s] -- Up-to-date: /home/pim0ubuntu/go1_ws/install/ros2_unitree_legged_msgs/share/ros2_unitree_legged_msgs/msg/MotorState.idl
[1.057s] -- Up-to-date: /home/pim0ubuntu/go1_ws/install/ros2_unitree_legged_msgs/share/ros2_unitree_legged_msgs/msg/BmsCmd.idl
[1.057s] -- Up-to-date: /home/pim0ubuntu/go1_ws/install/ros2_unitree_legged_msgs/share/ros2_unitree_legged_msgs/msg/BmsState.idl
[1.057s] -- Up-to-date: /home/pim0ubuntu/go1_ws/install/ros2_unitree_legged_msgs/share/ros2_unitree_legged_msgs/msg/Cartesian.idl
[1.057s] -- Up-to-date: /home/pim0ubuntu/go1_ws/install/ros2_unitree_legged_msgs/share/ros2_unitree_legged_msgs/msg/IMU.idl
[1.057s] -- Up-to-date: /home/pim0ubuntu/go1_ws/install/ros2_unitree_legged_msgs/share/ros2_unitree_legged_msgs/msg/LED.idl
[1.057s] -- Up-to-date: /home/pim0ubuntu/go1_ws/install/ros2_unitree_legged_msgs/share/ros2_unitree_legged_msgs/msg/LowCmd.idl
[1.057s] -- Up-to-date: /home/pim0ubuntu/go1_ws/install/ros2_unitree_legged_msgs/share/ros2_unitree_legged_msgs/msg/LowState.idl
[1.057s] -- Up-to-date: /home/pim0ubuntu/go1_ws/install/ros2_unitree_legged_msgs/share/ros2_unitree_legged_msgs/msg/HighCmd.idl
[1.058s] -- Up-to-date: /home/pim0ubuntu/go1_ws/install/ros2_unitree_legged_msgs/share/ros2_unitree_legged_msgs/msg/HighState.idl
[1.058s] -- Up-to-date: /home/pim0ubuntu/go1_ws/install/ros2_unitree_legged_msgs/share/ros2_unitree_legged_msgs/msg/MotorCmd.msg
[1.058s] -- Up-to-date: /home/pim0ubuntu/go1_ws/install/ros2_unitree_legged_msgs/share/ros2_unitree_legged_msgs/msg/MotorState.msg
[1.058s] -- Up-to-date: /home/pim0ubuntu/go1_ws/install/ros2_unitree_legged_msgs/share/ros2_unitree_legged_msgs/msg/BmsCmd.msg
[1.058s] -- Up-to-date: /home/pim0ubuntu/go1_ws/install/ros2_unitree_legged_msgs/share/ros2_unitree_legged_msgs/msg/BmsState.msg
[1.058s] -- Up-to-date: /home/pim0ubuntu/go1_ws/install/ros2_unitree_legged_msgs/share/ros2_unitree_legged_msgs/msg/Cartesian.msg
[1.058s] -- Up-to-date: /home/pim0ubuntu/go1_ws/install/ros2_unitree_legged_msgs/share/ros2_unitree_legged_msgs/msg/IMU.msg
[1.058s] -- Up-to-date: /home/pim0ubuntu/go1_ws/install/ros2_unitree_legged_msgs/share/ros2_unitree_legged_msgs/msg/LED.msg
[1.058s] -- Up-to-date: /home/pim0ubuntu/go1_ws/install/ros2_unitree_legged_msgs/share/ros2_unitree_legged_msgs/msg/LowCmd.msg
[1.058s] -- Up-to-date: /home/pim0ubuntu/go1_ws/install/ros2_unitree_legged_msgs/share/ros2_unitree_legged_msgs/msg/LowState.msg
[1.058s] -- Up-to-date: /home/pim0ubuntu/go1_ws/install/ros2_unitree_legged_msgs/share/ros2_unitree_legged_msgs/msg/HighCmd.msg
[1.058s] -- Up-to-date: /home/pim0ubuntu/go1_ws/install/ros2_unitree_legged_msgs/share/ros2_unitree_legged_msgs/msg/HighState.msg
[1.059s] -- Up-to-date: /home/pim0ubuntu/go1_ws/install/ros2_unitree_legged_msgs/share/ament_index/resource_index/package_run_dependencies/ros2_unitree_legged_msgs
[1.059s] -- Up-to-date: /home/pim0ubuntu/go1_ws/install/ros2_unitree_legged_msgs/share/ament_index/resource_index/parent_prefix_path/ros2_unitree_legged_msgs
[1.059s] -- Up-to-date: /home/pim0ubuntu/go1_ws/install/ros2_unitree_legged_msgs/share/ros2_unitree_legged_msgs/environment/ament_prefix_path.sh
[1.059s] -- Up-to-date: /home/pim0ubuntu/go1_ws/install/ros2_unitree_legged_msgs/share/ros2_unitree_legged_msgs/environment/ament_prefix_path.dsv
[1.059s] -- Up-to-date: /home/pim0ubuntu/go1_ws/install/ros2_unitree_legged_msgs/share/ros2_unitree_legged_msgs/environment/path.sh
[1.059s] -- Up-to-date: /home/pim0ubuntu/go1_ws/install/ros2_unitree_legged_msgs/share/ros2_unitree_legged_msgs/environment/path.dsv
[1.059s] -- Up-to-date: /home/pim0ubuntu/go1_ws/install/ros2_unitree_legged_msgs/share/ros2_unitree_legged_msgs/local_setup.bash
[1.059s] -- Up-to-date: /home/pim0ubuntu/go1_ws/install/ros2_unitree_legged_msgs/share/ros2_unitree_legged_msgs/local_setup.sh
[1.059s] -- Up-to-date: /home/pim0ubuntu/go1_ws/install/ros2_unitree_legged_msgs/share/ros2_unitree_legged_msgs/local_setup.zsh
[1.059s] -- Up-to-date: /home/pim0ubuntu/go1_ws/install/ros2_unitree_legged_msgs/share/ros2_unitree_legged_msgs/local_setup.dsv
[1.059s] -- Installing: /home/pim0ubuntu/go1_ws/install/ros2_unitree_legged_msgs/share/ros2_unitree_legged_msgs/package.dsv
[1.059s] -- Up-to-date: /home/pim0ubuntu/go1_ws/install/ros2_unitree_legged_msgs/share/ament_index/resource_index/packages/ros2_unitree_legged_msgs
[1.059s] -- Up-to-date: /home/pim0ubuntu/go1_ws/install/ros2_unitree_legged_msgs/share/ros2_unitree_legged_msgs/cmake/export_ros2_unitree_legged_msgs__rosidl_generator_cExport.cmake
[1.059s] -- Up-to-date: /home/pim0ubuntu/go1_ws/install/ros2_unitree_legged_msgs/share/ros2_unitree_legged_msgs/cmake/export_ros2_unitree_legged_msgs__rosidl_generator_cExport-noconfig.cmake
[1.059s] -- Up-to-date: /home/pim0ubuntu/go1_ws/install/ros2_unitree_legged_msgs/share/ros2_unitree_legged_msgs/cmake/export_ros2_unitree_legged_msgs__rosidl_typesupport_fastrtps_cExport.cmake
[1.059s] -- Up-to-date: /home/pim0ubuntu/go1_ws/install/ros2_unitree_legged_msgs/share/ros2_unitree_legged_msgs/cmake/export_ros2_unitree_legged_msgs__rosidl_typesupport_fastrtps_cExport-noconfig.cmake
[1.059s] -- Up-to-date: /home/pim0ubuntu/go1_ws/install/ros2_unitree_legged_msgs/share/ros2_unitree_legged_msgs/cmake/ros2_unitree_legged_msgs__rosidl_typesupport_introspection_cExport.cmake
[1.059s] -- Up-to-date: /home/pim0ubuntu/go1_ws/install/ros2_unitree_legged_msgs/share/ros2_unitree_legged_msgs/cmake/ros2_unitree_legged_msgs__rosidl_typesupport_introspection_cExport-noconfig.cmake
[1.059s] -- Up-to-date: /home/pim0ubuntu/go1_ws/install/ros2_unitree_legged_msgs/share/ros2_unitree_legged_msgs/cmake/ros2_unitree_legged_msgs__rosidl_typesupport_cExport.cmake
[1.059s] -- Up-to-date: /home/pim0ubuntu/go1_ws/install/ros2_unitree_legged_msgs/share/ros2_unitree_legged_msgs/cmake/ros2_unitree_legged_msgs__rosidl_typesupport_cExport-noconfig.cmake
[1.059s] -- Up-to-date: /home/pim0ubuntu/go1_ws/install/ros2_unitree_legged_msgs/share/ros2_unitree_legged_msgs/cmake/export_ros2_unitree_legged_msgs__rosidl_generator_cppExport.cmake
[1.060s] -- Up-to-date: /home/pim0ubuntu/go1_ws/install/ros2_unitree_legged_msgs/share/ros2_unitree_legged_msgs/cmake/export_ros2_unitree_legged_msgs__rosidl_typesupport_fastrtps_cppExport.cmake
[1.060s] -- Up-to-date: /home/pim0ubuntu/go1_ws/install/ros2_unitree_legged_msgs/share/ros2_unitree_legged_msgs/cmake/export_ros2_unitree_legged_msgs__rosidl_typesupport_fastrtps_cppExport-noconfig.cmake
[1.060s] -- Up-to-date: /home/pim0ubuntu/go1_ws/install/ros2_unitree_legged_msgs/share/ros2_unitree_legged_msgs/cmake/ros2_unitree_legged_msgs__rosidl_typesupport_introspection_cppExport.cmake
[1.060s] -- Up-to-date: /home/pim0ubuntu/go1_ws/install/ros2_unitree_legged_msgs/share/ros2_unitree_legged_msgs/cmake/ros2_unitree_legged_msgs__rosidl_typesupport_introspection_cppExport-noconfig.cmake
[1.060s] -- Up-to-date: /home/pim0ubuntu/go1_ws/install/ros2_unitree_legged_msgs/share/ros2_unitree_legged_msgs/cmake/ros2_unitree_legged_msgs__rosidl_typesupport_cppExport.cmake
[1.060s] -- Up-to-date: /home/pim0ubuntu/go1_ws/install/ros2_unitree_legged_msgs/share/ros2_unitree_legged_msgs/cmake/ros2_unitree_legged_msgs__rosidl_typesupport_cppExport-noconfig.cmake
[1.060s] -- Up-to-date: /home/pim0ubuntu/go1_ws/install/ros2_unitree_legged_msgs/share/ros2_unitree_legged_msgs/cmake/export_ros2_unitree_legged_msgs__rosidl_generator_pyExport.cmake
[1.060s] -- Up-to-date: /home/pim0ubuntu/go1_ws/install/ros2_unitree_legged_msgs/share/ros2_unitree_legged_msgs/cmake/export_ros2_unitree_legged_msgs__rosidl_generator_pyExport-noconfig.cmake
[1.060s] -- Up-to-date: /home/pim0ubuntu/go1_ws/install/ros2_unitree_legged_msgs/share/ros2_unitree_legged_msgs/cmake/rosidl_cmake-extras.cmake
[1.060s] -- Up-to-date: /home/pim0ubuntu/go1_ws/install/ros2_unitree_legged_msgs/share/ros2_unitree_legged_msgs/cmake/ament_cmake_export_include_directories-extras.cmake
[1.061s] -- Up-to-date: /home/pim0ubuntu/go1_ws/install/ros2_unitree_legged_msgs/share/ros2_unitree_legged_msgs/cmake/ament_cmake_export_libraries-extras.cmake
[1.064s] -- Up-to-date: /home/pim0ubuntu/go1_ws/install/ros2_unitree_legged_msgs/share/ros2_unitree_legged_msgs/cmake/ament_cmake_export_targets-extras.cmake
[1.064s] -- Up-to-date: /home/pim0ubuntu/go1_ws/install/ros2_unitree_legged_msgs/share/ros2_unitree_legged_msgs/cmake/rosidl_cmake_export_typesupport_targets-extras.cmake
[1.064s] -- Up-to-date: /home/pim0ubuntu/go1_ws/install/ros2_unitree_legged_msgs/share/ros2_unitree_legged_msgs/cmake/ament_cmake_export_dependencies-extras.cmake
[1.064s] -- Up-to-date: /home/pim0ubuntu/go1_ws/install/ros2_unitree_legged_msgs/share/ros2_unitree_legged_msgs/cmake/rosidl_cmake_export_typesupport_libraries-extras.cmake
[1.065s] -- Up-to-date: /home/pim0ubuntu/go1_ws/install/ros2_unitree_legged_msgs/share/ros2_unitree_legged_msgs/cmake/ros2_unitree_legged_msgsConfig.cmake
[1.065s] -- Up-to-date: /home/pim0ubuntu/go1_ws/install/ros2_unitree_legged_msgs/share/ros2_unitree_legged_msgs/cmake/ros2_unitree_legged_msgsConfig-version.cmake
[1.065s] -- Up-to-date: /home/pim0ubuntu/go1_ws/install/ros2_unitree_legged_msgs/share/ros2_unitree_legged_msgs/package.xml
[1.066s] Invoked command in '/home/pim0ubuntu/go1_ws/build/ros2_unitree_legged_msgs' returned '0': CMAKE_PREFIX_PATH=${CMAKE_PREFIX_PATH}:/opt/ros/humble /usr/bin/cmake --install /home/pim0ubuntu/go1_ws/build/ros2_unitree_legged_msgs
