-- Install configuration: ""
-- Up-to-date: /home/pim0ubuntu/go1_ws/install/go1_description/share/go1_description//config
-- Up-to-date: /home/pim0ubuntu/go1_ws/install/go1_description/share/go1_description//config/joints
-- Up-to-date: /home/pim0ubuntu/go1_ws/install/go1_description/share/go1_description//config/joints/joints.yaml
-- Up-to-date: /home/pim0ubuntu/go1_ws/install/go1_description/share/go1_description//config/gait
-- Up-to-date: /home/pim0ubuntu/go1_ws/install/go1_description/share/go1_description//config/gait/gait.yaml
-- Up-to-date: /home/pim0ubuntu/go1_ws/install/go1_description/share/go1_description//config/robot_control.yaml
-- Up-to-date: /home/pim0ubuntu/go1_ws/install/go1_description/share/go1_description//config/autonomy
-- Up-to-date: /home/pim0ubuntu/go1_ws/install/go1_description/share/go1_description//config/autonomy/slam.yaml
-- Up-to-date: /home/pim0ubuntu/go1_ws/install/go1_description/share/go1_description//config/autonomy/navigation.yaml
-- Up-to-date: /home/pim0ubuntu/go1_ws/install/go1_description/share/go1_description//config/links
-- Up-to-date: /home/pim0ubuntu/go1_ws/install/go1_description/share/go1_description//config/links/links.yaml
-- Up-to-date: /home/pim0ubuntu/go1_ws/install/go1_description/share/go1_description//config/move_base
-- Up-to-date: /home/pim0ubuntu/go1_ws/install/go1_description/share/go1_description//config/move_base/local_costmap_params.yaml
-- Up-to-date: /home/pim0ubuntu/go1_ws/install/go1_description/share/go1_description//config/move_base/global_costmap_params.yaml
-- Up-to-date: /home/pim0ubuntu/go1_ws/install/go1_description/share/go1_description//config/move_base/base_local_planner_holonomic_params.yaml
-- Up-to-date: /home/pim0ubuntu/go1_ws/install/go1_description/share/go1_description//config/move_base/costmap_common_params.yaml
-- Up-to-date: /home/pim0ubuntu/go1_ws/install/go1_description/share/go1_description//config/move_base/move_base_params.yaml
-- Up-to-date: /home/pim0ubuntu/go1_ws/install/go1_description/share/go1_description//config/ros_control
-- Up-to-date: /home/pim0ubuntu/go1_ws/install/go1_description/share/go1_description//config/ros_control/go1_controller.yaml
-- Up-to-date: /home/pim0ubuntu/go1_ws/install/go1_description/share/go1_description//config/ros_control/ros_control.yaml
-- Up-to-date: /home/pim0ubuntu/go1_ws/install/go1_description/share/go1_description//launch
-- Up-to-date: /home/pim0ubuntu/go1_ws/install/go1_description/share/go1_description//launch/go1_gazebo.launch.py
-- Up-to-date: /home/pim0ubuntu/go1_ws/install/go1_description/share/go1_description//launch/go1_rviz2.launch.py
-- Up-to-date: /home/pim0ubuntu/go1_ws/install/go1_description/share/go1_description//launch/check_joint.rviz
-- Up-to-date: /home/pim0ubuntu/go1_ws/install/go1_description/share/go1_description//meshes
-- Up-to-date: /home/pim0ubuntu/go1_ws/install/go1_description/share/go1_description//meshes/thigh_mirror.dae
-- Up-to-date: /home/pim0ubuntu/go1_ws/install/go1_description/share/go1_description//meshes/ultraSound.dae
-- Up-to-date: /home/pim0ubuntu/go1_ws/install/go1_description/share/go1_description//meshes/depthCamera.dae
-- Up-to-date: /home/pim0ubuntu/go1_ws/install/go1_description/share/go1_description//meshes/trunk.dae
-- Up-to-date: /home/pim0ubuntu/go1_ws/install/go1_description/share/go1_description//meshes/thigh.dae
-- Up-to-date: /home/pim0ubuntu/go1_ws/install/go1_description/share/go1_description//meshes/hip.dae
-- Up-to-date: /home/pim0ubuntu/go1_ws/install/go1_description/share/go1_description//meshes/calf.dae
-- Up-to-date: /home/pim0ubuntu/go1_ws/install/go1_description/share/go1_description//urdf
-- Up-to-date: /home/pim0ubuntu/go1_ws/install/go1_description/share/go1_description//urdf/go1.urdf
-- Up-to-date: /home/pim0ubuntu/go1_ws/install/go1_description/share/go1_description//xacro
-- Up-to-date: /home/pim0ubuntu/go1_ws/install/go1_description/share/go1_description//xacro/transmission.xacro
-- Up-to-date: /home/pim0ubuntu/go1_ws/install/go1_description/share/go1_description//xacro/gazebo.xacro
-- Up-to-date: /home/pim0ubuntu/go1_ws/install/go1_description/share/go1_description//xacro/leg.xacro
-- Up-to-date: /home/pim0ubuntu/go1_ws/install/go1_description/share/go1_description//xacro/leg2.xacro
-- Up-to-date: /home/pim0ubuntu/go1_ws/install/go1_description/share/go1_description//xacro/depthCamera.xacro
-- Up-to-date: /home/pim0ubuntu/go1_ws/install/go1_description/share/go1_description//xacro/robot.xacro
-- Up-to-date: /home/pim0ubuntu/go1_ws/install/go1_description/share/go1_description//xacro/ultraSound.xacro
-- Up-to-date: /home/pim0ubuntu/go1_ws/install/go1_description/share/go1_description//xacro/materials.xacro
-- Up-to-date: /home/pim0ubuntu/go1_ws/install/go1_description/share/go1_description//xacro/const.xacro
-- Up-to-date: /home/pim0ubuntu/go1_ws/install/go1_description/share/ament_index/resource_index/package_run_dependencies/go1_description
-- Up-to-date: /home/pim0ubuntu/go1_ws/install/go1_description/share/ament_index/resource_index/parent_prefix_path/go1_description
-- Up-to-date: /home/pim0ubuntu/go1_ws/install/go1_description/share/go1_description/environment/ament_prefix_path.sh
-- Up-to-date: /home/pim0ubuntu/go1_ws/install/go1_description/share/go1_description/environment/ament_prefix_path.dsv
-- Up-to-date: /home/pim0ubuntu/go1_ws/install/go1_description/share/go1_description/environment/path.sh
-- Up-to-date: /home/pim0ubuntu/go1_ws/install/go1_description/share/go1_description/environment/path.dsv
-- Up-to-date: /home/pim0ubuntu/go1_ws/install/go1_description/share/go1_description/local_setup.bash
-- Up-to-date: /home/pim0ubuntu/go1_ws/install/go1_description/share/go1_description/local_setup.sh
-- Up-to-date: /home/pim0ubuntu/go1_ws/install/go1_description/share/go1_description/local_setup.zsh
-- Up-to-date: /home/pim0ubuntu/go1_ws/install/go1_description/share/go1_description/local_setup.dsv
-- Up-to-date: /home/pim0ubuntu/go1_ws/install/go1_description/share/go1_description/package.dsv
-- Up-to-date: /home/pim0ubuntu/go1_ws/install/go1_description/share/ament_index/resource_index/packages/go1_description
-- Up-to-date: /home/pim0ubuntu/go1_ws/install/go1_description/share/go1_description/cmake/go1_descriptionConfig.cmake
-- Up-to-date: /home/pim0ubuntu/go1_ws/install/go1_description/share/go1_description/cmake/go1_descriptionConfig-version.cmake
-- Up-to-date: /home/pim0ubuntu/go1_ws/install/go1_description/share/go1_description/package.xml
