[0.071s] Invoking command in '/home/pim0ubuntu/go1_ws/build/unitree_joint_controller': CMAKE_PREFIX_PATH=/home/pim0ubuntu/go1_ws/install/ros2_unitree_legged_msgs:/home/pim0ubuntu/go1_ws/install/unitree_joint_controller:/home/pim0ubuntu/go1_ws/install/unitree_guide2:/home/pim0ubuntu/go1_ws/install/go1_description:/opt/ros/humble LD_LIBRARY_PATH=/home/pim0ubuntu/go1_ws/install/ros2_unitree_legged_msgs/lib:/home/pim0ubuntu/go1_ws/install/unitree_joint_controller/lib:/usr/lib/x86_64-linux-gnu/gazebo-11/plugins:/opt/ros/humble/opt/rviz_ogre_vendor/lib:/opt/ros/humble/lib/x86_64-linux-gnu:/opt/ros/humble/lib /usr/bin/cmake --build /home/pim0ubuntu/go1_ws/build/unitree_joint_controller -- -j4 -l4
[0.185s] [ 50%] Built target unitree_joint_controller_parameters
[0.269s] [100%] Built target unitree_joint_controller
[0.326s] Invoked command in '/home/pim0ubuntu/go1_ws/build/unitree_joint_controller' returned '0': CMAKE_PREFIX_PATH=/home/pim0ubuntu/go1_ws/install/ros2_unitree_legged_msgs:/home/pim0ubuntu/go1_ws/install/unitree_joint_controller:/home/pim0ubuntu/go1_ws/install/unitree_guide2:/home/pim0ubuntu/go1_ws/install/go1_description:/opt/ros/humble LD_LIBRARY_PATH=/home/pim0ubuntu/go1_ws/install/ros2_unitree_legged_msgs/lib:/home/pim0ubuntu/go1_ws/install/unitree_joint_controller/lib:/usr/lib/x86_64-linux-gnu/gazebo-11/plugins:/opt/ros/humble/opt/rviz_ogre_vendor/lib:/opt/ros/humble/lib/x86_64-linux-gnu:/opt/ros/humble/lib /usr/bin/cmake --build /home/pim0ubuntu/go1_ws/build/unitree_joint_controller -- -j4 -l4
[0.327s] Invoking command in '/home/pim0ubuntu/go1_ws/build/unitree_joint_controller': CMAKE_PREFIX_PATH=/home/pim0ubuntu/go1_ws/install/ros2_unitree_legged_msgs:/home/pim0ubuntu/go1_ws/install/unitree_joint_controller:/home/pim0ubuntu/go1_ws/install/unitree_guide2:/home/pim0ubuntu/go1_ws/install/go1_description:/opt/ros/humble LD_LIBRARY_PATH=/home/pim0ubuntu/go1_ws/install/ros2_unitree_legged_msgs/lib:/home/pim0ubuntu/go1_ws/install/unitree_joint_controller/lib:/usr/lib/x86_64-linux-gnu/gazebo-11/plugins:/opt/ros/humble/opt/rviz_ogre_vendor/lib:/opt/ros/humble/lib/x86_64-linux-gnu:/opt/ros/humble/lib /usr/bin/cmake --install /home/pim0ubuntu/go1_ws/build/unitree_joint_controller
[0.351s] -- Install configuration: ""
[0.351s] -- Up-to-date: /home/pim0ubuntu/go1_ws/install/unitree_joint_controller/include/unitree_joint_controller
[0.352s] -- Up-to-date: /home/pim0ubuntu/go1_ws/install/unitree_joint_controller/include/unitree_joint_controller/validate_ujc_parameters.hpp
[0.352s] -- Up-to-date: /home/pim0ubuntu/go1_ws/install/unitree_joint_controller/include/unitree_joint_controller/unitree_joint_controller_parameters.hpp
[0.354s] -- Up-to-date: /home/pim0ubuntu/go1_ws/install/unitree_joint_controller/share/unitree_joint_controller/unitree_controller_plugin.xml
[0.354s] -- Up-to-date: /home/pim0ubuntu/go1_ws/install/unitree_joint_controller/include/unitree_joint_controller
[0.354s] -- Up-to-date: /home/pim0ubuntu/go1_ws/install/unitree_joint_controller/include/unitree_joint_controller/unitree_joint_controller
[0.355s] -- Up-to-date: /home/pim0ubuntu/go1_ws/install/unitree_joint_controller/include/unitree_joint_controller/unitree_joint_controller/joint_controller.h
[0.356s] -- Up-to-date: /home/pim0ubuntu/go1_ws/install/unitree_joint_controller/include/unitree_joint_controller/unitree_joint_controller/validate_ujc_parameters.hpp
[0.357s] -- Up-to-date: /home/pim0ubuntu/go1_ws/install/unitree_joint_controller/include/unitree_joint_controller/unitree_joint_controller/unitree_joint_control_tool.h
[0.358s] -- Up-to-date: /home/pim0ubuntu/go1_ws/install/unitree_joint_controller/lib/libunitree_joint_controller.so
[0.359s] -- Up-to-date: /home/pim0ubuntu/go1_ws/install/unitree_joint_controller/share/unitree_joint_controller/environment/library_path.sh
[0.359s] -- Up-to-date: /home/pim0ubuntu/go1_ws/install/unitree_joint_controller/share/unitree_joint_controller/environment/library_path.dsv
[0.365s] -- Up-to-date: /home/pim0ubuntu/go1_ws/install/unitree_joint_controller/share/ament_index/resource_index/package_run_dependencies/unitree_joint_controller
[0.366s] -- Up-to-date: /home/pim0ubuntu/go1_ws/install/unitree_joint_controller/share/ament_index/resource_index/parent_prefix_path/unitree_joint_controller
[0.367s] -- Up-to-date: /home/pim0ubuntu/go1_ws/install/unitree_joint_controller/share/unitree_joint_controller/environment/ament_prefix_path.sh
[0.368s] -- Up-to-date: /home/pim0ubuntu/go1_ws/install/unitree_joint_controller/share/unitree_joint_controller/environment/ament_prefix_path.dsv
[0.369s] -- Up-to-date: /home/pim0ubuntu/go1_ws/install/unitree_joint_controller/share/unitree_joint_controller/environment/path.sh
[0.369s] -- Up-to-date: /home/pim0ubuntu/go1_ws/install/unitree_joint_controller/share/unitree_joint_controller/environment/path.dsv
[0.370s] -- Up-to-date: /home/pim0ubuntu/go1_ws/install/unitree_joint_controller/share/unitree_joint_controller/local_setup.bash
[0.370s] -- Up-to-date: /home/pim0ubuntu/go1_ws/install/unitree_joint_controller/share/unitree_joint_controller/local_setup.sh
[0.371s] -- Up-to-date: /home/pim0ubuntu/go1_ws/install/unitree_joint_controller/share/unitree_joint_controller/local_setup.zsh
[0.371s] -- Up-to-date: /home/pim0ubuntu/go1_ws/install/unitree_joint_controller/share/unitree_joint_controller/local_setup.dsv
[0.371s] -- Installing: /home/pim0ubuntu/go1_ws/install/unitree_joint_controller/share/unitree_joint_controller/package.dsv
[0.372s] -- Up-to-date: /home/pim0ubuntu/go1_ws/install/unitree_joint_controller/share/ament_index/resource_index/packages/unitree_joint_controller
[0.372s] -- Up-to-date: /home/pim0ubuntu/go1_ws/install/unitree_joint_controller/share/ament_index/resource_index/controller_interface__pluginlib__plugin/unitree_joint_controller
[0.373s] -- Up-to-date: /home/pim0ubuntu/go1_ws/install/unitree_joint_controller/share/unitree_joint_controller/cmake/export_unitree_joint_controllerExport.cmake
[0.373s] -- Up-to-date: /home/pim0ubuntu/go1_ws/install/unitree_joint_controller/share/unitree_joint_controller/cmake/export_unitree_joint_controllerExport-noconfig.cmake
[0.374s] -- Up-to-date: /home/pim0ubuntu/go1_ws/install/unitree_joint_controller/share/unitree_joint_controller/cmake/ament_cmake_export_dependencies-extras.cmake
[0.374s] -- Up-to-date: /home/pim0ubuntu/go1_ws/install/unitree_joint_controller/share/unitree_joint_controller/cmake/ament_cmake_export_targets-extras.cmake
[0.375s] -- Up-to-date: /home/pim0ubuntu/go1_ws/install/unitree_joint_controller/share/unitree_joint_controller/cmake/unitree_joint_controllerConfig.cmake
[0.375s] -- Up-to-date: /home/pim0ubuntu/go1_ws/install/unitree_joint_controller/share/unitree_joint_controller/cmake/unitree_joint_controllerConfig-version.cmake
[0.375s] -- Up-to-date: /home/pim0ubuntu/go1_ws/install/unitree_joint_controller/share/unitree_joint_controller/package.xml
[0.384s] Invoked command in '/home/pim0ubuntu/go1_ws/build/unitree_joint_controller' returned '0': CMAKE_PREFIX_PATH=/home/pim0ubuntu/go1_ws/install/ros2_unitree_legged_msgs:/home/pim0ubuntu/go1_ws/install/unitree_joint_controller:/home/pim0ubuntu/go1_ws/install/unitree_guide2:/home/pim0ubuntu/go1_ws/install/go1_description:/opt/ros/humble LD_LIBRARY_PATH=/home/pim0ubuntu/go1_ws/install/ros2_unitree_legged_msgs/lib:/home/pim0ubuntu/go1_ws/install/unitree_joint_controller/lib:/usr/lib/x86_64-linux-gnu/gazebo-11/plugins:/opt/ros/humble/opt/rviz_ogre_vendor/lib:/opt/ros/humble/lib/x86_64-linux-gnu:/opt/ros/humble/lib /usr/bin/cmake --install /home/pim0ubuntu/go1_ws/build/unitree_joint_controller
