[0.085s] DEBUG:colcon:Command line arguments: ['/usr/bin/colcon', 'build']
[0.085s] DEBUG:colcon:Parsed command line arguments: Namespace(log_base=None, log_level=None, verb_name='build', build_base='build', install_base='install', merge_install=False, symlink_install=False, test_result_base=None, continue_on_error=False, executor='parallel', parallel_workers=4, event_handlers=None, ignore_user_meta=False, metas=['./colcon.meta'], base_paths=['.'], packages_ignore=None, packages_ignore_regex=None, paths=None, packages_up_to=None, packages_up_to_regex=None, packages_above=None, packages_above_and_dependencies=None, packages_above_depth=None, packages_select_by_dep=None, packages_skip_by_dep=None, packages_skip_up_to=None, packages_select_build_failed=False, packages_skip_build_finished=False, packages_select_test_failures=False, packages_skip_test_passed=False, packages_select=None, packages_skip=None, packages_select_regex=None, packages_skip_regex=None, packages_start=None, packages_end=None, allow_overriding=[], cmake_args=None, cmake_target=None, cmake_target_skip_unavailable=False, cmake_clean_cache=False, cmake_clean_first=False, cmake_force_configure=False, ament_cmake_args=None, catkin_cmake_args=None, catkin_skip_building_tests=False, mixin_files=None, mixin=None, verb_parser=<colcon_mixin.mixin.mixin_argument.MixinArgumentDecorator object at 0x7fdfe35bac50>, verb_extension=<colcon_core.verb.build.BuildVerb object at 0x7fdfe35781f0>, main=<bound method BuildVerb.main of <colcon_core.verb.build.BuildVerb object at 0x7fdfe35781f0>>, mixin_verb=('build',))
[0.238s] Level 1:colcon.colcon_core.package_discovery:discover_packages(colcon_meta) check parameters
[0.239s] Level 1:colcon.colcon_core.package_discovery:discover_packages(recursive) check parameters
[0.239s] Level 1:colcon.colcon_core.package_discovery:discover_packages(ignore) check parameters
[0.239s] Level 1:colcon.colcon_core.package_discovery:discover_packages(path) check parameters
[0.239s] Level 1:colcon.colcon_core.package_discovery:discover_packages(colcon_meta) discover
[0.239s] Level 1:colcon.colcon_core.package_discovery:discover_packages(recursive) discover
[0.239s] INFO:colcon.colcon_core.package_discovery:Crawling recursively for packages in '/home/pim0ubuntu/go1_ws'
[0.240s] Level 1:colcon.colcon_core.package_identification:_identify(.) by extensions ['ignore', 'ignore_ament_install']
[0.240s] Level 1:colcon.colcon_core.package_identification:_identify(.) by extension 'ignore'
[0.240s] Level 1:colcon.colcon_core.package_identification:_identify(.) by extension 'ignore_ament_install'
[0.240s] Level 1:colcon.colcon_core.package_identification:_identify(.) by extensions ['colcon_pkg']
[0.240s] Level 1:colcon.colcon_core.package_identification:_identify(.) by extension 'colcon_pkg'
[0.240s] Level 1:colcon.colcon_core.package_identification:_identify(.) by extensions ['colcon_meta']
[0.240s] Level 1:colcon.colcon_core.package_identification:_identify(.) by extension 'colcon_meta'
[0.241s] Level 1:colcon.colcon_core.package_identification:_identify(.) by extensions ['ros']
[0.241s] Level 1:colcon.colcon_core.package_identification:_identify(.) by extension 'ros'
[0.252s] Level 1:colcon.colcon_core.package_identification:_identify(.) by extensions ['cmake', 'python']
[0.252s] Level 1:colcon.colcon_core.package_identification:_identify(.) by extension 'cmake'
[0.252s] Level 1:colcon.colcon_core.package_identification:_identify(.) by extension 'python'
[0.252s] Level 1:colcon.colcon_core.package_identification:_identify(.) by extensions ['python_setup_py']
[0.252s] Level 1:colcon.colcon_core.package_identification:_identify(.) by extension 'python_setup_py'
[0.252s] Level 1:colcon.colcon_core.package_identification:_identify(build) by extensions ['ignore', 'ignore_ament_install']
[0.253s] Level 1:colcon.colcon_core.package_identification:_identify(build) by extension 'ignore'
[0.253s] Level 1:colcon.colcon_core.package_identification:_identify(build) ignored
[0.253s] Level 1:colcon.colcon_core.package_identification:_identify(install) by extensions ['ignore', 'ignore_ament_install']
[0.253s] Level 1:colcon.colcon_core.package_identification:_identify(install) by extension 'ignore'
[0.253s] Level 1:colcon.colcon_core.package_identification:_identify(install) ignored
[0.253s] Level 1:colcon.colcon_core.package_identification:_identify(log) by extensions ['ignore', 'ignore_ament_install']
[0.253s] Level 1:colcon.colcon_core.package_identification:_identify(log) by extension 'ignore'
[0.254s] Level 1:colcon.colcon_core.package_identification:_identify(log) ignored
[0.254s] Level 1:colcon.colcon_core.package_identification:_identify(src) by extensions ['ignore', 'ignore_ament_install']
[0.254s] Level 1:colcon.colcon_core.package_identification:_identify(src) by extension 'ignore'
[0.254s] Level 1:colcon.colcon_core.package_identification:_identify(src) by extension 'ignore_ament_install'
[0.254s] Level 1:colcon.colcon_core.package_identification:_identify(src) by extensions ['colcon_pkg']
[0.254s] Level 1:colcon.colcon_core.package_identification:_identify(src) by extension 'colcon_pkg'
[0.254s] Level 1:colcon.colcon_core.package_identification:_identify(src) by extensions ['colcon_meta']
[0.254s] Level 1:colcon.colcon_core.package_identification:_identify(src) by extension 'colcon_meta'
[0.255s] Level 1:colcon.colcon_core.package_identification:_identify(src) by extensions ['ros']
[0.255s] Level 1:colcon.colcon_core.package_identification:_identify(src) by extension 'ros'
[0.255s] Level 1:colcon.colcon_core.package_identification:_identify(src) by extensions ['cmake', 'python']
[0.255s] Level 1:colcon.colcon_core.package_identification:_identify(src) by extension 'cmake'
[0.255s] Level 1:colcon.colcon_core.package_identification:_identify(src) by extension 'python'
[0.255s] Level 1:colcon.colcon_core.package_identification:_identify(src) by extensions ['python_setup_py']
[0.255s] Level 1:colcon.colcon_core.package_identification:_identify(src) by extension 'python_setup_py'
[0.255s] Level 1:colcon.colcon_core.package_identification:_identify(src/unitree_guide2) by extensions ['ignore', 'ignore_ament_install']
[0.256s] Level 1:colcon.colcon_core.package_identification:_identify(src/unitree_guide2) by extension 'ignore'
[0.256s] Level 1:colcon.colcon_core.package_identification:_identify(src/unitree_guide2) by extension 'ignore_ament_install'
[0.256s] Level 1:colcon.colcon_core.package_identification:_identify(src/unitree_guide2) by extensions ['colcon_pkg']
[0.256s] Level 1:colcon.colcon_core.package_identification:_identify(src/unitree_guide2) by extension 'colcon_pkg'
[0.256s] Level 1:colcon.colcon_core.package_identification:_identify(src/unitree_guide2) by extensions ['colcon_meta']
[0.256s] Level 1:colcon.colcon_core.package_identification:_identify(src/unitree_guide2) by extension 'colcon_meta'
[0.256s] Level 1:colcon.colcon_core.package_identification:_identify(src/unitree_guide2) by extensions ['ros']
[0.256s] Level 1:colcon.colcon_core.package_identification:_identify(src/unitree_guide2) by extension 'ros'
[0.256s] Level 1:colcon.colcon_core.package_identification:_identify(src/unitree_guide2) by extensions ['cmake', 'python']
[0.256s] Level 1:colcon.colcon_core.package_identification:_identify(src/unitree_guide2) by extension 'cmake'
[0.256s] Level 1:colcon.colcon_core.package_identification:_identify(src/unitree_guide2) by extension 'python'
[0.256s] Level 1:colcon.colcon_core.package_identification:_identify(src/unitree_guide2) by extensions ['python_setup_py']
[0.257s] Level 1:colcon.colcon_core.package_identification:_identify(src/unitree_guide2) by extension 'python_setup_py'
[0.257s] Level 1:colcon.colcon_core.package_identification:_identify(src/unitree_guide2/go1_description) by extensions ['ignore', 'ignore_ament_install']
[0.257s] Level 1:colcon.colcon_core.package_identification:_identify(src/unitree_guide2/go1_description) by extension 'ignore'
[0.257s] Level 1:colcon.colcon_core.package_identification:_identify(src/unitree_guide2/go1_description) by extension 'ignore_ament_install'
[0.257s] Level 1:colcon.colcon_core.package_identification:_identify(src/unitree_guide2/go1_description) by extensions ['colcon_pkg']
[0.257s] Level 1:colcon.colcon_core.package_identification:_identify(src/unitree_guide2/go1_description) by extension 'colcon_pkg'
[0.257s] Level 1:colcon.colcon_core.package_identification:_identify(src/unitree_guide2/go1_description) by extensions ['colcon_meta']
[0.257s] Level 1:colcon.colcon_core.package_identification:_identify(src/unitree_guide2/go1_description) by extension 'colcon_meta'
[0.257s] Level 1:colcon.colcon_core.package_identification:_identify(src/unitree_guide2/go1_description) by extensions ['ros']
[0.257s] Level 1:colcon.colcon_core.package_identification:_identify(src/unitree_guide2/go1_description) by extension 'ros'
[0.260s] DEBUG:colcon.colcon_core.package_identification:Package 'src/unitree_guide2/go1_description' with type 'ros.ament_cmake' and name 'go1_description'
[0.261s] Level 1:colcon.colcon_core.package_identification:_identify(src/unitree_guide2/ros2_unitree_legged_msgs) by extensions ['ignore', 'ignore_ament_install']
[0.261s] Level 1:colcon.colcon_core.package_identification:_identify(src/unitree_guide2/ros2_unitree_legged_msgs) by extension 'ignore'
[0.261s] Level 1:colcon.colcon_core.package_identification:_identify(src/unitree_guide2/ros2_unitree_legged_msgs) by extension 'ignore_ament_install'
[0.261s] Level 1:colcon.colcon_core.package_identification:_identify(src/unitree_guide2/ros2_unitree_legged_msgs) by extensions ['colcon_pkg']
[0.261s] Level 1:colcon.colcon_core.package_identification:_identify(src/unitree_guide2/ros2_unitree_legged_msgs) by extension 'colcon_pkg'
[0.261s] Level 1:colcon.colcon_core.package_identification:_identify(src/unitree_guide2/ros2_unitree_legged_msgs) by extensions ['colcon_meta']
[0.261s] Level 1:colcon.colcon_core.package_identification:_identify(src/unitree_guide2/ros2_unitree_legged_msgs) by extension 'colcon_meta'
[0.261s] Level 1:colcon.colcon_core.package_identification:_identify(src/unitree_guide2/ros2_unitree_legged_msgs) by extensions ['ros']
[0.262s] Level 1:colcon.colcon_core.package_identification:_identify(src/unitree_guide2/ros2_unitree_legged_msgs) by extension 'ros'
[0.280s] DEBUG:colcon.colcon_core.package_identification:Package 'src/unitree_guide2/ros2_unitree_legged_msgs' with type 'ros.ament_cmake' and name 'ros2_unitree_legged_msgs'
[0.280s] Level 1:colcon.colcon_core.package_identification:_identify(src/unitree_guide2/unitree_actuator_sdk) by extensions ['ignore', 'ignore_ament_install']
[0.280s] Level 1:colcon.colcon_core.package_identification:_identify(src/unitree_guide2/unitree_actuator_sdk) by extension 'ignore'
[0.281s] Level 1:colcon.colcon_core.package_identification:_identify(src/unitree_guide2/unitree_actuator_sdk) by extension 'ignore_ament_install'
[0.281s] Level 1:colcon.colcon_core.package_identification:_identify(src/unitree_guide2/unitree_actuator_sdk) by extensions ['colcon_pkg']
[0.281s] Level 1:colcon.colcon_core.package_identification:_identify(src/unitree_guide2/unitree_actuator_sdk) by extension 'colcon_pkg'
[0.281s] Level 1:colcon.colcon_core.package_identification:_identify(src/unitree_guide2/unitree_actuator_sdk) by extensions ['colcon_meta']
[0.281s] Level 1:colcon.colcon_core.package_identification:_identify(src/unitree_guide2/unitree_actuator_sdk) by extension 'colcon_meta'
[0.281s] Level 1:colcon.colcon_core.package_identification:_identify(src/unitree_guide2/unitree_actuator_sdk) by extensions ['ros']
[0.281s] Level 1:colcon.colcon_core.package_identification:_identify(src/unitree_guide2/unitree_actuator_sdk) by extension 'ros'
[0.281s] Level 1:colcon.colcon_core.package_identification:_identify(src/unitree_guide2/unitree_actuator_sdk) by extensions ['cmake', 'python']
[0.282s] Level 1:colcon.colcon_core.package_identification:_identify(src/unitree_guide2/unitree_actuator_sdk) by extension 'cmake'
[0.284s] Level 1:colcon.colcon_core.package_identification:_identify(src/unitree_guide2/unitree_actuator_sdk) by extension 'python'
[0.284s] DEBUG:colcon.colcon_core.package_identification:Package 'src/unitree_guide2/unitree_actuator_sdk' with type 'cmake' and name 'motor_ctrl'
[0.285s] Level 1:colcon.colcon_core.package_identification:_identify(src/unitree_guide2/unitree_guide2) by extensions ['ignore', 'ignore_ament_install']
[0.285s] Level 1:colcon.colcon_core.package_identification:_identify(src/unitree_guide2/unitree_guide2) by extension 'ignore'
[0.285s] Level 1:colcon.colcon_core.package_identification:_identify(src/unitree_guide2/unitree_guide2) by extension 'ignore_ament_install'
[0.285s] Level 1:colcon.colcon_core.package_identification:_identify(src/unitree_guide2/unitree_guide2) by extensions ['colcon_pkg']
[0.285s] Level 1:colcon.colcon_core.package_identification:_identify(src/unitree_guide2/unitree_guide2) by extension 'colcon_pkg'
[0.285s] Level 1:colcon.colcon_core.package_identification:_identify(src/unitree_guide2/unitree_guide2) by extensions ['colcon_meta']
[0.285s] Level 1:colcon.colcon_core.package_identification:_identify(src/unitree_guide2/unitree_guide2) by extension 'colcon_meta'
[0.285s] Level 1:colcon.colcon_core.package_identification:_identify(src/unitree_guide2/unitree_guide2) by extensions ['ros']
[0.285s] Level 1:colcon.colcon_core.package_identification:_identify(src/unitree_guide2/unitree_guide2) by extension 'ros'
[0.286s] DEBUG:colcon.colcon_core.package_identification:Package 'src/unitree_guide2/unitree_guide2' with type 'ros.ament_cmake' and name 'unitree_guide2'
[0.287s] Level 1:colcon.colcon_core.package_identification:_identify(src/unitree_guide2/unitree_joint_controller) by extensions ['ignore', 'ignore_ament_install']
[0.287s] Level 1:colcon.colcon_core.package_identification:_identify(src/unitree_guide2/unitree_joint_controller) by extension 'ignore'
[0.287s] Level 1:colcon.colcon_core.package_identification:_identify(src/unitree_guide2/unitree_joint_controller) by extension 'ignore_ament_install'
[0.287s] Level 1:colcon.colcon_core.package_identification:_identify(src/unitree_guide2/unitree_joint_controller) by extensions ['colcon_pkg']
[0.287s] Level 1:colcon.colcon_core.package_identification:_identify(src/unitree_guide2/unitree_joint_controller) by extension 'colcon_pkg'
[0.287s] Level 1:colcon.colcon_core.package_identification:_identify(src/unitree_guide2/unitree_joint_controller) by extensions ['colcon_meta']
[0.288s] Level 1:colcon.colcon_core.package_identification:_identify(src/unitree_guide2/unitree_joint_controller) by extension 'colcon_meta'
[0.288s] Level 1:colcon.colcon_core.package_identification:_identify(src/unitree_guide2/unitree_joint_controller) by extensions ['ros']
[0.288s] Level 1:colcon.colcon_core.package_identification:_identify(src/unitree_guide2/unitree_joint_controller) by extension 'ros'
[0.290s] DEBUG:colcon.colcon_core.package_identification:Package 'src/unitree_guide2/unitree_joint_controller' with type 'ros.ament_cmake' and name 'unitree_joint_controller'
[0.290s] Level 1:colcon.colcon_core.package_discovery:discover_packages(recursive) using defaults
[0.290s] Level 1:colcon.colcon_core.package_discovery:discover_packages(ignore) discover
[0.290s] Level 1:colcon.colcon_core.package_discovery:discover_packages(ignore) using defaults
[0.290s] Level 1:colcon.colcon_core.package_discovery:discover_packages(path) discover
[0.290s] Level 1:colcon.colcon_core.package_discovery:discover_packages(path) using defaults
[0.310s] Level 1:colcon.colcon_core.package_discovery:discover_packages(prefix_path) check parameters
[0.311s] Level 1:colcon.colcon_core.package_discovery:discover_packages(prefix_path) discover
[0.313s] DEBUG:colcon.colcon_installed_package_information.package_discovery:Found 5 installed packages in /home/pim0ubuntu/go1_ws/install
[0.315s] DEBUG:colcon.colcon_installed_package_information.package_discovery:Found 408 installed packages in /opt/ros/humble
[0.319s] Level 1:colcon.colcon_core.package_discovery:discover_packages(prefix_path) using defaults
[0.376s] Level 5:colcon.colcon_core.verb:set package 'go1_description' build argument 'cmake_args' from command line to 'None'
[0.376s] Level 5:colcon.colcon_core.verb:set package 'go1_description' build argument 'cmake_target' from command line to 'None'
[0.376s] Level 5:colcon.colcon_core.verb:set package 'go1_description' build argument 'cmake_target_skip_unavailable' from command line to 'False'
[0.376s] Level 5:colcon.colcon_core.verb:set package 'go1_description' build argument 'cmake_clean_cache' from command line to 'False'
[0.376s] Level 5:colcon.colcon_core.verb:set package 'go1_description' build argument 'cmake_clean_first' from command line to 'False'
[0.376s] Level 5:colcon.colcon_core.verb:set package 'go1_description' build argument 'cmake_force_configure' from command line to 'False'
[0.376s] Level 5:colcon.colcon_core.verb:set package 'go1_description' build argument 'ament_cmake_args' from command line to 'None'
[0.376s] Level 5:colcon.colcon_core.verb:set package 'go1_description' build argument 'catkin_cmake_args' from command line to 'None'
[0.376s] Level 5:colcon.colcon_core.verb:set package 'go1_description' build argument 'catkin_skip_building_tests' from command line to 'False'
[0.376s] DEBUG:colcon.colcon_core.verb:Building package 'go1_description' with the following arguments: {'ament_cmake_args': None, 'build_base': '/home/pim0ubuntu/go1_ws/build/go1_description', 'catkin_cmake_args': None, 'catkin_skip_building_tests': False, 'cmake_args': None, 'cmake_clean_cache': False, 'cmake_clean_first': False, 'cmake_force_configure': False, 'cmake_target': None, 'cmake_target_skip_unavailable': False, 'install_base': '/home/pim0ubuntu/go1_ws/install/go1_description', 'merge_install': False, 'path': '/home/pim0ubuntu/go1_ws/src/unitree_guide2/go1_description', 'symlink_install': False, 'test_result_base': None}
[0.382s] Level 5:colcon.colcon_core.verb:set package 'motor_ctrl' build argument 'cmake_args' from command line to 'None'
[0.382s] Level 5:colcon.colcon_core.verb:set package 'motor_ctrl' build argument 'cmake_target' from command line to 'None'
[0.382s] Level 5:colcon.colcon_core.verb:set package 'motor_ctrl' build argument 'cmake_target_skip_unavailable' from command line to 'False'
[0.382s] Level 5:colcon.colcon_core.verb:set package 'motor_ctrl' build argument 'cmake_clean_cache' from command line to 'False'
[0.382s] Level 5:colcon.colcon_core.verb:set package 'motor_ctrl' build argument 'cmake_clean_first' from command line to 'False'
[0.382s] Level 5:colcon.colcon_core.verb:set package 'motor_ctrl' build argument 'cmake_force_configure' from command line to 'False'
[0.382s] Level 5:colcon.colcon_core.verb:set package 'motor_ctrl' build argument 'ament_cmake_args' from command line to 'None'
[0.382s] Level 5:colcon.colcon_core.verb:set package 'motor_ctrl' build argument 'catkin_cmake_args' from command line to 'None'
[0.382s] Level 5:colcon.colcon_core.verb:set package 'motor_ctrl' build argument 'catkin_skip_building_tests' from command line to 'False'
[0.383s] DEBUG:colcon.colcon_core.verb:Building package 'motor_ctrl' with the following arguments: {'ament_cmake_args': None, 'build_base': '/home/pim0ubuntu/go1_ws/build/motor_ctrl', 'catkin_cmake_args': None, 'catkin_skip_building_tests': False, 'cmake_args': None, 'cmake_clean_cache': False, 'cmake_clean_first': False, 'cmake_force_configure': False, 'cmake_target': None, 'cmake_target_skip_unavailable': False, 'install_base': '/home/pim0ubuntu/go1_ws/install/motor_ctrl', 'merge_install': False, 'path': '/home/pim0ubuntu/go1_ws/src/unitree_guide2/unitree_actuator_sdk', 'symlink_install': False, 'test_result_base': None}
[0.383s] Level 5:colcon.colcon_core.verb:set package 'ros2_unitree_legged_msgs' build argument 'cmake_args' from command line to 'None'
[0.384s] Level 5:colcon.colcon_core.verb:set package 'ros2_unitree_legged_msgs' build argument 'cmake_target' from command line to 'None'
[0.384s] Level 5:colcon.colcon_core.verb:set package 'ros2_unitree_legged_msgs' build argument 'cmake_target_skip_unavailable' from command line to 'False'
[0.384s] Level 5:colcon.colcon_core.verb:set package 'ros2_unitree_legged_msgs' build argument 'cmake_clean_cache' from command line to 'False'
[0.384s] Level 5:colcon.colcon_core.verb:set package 'ros2_unitree_legged_msgs' build argument 'cmake_clean_first' from command line to 'False'
[0.384s] Level 5:colcon.colcon_core.verb:set package 'ros2_unitree_legged_msgs' build argument 'cmake_force_configure' from command line to 'False'
[0.384s] Level 5:colcon.colcon_core.verb:set package 'ros2_unitree_legged_msgs' build argument 'ament_cmake_args' from command line to 'None'
[0.384s] Level 5:colcon.colcon_core.verb:set package 'ros2_unitree_legged_msgs' build argument 'catkin_cmake_args' from command line to 'None'
[0.384s] Level 5:colcon.colcon_core.verb:set package 'ros2_unitree_legged_msgs' build argument 'catkin_skip_building_tests' from command line to 'False'
[0.384s] DEBUG:colcon.colcon_core.verb:Building package 'ros2_unitree_legged_msgs' with the following arguments: {'ament_cmake_args': None, 'build_base': '/home/pim0ubuntu/go1_ws/build/ros2_unitree_legged_msgs', 'catkin_cmake_args': None, 'catkin_skip_building_tests': False, 'cmake_args': None, 'cmake_clean_cache': False, 'cmake_clean_first': False, 'cmake_force_configure': False, 'cmake_target': None, 'cmake_target_skip_unavailable': False, 'install_base': '/home/pim0ubuntu/go1_ws/install/ros2_unitree_legged_msgs', 'merge_install': False, 'path': '/home/pim0ubuntu/go1_ws/src/unitree_guide2/ros2_unitree_legged_msgs', 'symlink_install': False, 'test_result_base': None}
[0.384s] Level 5:colcon.colcon_core.verb:set package 'unitree_guide2' build argument 'cmake_args' from command line to 'None'
[0.385s] Level 5:colcon.colcon_core.verb:set package 'unitree_guide2' build argument 'cmake_target' from command line to 'None'
[0.385s] Level 5:colcon.colcon_core.verb:set package 'unitree_guide2' build argument 'cmake_target_skip_unavailable' from command line to 'False'
[0.385s] Level 5:colcon.colcon_core.verb:set package 'unitree_guide2' build argument 'cmake_clean_cache' from command line to 'False'
[0.385s] Level 5:colcon.colcon_core.verb:set package 'unitree_guide2' build argument 'cmake_clean_first' from command line to 'False'
[0.385s] Level 5:colcon.colcon_core.verb:set package 'unitree_guide2' build argument 'cmake_force_configure' from command line to 'False'
[0.385s] Level 5:colcon.colcon_core.verb:set package 'unitree_guide2' build argument 'ament_cmake_args' from command line to 'None'
[0.385s] Level 5:colcon.colcon_core.verb:set package 'unitree_guide2' build argument 'catkin_cmake_args' from command line to 'None'
[0.385s] Level 5:colcon.colcon_core.verb:set package 'unitree_guide2' build argument 'catkin_skip_building_tests' from command line to 'False'
[0.385s] DEBUG:colcon.colcon_core.verb:Building package 'unitree_guide2' with the following arguments: {'ament_cmake_args': None, 'build_base': '/home/pim0ubuntu/go1_ws/build/unitree_guide2', 'catkin_cmake_args': None, 'catkin_skip_building_tests': False, 'cmake_args': None, 'cmake_clean_cache': False, 'cmake_clean_first': False, 'cmake_force_configure': False, 'cmake_target': None, 'cmake_target_skip_unavailable': False, 'install_base': '/home/pim0ubuntu/go1_ws/install/unitree_guide2', 'merge_install': False, 'path': '/home/pim0ubuntu/go1_ws/src/unitree_guide2/unitree_guide2', 'symlink_install': False, 'test_result_base': None}
[0.386s] Level 5:colcon.colcon_core.verb:set package 'unitree_joint_controller' build argument 'cmake_args' from command line to 'None'
[0.386s] Level 5:colcon.colcon_core.verb:set package 'unitree_joint_controller' build argument 'cmake_target' from command line to 'None'
[0.386s] Level 5:colcon.colcon_core.verb:set package 'unitree_joint_controller' build argument 'cmake_target_skip_unavailable' from command line to 'False'
[0.386s] Level 5:colcon.colcon_core.verb:set package 'unitree_joint_controller' build argument 'cmake_clean_cache' from command line to 'False'
[0.386s] Level 5:colcon.colcon_core.verb:set package 'unitree_joint_controller' build argument 'cmake_clean_first' from command line to 'False'
[0.386s] Level 5:colcon.colcon_core.verb:set package 'unitree_joint_controller' build argument 'cmake_force_configure' from command line to 'False'
[0.386s] Level 5:colcon.colcon_core.verb:set package 'unitree_joint_controller' build argument 'ament_cmake_args' from command line to 'None'
[0.386s] Level 5:colcon.colcon_core.verb:set package 'unitree_joint_controller' build argument 'catkin_cmake_args' from command line to 'None'
[0.386s] Level 5:colcon.colcon_core.verb:set package 'unitree_joint_controller' build argument 'catkin_skip_building_tests' from command line to 'False'
[0.386s] DEBUG:colcon.colcon_core.verb:Building package 'unitree_joint_controller' with the following arguments: {'ament_cmake_args': None, 'build_base': '/home/pim0ubuntu/go1_ws/build/unitree_joint_controller', 'catkin_cmake_args': None, 'catkin_skip_building_tests': False, 'cmake_args': None, 'cmake_clean_cache': False, 'cmake_clean_first': False, 'cmake_force_configure': False, 'cmake_target': None, 'cmake_target_skip_unavailable': False, 'install_base': '/home/pim0ubuntu/go1_ws/install/unitree_joint_controller', 'merge_install': False, 'path': '/home/pim0ubuntu/go1_ws/src/unitree_guide2/unitree_joint_controller', 'symlink_install': False, 'test_result_base': None}
[0.386s] INFO:colcon.colcon_core.executor:Executing jobs using 'parallel' executor
[0.390s] DEBUG:colcon.colcon_parallel_executor.executor.parallel:run_until_complete
[0.390s] INFO:colcon.colcon_ros.task.ament_cmake.build:Building ROS package in '/home/pim0ubuntu/go1_ws/src/unitree_guide2/ros2_unitree_legged_msgs' with build type 'ament_cmake'
[0.391s] INFO:colcon.colcon_cmake.task.cmake.build:Building CMake package in '/home/pim0ubuntu/go1_ws/src/unitree_guide2/ros2_unitree_legged_msgs'
[0.392s] INFO:colcon.colcon_core.plugin_system:Skipping extension 'colcon_core.shell.bat': Not used on non-Windows systems
[0.393s] INFO:colcon.colcon_core.shell:Skip shell extension 'powershell' for command environment: Not usable outside of PowerShell
[0.393s] DEBUG:colcon.colcon_core.shell:Skip shell extension 'dsv' for command environment
[0.407s] INFO:colcon.colcon_ros.task.ament_cmake.build:Building ROS package in '/home/pim0ubuntu/go1_ws/src/unitree_guide2/go1_description' with build type 'ament_cmake'
[0.408s] INFO:colcon.colcon_cmake.task.cmake.build:Building CMake package in '/home/pim0ubuntu/go1_ws/src/unitree_guide2/go1_description'
[0.408s] INFO:colcon.colcon_core.shell:Skip shell extension 'powershell' for command environment: Not usable outside of PowerShell
[0.408s] DEBUG:colcon.colcon_core.shell:Skip shell extension 'dsv' for command environment
[0.415s] INFO:colcon.colcon_cmake.task.cmake.build:Building CMake package in '/home/pim0ubuntu/go1_ws/src/unitree_guide2/unitree_actuator_sdk'
[0.416s] INFO:colcon.colcon_core.shell:Skip shell extension 'powershell' for command environment: Not usable outside of PowerShell
[0.416s] DEBUG:colcon.colcon_core.shell:Skip shell extension 'dsv' for command environment
[0.420s] INFO:colcon.colcon_ros.task.ament_cmake.build:Building ROS package in '/home/pim0ubuntu/go1_ws/src/unitree_guide2/unitree_guide2' with build type 'ament_cmake'
[0.421s] INFO:colcon.colcon_cmake.task.cmake.build:Building CMake package in '/home/pim0ubuntu/go1_ws/src/unitree_guide2/unitree_guide2'
[0.421s] INFO:colcon.colcon_core.shell:Skip shell extension 'powershell' for command environment: Not usable outside of PowerShell
[0.422s] DEBUG:colcon.colcon_core.shell:Skip shell extension 'dsv' for command environment
[0.440s] DEBUG:colcon.colcon_core.event_handler.log_command:Invoking command in '/home/pim0ubuntu/go1_ws/build/ros2_unitree_legged_msgs': CMAKE_PREFIX_PATH=${CMAKE_PREFIX_PATH}:/opt/ros/humble /usr/bin/cmake --build /home/pim0ubuntu/go1_ws/build/ros2_unitree_legged_msgs -- -j4 -l4
[0.479s] DEBUG:colcon.colcon_core.event_handler.log_command:Invoking command in '/home/pim0ubuntu/go1_ws/build/go1_description': CMAKE_PREFIX_PATH=${CMAKE_PREFIX_PATH}:/opt/ros/humble /usr/bin/cmake --build /home/pim0ubuntu/go1_ws/build/go1_description -- -j4 -l4
[0.497s] DEBUG:colcon.colcon_core.event_handler.log_command:Invoking command in '/home/pim0ubuntu/go1_ws/build/motor_ctrl': /usr/bin/cmake --build /home/pim0ubuntu/go1_ws/build/motor_ctrl -- -j4 -l4
[0.578s] DEBUG:colcon.colcon_core.event_handler.log_command:Invoking command in '/home/pim0ubuntu/go1_ws/build/unitree_guide2': CMAKE_PREFIX_PATH=${CMAKE_PREFIX_PATH}:/opt/ros/humble /usr/bin/cmake --build /home/pim0ubuntu/go1_ws/build/unitree_guide2 -- -j4 -l4
[0.608s] DEBUG:colcon.colcon_core.event_handler.log_command:Invoked command in '/home/pim0ubuntu/go1_ws/build/go1_description' returned '0': CMAKE_PREFIX_PATH=${CMAKE_PREFIX_PATH}:/opt/ros/humble /usr/bin/cmake --build /home/pim0ubuntu/go1_ws/build/go1_description -- -j4 -l4
[0.629s] DEBUG:colcon.colcon_core.event_handler.log_command:Invoking command in '/home/pim0ubuntu/go1_ws/build/go1_description': CMAKE_PREFIX_PATH=${CMAKE_PREFIX_PATH}:/opt/ros/humble /usr/bin/cmake --install /home/pim0ubuntu/go1_ws/build/go1_description
[0.669s] Level 1:colcon.colcon_core.environment:create_environment_scripts_only(go1_description)
[0.675s] Level 1:colcon.colcon_core.environment:checking '/home/pim0ubuntu/go1_ws/install/go1_description' for CMake module files
[0.676s] Level 1:colcon.colcon_core.environment:checking '/home/pim0ubuntu/go1_ws/install/go1_description' for CMake config files
[0.677s] DEBUG:colcon.colcon_core.event_handler.log_command:Invoked command in '/home/pim0ubuntu/go1_ws/build/go1_description' returned '0': CMAKE_PREFIX_PATH=${CMAKE_PREFIX_PATH}:/opt/ros/humble /usr/bin/cmake --install /home/pim0ubuntu/go1_ws/build/go1_description
[0.678s] Level 1:colcon.colcon_core.shell:create_environment_hook('go1_description', 'cmake_prefix_path')
[0.679s] INFO:colcon.colcon_core.shell:Creating environment hook '/home/pim0ubuntu/go1_ws/install/go1_description/share/go1_description/hook/cmake_prefix_path.ps1'
[0.680s] INFO:colcon.colcon_core.shell:Creating environment descriptor '/home/pim0ubuntu/go1_ws/install/go1_description/share/go1_description/hook/cmake_prefix_path.dsv'
[0.682s] INFO:colcon.colcon_core.shell:Creating environment hook '/home/pim0ubuntu/go1_ws/install/go1_description/share/go1_description/hook/cmake_prefix_path.sh'
[0.685s] Level 1:colcon.colcon_core.environment:checking '/home/pim0ubuntu/go1_ws/install/go1_description/bin'
[0.685s] Level 1:colcon.colcon_core.environment:checking '/home/pim0ubuntu/go1_ws/install/go1_description/lib/pkgconfig/go1_description.pc'
[0.685s] Level 1:colcon.colcon_core.environment:checking '/home/pim0ubuntu/go1_ws/install/go1_description/lib/python3.10/site-packages'
[0.686s] Level 1:colcon.colcon_core.environment:checking '/home/pim0ubuntu/go1_ws/install/go1_description/bin'
[0.686s] INFO:colcon.colcon_core.shell:Creating package script '/home/pim0ubuntu/go1_ws/install/go1_description/share/go1_description/package.ps1'
[0.695s] INFO:colcon.colcon_core.shell:Creating package descriptor '/home/pim0ubuntu/go1_ws/install/go1_description/share/go1_description/package.dsv'
[0.699s] INFO:colcon.colcon_core.shell:Creating package script '/home/pim0ubuntu/go1_ws/install/go1_description/share/go1_description/package.sh'
[0.703s] INFO:colcon.colcon_core.shell:Creating package script '/home/pim0ubuntu/go1_ws/install/go1_description/share/go1_description/package.bash'
[0.704s] INFO:colcon.colcon_core.shell:Creating package script '/home/pim0ubuntu/go1_ws/install/go1_description/share/go1_description/package.zsh'
[0.715s] Level 1:colcon.colcon_core.environment:create_file_with_runtime_dependencies(/home/pim0ubuntu/go1_ws/install/go1_description/share/colcon-core/packages/go1_description)
[0.716s] Level 1:colcon.colcon_core.environment:create_environment_scripts_only(go1_description)
[0.716s] Level 1:colcon.colcon_core.environment:checking '/home/pim0ubuntu/go1_ws/install/go1_description' for CMake module files
[0.717s] Level 1:colcon.colcon_core.environment:checking '/home/pim0ubuntu/go1_ws/install/go1_description' for CMake config files
[0.717s] Level 1:colcon.colcon_core.shell:create_environment_hook('go1_description', 'cmake_prefix_path')
[0.718s] INFO:colcon.colcon_core.shell:Creating environment hook '/home/pim0ubuntu/go1_ws/install/go1_description/share/go1_description/hook/cmake_prefix_path.ps1'
[0.727s] INFO:colcon.colcon_core.shell:Creating environment descriptor '/home/pim0ubuntu/go1_ws/install/go1_description/share/go1_description/hook/cmake_prefix_path.dsv'
[0.727s] INFO:colcon.colcon_core.shell:Creating environment hook '/home/pim0ubuntu/go1_ws/install/go1_description/share/go1_description/hook/cmake_prefix_path.sh'
[0.729s] Level 1:colcon.colcon_core.environment:checking '/home/pim0ubuntu/go1_ws/install/go1_description/bin'
[0.729s] Level 1:colcon.colcon_core.environment:checking '/home/pim0ubuntu/go1_ws/install/go1_description/lib/pkgconfig/go1_description.pc'
[0.729s] Level 1:colcon.colcon_core.environment:checking '/home/pim0ubuntu/go1_ws/install/go1_description/lib/python3.10/site-packages'
[0.729s] Level 1:colcon.colcon_core.environment:checking '/home/pim0ubuntu/go1_ws/install/go1_description/bin'
[0.730s] INFO:colcon.colcon_core.shell:Creating package script '/home/pim0ubuntu/go1_ws/install/go1_description/share/go1_description/package.ps1'
[0.731s] INFO:colcon.colcon_core.shell:Creating package descriptor '/home/pim0ubuntu/go1_ws/install/go1_description/share/go1_description/package.dsv'
[0.732s] INFO:colcon.colcon_core.shell:Creating package script '/home/pim0ubuntu/go1_ws/install/go1_description/share/go1_description/package.sh'
[0.733s] INFO:colcon.colcon_core.shell:Creating package script '/home/pim0ubuntu/go1_ws/install/go1_description/share/go1_description/package.bash'
[0.733s] INFO:colcon.colcon_core.shell:Creating package script '/home/pim0ubuntu/go1_ws/install/go1_description/share/go1_description/package.zsh'
[0.734s] Level 1:colcon.colcon_core.environment:create_file_with_runtime_dependencies(/home/pim0ubuntu/go1_ws/install/go1_description/share/colcon-core/packages/go1_description)
[0.738s] DEBUG:colcon.colcon_core.event_handler.log_command:Invoked command in '/home/pim0ubuntu/go1_ws/build/motor_ctrl' returned '0': /usr/bin/cmake --build /home/pim0ubuntu/go1_ws/build/motor_ctrl -- -j4 -l4
[0.739s] WARNING:colcon.colcon_cmake.task.cmake.build:Could not run installation step for package 'motor_ctrl' because it has no 'install' target
[0.739s] Level 1:colcon.colcon_core.environment:create_environment_scripts_only(motor_ctrl)
[0.740s] Level 1:colcon.colcon_core.environment:checking '/home/pim0ubuntu/go1_ws/install/motor_ctrl' for CMake module files
[0.740s] Level 1:colcon.colcon_core.environment:checking '/home/pim0ubuntu/go1_ws/install/motor_ctrl' for CMake config files
[0.741s] Level 1:colcon.colcon_core.environment:checking '/home/pim0ubuntu/go1_ws/install/motor_ctrl/bin'
[0.741s] Level 1:colcon.colcon_core.environment:checking '/home/pim0ubuntu/go1_ws/install/motor_ctrl/lib/pkgconfig/motor_ctrl.pc'
[0.741s] Level 1:colcon.colcon_core.environment:checking '/home/pim0ubuntu/go1_ws/install/motor_ctrl/lib/python3.10/site-packages'
[0.741s] Level 1:colcon.colcon_core.environment:checking '/home/pim0ubuntu/go1_ws/install/motor_ctrl/bin'
[0.742s] INFO:colcon.colcon_core.shell:Creating package script '/home/pim0ubuntu/go1_ws/install/motor_ctrl/share/motor_ctrl/package.ps1'
[0.743s] INFO:colcon.colcon_core.shell:Creating package descriptor '/home/pim0ubuntu/go1_ws/install/motor_ctrl/share/motor_ctrl/package.dsv'
[0.743s] INFO:colcon.colcon_core.shell:Creating package script '/home/pim0ubuntu/go1_ws/install/motor_ctrl/share/motor_ctrl/package.sh'
[0.744s] INFO:colcon.colcon_core.shell:Creating package script '/home/pim0ubuntu/go1_ws/install/motor_ctrl/share/motor_ctrl/package.bash'
[0.744s] INFO:colcon.colcon_core.shell:Creating package script '/home/pim0ubuntu/go1_ws/install/motor_ctrl/share/motor_ctrl/package.zsh'
[0.745s] Level 1:colcon.colcon_core.environment:create_file_with_runtime_dependencies(/home/pim0ubuntu/go1_ws/install/motor_ctrl/share/colcon-core/packages/motor_ctrl)
[1.465s] DEBUG:colcon.colcon_core.event_handler.log_command:Invoked command in '/home/pim0ubuntu/go1_ws/build/ros2_unitree_legged_msgs' returned '0': CMAKE_PREFIX_PATH=${CMAKE_PREFIX_PATH}:/opt/ros/humble /usr/bin/cmake --build /home/pim0ubuntu/go1_ws/build/ros2_unitree_legged_msgs -- -j4 -l4
[1.467s] DEBUG:colcon.colcon_core.event_handler.log_command:Invoking command in '/home/pim0ubuntu/go1_ws/build/ros2_unitree_legged_msgs': CMAKE_PREFIX_PATH=${CMAKE_PREFIX_PATH}:/opt/ros/humble /usr/bin/cmake --install /home/pim0ubuntu/go1_ws/build/ros2_unitree_legged_msgs
[1.619s] Level 1:colcon.colcon_core.environment:create_environment_scripts_only(ros2_unitree_legged_msgs)
[1.620s] DEBUG:colcon.colcon_core.event_handler.log_command:Invoked command in '/home/pim0ubuntu/go1_ws/build/ros2_unitree_legged_msgs' returned '0': CMAKE_PREFIX_PATH=${CMAKE_PREFIX_PATH}:/opt/ros/humble /usr/bin/cmake --install /home/pim0ubuntu/go1_ws/build/ros2_unitree_legged_msgs
[1.620s] Level 1:colcon.colcon_core.environment:checking '/home/pim0ubuntu/go1_ws/install/ros2_unitree_legged_msgs' for CMake module files
[1.621s] Level 1:colcon.colcon_core.environment:checking '/home/pim0ubuntu/go1_ws/install/ros2_unitree_legged_msgs' for CMake config files
[1.621s] Level 1:colcon.colcon_core.shell:create_environment_hook('ros2_unitree_legged_msgs', 'cmake_prefix_path')
[1.621s] INFO:colcon.colcon_core.shell:Creating environment hook '/home/pim0ubuntu/go1_ws/install/ros2_unitree_legged_msgs/share/ros2_unitree_legged_msgs/hook/cmake_prefix_path.ps1'
[1.622s] INFO:colcon.colcon_core.shell:Creating environment descriptor '/home/pim0ubuntu/go1_ws/install/ros2_unitree_legged_msgs/share/ros2_unitree_legged_msgs/hook/cmake_prefix_path.dsv'
[1.623s] INFO:colcon.colcon_core.shell:Creating environment hook '/home/pim0ubuntu/go1_ws/install/ros2_unitree_legged_msgs/share/ros2_unitree_legged_msgs/hook/cmake_prefix_path.sh'
[1.624s] Level 1:colcon.colcon_core.environment:checking '/home/pim0ubuntu/go1_ws/install/ros2_unitree_legged_msgs/lib'
[1.624s] Level 1:colcon.colcon_core.shell:create_environment_hook('ros2_unitree_legged_msgs', 'ld_library_path_lib')
[1.625s] INFO:colcon.colcon_core.shell:Creating environment hook '/home/pim0ubuntu/go1_ws/install/ros2_unitree_legged_msgs/share/ros2_unitree_legged_msgs/hook/ld_library_path_lib.ps1'
[1.626s] INFO:colcon.colcon_core.shell:Creating environment descriptor '/home/pim0ubuntu/go1_ws/install/ros2_unitree_legged_msgs/share/ros2_unitree_legged_msgs/hook/ld_library_path_lib.dsv'
[1.626s] INFO:colcon.colcon_core.shell:Creating environment hook '/home/pim0ubuntu/go1_ws/install/ros2_unitree_legged_msgs/share/ros2_unitree_legged_msgs/hook/ld_library_path_lib.sh'
[1.627s] Level 1:colcon.colcon_core.environment:checking '/home/pim0ubuntu/go1_ws/install/ros2_unitree_legged_msgs/bin'
[1.627s] Level 1:colcon.colcon_core.environment:checking '/home/pim0ubuntu/go1_ws/install/ros2_unitree_legged_msgs/lib/pkgconfig/ros2_unitree_legged_msgs.pc'
[1.627s] Level 1:colcon.colcon_core.environment:checking '/home/pim0ubuntu/go1_ws/install/ros2_unitree_legged_msgs/lib/python3.10/site-packages'
[1.628s] Level 1:colcon.colcon_core.environment:checking '/home/pim0ubuntu/go1_ws/install/ros2_unitree_legged_msgs/bin'
[1.628s] INFO:colcon.colcon_core.shell:Creating package script '/home/pim0ubuntu/go1_ws/install/ros2_unitree_legged_msgs/share/ros2_unitree_legged_msgs/package.ps1'
[1.629s] INFO:colcon.colcon_core.shell:Creating package descriptor '/home/pim0ubuntu/go1_ws/install/ros2_unitree_legged_msgs/share/ros2_unitree_legged_msgs/package.dsv'
[1.630s] INFO:colcon.colcon_core.shell:Creating package script '/home/pim0ubuntu/go1_ws/install/ros2_unitree_legged_msgs/share/ros2_unitree_legged_msgs/package.sh'
[1.634s] INFO:colcon.colcon_core.shell:Creating package script '/home/pim0ubuntu/go1_ws/install/ros2_unitree_legged_msgs/share/ros2_unitree_legged_msgs/package.bash'
[1.635s] INFO:colcon.colcon_core.shell:Creating package script '/home/pim0ubuntu/go1_ws/install/ros2_unitree_legged_msgs/share/ros2_unitree_legged_msgs/package.zsh'
[1.636s] Level 1:colcon.colcon_core.environment:create_file_with_runtime_dependencies(/home/pim0ubuntu/go1_ws/install/ros2_unitree_legged_msgs/share/colcon-core/packages/ros2_unitree_legged_msgs)
[1.636s] Level 1:colcon.colcon_core.environment:create_environment_scripts_only(ros2_unitree_legged_msgs)
[1.637s] Level 1:colcon.colcon_core.environment:checking '/home/pim0ubuntu/go1_ws/install/ros2_unitree_legged_msgs' for CMake module files
[1.637s] Level 1:colcon.colcon_core.environment:checking '/home/pim0ubuntu/go1_ws/install/ros2_unitree_legged_msgs' for CMake config files
[1.637s] Level 1:colcon.colcon_core.shell:create_environment_hook('ros2_unitree_legged_msgs', 'cmake_prefix_path')
[1.638s] INFO:colcon.colcon_core.shell:Creating environment hook '/home/pim0ubuntu/go1_ws/install/ros2_unitree_legged_msgs/share/ros2_unitree_legged_msgs/hook/cmake_prefix_path.ps1'
[1.638s] INFO:colcon.colcon_core.shell:Creating environment descriptor '/home/pim0ubuntu/go1_ws/install/ros2_unitree_legged_msgs/share/ros2_unitree_legged_msgs/hook/cmake_prefix_path.dsv'
[1.639s] INFO:colcon.colcon_core.shell:Creating environment hook '/home/pim0ubuntu/go1_ws/install/ros2_unitree_legged_msgs/share/ros2_unitree_legged_msgs/hook/cmake_prefix_path.sh'
[1.640s] Level 1:colcon.colcon_core.environment:checking '/home/pim0ubuntu/go1_ws/install/ros2_unitree_legged_msgs/lib'
[1.640s] Level 1:colcon.colcon_core.shell:create_environment_hook('ros2_unitree_legged_msgs', 'ld_library_path_lib')
[1.640s] INFO:colcon.colcon_core.shell:Creating environment hook '/home/pim0ubuntu/go1_ws/install/ros2_unitree_legged_msgs/share/ros2_unitree_legged_msgs/hook/ld_library_path_lib.ps1'
[1.641s] INFO:colcon.colcon_core.shell:Creating environment descriptor '/home/pim0ubuntu/go1_ws/install/ros2_unitree_legged_msgs/share/ros2_unitree_legged_msgs/hook/ld_library_path_lib.dsv'
[1.643s] INFO:colcon.colcon_core.shell:Creating environment hook '/home/pim0ubuntu/go1_ws/install/ros2_unitree_legged_msgs/share/ros2_unitree_legged_msgs/hook/ld_library_path_lib.sh'
[1.645s] Level 1:colcon.colcon_core.environment:checking '/home/pim0ubuntu/go1_ws/install/ros2_unitree_legged_msgs/bin'
[1.645s] Level 1:colcon.colcon_core.environment:checking '/home/pim0ubuntu/go1_ws/install/ros2_unitree_legged_msgs/lib/pkgconfig/ros2_unitree_legged_msgs.pc'
[1.645s] Level 1:colcon.colcon_core.environment:checking '/home/pim0ubuntu/go1_ws/install/ros2_unitree_legged_msgs/lib/python3.10/site-packages'
[1.646s] Level 1:colcon.colcon_core.environment:checking '/home/pim0ubuntu/go1_ws/install/ros2_unitree_legged_msgs/bin'
[1.646s] INFO:colcon.colcon_core.shell:Creating package script '/home/pim0ubuntu/go1_ws/install/ros2_unitree_legged_msgs/share/ros2_unitree_legged_msgs/package.ps1'
[1.647s] INFO:colcon.colcon_core.shell:Creating package descriptor '/home/pim0ubuntu/go1_ws/install/ros2_unitree_legged_msgs/share/ros2_unitree_legged_msgs/package.dsv'
[1.648s] INFO:colcon.colcon_core.shell:Creating package script '/home/pim0ubuntu/go1_ws/install/ros2_unitree_legged_msgs/share/ros2_unitree_legged_msgs/package.sh'
[1.648s] INFO:colcon.colcon_core.shell:Creating package script '/home/pim0ubuntu/go1_ws/install/ros2_unitree_legged_msgs/share/ros2_unitree_legged_msgs/package.bash'
[1.649s] INFO:colcon.colcon_core.shell:Creating package script '/home/pim0ubuntu/go1_ws/install/ros2_unitree_legged_msgs/share/ros2_unitree_legged_msgs/package.zsh'
[1.649s] Level 1:colcon.colcon_core.environment:create_file_with_runtime_dependencies(/home/pim0ubuntu/go1_ws/install/ros2_unitree_legged_msgs/share/colcon-core/packages/ros2_unitree_legged_msgs)
[1.650s] INFO:colcon.colcon_ros.task.ament_cmake.build:Building ROS package in '/home/pim0ubuntu/go1_ws/src/unitree_guide2/unitree_joint_controller' with build type 'ament_cmake'
[1.651s] INFO:colcon.colcon_cmake.task.cmake.build:Building CMake package in '/home/pim0ubuntu/go1_ws/src/unitree_guide2/unitree_joint_controller'
[1.651s] INFO:colcon.colcon_core.shell:Skip shell extension 'powershell' for command environment: Not usable outside of PowerShell
[1.652s] DEBUG:colcon.colcon_core.shell:Skip shell extension 'dsv' for command environment
[1.670s] DEBUG:colcon.colcon_core.event_handler.log_command:Invoking command in '/home/pim0ubuntu/go1_ws/build/unitree_joint_controller': CMAKE_PREFIX_PATH=/home/pim0ubuntu/go1_ws/install/ros2_unitree_legged_msgs:/home/pim0ubuntu/go1_ws/install/unitree_joint_controller:/home/pim0ubuntu/go1_ws/install/unitree_guide2:/home/pim0ubuntu/go1_ws/install/go1_description:/opt/ros/humble LD_LIBRARY_PATH=/home/pim0ubuntu/go1_ws/install/ros2_unitree_legged_msgs/lib:/home/pim0ubuntu/go1_ws/install/unitree_joint_controller/lib:/usr/lib/x86_64-linux-gnu/gazebo-11/plugins:/opt/ros/humble/opt/rviz_ogre_vendor/lib:/opt/ros/humble/lib/x86_64-linux-gnu:/opt/ros/humble/lib /usr/bin/cmake --build /home/pim0ubuntu/go1_ws/build/unitree_joint_controller -- -j4 -l4
[1.821s] DEBUG:colcon.colcon_core.event_handler.log_command:Invoked command in '/home/pim0ubuntu/go1_ws/build/unitree_joint_controller' returned '0': CMAKE_PREFIX_PATH=/home/pim0ubuntu/go1_ws/install/ros2_unitree_legged_msgs:/home/pim0ubuntu/go1_ws/install/unitree_joint_controller:/home/pim0ubuntu/go1_ws/install/unitree_guide2:/home/pim0ubuntu/go1_ws/install/go1_description:/opt/ros/humble LD_LIBRARY_PATH=/home/pim0ubuntu/go1_ws/install/ros2_unitree_legged_msgs/lib:/home/pim0ubuntu/go1_ws/install/unitree_joint_controller/lib:/usr/lib/x86_64-linux-gnu/gazebo-11/plugins:/opt/ros/humble/opt/rviz_ogre_vendor/lib:/opt/ros/humble/lib/x86_64-linux-gnu:/opt/ros/humble/lib /usr/bin/cmake --build /home/pim0ubuntu/go1_ws/build/unitree_joint_controller -- -j4 -l4
[1.830s] DEBUG:colcon.colcon_core.event_handler.log_command:Invoking command in '/home/pim0ubuntu/go1_ws/build/unitree_joint_controller': CMAKE_PREFIX_PATH=/home/pim0ubuntu/go1_ws/install/ros2_unitree_legged_msgs:/home/pim0ubuntu/go1_ws/install/unitree_joint_controller:/home/pim0ubuntu/go1_ws/install/unitree_guide2:/home/pim0ubuntu/go1_ws/install/go1_description:/opt/ros/humble LD_LIBRARY_PATH=/home/pim0ubuntu/go1_ws/install/ros2_unitree_legged_msgs/lib:/home/pim0ubuntu/go1_ws/install/unitree_joint_controller/lib:/usr/lib/x86_64-linux-gnu/gazebo-11/plugins:/opt/ros/humble/opt/rviz_ogre_vendor/lib:/opt/ros/humble/lib/x86_64-linux-gnu:/opt/ros/humble/lib /usr/bin/cmake --install /home/pim0ubuntu/go1_ws/build/unitree_joint_controller
[1.846s] Level 1:colcon.colcon_core.environment:create_environment_scripts_only(unitree_joint_controller)
[1.847s] Level 1:colcon.colcon_core.environment:checking '/home/pim0ubuntu/go1_ws/install/unitree_joint_controller' for CMake module files
[1.848s] DEBUG:colcon.colcon_core.event_handler.log_command:Invoked command in '/home/pim0ubuntu/go1_ws/build/unitree_joint_controller' returned '0': CMAKE_PREFIX_PATH=/home/pim0ubuntu/go1_ws/install/ros2_unitree_legged_msgs:/home/pim0ubuntu/go1_ws/install/unitree_joint_controller:/home/pim0ubuntu/go1_ws/install/unitree_guide2:/home/pim0ubuntu/go1_ws/install/go1_description:/opt/ros/humble LD_LIBRARY_PATH=/home/pim0ubuntu/go1_ws/install/ros2_unitree_legged_msgs/lib:/home/pim0ubuntu/go1_ws/install/unitree_joint_controller/lib:/usr/lib/x86_64-linux-gnu/gazebo-11/plugins:/opt/ros/humble/opt/rviz_ogre_vendor/lib:/opt/ros/humble/lib/x86_64-linux-gnu:/opt/ros/humble/lib /usr/bin/cmake --install /home/pim0ubuntu/go1_ws/build/unitree_joint_controller
[1.849s] Level 1:colcon.colcon_core.environment:checking '/home/pim0ubuntu/go1_ws/install/unitree_joint_controller' for CMake config files
[1.849s] Level 1:colcon.colcon_core.shell:create_environment_hook('unitree_joint_controller', 'cmake_prefix_path')
[1.850s] INFO:colcon.colcon_core.shell:Creating environment hook '/home/pim0ubuntu/go1_ws/install/unitree_joint_controller/share/unitree_joint_controller/hook/cmake_prefix_path.ps1'
[1.851s] INFO:colcon.colcon_core.shell:Creating environment descriptor '/home/pim0ubuntu/go1_ws/install/unitree_joint_controller/share/unitree_joint_controller/hook/cmake_prefix_path.dsv'
[1.853s] INFO:colcon.colcon_core.shell:Creating environment hook '/home/pim0ubuntu/go1_ws/install/unitree_joint_controller/share/unitree_joint_controller/hook/cmake_prefix_path.sh'
[1.855s] Level 1:colcon.colcon_core.environment:checking '/home/pim0ubuntu/go1_ws/install/unitree_joint_controller/lib'
[1.855s] Level 1:colcon.colcon_core.shell:create_environment_hook('unitree_joint_controller', 'ld_library_path_lib')
[1.855s] INFO:colcon.colcon_core.shell:Creating environment hook '/home/pim0ubuntu/go1_ws/install/unitree_joint_controller/share/unitree_joint_controller/hook/ld_library_path_lib.ps1'
[1.856s] INFO:colcon.colcon_core.shell:Creating environment descriptor '/home/pim0ubuntu/go1_ws/install/unitree_joint_controller/share/unitree_joint_controller/hook/ld_library_path_lib.dsv'
[1.856s] INFO:colcon.colcon_core.shell:Creating environment hook '/home/pim0ubuntu/go1_ws/install/unitree_joint_controller/share/unitree_joint_controller/hook/ld_library_path_lib.sh'
[1.857s] Level 1:colcon.colcon_core.environment:checking '/home/pim0ubuntu/go1_ws/install/unitree_joint_controller/bin'
[1.857s] Level 1:colcon.colcon_core.environment:checking '/home/pim0ubuntu/go1_ws/install/unitree_joint_controller/lib/pkgconfig/unitree_joint_controller.pc'
[1.857s] Level 1:colcon.colcon_core.environment:checking '/home/pim0ubuntu/go1_ws/install/unitree_joint_controller/lib/python3.10/site-packages'
[1.857s] Level 1:colcon.colcon_core.environment:checking '/home/pim0ubuntu/go1_ws/install/unitree_joint_controller/bin'
[1.858s] INFO:colcon.colcon_core.shell:Creating package script '/home/pim0ubuntu/go1_ws/install/unitree_joint_controller/share/unitree_joint_controller/package.ps1'
[1.859s] INFO:colcon.colcon_core.shell:Creating package descriptor '/home/pim0ubuntu/go1_ws/install/unitree_joint_controller/share/unitree_joint_controller/package.dsv'
[1.860s] INFO:colcon.colcon_core.shell:Creating package script '/home/pim0ubuntu/go1_ws/install/unitree_joint_controller/share/unitree_joint_controller/package.sh'
[1.861s] INFO:colcon.colcon_core.shell:Creating package script '/home/pim0ubuntu/go1_ws/install/unitree_joint_controller/share/unitree_joint_controller/package.bash'
[1.861s] INFO:colcon.colcon_core.shell:Creating package script '/home/pim0ubuntu/go1_ws/install/unitree_joint_controller/share/unitree_joint_controller/package.zsh'
[1.862s] Level 1:colcon.colcon_core.environment:create_file_with_runtime_dependencies(/home/pim0ubuntu/go1_ws/install/unitree_joint_controller/share/colcon-core/packages/unitree_joint_controller)
[1.862s] Level 1:colcon.colcon_core.environment:create_environment_scripts_only(unitree_joint_controller)
[1.863s] Level 1:colcon.colcon_core.environment:checking '/home/pim0ubuntu/go1_ws/install/unitree_joint_controller' for CMake module files
[1.863s] Level 1:colcon.colcon_core.environment:checking '/home/pim0ubuntu/go1_ws/install/unitree_joint_controller' for CMake config files
[1.863s] Level 1:colcon.colcon_core.shell:create_environment_hook('unitree_joint_controller', 'cmake_prefix_path')
[1.864s] INFO:colcon.colcon_core.shell:Creating environment hook '/home/pim0ubuntu/go1_ws/install/unitree_joint_controller/share/unitree_joint_controller/hook/cmake_prefix_path.ps1'
[1.865s] INFO:colcon.colcon_core.shell:Creating environment descriptor '/home/pim0ubuntu/go1_ws/install/unitree_joint_controller/share/unitree_joint_controller/hook/cmake_prefix_path.dsv'
[1.865s] INFO:colcon.colcon_core.shell:Creating environment hook '/home/pim0ubuntu/go1_ws/install/unitree_joint_controller/share/unitree_joint_controller/hook/cmake_prefix_path.sh'
[1.866s] Level 1:colcon.colcon_core.environment:checking '/home/pim0ubuntu/go1_ws/install/unitree_joint_controller/lib'
[1.866s] Level 1:colcon.colcon_core.shell:create_environment_hook('unitree_joint_controller', 'ld_library_path_lib')
[1.866s] INFO:colcon.colcon_core.shell:Creating environment hook '/home/pim0ubuntu/go1_ws/install/unitree_joint_controller/share/unitree_joint_controller/hook/ld_library_path_lib.ps1'
[1.867s] INFO:colcon.colcon_core.shell:Creating environment descriptor '/home/pim0ubuntu/go1_ws/install/unitree_joint_controller/share/unitree_joint_controller/hook/ld_library_path_lib.dsv'
[1.867s] INFO:colcon.colcon_core.shell:Creating environment hook '/home/pim0ubuntu/go1_ws/install/unitree_joint_controller/share/unitree_joint_controller/hook/ld_library_path_lib.sh'
[1.868s] Level 1:colcon.colcon_core.environment:checking '/home/pim0ubuntu/go1_ws/install/unitree_joint_controller/bin'
[1.868s] Level 1:colcon.colcon_core.environment:checking '/home/pim0ubuntu/go1_ws/install/unitree_joint_controller/lib/pkgconfig/unitree_joint_controller.pc'
[1.869s] Level 1:colcon.colcon_core.environment:checking '/home/pim0ubuntu/go1_ws/install/unitree_joint_controller/lib/python3.10/site-packages'
[1.869s] Level 1:colcon.colcon_core.environment:checking '/home/pim0ubuntu/go1_ws/install/unitree_joint_controller/bin'
[1.869s] INFO:colcon.colcon_core.shell:Creating package script '/home/pim0ubuntu/go1_ws/install/unitree_joint_controller/share/unitree_joint_controller/package.ps1'
[1.871s] INFO:colcon.colcon_core.shell:Creating package descriptor '/home/pim0ubuntu/go1_ws/install/unitree_joint_controller/share/unitree_joint_controller/package.dsv'
[1.873s] INFO:colcon.colcon_core.shell:Creating package script '/home/pim0ubuntu/go1_ws/install/unitree_joint_controller/share/unitree_joint_controller/package.sh'
[1.874s] INFO:colcon.colcon_core.shell:Creating package script '/home/pim0ubuntu/go1_ws/install/unitree_joint_controller/share/unitree_joint_controller/package.bash'
[1.874s] INFO:colcon.colcon_core.shell:Creating package script '/home/pim0ubuntu/go1_ws/install/unitree_joint_controller/share/unitree_joint_controller/package.zsh'
[1.876s] Level 1:colcon.colcon_core.environment:create_file_with_runtime_dependencies(/home/pim0ubuntu/go1_ws/install/unitree_joint_controller/share/colcon-core/packages/unitree_joint_controller)
[10.927s] DEBUG:colcon.colcon_core.event_handler.log_command:Invoked command in '/home/pim0ubuntu/go1_ws/build/unitree_guide2' returned '0': CMAKE_PREFIX_PATH=${CMAKE_PREFIX_PATH}:/opt/ros/humble /usr/bin/cmake --build /home/pim0ubuntu/go1_ws/build/unitree_guide2 -- -j4 -l4
[10.930s] DEBUG:colcon.colcon_core.event_handler.log_command:Invoking command in '/home/pim0ubuntu/go1_ws/build/unitree_guide2': CMAKE_PREFIX_PATH=${CMAKE_PREFIX_PATH}:/opt/ros/humble /usr/bin/cmake --install /home/pim0ubuntu/go1_ws/build/unitree_guide2
[10.969s] Level 1:colcon.colcon_core.environment:create_environment_scripts_only(unitree_guide2)
[10.969s] DEBUG:colcon.colcon_core.event_handler.log_command:Invoked command in '/home/pim0ubuntu/go1_ws/build/unitree_guide2' returned '0': CMAKE_PREFIX_PATH=${CMAKE_PREFIX_PATH}:/opt/ros/humble /usr/bin/cmake --install /home/pim0ubuntu/go1_ws/build/unitree_guide2
[10.970s] Level 1:colcon.colcon_core.environment:checking '/home/pim0ubuntu/go1_ws/install/unitree_guide2' for CMake module files
[10.971s] Level 1:colcon.colcon_core.environment:checking '/home/pim0ubuntu/go1_ws/install/unitree_guide2' for CMake config files
[10.971s] Level 1:colcon.colcon_core.shell:create_environment_hook('unitree_guide2', 'cmake_prefix_path')
[10.971s] INFO:colcon.colcon_core.shell:Creating environment hook '/home/pim0ubuntu/go1_ws/install/unitree_guide2/share/unitree_guide2/hook/cmake_prefix_path.ps1'
[10.972s] INFO:colcon.colcon_core.shell:Creating environment descriptor '/home/pim0ubuntu/go1_ws/install/unitree_guide2/share/unitree_guide2/hook/cmake_prefix_path.dsv'
[10.973s] INFO:colcon.colcon_core.shell:Creating environment hook '/home/pim0ubuntu/go1_ws/install/unitree_guide2/share/unitree_guide2/hook/cmake_prefix_path.sh'
[10.973s] Level 1:colcon.colcon_core.environment:checking '/home/pim0ubuntu/go1_ws/install/unitree_guide2/lib'
[10.974s] Level 1:colcon.colcon_core.environment:checking '/home/pim0ubuntu/go1_ws/install/unitree_guide2/bin'
[10.974s] Level 1:colcon.colcon_core.environment:checking '/home/pim0ubuntu/go1_ws/install/unitree_guide2/lib/pkgconfig/unitree_guide2.pc'
[10.974s] Level 1:colcon.colcon_core.environment:checking '/home/pim0ubuntu/go1_ws/install/unitree_guide2/lib/python3.10/site-packages'
[10.974s] Level 1:colcon.colcon_core.environment:checking '/home/pim0ubuntu/go1_ws/install/unitree_guide2/bin'
[10.975s] INFO:colcon.colcon_core.shell:Creating package script '/home/pim0ubuntu/go1_ws/install/unitree_guide2/share/unitree_guide2/package.ps1'
[10.975s] INFO:colcon.colcon_core.shell:Creating package descriptor '/home/pim0ubuntu/go1_ws/install/unitree_guide2/share/unitree_guide2/package.dsv'
[10.976s] INFO:colcon.colcon_core.shell:Creating package script '/home/pim0ubuntu/go1_ws/install/unitree_guide2/share/unitree_guide2/package.sh'
[10.976s] INFO:colcon.colcon_core.shell:Creating package script '/home/pim0ubuntu/go1_ws/install/unitree_guide2/share/unitree_guide2/package.bash'
[10.977s] INFO:colcon.colcon_core.shell:Creating package script '/home/pim0ubuntu/go1_ws/install/unitree_guide2/share/unitree_guide2/package.zsh'
[10.978s] Level 1:colcon.colcon_core.environment:create_file_with_runtime_dependencies(/home/pim0ubuntu/go1_ws/install/unitree_guide2/share/colcon-core/packages/unitree_guide2)
[10.979s] Level 1:colcon.colcon_core.environment:create_environment_scripts_only(unitree_guide2)
[10.980s] Level 1:colcon.colcon_core.environment:checking '/home/pim0ubuntu/go1_ws/install/unitree_guide2' for CMake module files
[10.980s] Level 1:colcon.colcon_core.environment:checking '/home/pim0ubuntu/go1_ws/install/unitree_guide2' for CMake config files
[10.981s] Level 1:colcon.colcon_core.shell:create_environment_hook('unitree_guide2', 'cmake_prefix_path')
[10.981s] INFO:colcon.colcon_core.shell:Creating environment hook '/home/pim0ubuntu/go1_ws/install/unitree_guide2/share/unitree_guide2/hook/cmake_prefix_path.ps1'
[10.982s] INFO:colcon.colcon_core.shell:Creating environment descriptor '/home/pim0ubuntu/go1_ws/install/unitree_guide2/share/unitree_guide2/hook/cmake_prefix_path.dsv'
[10.982s] INFO:colcon.colcon_core.shell:Creating environment hook '/home/pim0ubuntu/go1_ws/install/unitree_guide2/share/unitree_guide2/hook/cmake_prefix_path.sh'
[10.983s] Level 1:colcon.colcon_core.environment:checking '/home/pim0ubuntu/go1_ws/install/unitree_guide2/lib'
[10.983s] Level 1:colcon.colcon_core.environment:checking '/home/pim0ubuntu/go1_ws/install/unitree_guide2/bin'
[10.983s] Level 1:colcon.colcon_core.environment:checking '/home/pim0ubuntu/go1_ws/install/unitree_guide2/lib/pkgconfig/unitree_guide2.pc'
[10.983s] Level 1:colcon.colcon_core.environment:checking '/home/pim0ubuntu/go1_ws/install/unitree_guide2/lib/python3.10/site-packages'
[10.984s] Level 1:colcon.colcon_core.environment:checking '/home/pim0ubuntu/go1_ws/install/unitree_guide2/bin'
[10.984s] INFO:colcon.colcon_core.shell:Creating package script '/home/pim0ubuntu/go1_ws/install/unitree_guide2/share/unitree_guide2/package.ps1'
[10.985s] INFO:colcon.colcon_core.shell:Creating package descriptor '/home/pim0ubuntu/go1_ws/install/unitree_guide2/share/unitree_guide2/package.dsv'
[10.985s] INFO:colcon.colcon_core.shell:Creating package script '/home/pim0ubuntu/go1_ws/install/unitree_guide2/share/unitree_guide2/package.sh'
[10.985s] INFO:colcon.colcon_core.shell:Creating package script '/home/pim0ubuntu/go1_ws/install/unitree_guide2/share/unitree_guide2/package.bash'
[10.986s] INFO:colcon.colcon_core.shell:Creating package script '/home/pim0ubuntu/go1_ws/install/unitree_guide2/share/unitree_guide2/package.zsh'
[10.986s] Level 1:colcon.colcon_core.environment:create_file_with_runtime_dependencies(/home/pim0ubuntu/go1_ws/install/unitree_guide2/share/colcon-core/packages/unitree_guide2)
[10.987s] DEBUG:colcon.colcon_parallel_executor.executor.parallel:closing loop
[10.987s] DEBUG:colcon.colcon_parallel_executor.executor.parallel:loop closed
[10.987s] DEBUG:colcon.colcon_parallel_executor.executor.parallel:run_until_complete finished with '0'
[10.987s] DEBUG:colcon.colcon_core.event_reactor:joining thread
[10.999s] INFO:colcon.colcon_core.plugin_system:Skipping extension 'colcon_notification.desktop_notification.terminal_notifier': Not used on non-Darwin systems
[10.999s] INFO:colcon.colcon_core.plugin_system:Skipping extension 'colcon_notification.desktop_notification.win32': Not used on non-Windows systems
[10.999s] INFO:colcon.colcon_notification.desktop_notification:Sending desktop notification using 'notify2'
[11.016s] DEBUG:colcon.colcon_core.event_reactor:joined thread
[11.017s] INFO:colcon.colcon_core.shell:Creating prefix script '/home/pim0ubuntu/go1_ws/install/local_setup.ps1'
[11.018s] INFO:colcon.colcon_core.shell:Creating prefix util module '/home/pim0ubuntu/go1_ws/install/_local_setup_util_ps1.py'
[11.020s] INFO:colcon.colcon_core.shell:Creating prefix chain script '/home/pim0ubuntu/go1_ws/install/setup.ps1'
[11.022s] INFO:colcon.colcon_core.shell:Creating prefix script '/home/pim0ubuntu/go1_ws/install/local_setup.sh'
[11.023s] INFO:colcon.colcon_core.shell:Creating prefix util module '/home/pim0ubuntu/go1_ws/install/_local_setup_util_sh.py'
[11.024s] INFO:colcon.colcon_core.shell:Creating prefix chain script '/home/pim0ubuntu/go1_ws/install/setup.sh'
[11.026s] INFO:colcon.colcon_core.shell:Creating prefix script '/home/pim0ubuntu/go1_ws/install/local_setup.bash'
[11.027s] INFO:colcon.colcon_core.shell:Creating prefix chain script '/home/pim0ubuntu/go1_ws/install/setup.bash'
[11.029s] INFO:colcon.colcon_core.shell:Creating prefix script '/home/pim0ubuntu/go1_ws/install/local_setup.zsh'
[11.029s] INFO:colcon.colcon_core.shell:Creating prefix chain script '/home/pim0ubuntu/go1_ws/install/setup.zsh'
