[0.039s] Invoking command in '/home/pim0ubuntu/go1_ws/build/unitree_guide2': CMAKE_PREFIX_PATH=${CMAKE_PREFIX_PATH}:/opt/ros/humble /usr/bin/cmake --build /home/pim0ubuntu/go1_ws/build/unitree_guide2 -- -j4 -l4
[0.149s] [35m[1mConsolidate compiler generated dependencies of target junior_ctrl[0m
[0.328s] [100%] Built target junior_ctrl
[0.367s] Invoked command in '/home/pim0ubuntu/go1_ws/build/unitree_guide2' returned '0': CMAKE_PREFIX_PATH=${CMAKE_PREFIX_PATH}:/opt/ros/humble /usr/bin/cmake --build /home/pim0ubuntu/go1_ws/build/unitree_guide2 -- -j4 -l4
[0.379s] Invoking command in '/home/pim0ubuntu/go1_ws/build/unitree_guide2': CMAKE_PREFIX_PATH=${CMAKE_PREFIX_PATH}:/opt/ros/humble /usr/bin/cmake --install /home/pim0ubuntu/go1_ws/build/unitree_guide2
[0.392s] -- Install configuration: ""
[0.392s] -- Up-to-date: /home/pim0ubuntu/go1_ws/install/unitree_guide2/include
[0.392s] -- Up-to-date: /home/pim0ubuntu/go1_ws/install/unitree_guide2/include/unitree_guide2
[0.392s] -- Up-to-date: /home/pim0ubuntu/go1_ws/install/unitree_guide2/include/unitree_guide2/interface
[0.394s] -- Up-to-date: /home/pim0ubuntu/go1_ws/install/unitree_guide2/include/unitree_guide2/interface/WirelessHandle.h
[0.394s] -- Up-to-date: /home/pim0ubuntu/go1_ws/install/unitree_guide2/include/unitree_guide2/interface/IOROS2.h
[0.394s] -- Up-to-date: /home/pim0ubuntu/go1_ws/install/unitree_guide2/include/unitree_guide2/interface/IOInterface.h
[0.394s] -- Up-to-date: /home/pim0ubuntu/go1_ws/install/unitree_guide2/include/unitree_guide2/interface/KeyBoard.h
[0.394s] -- Up-to-date: /home/pim0ubuntu/go1_ws/install/unitree_guide2/include/unitree_guide2/interface/CmdPanel.h
[0.394s] -- Up-to-date: /home/pim0ubuntu/go1_ws/install/unitree_guide2/include/unitree_guide2/interface/IOSDK.h
[0.394s] -- Up-to-date: /home/pim0ubuntu/go1_ws/install/unitree_guide2/include/unitree_guide2/common
[0.394s] -- Up-to-date: /home/pim0ubuntu/go1_ws/install/unitree_guide2/include/unitree_guide2/common/unitreeRobot.h
[0.394s] -- Up-to-date: /home/pim0ubuntu/go1_ws/install/unitree_guide2/include/unitree_guide2/common/mathTypes.h
[0.394s] -- Up-to-date: /home/pim0ubuntu/go1_ws/install/unitree_guide2/include/unitree_guide2/common/enumClass.h
[0.395s] -- Up-to-date: /home/pim0ubuntu/go1_ws/install/unitree_guide2/include/unitree_guide2/common/mathTools.h
[0.395s] -- Up-to-date: /home/pim0ubuntu/go1_ws/install/unitree_guide2/include/unitree_guide2/common/LowPassFilter.h
[0.395s] -- Up-to-date: /home/pim0ubuntu/go1_ws/install/unitree_guide2/include/unitree_guide2/common/timeMarker.h
[0.395s] -- Up-to-date: /home/pim0ubuntu/go1_ws/install/unitree_guide2/include/unitree_guide2/common/unitreeLeg.h
[0.396s] -- Up-to-date: /home/pim0ubuntu/go1_ws/install/unitree_guide2/include/unitree_guide2/common/PyPlot.h
[0.396s] -- Up-to-date: /home/pim0ubuntu/go1_ws/install/unitree_guide2/include/unitree_guide2/message
[0.396s] -- Up-to-date: /home/pim0ubuntu/go1_ws/install/unitree_guide2/include/unitree_guide2/message/unitree_joystick.h
[0.396s] -- Up-to-date: /home/pim0ubuntu/go1_ws/install/unitree_guide2/include/unitree_guide2/message/LowlevelState.h
[0.396s] -- Up-to-date: /home/pim0ubuntu/go1_ws/install/unitree_guide2/include/unitree_guide2/message/LowlevelCmd.h
[0.396s] -- Up-to-date: /home/pim0ubuntu/go1_ws/install/unitree_guide2/include/unitree_guide2/control
[0.396s] -- Up-to-date: /home/pim0ubuntu/go1_ws/install/unitree_guide2/include/unitree_guide2/control/Estimator.h
[0.396s] -- Up-to-date: /home/pim0ubuntu/go1_ws/install/unitree_guide2/include/unitree_guide2/control/BalanceCtrl.h
[0.397s] -- Up-to-date: /home/pim0ubuntu/go1_ws/install/unitree_guide2/include/unitree_guide2/control/ControlFrame.h
[0.397s] -- Up-to-date: /home/pim0ubuntu/go1_ws/install/unitree_guide2/include/unitree_guide2/control/CtrlComponents.h
[0.398s] -- Up-to-date: /home/pim0ubuntu/go1_ws/install/unitree_guide2/include/unitree_guide2/thirdParty
[0.398s] -- Up-to-date: /home/pim0ubuntu/go1_ws/install/unitree_guide2/include/unitree_guide2/thirdParty/quadProgpp
[0.398s] -- Up-to-date: /home/pim0ubuntu/go1_ws/install/unitree_guide2/include/unitree_guide2/thirdParty/quadProgpp/QuadProg++.hh
[0.398s] -- Up-to-date: /home/pim0ubuntu/go1_ws/install/unitree_guide2/include/unitree_guide2/thirdParty/quadProgpp/Array.hh
[0.398s] -- Up-to-date: /home/pim0ubuntu/go1_ws/install/unitree_guide2/include/unitree_guide2/thirdParty/matplotlibcpp.h
[0.398s] -- Up-to-date: /home/pim0ubuntu/go1_ws/install/unitree_guide2/include/unitree_guide2/FSM
[0.398s] -- Up-to-date: /home/pim0ubuntu/go1_ws/install/unitree_guide2/include/unitree_guide2/FSM/FSMState.h
[0.399s] -- Up-to-date: /home/pim0ubuntu/go1_ws/install/unitree_guide2/include/unitree_guide2/FSM/State_Trotting.h
[0.399s] -- Up-to-date: /home/pim0ubuntu/go1_ws/install/unitree_guide2/include/unitree_guide2/FSM/State_StepTest.h
[0.399s] -- Up-to-date: /home/pim0ubuntu/go1_ws/install/unitree_guide2/include/unitree_guide2/FSM/VisionUDP.h
[0.399s] -- Up-to-date: /home/pim0ubuntu/go1_ws/install/unitree_guide2/include/unitree_guide2/FSM/State_ShakeHand.h
[0.399s] -- Up-to-date: /home/pim0ubuntu/go1_ws/install/unitree_guide2/include/unitree_guide2/FSM/State_FixedStand.h
[0.399s] -- Up-to-date: /home/pim0ubuntu/go1_ws/install/unitree_guide2/include/unitree_guide2/FSM/Process.h
[0.399s] -- Up-to-date: /home/pim0ubuntu/go1_ws/install/unitree_guide2/include/unitree_guide2/FSM/FSM.h
[0.399s] -- Up-to-date: /home/pim0ubuntu/go1_ws/install/unitree_guide2/include/unitree_guide2/FSM/State_Passive.h
[0.399s] -- Up-to-date: /home/pim0ubuntu/go1_ws/install/unitree_guide2/include/unitree_guide2/FSM/State_move_base.h
[0.399s] -- Up-to-date: /home/pim0ubuntu/go1_ws/install/unitree_guide2/include/unitree_guide2/FSM/State_BalanceTest.h
[0.399s] -- Up-to-date: /home/pim0ubuntu/go1_ws/install/unitree_guide2/include/unitree_guide2/FSM/State_SwingTest.h
[0.399s] -- Up-to-date: /home/pim0ubuntu/go1_ws/install/unitree_guide2/include/unitree_guide2/FSM/State_FreeStand.h
[0.399s] -- Up-to-date: /home/pim0ubuntu/go1_ws/install/unitree_guide2/include/unitree_guide2/Gait
[0.399s] -- Up-to-date: /home/pim0ubuntu/go1_ws/install/unitree_guide2/include/unitree_guide2/Gait/GaitGenerator.h
[0.399s] -- Up-to-date: /home/pim0ubuntu/go1_ws/install/unitree_guide2/include/unitree_guide2/Gait/WaveGenerator.h
[0.400s] -- Up-to-date: /home/pim0ubuntu/go1_ws/install/unitree_guide2/include/unitree_guide2/Gait/FeetEndCal.h
[0.400s] -- Up-to-date: /home/pim0ubuntu/go1_ws/install/unitree_guide2/share/unitree_guide2//launch
[0.400s] -- Up-to-date: /home/pim0ubuntu/go1_ws/install/unitree_guide2/share/unitree_guide2//launch/spawn_go1.launch.py
[0.400s] -- Up-to-date: /home/pim0ubuntu/go1_ws/install/unitree_guide2/share/unitree_guide2//launch/launch_world.launch.py
[0.400s] -- Up-to-date: /home/pim0ubuntu/go1_ws/install/unitree_guide2/share/unitree_guide2//config
[0.400s] -- Up-to-date: /home/pim0ubuntu/go1_ws/install/unitree_guide2/share/unitree_guide2//config/gazebo_params.yaml
[0.400s] -- Up-to-date: /home/pim0ubuntu/go1_ws/install/unitree_guide2/share/unitree_guide2//worlds
[0.400s] -- Up-to-date: /home/pim0ubuntu/go1_ws/install/unitree_guide2/share/unitree_guide2//worlds/empty.sdf
[0.400s] -- Up-to-date: /home/pim0ubuntu/go1_ws/install/unitree_guide2/lib/unitree_guide2/junior_ctrl
[0.400s] -- Up-to-date: /home/pim0ubuntu/go1_ws/install/unitree_guide2/share/ament_index/resource_index/package_run_dependencies/unitree_guide2
[0.401s] -- Up-to-date: /home/pim0ubuntu/go1_ws/install/unitree_guide2/share/ament_index/resource_index/parent_prefix_path/unitree_guide2
[0.401s] -- Up-to-date: /home/pim0ubuntu/go1_ws/install/unitree_guide2/share/unitree_guide2/environment/ament_prefix_path.sh
[0.401s] -- Up-to-date: /home/pim0ubuntu/go1_ws/install/unitree_guide2/share/unitree_guide2/environment/ament_prefix_path.dsv
[0.401s] -- Up-to-date: /home/pim0ubuntu/go1_ws/install/unitree_guide2/share/unitree_guide2/environment/path.sh
[0.401s] -- Up-to-date: /home/pim0ubuntu/go1_ws/install/unitree_guide2/share/unitree_guide2/environment/path.dsv
[0.401s] -- Up-to-date: /home/pim0ubuntu/go1_ws/install/unitree_guide2/share/unitree_guide2/local_setup.bash
[0.401s] -- Up-to-date: /home/pim0ubuntu/go1_ws/install/unitree_guide2/share/unitree_guide2/local_setup.sh
[0.402s] -- Up-to-date: /home/pim0ubuntu/go1_ws/install/unitree_guide2/share/unitree_guide2/local_setup.zsh
[0.402s] -- Up-to-date: /home/pim0ubuntu/go1_ws/install/unitree_guide2/share/unitree_guide2/local_setup.dsv
[0.402s] -- Installing: /home/pim0ubuntu/go1_ws/install/unitree_guide2/share/unitree_guide2/package.dsv
[0.403s] -- Up-to-date: /home/pim0ubuntu/go1_ws/install/unitree_guide2/share/ament_index/resource_index/packages/unitree_guide2
[0.403s] -- Up-to-date: /home/pim0ubuntu/go1_ws/install/unitree_guide2/share/unitree_guide2/cmake/unitree_guide2Config.cmake
[0.403s] -- Up-to-date: /home/pim0ubuntu/go1_ws/install/unitree_guide2/share/unitree_guide2/cmake/unitree_guide2Config-version.cmake
[0.403s] -- Up-to-date: /home/pim0ubuntu/go1_ws/install/unitree_guide2/share/unitree_guide2/package.xml
[0.404s] Invoked command in '/home/pim0ubuntu/go1_ws/build/unitree_guide2' returned '0': CMAKE_PREFIX_PATH=${CMAKE_PREFIX_PATH}:/opt/ros/humble /usr/bin/cmake --install /home/pim0ubuntu/go1_ws/build/unitree_guide2
