[0.110s] DEBUG:colcon:Command line arguments: ['/usr/bin/colcon', 'build']
[0.110s] DEBUG:colcon:Parsed command line arguments: Namespace(log_base=None, log_level=None, verb_name='build', build_base='build', install_base='install', merge_install=False, symlink_install=False, test_result_base=None, continue_on_error=False, executor='parallel', parallel_workers=4, event_handlers=None, ignore_user_meta=False, metas=['./colcon.meta'], base_paths=['.'], packages_ignore=None, packages_ignore_regex=None, paths=None, packages_up_to=None, packages_up_to_regex=None, packages_above=None, packages_above_and_dependencies=None, packages_above_depth=None, packages_select_by_dep=None, packages_skip_by_dep=None, packages_skip_up_to=None, packages_select_build_failed=False, packages_skip_build_finished=False, packages_select_test_failures=False, packages_skip_test_passed=False, packages_select=None, packages_skip=None, packages_select_regex=None, packages_skip_regex=None, packages_start=None, packages_end=None, allow_overriding=[], cmake_args=None, cmake_target=None, cmake_target_skip_unavailable=False, cmake_clean_cache=False, cmake_clean_first=False, cmake_force_configure=False, ament_cmake_args=None, catkin_cmake_args=None, catkin_skip_building_tests=False, mixin_files=None, mixin=None, verb_parser=<colcon_mixin.mixin.mixin_argument.MixinArgumentDecorator object at 0x7f1363f22c50>, verb_extension=<colcon_core.verb.build.BuildVerb object at 0x7f1363edc1f0>, main=<bound method BuildVerb.main of <colcon_core.verb.build.BuildVerb object at 0x7f1363edc1f0>>, mixin_verb=('build',))
[0.269s] Level 1:colcon.colcon_core.package_discovery:discover_packages(colcon_meta) check parameters
[0.269s] Level 1:colcon.colcon_core.package_discovery:discover_packages(recursive) check parameters
[0.269s] Level 1:colcon.colcon_core.package_discovery:discover_packages(ignore) check parameters
[0.269s] Level 1:colcon.colcon_core.package_discovery:discover_packages(path) check parameters
[0.269s] Level 1:colcon.colcon_core.package_discovery:discover_packages(colcon_meta) discover
[0.269s] Level 1:colcon.colcon_core.package_discovery:discover_packages(recursive) discover
[0.269s] INFO:colcon.colcon_core.package_discovery:Crawling recursively for packages in '/home/pim0ubuntu/go1_ws'
[0.269s] Level 1:colcon.colcon_core.package_identification:_identify(.) by extensions ['ignore', 'ignore_ament_install']
[0.269s] Level 1:colcon.colcon_core.package_identification:_identify(.) by extension 'ignore'
[0.269s] Level 1:colcon.colcon_core.package_identification:_identify(.) by extension 'ignore_ament_install'
[0.269s] Level 1:colcon.colcon_core.package_identification:_identify(.) by extensions ['colcon_pkg']
[0.269s] Level 1:colcon.colcon_core.package_identification:_identify(.) by extension 'colcon_pkg'
[0.270s] Level 1:colcon.colcon_core.package_identification:_identify(.) by extensions ['colcon_meta']
[0.270s] Level 1:colcon.colcon_core.package_identification:_identify(.) by extension 'colcon_meta'
[0.270s] Level 1:colcon.colcon_core.package_identification:_identify(.) by extensions ['ros']
[0.270s] Level 1:colcon.colcon_core.package_identification:_identify(.) by extension 'ros'
[0.281s] Level 1:colcon.colcon_core.package_identification:_identify(.) by extensions ['cmake', 'python']
[0.281s] Level 1:colcon.colcon_core.package_identification:_identify(.) by extension 'cmake'
[0.281s] Level 1:colcon.colcon_core.package_identification:_identify(.) by extension 'python'
[0.281s] Level 1:colcon.colcon_core.package_identification:_identify(.) by extensions ['python_setup_py']
[0.281s] Level 1:colcon.colcon_core.package_identification:_identify(.) by extension 'python_setup_py'
[0.281s] Level 1:colcon.colcon_core.package_identification:_identify(build) by extensions ['ignore', 'ignore_ament_install']
[0.281s] Level 1:colcon.colcon_core.package_identification:_identify(build) by extension 'ignore'
[0.281s] Level 1:colcon.colcon_core.package_identification:_identify(build) ignored
[0.281s] Level 1:colcon.colcon_core.package_identification:_identify(install) by extensions ['ignore', 'ignore_ament_install']
[0.281s] Level 1:colcon.colcon_core.package_identification:_identify(install) by extension 'ignore'
[0.281s] Level 1:colcon.colcon_core.package_identification:_identify(install) ignored
[0.282s] Level 1:colcon.colcon_core.package_identification:_identify(log) by extensions ['ignore', 'ignore_ament_install']
[0.282s] Level 1:colcon.colcon_core.package_identification:_identify(log) by extension 'ignore'
[0.282s] Level 1:colcon.colcon_core.package_identification:_identify(log) ignored
[0.282s] Level 1:colcon.colcon_core.package_identification:_identify(src) by extensions ['ignore', 'ignore_ament_install']
[0.282s] Level 1:colcon.colcon_core.package_identification:_identify(src) by extension 'ignore'
[0.282s] Level 1:colcon.colcon_core.package_identification:_identify(src) by extension 'ignore_ament_install'
[0.282s] Level 1:colcon.colcon_core.package_identification:_identify(src) by extensions ['colcon_pkg']
[0.282s] Level 1:colcon.colcon_core.package_identification:_identify(src) by extension 'colcon_pkg'
[0.282s] Level 1:colcon.colcon_core.package_identification:_identify(src) by extensions ['colcon_meta']
[0.282s] Level 1:colcon.colcon_core.package_identification:_identify(src) by extension 'colcon_meta'
[0.282s] Level 1:colcon.colcon_core.package_identification:_identify(src) by extensions ['ros']
[0.282s] Level 1:colcon.colcon_core.package_identification:_identify(src) by extension 'ros'
[0.282s] Level 1:colcon.colcon_core.package_identification:_identify(src) by extensions ['cmake', 'python']
[0.282s] Level 1:colcon.colcon_core.package_identification:_identify(src) by extension 'cmake'
[0.282s] Level 1:colcon.colcon_core.package_identification:_identify(src) by extension 'python'
[0.282s] Level 1:colcon.colcon_core.package_identification:_identify(src) by extensions ['python_setup_py']
[0.282s] Level 1:colcon.colcon_core.package_identification:_identify(src) by extension 'python_setup_py'
[0.282s] Level 1:colcon.colcon_core.package_identification:_identify(src/unitree_guide2) by extensions ['ignore', 'ignore_ament_install']
[0.282s] Level 1:colcon.colcon_core.package_identification:_identify(src/unitree_guide2) by extension 'ignore'
[0.282s] Level 1:colcon.colcon_core.package_identification:_identify(src/unitree_guide2) by extension 'ignore_ament_install'
[0.282s] Level 1:colcon.colcon_core.package_identification:_identify(src/unitree_guide2) by extensions ['colcon_pkg']
[0.282s] Level 1:colcon.colcon_core.package_identification:_identify(src/unitree_guide2) by extension 'colcon_pkg'
[0.282s] Level 1:colcon.colcon_core.package_identification:_identify(src/unitree_guide2) by extensions ['colcon_meta']
[0.282s] Level 1:colcon.colcon_core.package_identification:_identify(src/unitree_guide2) by extension 'colcon_meta'
[0.282s] Level 1:colcon.colcon_core.package_identification:_identify(src/unitree_guide2) by extensions ['ros']
[0.282s] Level 1:colcon.colcon_core.package_identification:_identify(src/unitree_guide2) by extension 'ros'
[0.283s] Level 1:colcon.colcon_core.package_identification:_identify(src/unitree_guide2) by extensions ['cmake', 'python']
[0.283s] Level 1:colcon.colcon_core.package_identification:_identify(src/unitree_guide2) by extension 'cmake'
[0.283s] Level 1:colcon.colcon_core.package_identification:_identify(src/unitree_guide2) by extension 'python'
[0.283s] Level 1:colcon.colcon_core.package_identification:_identify(src/unitree_guide2) by extensions ['python_setup_py']
[0.283s] Level 1:colcon.colcon_core.package_identification:_identify(src/unitree_guide2) by extension 'python_setup_py'
[0.283s] Level 1:colcon.colcon_core.package_identification:_identify(src/unitree_guide2/go1_description) by extensions ['ignore', 'ignore_ament_install']
[0.283s] Level 1:colcon.colcon_core.package_identification:_identify(src/unitree_guide2/go1_description) by extension 'ignore'
[0.283s] Level 1:colcon.colcon_core.package_identification:_identify(src/unitree_guide2/go1_description) by extension 'ignore_ament_install'
[0.283s] Level 1:colcon.colcon_core.package_identification:_identify(src/unitree_guide2/go1_description) by extensions ['colcon_pkg']
[0.283s] Level 1:colcon.colcon_core.package_identification:_identify(src/unitree_guide2/go1_description) by extension 'colcon_pkg'
[0.283s] Level 1:colcon.colcon_core.package_identification:_identify(src/unitree_guide2/go1_description) by extensions ['colcon_meta']
[0.283s] Level 1:colcon.colcon_core.package_identification:_identify(src/unitree_guide2/go1_description) by extension 'colcon_meta'
[0.283s] Level 1:colcon.colcon_core.package_identification:_identify(src/unitree_guide2/go1_description) by extensions ['ros']
[0.283s] Level 1:colcon.colcon_core.package_identification:_identify(src/unitree_guide2/go1_description) by extension 'ros'
[0.285s] DEBUG:colcon.colcon_core.package_identification:Package 'src/unitree_guide2/go1_description' with type 'ros.ament_cmake' and name 'go1_description'
[0.285s] Level 1:colcon.colcon_core.package_identification:_identify(src/unitree_guide2/ros2_unitree_legged_msgs) by extensions ['ignore', 'ignore_ament_install']
[0.285s] Level 1:colcon.colcon_core.package_identification:_identify(src/unitree_guide2/ros2_unitree_legged_msgs) by extension 'ignore'
[0.285s] Level 1:colcon.colcon_core.package_identification:_identify(src/unitree_guide2/ros2_unitree_legged_msgs) by extension 'ignore_ament_install'
[0.285s] Level 1:colcon.colcon_core.package_identification:_identify(src/unitree_guide2/ros2_unitree_legged_msgs) by extensions ['colcon_pkg']
[0.285s] Level 1:colcon.colcon_core.package_identification:_identify(src/unitree_guide2/ros2_unitree_legged_msgs) by extension 'colcon_pkg'
[0.285s] Level 1:colcon.colcon_core.package_identification:_identify(src/unitree_guide2/ros2_unitree_legged_msgs) by extensions ['colcon_meta']
[0.285s] Level 1:colcon.colcon_core.package_identification:_identify(src/unitree_guide2/ros2_unitree_legged_msgs) by extension 'colcon_meta'
[0.285s] Level 1:colcon.colcon_core.package_identification:_identify(src/unitree_guide2/ros2_unitree_legged_msgs) by extensions ['ros']
[0.285s] Level 1:colcon.colcon_core.package_identification:_identify(src/unitree_guide2/ros2_unitree_legged_msgs) by extension 'ros'
[0.302s] DEBUG:colcon.colcon_core.package_identification:Package 'src/unitree_guide2/ros2_unitree_legged_msgs' with type 'ros.ament_cmake' and name 'ros2_unitree_legged_msgs'
[0.303s] Level 1:colcon.colcon_core.package_identification:_identify(src/unitree_guide2/unitree_actuator_sdk) by extensions ['ignore', 'ignore_ament_install']
[0.303s] Level 1:colcon.colcon_core.package_identification:_identify(src/unitree_guide2/unitree_actuator_sdk) by extension 'ignore'
[0.303s] Level 1:colcon.colcon_core.package_identification:_identify(src/unitree_guide2/unitree_actuator_sdk) by extension 'ignore_ament_install'
[0.303s] Level 1:colcon.colcon_core.package_identification:_identify(src/unitree_guide2/unitree_actuator_sdk) by extensions ['colcon_pkg']
[0.303s] Level 1:colcon.colcon_core.package_identification:_identify(src/unitree_guide2/unitree_actuator_sdk) by extension 'colcon_pkg'
[0.303s] Level 1:colcon.colcon_core.package_identification:_identify(src/unitree_guide2/unitree_actuator_sdk) by extensions ['colcon_meta']
[0.303s] Level 1:colcon.colcon_core.package_identification:_identify(src/unitree_guide2/unitree_actuator_sdk) by extension 'colcon_meta'
[0.304s] Level 1:colcon.colcon_core.package_identification:_identify(src/unitree_guide2/unitree_actuator_sdk) by extensions ['ros']
[0.304s] Level 1:colcon.colcon_core.package_identification:_identify(src/unitree_guide2/unitree_actuator_sdk) by extension 'ros'
[0.304s] Level 1:colcon.colcon_core.package_identification:_identify(src/unitree_guide2/unitree_actuator_sdk) by extensions ['cmake', 'python']
[0.304s] Level 1:colcon.colcon_core.package_identification:_identify(src/unitree_guide2/unitree_actuator_sdk) by extension 'cmake'
[0.306s] Level 1:colcon.colcon_core.package_identification:_identify(src/unitree_guide2/unitree_actuator_sdk) by extension 'python'
[0.306s] DEBUG:colcon.colcon_core.package_identification:Package 'src/unitree_guide2/unitree_actuator_sdk' with type 'cmake' and name 'motor_ctrl'
[0.306s] Level 1:colcon.colcon_core.package_identification:_identify(src/unitree_guide2/unitree_guide2) by extensions ['ignore', 'ignore_ament_install']
[0.306s] Level 1:colcon.colcon_core.package_identification:_identify(src/unitree_guide2/unitree_guide2) by extension 'ignore'
[0.306s] Level 1:colcon.colcon_core.package_identification:_identify(src/unitree_guide2/unitree_guide2) by extension 'ignore_ament_install'
[0.306s] Level 1:colcon.colcon_core.package_identification:_identify(src/unitree_guide2/unitree_guide2) by extensions ['colcon_pkg']
[0.306s] Level 1:colcon.colcon_core.package_identification:_identify(src/unitree_guide2/unitree_guide2) by extension 'colcon_pkg'
[0.306s] Level 1:colcon.colcon_core.package_identification:_identify(src/unitree_guide2/unitree_guide2) by extensions ['colcon_meta']
[0.306s] Level 1:colcon.colcon_core.package_identification:_identify(src/unitree_guide2/unitree_guide2) by extension 'colcon_meta'
[0.306s] Level 1:colcon.colcon_core.package_identification:_identify(src/unitree_guide2/unitree_guide2) by extensions ['ros']
[0.306s] Level 1:colcon.colcon_core.package_identification:_identify(src/unitree_guide2/unitree_guide2) by extension 'ros'
[0.307s] DEBUG:colcon.colcon_core.package_identification:Package 'src/unitree_guide2/unitree_guide2' with type 'ros.ament_cmake' and name 'unitree_guide2'
[0.307s] Level 1:colcon.colcon_core.package_identification:_identify(src/unitree_guide2/unitree_joint_controller) by extensions ['ignore', 'ignore_ament_install']
[0.307s] Level 1:colcon.colcon_core.package_identification:_identify(src/unitree_guide2/unitree_joint_controller) by extension 'ignore'
[0.307s] Level 1:colcon.colcon_core.package_identification:_identify(src/unitree_guide2/unitree_joint_controller) by extension 'ignore_ament_install'
[0.307s] Level 1:colcon.colcon_core.package_identification:_identify(src/unitree_guide2/unitree_joint_controller) by extensions ['colcon_pkg']
[0.307s] Level 1:colcon.colcon_core.package_identification:_identify(src/unitree_guide2/unitree_joint_controller) by extension 'colcon_pkg'
[0.307s] Level 1:colcon.colcon_core.package_identification:_identify(src/unitree_guide2/unitree_joint_controller) by extensions ['colcon_meta']
[0.307s] Level 1:colcon.colcon_core.package_identification:_identify(src/unitree_guide2/unitree_joint_controller) by extension 'colcon_meta'
[0.307s] Level 1:colcon.colcon_core.package_identification:_identify(src/unitree_guide2/unitree_joint_controller) by extensions ['ros']
[0.307s] Level 1:colcon.colcon_core.package_identification:_identify(src/unitree_guide2/unitree_joint_controller) by extension 'ros'
[0.309s] DEBUG:colcon.colcon_core.package_identification:Package 'src/unitree_guide2/unitree_joint_controller' with type 'ros.ament_cmake' and name 'unitree_joint_controller'
[0.309s] Level 1:colcon.colcon_core.package_discovery:discover_packages(recursive) using defaults
[0.309s] Level 1:colcon.colcon_core.package_discovery:discover_packages(ignore) discover
[0.309s] Level 1:colcon.colcon_core.package_discovery:discover_packages(ignore) using defaults
[0.309s] Level 1:colcon.colcon_core.package_discovery:discover_packages(path) discover
[0.309s] Level 1:colcon.colcon_core.package_discovery:discover_packages(path) using defaults
[0.325s] Level 1:colcon.colcon_core.package_discovery:discover_packages(prefix_path) check parameters
[0.325s] Level 1:colcon.colcon_core.package_discovery:discover_packages(prefix_path) discover
[0.327s] DEBUG:colcon.colcon_installed_package_information.package_discovery:Found 5 installed packages in /home/pim0ubuntu/go1_ws/install
[0.329s] DEBUG:colcon.colcon_installed_package_information.package_discovery:Found 408 installed packages in /opt/ros/humble
[0.331s] Level 1:colcon.colcon_core.package_discovery:discover_packages(prefix_path) using defaults
[0.377s] Level 5:colcon.colcon_core.verb:set package 'go1_description' build argument 'cmake_args' from command line to 'None'
[0.377s] Level 5:colcon.colcon_core.verb:set package 'go1_description' build argument 'cmake_target' from command line to 'None'
[0.377s] Level 5:colcon.colcon_core.verb:set package 'go1_description' build argument 'cmake_target_skip_unavailable' from command line to 'False'
[0.377s] Level 5:colcon.colcon_core.verb:set package 'go1_description' build argument 'cmake_clean_cache' from command line to 'False'
[0.377s] Level 5:colcon.colcon_core.verb:set package 'go1_description' build argument 'cmake_clean_first' from command line to 'False'
[0.377s] Level 5:colcon.colcon_core.verb:set package 'go1_description' build argument 'cmake_force_configure' from command line to 'False'
[0.377s] Level 5:colcon.colcon_core.verb:set package 'go1_description' build argument 'ament_cmake_args' from command line to 'None'
[0.377s] Level 5:colcon.colcon_core.verb:set package 'go1_description' build argument 'catkin_cmake_args' from command line to 'None'
[0.377s] Level 5:colcon.colcon_core.verb:set package 'go1_description' build argument 'catkin_skip_building_tests' from command line to 'False'
[0.377s] DEBUG:colcon.colcon_core.verb:Building package 'go1_description' with the following arguments: {'ament_cmake_args': None, 'build_base': '/home/pim0ubuntu/go1_ws/build/go1_description', 'catkin_cmake_args': None, 'catkin_skip_building_tests': False, 'cmake_args': None, 'cmake_clean_cache': False, 'cmake_clean_first': False, 'cmake_force_configure': False, 'cmake_target': None, 'cmake_target_skip_unavailable': False, 'install_base': '/home/pim0ubuntu/go1_ws/install/go1_description', 'merge_install': False, 'path': '/home/pim0ubuntu/go1_ws/src/unitree_guide2/go1_description', 'symlink_install': False, 'test_result_base': None}
[0.377s] Level 5:colcon.colcon_core.verb:set package 'motor_ctrl' build argument 'cmake_args' from command line to 'None'
[0.377s] Level 5:colcon.colcon_core.verb:set package 'motor_ctrl' build argument 'cmake_target' from command line to 'None'
[0.377s] Level 5:colcon.colcon_core.verb:set package 'motor_ctrl' build argument 'cmake_target_skip_unavailable' from command line to 'False'
[0.377s] Level 5:colcon.colcon_core.verb:set package 'motor_ctrl' build argument 'cmake_clean_cache' from command line to 'False'
[0.377s] Level 5:colcon.colcon_core.verb:set package 'motor_ctrl' build argument 'cmake_clean_first' from command line to 'False'
[0.377s] Level 5:colcon.colcon_core.verb:set package 'motor_ctrl' build argument 'cmake_force_configure' from command line to 'False'
[0.377s] Level 5:colcon.colcon_core.verb:set package 'motor_ctrl' build argument 'ament_cmake_args' from command line to 'None'
[0.377s] Level 5:colcon.colcon_core.verb:set package 'motor_ctrl' build argument 'catkin_cmake_args' from command line to 'None'
[0.377s] Level 5:colcon.colcon_core.verb:set package 'motor_ctrl' build argument 'catkin_skip_building_tests' from command line to 'False'
[0.377s] DEBUG:colcon.colcon_core.verb:Building package 'motor_ctrl' with the following arguments: {'ament_cmake_args': None, 'build_base': '/home/pim0ubuntu/go1_ws/build/motor_ctrl', 'catkin_cmake_args': None, 'catkin_skip_building_tests': False, 'cmake_args': None, 'cmake_clean_cache': False, 'cmake_clean_first': False, 'cmake_force_configure': False, 'cmake_target': None, 'cmake_target_skip_unavailable': False, 'install_base': '/home/pim0ubuntu/go1_ws/install/motor_ctrl', 'merge_install': False, 'path': '/home/pim0ubuntu/go1_ws/src/unitree_guide2/unitree_actuator_sdk', 'symlink_install': False, 'test_result_base': None}
[0.378s] Level 5:colcon.colcon_core.verb:set package 'ros2_unitree_legged_msgs' build argument 'cmake_args' from command line to 'None'
[0.378s] Level 5:colcon.colcon_core.verb:set package 'ros2_unitree_legged_msgs' build argument 'cmake_target' from command line to 'None'
[0.378s] Level 5:colcon.colcon_core.verb:set package 'ros2_unitree_legged_msgs' build argument 'cmake_target_skip_unavailable' from command line to 'False'
[0.378s] Level 5:colcon.colcon_core.verb:set package 'ros2_unitree_legged_msgs' build argument 'cmake_clean_cache' from command line to 'False'
[0.378s] Level 5:colcon.colcon_core.verb:set package 'ros2_unitree_legged_msgs' build argument 'cmake_clean_first' from command line to 'False'
[0.378s] Level 5:colcon.colcon_core.verb:set package 'ros2_unitree_legged_msgs' build argument 'cmake_force_configure' from command line to 'False'
[0.378s] Level 5:colcon.colcon_core.verb:set package 'ros2_unitree_legged_msgs' build argument 'ament_cmake_args' from command line to 'None'
[0.378s] Level 5:colcon.colcon_core.verb:set package 'ros2_unitree_legged_msgs' build argument 'catkin_cmake_args' from command line to 'None'
[0.378s] Level 5:colcon.colcon_core.verb:set package 'ros2_unitree_legged_msgs' build argument 'catkin_skip_building_tests' from command line to 'False'
[0.378s] DEBUG:colcon.colcon_core.verb:Building package 'ros2_unitree_legged_msgs' with the following arguments: {'ament_cmake_args': None, 'build_base': '/home/pim0ubuntu/go1_ws/build/ros2_unitree_legged_msgs', 'catkin_cmake_args': None, 'catkin_skip_building_tests': False, 'cmake_args': None, 'cmake_clean_cache': False, 'cmake_clean_first': False, 'cmake_force_configure': False, 'cmake_target': None, 'cmake_target_skip_unavailable': False, 'install_base': '/home/pim0ubuntu/go1_ws/install/ros2_unitree_legged_msgs', 'merge_install': False, 'path': '/home/pim0ubuntu/go1_ws/src/unitree_guide2/ros2_unitree_legged_msgs', 'symlink_install': False, 'test_result_base': None}
[0.378s] Level 5:colcon.colcon_core.verb:set package 'unitree_guide2' build argument 'cmake_args' from command line to 'None'
[0.378s] Level 5:colcon.colcon_core.verb:set package 'unitree_guide2' build argument 'cmake_target' from command line to 'None'
[0.378s] Level 5:colcon.colcon_core.verb:set package 'unitree_guide2' build argument 'cmake_target_skip_unavailable' from command line to 'False'
[0.378s] Level 5:colcon.colcon_core.verb:set package 'unitree_guide2' build argument 'cmake_clean_cache' from command line to 'False'
[0.378s] Level 5:colcon.colcon_core.verb:set package 'unitree_guide2' build argument 'cmake_clean_first' from command line to 'False'
[0.378s] Level 5:colcon.colcon_core.verb:set package 'unitree_guide2' build argument 'cmake_force_configure' from command line to 'False'
[0.378s] Level 5:colcon.colcon_core.verb:set package 'unitree_guide2' build argument 'ament_cmake_args' from command line to 'None'
[0.378s] Level 5:colcon.colcon_core.verb:set package 'unitree_guide2' build argument 'catkin_cmake_args' from command line to 'None'
[0.378s] Level 5:colcon.colcon_core.verb:set package 'unitree_guide2' build argument 'catkin_skip_building_tests' from command line to 'False'
[0.378s] DEBUG:colcon.colcon_core.verb:Building package 'unitree_guide2' with the following arguments: {'ament_cmake_args': None, 'build_base': '/home/pim0ubuntu/go1_ws/build/unitree_guide2', 'catkin_cmake_args': None, 'catkin_skip_building_tests': False, 'cmake_args': None, 'cmake_clean_cache': False, 'cmake_clean_first': False, 'cmake_force_configure': False, 'cmake_target': None, 'cmake_target_skip_unavailable': False, 'install_base': '/home/pim0ubuntu/go1_ws/install/unitree_guide2', 'merge_install': False, 'path': '/home/pim0ubuntu/go1_ws/src/unitree_guide2/unitree_guide2', 'symlink_install': False, 'test_result_base': None}
[0.379s] Level 5:colcon.colcon_core.verb:set package 'unitree_joint_controller' build argument 'cmake_args' from command line to 'None'
[0.379s] Level 5:colcon.colcon_core.verb:set package 'unitree_joint_controller' build argument 'cmake_target' from command line to 'None'
[0.379s] Level 5:colcon.colcon_core.verb:set package 'unitree_joint_controller' build argument 'cmake_target_skip_unavailable' from command line to 'False'
[0.379s] Level 5:colcon.colcon_core.verb:set package 'unitree_joint_controller' build argument 'cmake_clean_cache' from command line to 'False'
[0.379s] Level 5:colcon.colcon_core.verb:set package 'unitree_joint_controller' build argument 'cmake_clean_first' from command line to 'False'
[0.379s] Level 5:colcon.colcon_core.verb:set package 'unitree_joint_controller' build argument 'cmake_force_configure' from command line to 'False'
[0.379s] Level 5:colcon.colcon_core.verb:set package 'unitree_joint_controller' build argument 'ament_cmake_args' from command line to 'None'
[0.379s] Level 5:colcon.colcon_core.verb:set package 'unitree_joint_controller' build argument 'catkin_cmake_args' from command line to 'None'
[0.379s] Level 5:colcon.colcon_core.verb:set package 'unitree_joint_controller' build argument 'catkin_skip_building_tests' from command line to 'False'
[0.379s] DEBUG:colcon.colcon_core.verb:Building package 'unitree_joint_controller' with the following arguments: {'ament_cmake_args': None, 'build_base': '/home/pim0ubuntu/go1_ws/build/unitree_joint_controller', 'catkin_cmake_args': None, 'catkin_skip_building_tests': False, 'cmake_args': None, 'cmake_clean_cache': False, 'cmake_clean_first': False, 'cmake_force_configure': False, 'cmake_target': None, 'cmake_target_skip_unavailable': False, 'install_base': '/home/pim0ubuntu/go1_ws/install/unitree_joint_controller', 'merge_install': False, 'path': '/home/pim0ubuntu/go1_ws/src/unitree_guide2/unitree_joint_controller', 'symlink_install': False, 'test_result_base': None}
[0.379s] INFO:colcon.colcon_core.executor:Executing jobs using 'parallel' executor
[0.380s] DEBUG:colcon.colcon_parallel_executor.executor.parallel:run_until_complete
[0.380s] INFO:colcon.colcon_ros.task.ament_cmake.build:Building ROS package in '/home/pim0ubuntu/go1_ws/src/unitree_guide2/ros2_unitree_legged_msgs' with build type 'ament_cmake'
[0.381s] INFO:colcon.colcon_cmake.task.cmake.build:Building CMake package in '/home/pim0ubuntu/go1_ws/src/unitree_guide2/ros2_unitree_legged_msgs'
[0.382s] INFO:colcon.colcon_core.plugin_system:Skipping extension 'colcon_core.shell.bat': Not used on non-Windows systems
[0.382s] INFO:colcon.colcon_core.shell:Skip shell extension 'powershell' for command environment: Not usable outside of PowerShell
[0.383s] DEBUG:colcon.colcon_core.shell:Skip shell extension 'dsv' for command environment
[0.390s] INFO:colcon.colcon_ros.task.ament_cmake.build:Building ROS package in '/home/pim0ubuntu/go1_ws/src/unitree_guide2/go1_description' with build type 'ament_cmake'
[0.390s] INFO:colcon.colcon_cmake.task.cmake.build:Building CMake package in '/home/pim0ubuntu/go1_ws/src/unitree_guide2/go1_description'
[0.397s] INFO:colcon.colcon_core.shell:Skip shell extension 'powershell' for command environment: Not usable outside of PowerShell
[0.397s] DEBUG:colcon.colcon_core.shell:Skip shell extension 'dsv' for command environment
[0.404s] INFO:colcon.colcon_cmake.task.cmake.build:Building CMake package in '/home/pim0ubuntu/go1_ws/src/unitree_guide2/unitree_actuator_sdk'
[0.404s] INFO:colcon.colcon_core.shell:Skip shell extension 'powershell' for command environment: Not usable outside of PowerShell
[0.405s] DEBUG:colcon.colcon_core.shell:Skip shell extension 'dsv' for command environment
[0.410s] INFO:colcon.colcon_ros.task.ament_cmake.build:Building ROS package in '/home/pim0ubuntu/go1_ws/src/unitree_guide2/unitree_guide2' with build type 'ament_cmake'
[0.410s] INFO:colcon.colcon_cmake.task.cmake.build:Building CMake package in '/home/pim0ubuntu/go1_ws/src/unitree_guide2/unitree_guide2'
[0.410s] INFO:colcon.colcon_core.shell:Skip shell extension 'powershell' for command environment: Not usable outside of PowerShell
[0.410s] DEBUG:colcon.colcon_core.shell:Skip shell extension 'dsv' for command environment
[0.425s] DEBUG:colcon.colcon_core.event_handler.log_command:Invoking command in '/home/pim0ubuntu/go1_ws/build/ros2_unitree_legged_msgs': CMAKE_PREFIX_PATH=${CMAKE_PREFIX_PATH}:/opt/ros/humble /usr/bin/cmake --build /home/pim0ubuntu/go1_ws/build/ros2_unitree_legged_msgs -- -j4 -l4
[0.434s] DEBUG:colcon.colcon_core.event_handler.log_command:Invoking command in '/home/pim0ubuntu/go1_ws/build/go1_description': CMAKE_PREFIX_PATH=${CMAKE_PREFIX_PATH}:/opt/ros/humble /usr/bin/cmake --build /home/pim0ubuntu/go1_ws/build/go1_description -- -j4 -l4
[0.437s] DEBUG:colcon.colcon_core.event_handler.log_command:Invoking command in '/home/pim0ubuntu/go1_ws/build/motor_ctrl': /usr/bin/cmake --build /home/pim0ubuntu/go1_ws/build/motor_ctrl -- -j4 -l4
[0.455s] DEBUG:colcon.colcon_core.event_handler.log_command:Invoking command in '/home/pim0ubuntu/go1_ws/build/unitree_guide2': CMAKE_PREFIX_PATH=${CMAKE_PREFIX_PATH}:/opt/ros/humble /usr/bin/cmake --build /home/pim0ubuntu/go1_ws/build/unitree_guide2 -- -j4 -l4
[0.509s] DEBUG:colcon.colcon_core.event_handler.log_command:Invoked command in '/home/pim0ubuntu/go1_ws/build/go1_description' returned '0': CMAKE_PREFIX_PATH=${CMAKE_PREFIX_PATH}:/opt/ros/humble /usr/bin/cmake --build /home/pim0ubuntu/go1_ws/build/go1_description -- -j4 -l4
[0.529s] DEBUG:colcon.colcon_core.event_handler.log_command:Invoking command in '/home/pim0ubuntu/go1_ws/build/go1_description': CMAKE_PREFIX_PATH=${CMAKE_PREFIX_PATH}:/opt/ros/humble /usr/bin/cmake --install /home/pim0ubuntu/go1_ws/build/go1_description
[0.555s] Level 1:colcon.colcon_core.environment:create_environment_scripts_only(go1_description)
[0.557s] DEBUG:colcon.colcon_core.event_handler.log_command:Invoked command in '/home/pim0ubuntu/go1_ws/build/go1_description' returned '0': CMAKE_PREFIX_PATH=${CMAKE_PREFIX_PATH}:/opt/ros/humble /usr/bin/cmake --install /home/pim0ubuntu/go1_ws/build/go1_description
[0.558s] Level 1:colcon.colcon_core.environment:checking '/home/pim0ubuntu/go1_ws/install/go1_description' for CMake module files
[0.559s] Level 1:colcon.colcon_core.environment:checking '/home/pim0ubuntu/go1_ws/install/go1_description' for CMake config files
[0.559s] Level 1:colcon.colcon_core.shell:create_environment_hook('go1_description', 'cmake_prefix_path')
[0.560s] INFO:colcon.colcon_core.shell:Creating environment hook '/home/pim0ubuntu/go1_ws/install/go1_description/share/go1_description/hook/cmake_prefix_path.ps1'
[0.561s] INFO:colcon.colcon_core.shell:Creating environment descriptor '/home/pim0ubuntu/go1_ws/install/go1_description/share/go1_description/hook/cmake_prefix_path.dsv'
[0.561s] INFO:colcon.colcon_core.shell:Creating environment hook '/home/pim0ubuntu/go1_ws/install/go1_description/share/go1_description/hook/cmake_prefix_path.sh'
[0.562s] Level 1:colcon.colcon_core.environment:checking '/home/pim0ubuntu/go1_ws/install/go1_description/bin'
[0.562s] Level 1:colcon.colcon_core.environment:checking '/home/pim0ubuntu/go1_ws/install/go1_description/lib/pkgconfig/go1_description.pc'
[0.563s] Level 1:colcon.colcon_core.environment:checking '/home/pim0ubuntu/go1_ws/install/go1_description/lib/python3.10/site-packages'
[0.564s] Level 1:colcon.colcon_core.environment:checking '/home/pim0ubuntu/go1_ws/install/go1_description/bin'
[0.565s] INFO:colcon.colcon_core.shell:Creating package script '/home/pim0ubuntu/go1_ws/install/go1_description/share/go1_description/package.ps1'
[0.566s] INFO:colcon.colcon_core.shell:Creating package descriptor '/home/pim0ubuntu/go1_ws/install/go1_description/share/go1_description/package.dsv'
[0.568s] INFO:colcon.colcon_core.shell:Creating package script '/home/pim0ubuntu/go1_ws/install/go1_description/share/go1_description/package.sh'
[0.570s] INFO:colcon.colcon_core.shell:Creating package script '/home/pim0ubuntu/go1_ws/install/go1_description/share/go1_description/package.bash'
[0.571s] INFO:colcon.colcon_core.shell:Creating package script '/home/pim0ubuntu/go1_ws/install/go1_description/share/go1_description/package.zsh'
[0.572s] Level 1:colcon.colcon_core.environment:create_file_with_runtime_dependencies(/home/pim0ubuntu/go1_ws/install/go1_description/share/colcon-core/packages/go1_description)
[0.572s] Level 1:colcon.colcon_core.environment:create_environment_scripts_only(go1_description)
[0.573s] Level 1:colcon.colcon_core.environment:checking '/home/pim0ubuntu/go1_ws/install/go1_description' for CMake module files
[0.573s] Level 1:colcon.colcon_core.environment:checking '/home/pim0ubuntu/go1_ws/install/go1_description' for CMake config files
[0.574s] Level 1:colcon.colcon_core.shell:create_environment_hook('go1_description', 'cmake_prefix_path')
[0.574s] INFO:colcon.colcon_core.shell:Creating environment hook '/home/pim0ubuntu/go1_ws/install/go1_description/share/go1_description/hook/cmake_prefix_path.ps1'
[0.575s] INFO:colcon.colcon_core.shell:Creating environment descriptor '/home/pim0ubuntu/go1_ws/install/go1_description/share/go1_description/hook/cmake_prefix_path.dsv'
[0.575s] INFO:colcon.colcon_core.shell:Creating environment hook '/home/pim0ubuntu/go1_ws/install/go1_description/share/go1_description/hook/cmake_prefix_path.sh'
[0.576s] Level 1:colcon.colcon_core.environment:checking '/home/pim0ubuntu/go1_ws/install/go1_description/bin'
[0.576s] Level 1:colcon.colcon_core.environment:checking '/home/pim0ubuntu/go1_ws/install/go1_description/lib/pkgconfig/go1_description.pc'
[0.576s] Level 1:colcon.colcon_core.environment:checking '/home/pim0ubuntu/go1_ws/install/go1_description/lib/python3.10/site-packages'
[0.576s] Level 1:colcon.colcon_core.environment:checking '/home/pim0ubuntu/go1_ws/install/go1_description/bin'
[0.576s] INFO:colcon.colcon_core.shell:Creating package script '/home/pim0ubuntu/go1_ws/install/go1_description/share/go1_description/package.ps1'
[0.577s] INFO:colcon.colcon_core.shell:Creating package descriptor '/home/pim0ubuntu/go1_ws/install/go1_description/share/go1_description/package.dsv'
[0.577s] INFO:colcon.colcon_core.shell:Creating package script '/home/pim0ubuntu/go1_ws/install/go1_description/share/go1_description/package.sh'
[0.578s] INFO:colcon.colcon_core.shell:Creating package script '/home/pim0ubuntu/go1_ws/install/go1_description/share/go1_description/package.bash'
[0.578s] INFO:colcon.colcon_core.shell:Creating package script '/home/pim0ubuntu/go1_ws/install/go1_description/share/go1_description/package.zsh'
[0.578s] Level 1:colcon.colcon_core.environment:create_file_with_runtime_dependencies(/home/pim0ubuntu/go1_ws/install/go1_description/share/colcon-core/packages/go1_description)
[0.581s] DEBUG:colcon.colcon_core.event_handler.log_command:Invoked command in '/home/pim0ubuntu/go1_ws/build/motor_ctrl' returned '0': /usr/bin/cmake --build /home/pim0ubuntu/go1_ws/build/motor_ctrl -- -j4 -l4
[0.582s] WARNING:colcon.colcon_cmake.task.cmake.build:Could not run installation step for package 'motor_ctrl' because it has no 'install' target
[0.582s] Level 1:colcon.colcon_core.environment:create_environment_scripts_only(motor_ctrl)
[0.582s] Level 1:colcon.colcon_core.environment:checking '/home/pim0ubuntu/go1_ws/install/motor_ctrl' for CMake module files
[0.583s] Level 1:colcon.colcon_core.environment:checking '/home/pim0ubuntu/go1_ws/install/motor_ctrl' for CMake config files
[0.583s] Level 1:colcon.colcon_core.environment:checking '/home/pim0ubuntu/go1_ws/install/motor_ctrl/bin'
[0.583s] Level 1:colcon.colcon_core.environment:checking '/home/pim0ubuntu/go1_ws/install/motor_ctrl/lib/pkgconfig/motor_ctrl.pc'
[0.584s] Level 1:colcon.colcon_core.environment:checking '/home/pim0ubuntu/go1_ws/install/motor_ctrl/lib/python3.10/site-packages'
[0.584s] Level 1:colcon.colcon_core.environment:checking '/home/pim0ubuntu/go1_ws/install/motor_ctrl/bin'
[0.584s] INFO:colcon.colcon_core.shell:Creating package script '/home/pim0ubuntu/go1_ws/install/motor_ctrl/share/motor_ctrl/package.ps1'
[0.585s] INFO:colcon.colcon_core.shell:Creating package descriptor '/home/pim0ubuntu/go1_ws/install/motor_ctrl/share/motor_ctrl/package.dsv'
[0.585s] INFO:colcon.colcon_core.shell:Creating package script '/home/pim0ubuntu/go1_ws/install/motor_ctrl/share/motor_ctrl/package.sh'
[0.586s] INFO:colcon.colcon_core.shell:Creating package script '/home/pim0ubuntu/go1_ws/install/motor_ctrl/share/motor_ctrl/package.bash'
[0.587s] INFO:colcon.colcon_core.shell:Creating package script '/home/pim0ubuntu/go1_ws/install/motor_ctrl/share/motor_ctrl/package.zsh'
[0.587s] Level 1:colcon.colcon_core.environment:create_file_with_runtime_dependencies(/home/pim0ubuntu/go1_ws/install/motor_ctrl/share/colcon-core/packages/motor_ctrl)
[1.176s] DEBUG:colcon.colcon_core.event_handler.log_command:Invoked command in '/home/pim0ubuntu/go1_ws/build/ros2_unitree_legged_msgs' returned '0': CMAKE_PREFIX_PATH=${CMAKE_PREFIX_PATH}:/opt/ros/humble /usr/bin/cmake --build /home/pim0ubuntu/go1_ws/build/ros2_unitree_legged_msgs -- -j4 -l4
[1.183s] DEBUG:colcon.colcon_core.event_handler.log_command:Invoking command in '/home/pim0ubuntu/go1_ws/build/ros2_unitree_legged_msgs': CMAKE_PREFIX_PATH=${CMAKE_PREFIX_PATH}:/opt/ros/humble /usr/bin/cmake --install /home/pim0ubuntu/go1_ws/build/ros2_unitree_legged_msgs
[1.385s] Level 1:colcon.colcon_core.environment:create_environment_scripts_only(ros2_unitree_legged_msgs)
[1.386s] DEBUG:colcon.colcon_core.event_handler.log_command:Invoked command in '/home/pim0ubuntu/go1_ws/build/ros2_unitree_legged_msgs' returned '0': CMAKE_PREFIX_PATH=${CMAKE_PREFIX_PATH}:/opt/ros/humble /usr/bin/cmake --install /home/pim0ubuntu/go1_ws/build/ros2_unitree_legged_msgs
[1.386s] Level 1:colcon.colcon_core.environment:checking '/home/pim0ubuntu/go1_ws/install/ros2_unitree_legged_msgs' for CMake module files
[1.386s] Level 1:colcon.colcon_core.environment:checking '/home/pim0ubuntu/go1_ws/install/ros2_unitree_legged_msgs' for CMake config files
[1.387s] Level 1:colcon.colcon_core.shell:create_environment_hook('ros2_unitree_legged_msgs', 'cmake_prefix_path')
[1.387s] INFO:colcon.colcon_core.shell:Creating environment hook '/home/pim0ubuntu/go1_ws/install/ros2_unitree_legged_msgs/share/ros2_unitree_legged_msgs/hook/cmake_prefix_path.ps1'
[1.388s] INFO:colcon.colcon_core.shell:Creating environment descriptor '/home/pim0ubuntu/go1_ws/install/ros2_unitree_legged_msgs/share/ros2_unitree_legged_msgs/hook/cmake_prefix_path.dsv'
[1.388s] INFO:colcon.colcon_core.shell:Creating environment hook '/home/pim0ubuntu/go1_ws/install/ros2_unitree_legged_msgs/share/ros2_unitree_legged_msgs/hook/cmake_prefix_path.sh'
[1.389s] Level 1:colcon.colcon_core.environment:checking '/home/pim0ubuntu/go1_ws/install/ros2_unitree_legged_msgs/lib'
[1.389s] Level 1:colcon.colcon_core.shell:create_environment_hook('ros2_unitree_legged_msgs', 'ld_library_path_lib')
[1.390s] INFO:colcon.colcon_core.shell:Creating environment hook '/home/pim0ubuntu/go1_ws/install/ros2_unitree_legged_msgs/share/ros2_unitree_legged_msgs/hook/ld_library_path_lib.ps1'
[1.390s] INFO:colcon.colcon_core.shell:Creating environment descriptor '/home/pim0ubuntu/go1_ws/install/ros2_unitree_legged_msgs/share/ros2_unitree_legged_msgs/hook/ld_library_path_lib.dsv'
[1.391s] INFO:colcon.colcon_core.shell:Creating environment hook '/home/pim0ubuntu/go1_ws/install/ros2_unitree_legged_msgs/share/ros2_unitree_legged_msgs/hook/ld_library_path_lib.sh'
[1.392s] Level 1:colcon.colcon_core.environment:checking '/home/pim0ubuntu/go1_ws/install/ros2_unitree_legged_msgs/bin'
[1.392s] Level 1:colcon.colcon_core.environment:checking '/home/pim0ubuntu/go1_ws/install/ros2_unitree_legged_msgs/lib/pkgconfig/ros2_unitree_legged_msgs.pc'
[1.393s] Level 1:colcon.colcon_core.environment:checking '/home/pim0ubuntu/go1_ws/install/ros2_unitree_legged_msgs/lib/python3.10/site-packages'
[1.393s] Level 1:colcon.colcon_core.environment:checking '/home/pim0ubuntu/go1_ws/install/ros2_unitree_legged_msgs/bin'
[1.395s] INFO:colcon.colcon_core.shell:Creating package script '/home/pim0ubuntu/go1_ws/install/ros2_unitree_legged_msgs/share/ros2_unitree_legged_msgs/package.ps1'
[1.396s] INFO:colcon.colcon_core.shell:Creating package descriptor '/home/pim0ubuntu/go1_ws/install/ros2_unitree_legged_msgs/share/ros2_unitree_legged_msgs/package.dsv'
[1.408s] INFO:colcon.colcon_core.shell:Creating package script '/home/pim0ubuntu/go1_ws/install/ros2_unitree_legged_msgs/share/ros2_unitree_legged_msgs/package.sh'
[1.409s] INFO:colcon.colcon_core.shell:Creating package script '/home/pim0ubuntu/go1_ws/install/ros2_unitree_legged_msgs/share/ros2_unitree_legged_msgs/package.bash'
[1.410s] INFO:colcon.colcon_core.shell:Creating package script '/home/pim0ubuntu/go1_ws/install/ros2_unitree_legged_msgs/share/ros2_unitree_legged_msgs/package.zsh'
[1.411s] Level 1:colcon.colcon_core.environment:create_file_with_runtime_dependencies(/home/pim0ubuntu/go1_ws/install/ros2_unitree_legged_msgs/share/colcon-core/packages/ros2_unitree_legged_msgs)
[1.412s] Level 1:colcon.colcon_core.environment:create_environment_scripts_only(ros2_unitree_legged_msgs)
[1.412s] Level 1:colcon.colcon_core.environment:checking '/home/pim0ubuntu/go1_ws/install/ros2_unitree_legged_msgs' for CMake module files
[1.413s] Level 1:colcon.colcon_core.environment:checking '/home/pim0ubuntu/go1_ws/install/ros2_unitree_legged_msgs' for CMake config files
[1.413s] Level 1:colcon.colcon_core.shell:create_environment_hook('ros2_unitree_legged_msgs', 'cmake_prefix_path')
[1.413s] INFO:colcon.colcon_core.shell:Creating environment hook '/home/pim0ubuntu/go1_ws/install/ros2_unitree_legged_msgs/share/ros2_unitree_legged_msgs/hook/cmake_prefix_path.ps1'
[1.414s] INFO:colcon.colcon_core.shell:Creating environment descriptor '/home/pim0ubuntu/go1_ws/install/ros2_unitree_legged_msgs/share/ros2_unitree_legged_msgs/hook/cmake_prefix_path.dsv'
[1.414s] INFO:colcon.colcon_core.shell:Creating environment hook '/home/pim0ubuntu/go1_ws/install/ros2_unitree_legged_msgs/share/ros2_unitree_legged_msgs/hook/cmake_prefix_path.sh'
[1.415s] Level 1:colcon.colcon_core.environment:checking '/home/pim0ubuntu/go1_ws/install/ros2_unitree_legged_msgs/lib'
[1.415s] Level 1:colcon.colcon_core.shell:create_environment_hook('ros2_unitree_legged_msgs', 'ld_library_path_lib')
[1.415s] INFO:colcon.colcon_core.shell:Creating environment hook '/home/pim0ubuntu/go1_ws/install/ros2_unitree_legged_msgs/share/ros2_unitree_legged_msgs/hook/ld_library_path_lib.ps1'
[1.416s] INFO:colcon.colcon_core.shell:Creating environment descriptor '/home/pim0ubuntu/go1_ws/install/ros2_unitree_legged_msgs/share/ros2_unitree_legged_msgs/hook/ld_library_path_lib.dsv'
[1.416s] INFO:colcon.colcon_core.shell:Creating environment hook '/home/pim0ubuntu/go1_ws/install/ros2_unitree_legged_msgs/share/ros2_unitree_legged_msgs/hook/ld_library_path_lib.sh'
[1.416s] Level 1:colcon.colcon_core.environment:checking '/home/pim0ubuntu/go1_ws/install/ros2_unitree_legged_msgs/bin'
[1.416s] Level 1:colcon.colcon_core.environment:checking '/home/pim0ubuntu/go1_ws/install/ros2_unitree_legged_msgs/lib/pkgconfig/ros2_unitree_legged_msgs.pc'
[1.417s] Level 1:colcon.colcon_core.environment:checking '/home/pim0ubuntu/go1_ws/install/ros2_unitree_legged_msgs/lib/python3.10/site-packages'
[1.417s] Level 1:colcon.colcon_core.environment:checking '/home/pim0ubuntu/go1_ws/install/ros2_unitree_legged_msgs/bin'
[1.417s] INFO:colcon.colcon_core.shell:Creating package script '/home/pim0ubuntu/go1_ws/install/ros2_unitree_legged_msgs/share/ros2_unitree_legged_msgs/package.ps1'
[1.417s] INFO:colcon.colcon_core.shell:Creating package descriptor '/home/pim0ubuntu/go1_ws/install/ros2_unitree_legged_msgs/share/ros2_unitree_legged_msgs/package.dsv'
[1.418s] INFO:colcon.colcon_core.shell:Creating package script '/home/pim0ubuntu/go1_ws/install/ros2_unitree_legged_msgs/share/ros2_unitree_legged_msgs/package.sh'
[1.418s] INFO:colcon.colcon_core.shell:Creating package script '/home/pim0ubuntu/go1_ws/install/ros2_unitree_legged_msgs/share/ros2_unitree_legged_msgs/package.bash'
[1.419s] INFO:colcon.colcon_core.shell:Creating package script '/home/pim0ubuntu/go1_ws/install/ros2_unitree_legged_msgs/share/ros2_unitree_legged_msgs/package.zsh'
[1.419s] Level 1:colcon.colcon_core.environment:create_file_with_runtime_dependencies(/home/pim0ubuntu/go1_ws/install/ros2_unitree_legged_msgs/share/colcon-core/packages/ros2_unitree_legged_msgs)
[1.419s] INFO:colcon.colcon_ros.task.ament_cmake.build:Building ROS package in '/home/pim0ubuntu/go1_ws/src/unitree_guide2/unitree_joint_controller' with build type 'ament_cmake'
[1.420s] INFO:colcon.colcon_cmake.task.cmake.build:Building CMake package in '/home/pim0ubuntu/go1_ws/src/unitree_guide2/unitree_joint_controller'
[1.420s] INFO:colcon.colcon_core.shell:Skip shell extension 'powershell' for command environment: Not usable outside of PowerShell
[1.420s] DEBUG:colcon.colcon_core.shell:Skip shell extension 'dsv' for command environment
[1.439s] DEBUG:colcon.colcon_core.event_handler.log_command:Invoking command in '/home/pim0ubuntu/go1_ws/build/unitree_joint_controller': CMAKE_PREFIX_PATH=/home/pim0ubuntu/go1_ws/install/ros2_unitree_legged_msgs:/home/pim0ubuntu/go1_ws/install/unitree_joint_controller:/home/pim0ubuntu/go1_ws/install/unitree_guide2:/home/pim0ubuntu/go1_ws/install/go1_description:/opt/ros/humble LD_LIBRARY_PATH=/home/pim0ubuntu/go1_ws/install/ros2_unitree_legged_msgs/lib:/home/pim0ubuntu/go1_ws/install/unitree_joint_controller/lib:/usr/lib/x86_64-linux-gnu/gazebo-11/plugins:/opt/ros/humble/opt/rviz_ogre_vendor/lib:/opt/ros/humble/lib/x86_64-linux-gnu:/opt/ros/humble/lib /usr/bin/cmake --build /home/pim0ubuntu/go1_ws/build/unitree_joint_controller -- -j4 -l4
[1.664s] DEBUG:colcon.colcon_core.event_handler.log_command:Invoked command in '/home/pim0ubuntu/go1_ws/build/unitree_joint_controller' returned '0': CMAKE_PREFIX_PATH=/home/pim0ubuntu/go1_ws/install/ros2_unitree_legged_msgs:/home/pim0ubuntu/go1_ws/install/unitree_joint_controller:/home/pim0ubuntu/go1_ws/install/unitree_guide2:/home/pim0ubuntu/go1_ws/install/go1_description:/opt/ros/humble LD_LIBRARY_PATH=/home/pim0ubuntu/go1_ws/install/ros2_unitree_legged_msgs/lib:/home/pim0ubuntu/go1_ws/install/unitree_joint_controller/lib:/usr/lib/x86_64-linux-gnu/gazebo-11/plugins:/opt/ros/humble/opt/rviz_ogre_vendor/lib:/opt/ros/humble/lib/x86_64-linux-gnu:/opt/ros/humble/lib /usr/bin/cmake --build /home/pim0ubuntu/go1_ws/build/unitree_joint_controller -- -j4 -l4
[1.667s] DEBUG:colcon.colcon_core.event_handler.log_command:Invoking command in '/home/pim0ubuntu/go1_ws/build/unitree_joint_controller': CMAKE_PREFIX_PATH=/home/pim0ubuntu/go1_ws/install/ros2_unitree_legged_msgs:/home/pim0ubuntu/go1_ws/install/unitree_joint_controller:/home/pim0ubuntu/go1_ws/install/unitree_guide2:/home/pim0ubuntu/go1_ws/install/go1_description:/opt/ros/humble LD_LIBRARY_PATH=/home/pim0ubuntu/go1_ws/install/ros2_unitree_legged_msgs/lib:/home/pim0ubuntu/go1_ws/install/unitree_joint_controller/lib:/usr/lib/x86_64-linux-gnu/gazebo-11/plugins:/opt/ros/humble/opt/rviz_ogre_vendor/lib:/opt/ros/humble/lib/x86_64-linux-gnu:/opt/ros/humble/lib /usr/bin/cmake --install /home/pim0ubuntu/go1_ws/build/unitree_joint_controller
[1.683s] Level 1:colcon.colcon_core.environment:create_environment_scripts_only(unitree_joint_controller)
[1.684s] DEBUG:colcon.colcon_core.event_handler.log_command:Invoked command in '/home/pim0ubuntu/go1_ws/build/unitree_joint_controller' returned '0': CMAKE_PREFIX_PATH=/home/pim0ubuntu/go1_ws/install/ros2_unitree_legged_msgs:/home/pim0ubuntu/go1_ws/install/unitree_joint_controller:/home/pim0ubuntu/go1_ws/install/unitree_guide2:/home/pim0ubuntu/go1_ws/install/go1_description:/opt/ros/humble LD_LIBRARY_PATH=/home/pim0ubuntu/go1_ws/install/ros2_unitree_legged_msgs/lib:/home/pim0ubuntu/go1_ws/install/unitree_joint_controller/lib:/usr/lib/x86_64-linux-gnu/gazebo-11/plugins:/opt/ros/humble/opt/rviz_ogre_vendor/lib:/opt/ros/humble/lib/x86_64-linux-gnu:/opt/ros/humble/lib /usr/bin/cmake --install /home/pim0ubuntu/go1_ws/build/unitree_joint_controller
[1.684s] Level 1:colcon.colcon_core.environment:checking '/home/pim0ubuntu/go1_ws/install/unitree_joint_controller' for CMake module files
[1.684s] Level 1:colcon.colcon_core.environment:checking '/home/pim0ubuntu/go1_ws/install/unitree_joint_controller' for CMake config files
[1.685s] Level 1:colcon.colcon_core.shell:create_environment_hook('unitree_joint_controller', 'cmake_prefix_path')
[1.685s] INFO:colcon.colcon_core.shell:Creating environment hook '/home/pim0ubuntu/go1_ws/install/unitree_joint_controller/share/unitree_joint_controller/hook/cmake_prefix_path.ps1'
[1.685s] INFO:colcon.colcon_core.shell:Creating environment descriptor '/home/pim0ubuntu/go1_ws/install/unitree_joint_controller/share/unitree_joint_controller/hook/cmake_prefix_path.dsv'
[1.686s] INFO:colcon.colcon_core.shell:Creating environment hook '/home/pim0ubuntu/go1_ws/install/unitree_joint_controller/share/unitree_joint_controller/hook/cmake_prefix_path.sh'
[1.686s] Level 1:colcon.colcon_core.environment:checking '/home/pim0ubuntu/go1_ws/install/unitree_joint_controller/lib'
[1.687s] Level 1:colcon.colcon_core.shell:create_environment_hook('unitree_joint_controller', 'ld_library_path_lib')
[1.688s] INFO:colcon.colcon_core.shell:Creating environment hook '/home/pim0ubuntu/go1_ws/install/unitree_joint_controller/share/unitree_joint_controller/hook/ld_library_path_lib.ps1'
[1.688s] INFO:colcon.colcon_core.shell:Creating environment descriptor '/home/pim0ubuntu/go1_ws/install/unitree_joint_controller/share/unitree_joint_controller/hook/ld_library_path_lib.dsv'
[1.689s] INFO:colcon.colcon_core.shell:Creating environment hook '/home/pim0ubuntu/go1_ws/install/unitree_joint_controller/share/unitree_joint_controller/hook/ld_library_path_lib.sh'
[1.689s] Level 1:colcon.colcon_core.environment:checking '/home/pim0ubuntu/go1_ws/install/unitree_joint_controller/bin'
[1.689s] Level 1:colcon.colcon_core.environment:checking '/home/pim0ubuntu/go1_ws/install/unitree_joint_controller/lib/pkgconfig/unitree_joint_controller.pc'
[1.691s] Level 1:colcon.colcon_core.environment:checking '/home/pim0ubuntu/go1_ws/install/unitree_joint_controller/lib/python3.10/site-packages'
[1.692s] Level 1:colcon.colcon_core.environment:checking '/home/pim0ubuntu/go1_ws/install/unitree_joint_controller/bin'
[1.692s] INFO:colcon.colcon_core.shell:Creating package script '/home/pim0ubuntu/go1_ws/install/unitree_joint_controller/share/unitree_joint_controller/package.ps1'
[1.696s] INFO:colcon.colcon_core.shell:Creating package descriptor '/home/pim0ubuntu/go1_ws/install/unitree_joint_controller/share/unitree_joint_controller/package.dsv'
[1.699s] INFO:colcon.colcon_core.shell:Creating package script '/home/pim0ubuntu/go1_ws/install/unitree_joint_controller/share/unitree_joint_controller/package.sh'
[1.700s] INFO:colcon.colcon_core.shell:Creating package script '/home/pim0ubuntu/go1_ws/install/unitree_joint_controller/share/unitree_joint_controller/package.bash'
[1.701s] INFO:colcon.colcon_core.shell:Creating package script '/home/pim0ubuntu/go1_ws/install/unitree_joint_controller/share/unitree_joint_controller/package.zsh'
[1.702s] Level 1:colcon.colcon_core.environment:create_file_with_runtime_dependencies(/home/pim0ubuntu/go1_ws/install/unitree_joint_controller/share/colcon-core/packages/unitree_joint_controller)
[1.703s] Level 1:colcon.colcon_core.environment:create_environment_scripts_only(unitree_joint_controller)
[1.704s] Level 1:colcon.colcon_core.environment:checking '/home/pim0ubuntu/go1_ws/install/unitree_joint_controller' for CMake module files
[1.704s] Level 1:colcon.colcon_core.environment:checking '/home/pim0ubuntu/go1_ws/install/unitree_joint_controller' for CMake config files
[1.704s] Level 1:colcon.colcon_core.shell:create_environment_hook('unitree_joint_controller', 'cmake_prefix_path')
[1.705s] INFO:colcon.colcon_core.shell:Creating environment hook '/home/pim0ubuntu/go1_ws/install/unitree_joint_controller/share/unitree_joint_controller/hook/cmake_prefix_path.ps1'
[1.705s] INFO:colcon.colcon_core.shell:Creating environment descriptor '/home/pim0ubuntu/go1_ws/install/unitree_joint_controller/share/unitree_joint_controller/hook/cmake_prefix_path.dsv'
[1.706s] INFO:colcon.colcon_core.shell:Creating environment hook '/home/pim0ubuntu/go1_ws/install/unitree_joint_controller/share/unitree_joint_controller/hook/cmake_prefix_path.sh'
[1.706s] Level 1:colcon.colcon_core.environment:checking '/home/pim0ubuntu/go1_ws/install/unitree_joint_controller/lib'
[1.706s] Level 1:colcon.colcon_core.shell:create_environment_hook('unitree_joint_controller', 'ld_library_path_lib')
[1.706s] INFO:colcon.colcon_core.shell:Creating environment hook '/home/pim0ubuntu/go1_ws/install/unitree_joint_controller/share/unitree_joint_controller/hook/ld_library_path_lib.ps1'
[1.707s] INFO:colcon.colcon_core.shell:Creating environment descriptor '/home/pim0ubuntu/go1_ws/install/unitree_joint_controller/share/unitree_joint_controller/hook/ld_library_path_lib.dsv'
[1.707s] INFO:colcon.colcon_core.shell:Creating environment hook '/home/pim0ubuntu/go1_ws/install/unitree_joint_controller/share/unitree_joint_controller/hook/ld_library_path_lib.sh'
[1.707s] Level 1:colcon.colcon_core.environment:checking '/home/pim0ubuntu/go1_ws/install/unitree_joint_controller/bin'
[1.707s] Level 1:colcon.colcon_core.environment:checking '/home/pim0ubuntu/go1_ws/install/unitree_joint_controller/lib/pkgconfig/unitree_joint_controller.pc'
[1.708s] Level 1:colcon.colcon_core.environment:checking '/home/pim0ubuntu/go1_ws/install/unitree_joint_controller/lib/python3.10/site-packages'
[1.708s] Level 1:colcon.colcon_core.environment:checking '/home/pim0ubuntu/go1_ws/install/unitree_joint_controller/bin'
[1.708s] INFO:colcon.colcon_core.shell:Creating package script '/home/pim0ubuntu/go1_ws/install/unitree_joint_controller/share/unitree_joint_controller/package.ps1'
[1.709s] INFO:colcon.colcon_core.shell:Creating package descriptor '/home/pim0ubuntu/go1_ws/install/unitree_joint_controller/share/unitree_joint_controller/package.dsv'
[1.710s] INFO:colcon.colcon_core.shell:Creating package script '/home/pim0ubuntu/go1_ws/install/unitree_joint_controller/share/unitree_joint_controller/package.sh'
[1.713s] INFO:colcon.colcon_core.shell:Creating package script '/home/pim0ubuntu/go1_ws/install/unitree_joint_controller/share/unitree_joint_controller/package.bash'
[1.718s] INFO:colcon.colcon_core.shell:Creating package script '/home/pim0ubuntu/go1_ws/install/unitree_joint_controller/share/unitree_joint_controller/package.zsh'
[1.719s] Level 1:colcon.colcon_core.environment:create_file_with_runtime_dependencies(/home/pim0ubuntu/go1_ws/install/unitree_joint_controller/share/colcon-core/packages/unitree_joint_controller)
[12.879s] DEBUG:colcon.colcon_core.event_handler.log_command:Invoked command in '/home/pim0ubuntu/go1_ws/build/unitree_guide2' returned '0': CMAKE_PREFIX_PATH=${CMAKE_PREFIX_PATH}:/opt/ros/humble /usr/bin/cmake --build /home/pim0ubuntu/go1_ws/build/unitree_guide2 -- -j4 -l4
[12.881s] DEBUG:colcon.colcon_core.event_handler.log_command:Invoking command in '/home/pim0ubuntu/go1_ws/build/unitree_guide2': CMAKE_PREFIX_PATH=${CMAKE_PREFIX_PATH}:/opt/ros/humble /usr/bin/cmake --install /home/pim0ubuntu/go1_ws/build/unitree_guide2
[12.919s] Level 1:colcon.colcon_core.environment:create_environment_scripts_only(unitree_guide2)
[12.920s] Level 1:colcon.colcon_core.environment:checking '/home/pim0ubuntu/go1_ws/install/unitree_guide2' for CMake module files
[12.920s] DEBUG:colcon.colcon_core.event_handler.log_command:Invoked command in '/home/pim0ubuntu/go1_ws/build/unitree_guide2' returned '0': CMAKE_PREFIX_PATH=${CMAKE_PREFIX_PATH}:/opt/ros/humble /usr/bin/cmake --install /home/pim0ubuntu/go1_ws/build/unitree_guide2
[12.921s] Level 1:colcon.colcon_core.environment:checking '/home/pim0ubuntu/go1_ws/install/unitree_guide2' for CMake config files
[12.921s] Level 1:colcon.colcon_core.shell:create_environment_hook('unitree_guide2', 'cmake_prefix_path')
[12.922s] INFO:colcon.colcon_core.shell:Creating environment hook '/home/pim0ubuntu/go1_ws/install/unitree_guide2/share/unitree_guide2/hook/cmake_prefix_path.ps1'
[12.923s] INFO:colcon.colcon_core.shell:Creating environment descriptor '/home/pim0ubuntu/go1_ws/install/unitree_guide2/share/unitree_guide2/hook/cmake_prefix_path.dsv'
[12.924s] INFO:colcon.colcon_core.shell:Creating environment hook '/home/pim0ubuntu/go1_ws/install/unitree_guide2/share/unitree_guide2/hook/cmake_prefix_path.sh'
[12.924s] Level 1:colcon.colcon_core.environment:checking '/home/pim0ubuntu/go1_ws/install/unitree_guide2/lib'
[12.925s] Level 1:colcon.colcon_core.environment:checking '/home/pim0ubuntu/go1_ws/install/unitree_guide2/bin'
[12.925s] Level 1:colcon.colcon_core.environment:checking '/home/pim0ubuntu/go1_ws/install/unitree_guide2/lib/pkgconfig/unitree_guide2.pc'
[12.925s] Level 1:colcon.colcon_core.environment:checking '/home/pim0ubuntu/go1_ws/install/unitree_guide2/lib/python3.10/site-packages'
[12.925s] Level 1:colcon.colcon_core.environment:checking '/home/pim0ubuntu/go1_ws/install/unitree_guide2/bin'
[12.925s] INFO:colcon.colcon_core.shell:Creating package script '/home/pim0ubuntu/go1_ws/install/unitree_guide2/share/unitree_guide2/package.ps1'
[12.926s] INFO:colcon.colcon_core.shell:Creating package descriptor '/home/pim0ubuntu/go1_ws/install/unitree_guide2/share/unitree_guide2/package.dsv'
[12.926s] INFO:colcon.colcon_core.shell:Creating package script '/home/pim0ubuntu/go1_ws/install/unitree_guide2/share/unitree_guide2/package.sh'
[12.927s] INFO:colcon.colcon_core.shell:Creating package script '/home/pim0ubuntu/go1_ws/install/unitree_guide2/share/unitree_guide2/package.bash'
[12.927s] INFO:colcon.colcon_core.shell:Creating package script '/home/pim0ubuntu/go1_ws/install/unitree_guide2/share/unitree_guide2/package.zsh'
[12.927s] Level 1:colcon.colcon_core.environment:create_file_with_runtime_dependencies(/home/pim0ubuntu/go1_ws/install/unitree_guide2/share/colcon-core/packages/unitree_guide2)
[12.928s] Level 1:colcon.colcon_core.environment:create_environment_scripts_only(unitree_guide2)
[12.928s] Level 1:colcon.colcon_core.environment:checking '/home/pim0ubuntu/go1_ws/install/unitree_guide2' for CMake module files
[12.929s] Level 1:colcon.colcon_core.environment:checking '/home/pim0ubuntu/go1_ws/install/unitree_guide2' for CMake config files
[12.929s] Level 1:colcon.colcon_core.shell:create_environment_hook('unitree_guide2', 'cmake_prefix_path')
[12.929s] INFO:colcon.colcon_core.shell:Creating environment hook '/home/pim0ubuntu/go1_ws/install/unitree_guide2/share/unitree_guide2/hook/cmake_prefix_path.ps1'
[12.930s] INFO:colcon.colcon_core.shell:Creating environment descriptor '/home/pim0ubuntu/go1_ws/install/unitree_guide2/share/unitree_guide2/hook/cmake_prefix_path.dsv'
[12.930s] INFO:colcon.colcon_core.shell:Creating environment hook '/home/pim0ubuntu/go1_ws/install/unitree_guide2/share/unitree_guide2/hook/cmake_prefix_path.sh'
[12.931s] Level 1:colcon.colcon_core.environment:checking '/home/pim0ubuntu/go1_ws/install/unitree_guide2/lib'
[12.931s] Level 1:colcon.colcon_core.environment:checking '/home/pim0ubuntu/go1_ws/install/unitree_guide2/bin'
[12.931s] Level 1:colcon.colcon_core.environment:checking '/home/pim0ubuntu/go1_ws/install/unitree_guide2/lib/pkgconfig/unitree_guide2.pc'
[12.931s] Level 1:colcon.colcon_core.environment:checking '/home/pim0ubuntu/go1_ws/install/unitree_guide2/lib/python3.10/site-packages'
[12.932s] Level 1:colcon.colcon_core.environment:checking '/home/pim0ubuntu/go1_ws/install/unitree_guide2/bin'
[12.932s] INFO:colcon.colcon_core.shell:Creating package script '/home/pim0ubuntu/go1_ws/install/unitree_guide2/share/unitree_guide2/package.ps1'
[12.933s] INFO:colcon.colcon_core.shell:Creating package descriptor '/home/pim0ubuntu/go1_ws/install/unitree_guide2/share/unitree_guide2/package.dsv'
[12.933s] INFO:colcon.colcon_core.shell:Creating package script '/home/pim0ubuntu/go1_ws/install/unitree_guide2/share/unitree_guide2/package.sh'
[12.933s] INFO:colcon.colcon_core.shell:Creating package script '/home/pim0ubuntu/go1_ws/install/unitree_guide2/share/unitree_guide2/package.bash'
[12.934s] INFO:colcon.colcon_core.shell:Creating package script '/home/pim0ubuntu/go1_ws/install/unitree_guide2/share/unitree_guide2/package.zsh'
[12.934s] Level 1:colcon.colcon_core.environment:create_file_with_runtime_dependencies(/home/pim0ubuntu/go1_ws/install/unitree_guide2/share/colcon-core/packages/unitree_guide2)
[12.934s] DEBUG:colcon.colcon_parallel_executor.executor.parallel:closing loop
[12.935s] DEBUG:colcon.colcon_parallel_executor.executor.parallel:loop closed
[12.935s] DEBUG:colcon.colcon_parallel_executor.executor.parallel:run_until_complete finished with '0'
[12.935s] DEBUG:colcon.colcon_core.event_reactor:joining thread
[12.940s] INFO:colcon.colcon_core.plugin_system:Skipping extension 'colcon_notification.desktop_notification.terminal_notifier': Not used on non-Darwin systems
[12.941s] INFO:colcon.colcon_core.plugin_system:Skipping extension 'colcon_notification.desktop_notification.win32': Not used on non-Windows systems
[12.941s] INFO:colcon.colcon_notification.desktop_notification:Sending desktop notification using 'notify2'
[12.960s] DEBUG:colcon.colcon_core.event_reactor:joined thread
[12.961s] INFO:colcon.colcon_core.shell:Creating prefix script '/home/pim0ubuntu/go1_ws/install/local_setup.ps1'
[12.962s] INFO:colcon.colcon_core.shell:Creating prefix util module '/home/pim0ubuntu/go1_ws/install/_local_setup_util_ps1.py'
[12.963s] INFO:colcon.colcon_core.shell:Creating prefix chain script '/home/pim0ubuntu/go1_ws/install/setup.ps1'
[12.965s] INFO:colcon.colcon_core.shell:Creating prefix script '/home/pim0ubuntu/go1_ws/install/local_setup.sh'
[12.965s] INFO:colcon.colcon_core.shell:Creating prefix util module '/home/pim0ubuntu/go1_ws/install/_local_setup_util_sh.py'
[12.966s] INFO:colcon.colcon_core.shell:Creating prefix chain script '/home/pim0ubuntu/go1_ws/install/setup.sh'
[12.967s] INFO:colcon.colcon_core.shell:Creating prefix script '/home/pim0ubuntu/go1_ws/install/local_setup.bash'
[12.968s] INFO:colcon.colcon_core.shell:Creating prefix chain script '/home/pim0ubuntu/go1_ws/install/setup.bash'
[12.969s] INFO:colcon.colcon_core.shell:Creating prefix script '/home/pim0ubuntu/go1_ws/install/local_setup.zsh'
[12.969s] INFO:colcon.colcon_core.shell:Creating prefix chain script '/home/pim0ubuntu/go1_ws/install/setup.zsh'
