[0.029s] Invoking command in '/home/pim0ubuntu/go1_ws/build/unitree_joint_controller': CMAKE_PREFIX_PATH=/home/pim0ubuntu/go1_ws/install/ros2_unitree_legged_msgs:/home/pim0ubuntu/go1_ws/install/unitree_joint_controller:/home/pim0ubuntu/go1_ws/install/unitree_guide2:/home/pim0ubuntu/go1_ws/install/go1_description:/opt/ros/humble LD_LIBRARY_PATH=/home/pim0ubuntu/go1_ws/install/ros2_unitree_legged_msgs/lib:/home/pim0ubuntu/go1_ws/install/unitree_joint_controller/lib:/usr/lib/x86_64-linux-gnu/gazebo-11/plugins:/opt/ros/humble/opt/rviz_ogre_vendor/lib:/opt/ros/humble/lib/x86_64-linux-gnu:/opt/ros/humble/lib /usr/bin/cmake --build /home/pim0ubuntu/go1_ws/build/unitree_joint_controller -- -j4 -l4
[0.141s] [ 50%] Built target unitree_joint_controller_parameters
[0.172s] [ 75%] [32m[1mLinking CXX shared library libunitree_joint_controller.so[0m
[1.307s] [100%] Built target unitree_joint_controller
[1.328s] Invoked command in '/home/pim0ubuntu/go1_ws/build/unitree_joint_controller' returned '0': CMAKE_PREFIX_PATH=/home/pim0ubuntu/go1_ws/install/ros2_unitree_legged_msgs:/home/pim0ubuntu/go1_ws/install/unitree_joint_controller:/home/pim0ubuntu/go1_ws/install/unitree_guide2:/home/pim0ubuntu/go1_ws/install/go1_description:/opt/ros/humble LD_LIBRARY_PATH=/home/pim0ubuntu/go1_ws/install/ros2_unitree_legged_msgs/lib:/home/pim0ubuntu/go1_ws/install/unitree_joint_controller/lib:/usr/lib/x86_64-linux-gnu/gazebo-11/plugins:/opt/ros/humble/opt/rviz_ogre_vendor/lib:/opt/ros/humble/lib/x86_64-linux-gnu:/opt/ros/humble/lib /usr/bin/cmake --build /home/pim0ubuntu/go1_ws/build/unitree_joint_controller -- -j4 -l4
[1.328s] Invoking command in '/home/pim0ubuntu/go1_ws/build/unitree_joint_controller': CMAKE_PREFIX_PATH=/home/pim0ubuntu/go1_ws/install/ros2_unitree_legged_msgs:/home/pim0ubuntu/go1_ws/install/unitree_joint_controller:/home/pim0ubuntu/go1_ws/install/unitree_guide2:/home/pim0ubuntu/go1_ws/install/go1_description:/opt/ros/humble LD_LIBRARY_PATH=/home/pim0ubuntu/go1_ws/install/ros2_unitree_legged_msgs/lib:/home/pim0ubuntu/go1_ws/install/unitree_joint_controller/lib:/usr/lib/x86_64-linux-gnu/gazebo-11/plugins:/opt/ros/humble/opt/rviz_ogre_vendor/lib:/opt/ros/humble/lib/x86_64-linux-gnu:/opt/ros/humble/lib /usr/bin/cmake --install /home/pim0ubuntu/go1_ws/build/unitree_joint_controller
[1.340s] -- Install configuration: ""
[1.340s] -- Up-to-date: /home/pim0ubuntu/go1_ws/install/unitree_joint_controller/include/unitree_joint_controller
[1.341s] -- Up-to-date: /home/pim0ubuntu/go1_ws/install/unitree_joint_controller/include/unitree_joint_controller/validate_ujc_parameters.hpp
[1.341s] -- Up-to-date: /home/pim0ubuntu/go1_ws/install/unitree_joint_controller/include/unitree_joint_controller/unitree_joint_controller_parameters.hpp
[1.342s] -- Up-to-date: /home/pim0ubuntu/go1_ws/install/unitree_joint_controller/share/unitree_joint_controller/unitree_controller_plugin.xml
[1.343s] -- Up-to-date: /home/pim0ubuntu/go1_ws/install/unitree_joint_controller/include/unitree_joint_controller
[1.344s] -- Up-to-date: /home/pim0ubuntu/go1_ws/install/unitree_joint_controller/include/unitree_joint_controller/unitree_joint_controller
[1.345s] -- Up-to-date: /home/pim0ubuntu/go1_ws/install/unitree_joint_controller/include/unitree_joint_controller/unitree_joint_controller/joint_controller.h
[1.346s] -- Up-to-date: /home/pim0ubuntu/go1_ws/install/unitree_joint_controller/include/unitree_joint_controller/unitree_joint_controller/validate_ujc_parameters.hpp
[1.346s] -- Up-to-date: /home/pim0ubuntu/go1_ws/install/unitree_joint_controller/include/unitree_joint_controller/unitree_joint_controller/unitree_joint_control_tool.h
[1.347s] -- Installing: /home/pim0ubuntu/go1_ws/install/unitree_joint_controller/lib/libunitree_joint_controller.so
[1.377s] -- Set runtime path of "/home/pim0ubuntu/go1_ws/install/unitree_joint_controller/lib/libunitree_joint_controller.so" to ""
[1.378s] -- Up-to-date: /home/pim0ubuntu/go1_ws/install/unitree_joint_controller/share/unitree_joint_controller/environment/library_path.sh
[1.378s] -- Up-to-date: /home/pim0ubuntu/go1_ws/install/unitree_joint_controller/share/unitree_joint_controller/environment/library_path.dsv
[1.379s] -- Up-to-date: /home/pim0ubuntu/go1_ws/install/unitree_joint_controller/share/ament_index/resource_index/package_run_dependencies/unitree_joint_controller
[1.379s] -- Up-to-date: /home/pim0ubuntu/go1_ws/install/unitree_joint_controller/share/ament_index/resource_index/parent_prefix_path/unitree_joint_controller
[1.379s] -- Up-to-date: /home/pim0ubuntu/go1_ws/install/unitree_joint_controller/share/unitree_joint_controller/environment/ament_prefix_path.sh
[1.379s] -- Up-to-date: /home/pim0ubuntu/go1_ws/install/unitree_joint_controller/share/unitree_joint_controller/environment/ament_prefix_path.dsv
[1.380s] -- Up-to-date: /home/pim0ubuntu/go1_ws/install/unitree_joint_controller/share/unitree_joint_controller/environment/path.sh
[1.380s] -- Up-to-date: /home/pim0ubuntu/go1_ws/install/unitree_joint_controller/share/unitree_joint_controller/environment/path.dsv
[1.381s] -- Up-to-date: /home/pim0ubuntu/go1_ws/install/unitree_joint_controller/share/unitree_joint_controller/local_setup.bash
[1.382s] -- Up-to-date: /home/pim0ubuntu/go1_ws/install/unitree_joint_controller/share/unitree_joint_controller/local_setup.sh
[1.383s] -- Up-to-date: /home/pim0ubuntu/go1_ws/install/unitree_joint_controller/share/unitree_joint_controller/local_setup.zsh
[1.383s] -- Up-to-date: /home/pim0ubuntu/go1_ws/install/unitree_joint_controller/share/unitree_joint_controller/local_setup.dsv
[1.384s] -- Installing: /home/pim0ubuntu/go1_ws/install/unitree_joint_controller/share/unitree_joint_controller/package.dsv
[1.386s] -- Up-to-date: /home/pim0ubuntu/go1_ws/install/unitree_joint_controller/share/ament_index/resource_index/packages/unitree_joint_controller
[1.387s] -- Up-to-date: /home/pim0ubuntu/go1_ws/install/unitree_joint_controller/share/ament_index/resource_index/controller_interface__pluginlib__plugin/unitree_joint_controller
[1.388s] -- Up-to-date: /home/pim0ubuntu/go1_ws/install/unitree_joint_controller/share/unitree_joint_controller/cmake/export_unitree_joint_controllerExport.cmake
[1.402s] -- Up-to-date: /home/pim0ubuntu/go1_ws/install/unitree_joint_controller/share/unitree_joint_controller/cmake/export_unitree_joint_controllerExport-noconfig.cmake
[1.402s] -- Up-to-date: /home/pim0ubuntu/go1_ws/install/unitree_joint_controller/share/unitree_joint_controller/cmake/ament_cmake_export_dependencies-extras.cmake
[1.403s] -- Up-to-date: /home/pim0ubuntu/go1_ws/install/unitree_joint_controller/share/unitree_joint_controller/cmake/ament_cmake_export_targets-extras.cmake
[1.403s] -- Up-to-date: /home/pim0ubuntu/go1_ws/install/unitree_joint_controller/share/unitree_joint_controller/cmake/unitree_joint_controllerConfig.cmake
[1.403s] -- Up-to-date: /home/pim0ubuntu/go1_ws/install/unitree_joint_controller/share/unitree_joint_controller/cmake/unitree_joint_controllerConfig-version.cmake
[1.404s] -- Up-to-date: /home/pim0ubuntu/go1_ws/install/unitree_joint_controller/share/unitree_joint_controller/package.xml
[1.407s] Invoked command in '/home/pim0ubuntu/go1_ws/build/unitree_joint_controller' returned '0': CMAKE_PREFIX_PATH=/home/pim0ubuntu/go1_ws/install/ros2_unitree_legged_msgs:/home/pim0ubuntu/go1_ws/install/unitree_joint_controller:/home/pim0ubuntu/go1_ws/install/unitree_guide2:/home/pim0ubuntu/go1_ws/install/go1_description:/opt/ros/humble LD_LIBRARY_PATH=/home/pim0ubuntu/go1_ws/install/ros2_unitree_legged_msgs/lib:/home/pim0ubuntu/go1_ws/install/unitree_joint_controller/lib:/usr/lib/x86_64-linux-gnu/gazebo-11/plugins:/opt/ros/humble/opt/rviz_ogre_vendor/lib:/opt/ros/humble/lib/x86_64-linux-gnu:/opt/ros/humble/lib /usr/bin/cmake --install /home/pim0ubuntu/go1_ws/build/unitree_joint_controller
