[0.102s] DEBUG:colcon:Command line arguments: ['/usr/bin/colcon', 'build']
[0.102s] DEBUG:colcon:Parsed command line arguments: Namespace(log_base=None, log_level=None, verb_name='build', build_base='build', install_base='install', merge_install=False, symlink_install=False, test_result_base=None, continue_on_error=False, executor='parallel', parallel_workers=4, event_handlers=None, ignore_user_meta=False, metas=['./colcon.meta'], base_paths=['.'], packages_ignore=None, packages_ignore_regex=None, paths=None, packages_up_to=None, packages_up_to_regex=None, packages_above=None, packages_above_and_dependencies=None, packages_above_depth=None, packages_select_by_dep=None, packages_skip_by_dep=None, packages_skip_up_to=None, packages_select_build_failed=False, packages_skip_build_finished=False, packages_select_test_failures=False, packages_skip_test_passed=False, packages_select=None, packages_skip=None, packages_select_regex=None, packages_skip_regex=None, packages_start=None, packages_end=None, allow_overriding=[], cmake_args=None, cmake_target=None, cmake_target_skip_unavailable=False, cmake_clean_cache=False, cmake_clean_first=False, cmake_force_configure=False, ament_cmake_args=None, catkin_cmake_args=None, catkin_skip_building_tests=False, mixin_files=None, mixin=None, verb_parser=<colcon_mixin.mixin.mixin_argument.MixinArgumentDecorator object at 0x7f63445d2c50>, verb_extension=<colcon_core.verb.build.BuildVerb object at 0x7f634458c1f0>, main=<bound method BuildVerb.main of <colcon_core.verb.build.BuildVerb object at 0x7f634458c1f0>>, mixin_verb=('build',))
[0.231s] Level 1:colcon.colcon_core.package_discovery:discover_packages(colcon_meta) check parameters
[0.231s] Level 1:colcon.colcon_core.package_discovery:discover_packages(recursive) check parameters
[0.231s] Level 1:colcon.colcon_core.package_discovery:discover_packages(ignore) check parameters
[0.231s] Level 1:colcon.colcon_core.package_discovery:discover_packages(path) check parameters
[0.231s] Level 1:colcon.colcon_core.package_discovery:discover_packages(colcon_meta) discover
[0.231s] Level 1:colcon.colcon_core.package_discovery:discover_packages(recursive) discover
[0.231s] INFO:colcon.colcon_core.package_discovery:Crawling recursively for packages in '/home/pim0ubuntu/go1_ws'
[0.231s] Level 1:colcon.colcon_core.package_identification:_identify(.) by extensions ['ignore', 'ignore_ament_install']
[0.232s] Level 1:colcon.colcon_core.package_identification:_identify(.) by extension 'ignore'
[0.232s] Level 1:colcon.colcon_core.package_identification:_identify(.) by extension 'ignore_ament_install'
[0.232s] Level 1:colcon.colcon_core.package_identification:_identify(.) by extensions ['colcon_pkg']
[0.232s] Level 1:colcon.colcon_core.package_identification:_identify(.) by extension 'colcon_pkg'
[0.232s] Level 1:colcon.colcon_core.package_identification:_identify(.) by extensions ['colcon_meta']
[0.232s] Level 1:colcon.colcon_core.package_identification:_identify(.) by extension 'colcon_meta'
[0.232s] Level 1:colcon.colcon_core.package_identification:_identify(.) by extensions ['ros']
[0.232s] Level 1:colcon.colcon_core.package_identification:_identify(.) by extension 'ros'
[0.240s] Level 1:colcon.colcon_core.package_identification:_identify(.) by extensions ['cmake', 'python']
[0.240s] Level 1:colcon.colcon_core.package_identification:_identify(.) by extension 'cmake'
[0.241s] Level 1:colcon.colcon_core.package_identification:_identify(.) by extension 'python'
[0.241s] Level 1:colcon.colcon_core.package_identification:_identify(.) by extensions ['python_setup_py']
[0.241s] Level 1:colcon.colcon_core.package_identification:_identify(.) by extension 'python_setup_py'
[0.241s] Level 1:colcon.colcon_core.package_identification:_identify(build) by extensions ['ignore', 'ignore_ament_install']
[0.241s] Level 1:colcon.colcon_core.package_identification:_identify(build) by extension 'ignore'
[0.241s] Level 1:colcon.colcon_core.package_identification:_identify(build) ignored
[0.241s] Level 1:colcon.colcon_core.package_identification:_identify(install) by extensions ['ignore', 'ignore_ament_install']
[0.241s] Level 1:colcon.colcon_core.package_identification:_identify(install) by extension 'ignore'
[0.241s] Level 1:colcon.colcon_core.package_identification:_identify(install) ignored
[0.241s] Level 1:colcon.colcon_core.package_identification:_identify(log) by extensions ['ignore', 'ignore_ament_install']
[0.241s] Level 1:colcon.colcon_core.package_identification:_identify(log) by extension 'ignore'
[0.241s] Level 1:colcon.colcon_core.package_identification:_identify(log) ignored
[0.241s] Level 1:colcon.colcon_core.package_identification:_identify(src) by extensions ['ignore', 'ignore_ament_install']
[0.242s] Level 1:colcon.colcon_core.package_identification:_identify(src) by extension 'ignore'
[0.242s] Level 1:colcon.colcon_core.package_identification:_identify(src) by extension 'ignore_ament_install'
[0.242s] Level 1:colcon.colcon_core.package_identification:_identify(src) by extensions ['colcon_pkg']
[0.242s] Level 1:colcon.colcon_core.package_identification:_identify(src) by extension 'colcon_pkg'
[0.242s] Level 1:colcon.colcon_core.package_identification:_identify(src) by extensions ['colcon_meta']
[0.242s] Level 1:colcon.colcon_core.package_identification:_identify(src) by extension 'colcon_meta'
[0.242s] Level 1:colcon.colcon_core.package_identification:_identify(src) by extensions ['ros']
[0.242s] Level 1:colcon.colcon_core.package_identification:_identify(src) by extension 'ros'
[0.242s] Level 1:colcon.colcon_core.package_identification:_identify(src) by extensions ['cmake', 'python']
[0.242s] Level 1:colcon.colcon_core.package_identification:_identify(src) by extension 'cmake'
[0.242s] Level 1:colcon.colcon_core.package_identification:_identify(src) by extension 'python'
[0.242s] Level 1:colcon.colcon_core.package_identification:_identify(src) by extensions ['python_setup_py']
[0.242s] Level 1:colcon.colcon_core.package_identification:_identify(src) by extension 'python_setup_py'
[0.242s] Level 1:colcon.colcon_core.package_identification:_identify(src/unitree_guide2) by extensions ['ignore', 'ignore_ament_install']
[0.242s] Level 1:colcon.colcon_core.package_identification:_identify(src/unitree_guide2) by extension 'ignore'
[0.242s] Level 1:colcon.colcon_core.package_identification:_identify(src/unitree_guide2) by extension 'ignore_ament_install'
[0.242s] Level 1:colcon.colcon_core.package_identification:_identify(src/unitree_guide2) by extensions ['colcon_pkg']
[0.242s] Level 1:colcon.colcon_core.package_identification:_identify(src/unitree_guide2) by extension 'colcon_pkg'
[0.242s] Level 1:colcon.colcon_core.package_identification:_identify(src/unitree_guide2) by extensions ['colcon_meta']
[0.242s] Level 1:colcon.colcon_core.package_identification:_identify(src/unitree_guide2) by extension 'colcon_meta'
[0.242s] Level 1:colcon.colcon_core.package_identification:_identify(src/unitree_guide2) by extensions ['ros']
[0.242s] Level 1:colcon.colcon_core.package_identification:_identify(src/unitree_guide2) by extension 'ros'
[0.242s] Level 1:colcon.colcon_core.package_identification:_identify(src/unitree_guide2) by extensions ['cmake', 'python']
[0.242s] Level 1:colcon.colcon_core.package_identification:_identify(src/unitree_guide2) by extension 'cmake'
[0.242s] Level 1:colcon.colcon_core.package_identification:_identify(src/unitree_guide2) by extension 'python'
[0.242s] Level 1:colcon.colcon_core.package_identification:_identify(src/unitree_guide2) by extensions ['python_setup_py']
[0.242s] Level 1:colcon.colcon_core.package_identification:_identify(src/unitree_guide2) by extension 'python_setup_py'
[0.242s] Level 1:colcon.colcon_core.package_identification:_identify(src/unitree_guide2/go1_description) by extensions ['ignore', 'ignore_ament_install']
[0.243s] Level 1:colcon.colcon_core.package_identification:_identify(src/unitree_guide2/go1_description) by extension 'ignore'
[0.243s] Level 1:colcon.colcon_core.package_identification:_identify(src/unitree_guide2/go1_description) by extension 'ignore_ament_install'
[0.243s] Level 1:colcon.colcon_core.package_identification:_identify(src/unitree_guide2/go1_description) by extensions ['colcon_pkg']
[0.243s] Level 1:colcon.colcon_core.package_identification:_identify(src/unitree_guide2/go1_description) by extension 'colcon_pkg'
[0.243s] Level 1:colcon.colcon_core.package_identification:_identify(src/unitree_guide2/go1_description) by extensions ['colcon_meta']
[0.243s] Level 1:colcon.colcon_core.package_identification:_identify(src/unitree_guide2/go1_description) by extension 'colcon_meta'
[0.243s] Level 1:colcon.colcon_core.package_identification:_identify(src/unitree_guide2/go1_description) by extensions ['ros']
[0.243s] Level 1:colcon.colcon_core.package_identification:_identify(src/unitree_guide2/go1_description) by extension 'ros'
[0.245s] DEBUG:colcon.colcon_core.package_identification:Package 'src/unitree_guide2/go1_description' with type 'ros.ament_cmake' and name 'go1_description'
[0.246s] Level 1:colcon.colcon_core.package_identification:_identify(src/unitree_guide2/ros2_unitree_legged_msgs) by extensions ['ignore', 'ignore_ament_install']
[0.246s] Level 1:colcon.colcon_core.package_identification:_identify(src/unitree_guide2/ros2_unitree_legged_msgs) by extension 'ignore'
[0.246s] Level 1:colcon.colcon_core.package_identification:_identify(src/unitree_guide2/ros2_unitree_legged_msgs) by extension 'ignore_ament_install'
[0.246s] Level 1:colcon.colcon_core.package_identification:_identify(src/unitree_guide2/ros2_unitree_legged_msgs) by extensions ['colcon_pkg']
[0.246s] Level 1:colcon.colcon_core.package_identification:_identify(src/unitree_guide2/ros2_unitree_legged_msgs) by extension 'colcon_pkg'
[0.246s] Level 1:colcon.colcon_core.package_identification:_identify(src/unitree_guide2/ros2_unitree_legged_msgs) by extensions ['colcon_meta']
[0.246s] Level 1:colcon.colcon_core.package_identification:_identify(src/unitree_guide2/ros2_unitree_legged_msgs) by extension 'colcon_meta'
[0.246s] Level 1:colcon.colcon_core.package_identification:_identify(src/unitree_guide2/ros2_unitree_legged_msgs) by extensions ['ros']
[0.246s] Level 1:colcon.colcon_core.package_identification:_identify(src/unitree_guide2/ros2_unitree_legged_msgs) by extension 'ros'
[0.256s] DEBUG:colcon.colcon_core.package_identification:Package 'src/unitree_guide2/ros2_unitree_legged_msgs' with type 'ros.ament_cmake' and name 'ros2_unitree_legged_msgs'
[0.256s] Level 1:colcon.colcon_core.package_identification:_identify(src/unitree_guide2/unitree_actuator_sdk) by extensions ['ignore', 'ignore_ament_install']
[0.256s] Level 1:colcon.colcon_core.package_identification:_identify(src/unitree_guide2/unitree_actuator_sdk) by extension 'ignore'
[0.256s] Level 1:colcon.colcon_core.package_identification:_identify(src/unitree_guide2/unitree_actuator_sdk) by extension 'ignore_ament_install'
[0.257s] Level 1:colcon.colcon_core.package_identification:_identify(src/unitree_guide2/unitree_actuator_sdk) by extensions ['colcon_pkg']
[0.257s] Level 1:colcon.colcon_core.package_identification:_identify(src/unitree_guide2/unitree_actuator_sdk) by extension 'colcon_pkg'
[0.257s] Level 1:colcon.colcon_core.package_identification:_identify(src/unitree_guide2/unitree_actuator_sdk) by extensions ['colcon_meta']
[0.257s] Level 1:colcon.colcon_core.package_identification:_identify(src/unitree_guide2/unitree_actuator_sdk) by extension 'colcon_meta'
[0.257s] Level 1:colcon.colcon_core.package_identification:_identify(src/unitree_guide2/unitree_actuator_sdk) by extensions ['ros']
[0.257s] Level 1:colcon.colcon_core.package_identification:_identify(src/unitree_guide2/unitree_actuator_sdk) by extension 'ros'
[0.257s] Level 1:colcon.colcon_core.package_identification:_identify(src/unitree_guide2/unitree_actuator_sdk) by extensions ['cmake', 'python']
[0.257s] Level 1:colcon.colcon_core.package_identification:_identify(src/unitree_guide2/unitree_actuator_sdk) by extension 'cmake'
[0.258s] Level 1:colcon.colcon_core.package_identification:_identify(src/unitree_guide2/unitree_actuator_sdk) by extension 'python'
[0.258s] DEBUG:colcon.colcon_core.package_identification:Package 'src/unitree_guide2/unitree_actuator_sdk' with type 'cmake' and name 'motor_ctrl'
[0.258s] Level 1:colcon.colcon_core.package_identification:_identify(src/unitree_guide2/unitree_guide2) by extensions ['ignore', 'ignore_ament_install']
[0.258s] Level 1:colcon.colcon_core.package_identification:_identify(src/unitree_guide2/unitree_guide2) by extension 'ignore'
[0.258s] Level 1:colcon.colcon_core.package_identification:_identify(src/unitree_guide2/unitree_guide2) by extension 'ignore_ament_install'
[0.258s] Level 1:colcon.colcon_core.package_identification:_identify(src/unitree_guide2/unitree_guide2) by extensions ['colcon_pkg']
[0.258s] Level 1:colcon.colcon_core.package_identification:_identify(src/unitree_guide2/unitree_guide2) by extension 'colcon_pkg'
[0.258s] Level 1:colcon.colcon_core.package_identification:_identify(src/unitree_guide2/unitree_guide2) by extensions ['colcon_meta']
[0.258s] Level 1:colcon.colcon_core.package_identification:_identify(src/unitree_guide2/unitree_guide2) by extension 'colcon_meta'
[0.258s] Level 1:colcon.colcon_core.package_identification:_identify(src/unitree_guide2/unitree_guide2) by extensions ['ros']
[0.258s] Level 1:colcon.colcon_core.package_identification:_identify(src/unitree_guide2/unitree_guide2) by extension 'ros'
[0.259s] DEBUG:colcon.colcon_core.package_identification:Package 'src/unitree_guide2/unitree_guide2' with type 'ros.ament_cmake' and name 'unitree_guide2'
[0.260s] Level 1:colcon.colcon_core.package_identification:_identify(src/unitree_guide2/unitree_joint_controller) by extensions ['ignore', 'ignore_ament_install']
[0.260s] Level 1:colcon.colcon_core.package_identification:_identify(src/unitree_guide2/unitree_joint_controller) by extension 'ignore'
[0.260s] Level 1:colcon.colcon_core.package_identification:_identify(src/unitree_guide2/unitree_joint_controller) by extension 'ignore_ament_install'
[0.260s] Level 1:colcon.colcon_core.package_identification:_identify(src/unitree_guide2/unitree_joint_controller) by extensions ['colcon_pkg']
[0.260s] Level 1:colcon.colcon_core.package_identification:_identify(src/unitree_guide2/unitree_joint_controller) by extension 'colcon_pkg'
[0.260s] Level 1:colcon.colcon_core.package_identification:_identify(src/unitree_guide2/unitree_joint_controller) by extensions ['colcon_meta']
[0.260s] Level 1:colcon.colcon_core.package_identification:_identify(src/unitree_guide2/unitree_joint_controller) by extension 'colcon_meta'
[0.260s] Level 1:colcon.colcon_core.package_identification:_identify(src/unitree_guide2/unitree_joint_controller) by extensions ['ros']
[0.260s] Level 1:colcon.colcon_core.package_identification:_identify(src/unitree_guide2/unitree_joint_controller) by extension 'ros'
[0.261s] DEBUG:colcon.colcon_core.package_identification:Package 'src/unitree_guide2/unitree_joint_controller' with type 'ros.ament_cmake' and name 'unitree_joint_controller'
[0.261s] Level 1:colcon.colcon_core.package_discovery:discover_packages(recursive) using defaults
[0.261s] Level 1:colcon.colcon_core.package_discovery:discover_packages(ignore) discover
[0.261s] Level 1:colcon.colcon_core.package_discovery:discover_packages(ignore) using defaults
[0.261s] Level 1:colcon.colcon_core.package_discovery:discover_packages(path) discover
[0.261s] Level 1:colcon.colcon_core.package_discovery:discover_packages(path) using defaults
[0.276s] Level 1:colcon.colcon_core.package_discovery:discover_packages(prefix_path) check parameters
[0.276s] Level 1:colcon.colcon_core.package_discovery:discover_packages(prefix_path) discover
[0.277s] DEBUG:colcon.colcon_installed_package_information.package_discovery:Found 5 installed packages in /home/pim0ubuntu/go1_ws/install
[0.278s] DEBUG:colcon.colcon_installed_package_information.package_discovery:Found 408 installed packages in /opt/ros/humble
[0.281s] Level 1:colcon.colcon_core.package_discovery:discover_packages(prefix_path) using defaults
[0.315s] Level 5:colcon.colcon_core.verb:set package 'go1_description' build argument 'cmake_args' from command line to 'None'
[0.315s] Level 5:colcon.colcon_core.verb:set package 'go1_description' build argument 'cmake_target' from command line to 'None'
[0.315s] Level 5:colcon.colcon_core.verb:set package 'go1_description' build argument 'cmake_target_skip_unavailable' from command line to 'False'
[0.315s] Level 5:colcon.colcon_core.verb:set package 'go1_description' build argument 'cmake_clean_cache' from command line to 'False'
[0.315s] Level 5:colcon.colcon_core.verb:set package 'go1_description' build argument 'cmake_clean_first' from command line to 'False'
[0.315s] Level 5:colcon.colcon_core.verb:set package 'go1_description' build argument 'cmake_force_configure' from command line to 'False'
[0.315s] Level 5:colcon.colcon_core.verb:set package 'go1_description' build argument 'ament_cmake_args' from command line to 'None'
[0.315s] Level 5:colcon.colcon_core.verb:set package 'go1_description' build argument 'catkin_cmake_args' from command line to 'None'
[0.315s] Level 5:colcon.colcon_core.verb:set package 'go1_description' build argument 'catkin_skip_building_tests' from command line to 'False'
[0.315s] DEBUG:colcon.colcon_core.verb:Building package 'go1_description' with the following arguments: {'ament_cmake_args': None, 'build_base': '/home/pim0ubuntu/go1_ws/build/go1_description', 'catkin_cmake_args': None, 'catkin_skip_building_tests': False, 'cmake_args': None, 'cmake_clean_cache': False, 'cmake_clean_first': False, 'cmake_force_configure': False, 'cmake_target': None, 'cmake_target_skip_unavailable': False, 'install_base': '/home/pim0ubuntu/go1_ws/install/go1_description', 'merge_install': False, 'path': '/home/pim0ubuntu/go1_ws/src/unitree_guide2/go1_description', 'symlink_install': False, 'test_result_base': None}
[0.316s] Level 5:colcon.colcon_core.verb:set package 'motor_ctrl' build argument 'cmake_args' from command line to 'None'
[0.316s] Level 5:colcon.colcon_core.verb:set package 'motor_ctrl' build argument 'cmake_target' from command line to 'None'
[0.316s] Level 5:colcon.colcon_core.verb:set package 'motor_ctrl' build argument 'cmake_target_skip_unavailable' from command line to 'False'
[0.316s] Level 5:colcon.colcon_core.verb:set package 'motor_ctrl' build argument 'cmake_clean_cache' from command line to 'False'
[0.316s] Level 5:colcon.colcon_core.verb:set package 'motor_ctrl' build argument 'cmake_clean_first' from command line to 'False'
[0.316s] Level 5:colcon.colcon_core.verb:set package 'motor_ctrl' build argument 'cmake_force_configure' from command line to 'False'
[0.316s] Level 5:colcon.colcon_core.verb:set package 'motor_ctrl' build argument 'ament_cmake_args' from command line to 'None'
[0.316s] Level 5:colcon.colcon_core.verb:set package 'motor_ctrl' build argument 'catkin_cmake_args' from command line to 'None'
[0.316s] Level 5:colcon.colcon_core.verb:set package 'motor_ctrl' build argument 'catkin_skip_building_tests' from command line to 'False'
[0.316s] DEBUG:colcon.colcon_core.verb:Building package 'motor_ctrl' with the following arguments: {'ament_cmake_args': None, 'build_base': '/home/pim0ubuntu/go1_ws/build/motor_ctrl', 'catkin_cmake_args': None, 'catkin_skip_building_tests': False, 'cmake_args': None, 'cmake_clean_cache': False, 'cmake_clean_first': False, 'cmake_force_configure': False, 'cmake_target': None, 'cmake_target_skip_unavailable': False, 'install_base': '/home/pim0ubuntu/go1_ws/install/motor_ctrl', 'merge_install': False, 'path': '/home/pim0ubuntu/go1_ws/src/unitree_guide2/unitree_actuator_sdk', 'symlink_install': False, 'test_result_base': None}
[0.316s] Level 5:colcon.colcon_core.verb:set package 'ros2_unitree_legged_msgs' build argument 'cmake_args' from command line to 'None'
[0.316s] Level 5:colcon.colcon_core.verb:set package 'ros2_unitree_legged_msgs' build argument 'cmake_target' from command line to 'None'
[0.316s] Level 5:colcon.colcon_core.verb:set package 'ros2_unitree_legged_msgs' build argument 'cmake_target_skip_unavailable' from command line to 'False'
[0.316s] Level 5:colcon.colcon_core.verb:set package 'ros2_unitree_legged_msgs' build argument 'cmake_clean_cache' from command line to 'False'
[0.316s] Level 5:colcon.colcon_core.verb:set package 'ros2_unitree_legged_msgs' build argument 'cmake_clean_first' from command line to 'False'
[0.316s] Level 5:colcon.colcon_core.verb:set package 'ros2_unitree_legged_msgs' build argument 'cmake_force_configure' from command line to 'False'
[0.316s] Level 5:colcon.colcon_core.verb:set package 'ros2_unitree_legged_msgs' build argument 'ament_cmake_args' from command line to 'None'
[0.316s] Level 5:colcon.colcon_core.verb:set package 'ros2_unitree_legged_msgs' build argument 'catkin_cmake_args' from command line to 'None'
[0.316s] Level 5:colcon.colcon_core.verb:set package 'ros2_unitree_legged_msgs' build argument 'catkin_skip_building_tests' from command line to 'False'
[0.316s] DEBUG:colcon.colcon_core.verb:Building package 'ros2_unitree_legged_msgs' with the following arguments: {'ament_cmake_args': None, 'build_base': '/home/pim0ubuntu/go1_ws/build/ros2_unitree_legged_msgs', 'catkin_cmake_args': None, 'catkin_skip_building_tests': False, 'cmake_args': None, 'cmake_clean_cache': False, 'cmake_clean_first': False, 'cmake_force_configure': False, 'cmake_target': None, 'cmake_target_skip_unavailable': False, 'install_base': '/home/pim0ubuntu/go1_ws/install/ros2_unitree_legged_msgs', 'merge_install': False, 'path': '/home/pim0ubuntu/go1_ws/src/unitree_guide2/ros2_unitree_legged_msgs', 'symlink_install': False, 'test_result_base': None}
[0.317s] Level 5:colcon.colcon_core.verb:set package 'unitree_guide2' build argument 'cmake_args' from command line to 'None'
[0.317s] Level 5:colcon.colcon_core.verb:set package 'unitree_guide2' build argument 'cmake_target' from command line to 'None'
[0.317s] Level 5:colcon.colcon_core.verb:set package 'unitree_guide2' build argument 'cmake_target_skip_unavailable' from command line to 'False'
[0.317s] Level 5:colcon.colcon_core.verb:set package 'unitree_guide2' build argument 'cmake_clean_cache' from command line to 'False'
[0.317s] Level 5:colcon.colcon_core.verb:set package 'unitree_guide2' build argument 'cmake_clean_first' from command line to 'False'
[0.317s] Level 5:colcon.colcon_core.verb:set package 'unitree_guide2' build argument 'cmake_force_configure' from command line to 'False'
[0.317s] Level 5:colcon.colcon_core.verb:set package 'unitree_guide2' build argument 'ament_cmake_args' from command line to 'None'
[0.317s] Level 5:colcon.colcon_core.verb:set package 'unitree_guide2' build argument 'catkin_cmake_args' from command line to 'None'
[0.317s] Level 5:colcon.colcon_core.verb:set package 'unitree_guide2' build argument 'catkin_skip_building_tests' from command line to 'False'
[0.317s] DEBUG:colcon.colcon_core.verb:Building package 'unitree_guide2' with the following arguments: {'ament_cmake_args': None, 'build_base': '/home/pim0ubuntu/go1_ws/build/unitree_guide2', 'catkin_cmake_args': None, 'catkin_skip_building_tests': False, 'cmake_args': None, 'cmake_clean_cache': False, 'cmake_clean_first': False, 'cmake_force_configure': False, 'cmake_target': None, 'cmake_target_skip_unavailable': False, 'install_base': '/home/pim0ubuntu/go1_ws/install/unitree_guide2', 'merge_install': False, 'path': '/home/pim0ubuntu/go1_ws/src/unitree_guide2/unitree_guide2', 'symlink_install': False, 'test_result_base': None}
[0.317s] Level 5:colcon.colcon_core.verb:set package 'unitree_joint_controller' build argument 'cmake_args' from command line to 'None'
[0.317s] Level 5:colcon.colcon_core.verb:set package 'unitree_joint_controller' build argument 'cmake_target' from command line to 'None'
[0.317s] Level 5:colcon.colcon_core.verb:set package 'unitree_joint_controller' build argument 'cmake_target_skip_unavailable' from command line to 'False'
[0.317s] Level 5:colcon.colcon_core.verb:set package 'unitree_joint_controller' build argument 'cmake_clean_cache' from command line to 'False'
[0.317s] Level 5:colcon.colcon_core.verb:set package 'unitree_joint_controller' build argument 'cmake_clean_first' from command line to 'False'
[0.317s] Level 5:colcon.colcon_core.verb:set package 'unitree_joint_controller' build argument 'cmake_force_configure' from command line to 'False'
[0.317s] Level 5:colcon.colcon_core.verb:set package 'unitree_joint_controller' build argument 'ament_cmake_args' from command line to 'None'
[0.317s] Level 5:colcon.colcon_core.verb:set package 'unitree_joint_controller' build argument 'catkin_cmake_args' from command line to 'None'
[0.317s] Level 5:colcon.colcon_core.verb:set package 'unitree_joint_controller' build argument 'catkin_skip_building_tests' from command line to 'False'
[0.317s] DEBUG:colcon.colcon_core.verb:Building package 'unitree_joint_controller' with the following arguments: {'ament_cmake_args': None, 'build_base': '/home/pim0ubuntu/go1_ws/build/unitree_joint_controller', 'catkin_cmake_args': None, 'catkin_skip_building_tests': False, 'cmake_args': None, 'cmake_clean_cache': False, 'cmake_clean_first': False, 'cmake_force_configure': False, 'cmake_target': None, 'cmake_target_skip_unavailable': False, 'install_base': '/home/pim0ubuntu/go1_ws/install/unitree_joint_controller', 'merge_install': False, 'path': '/home/pim0ubuntu/go1_ws/src/unitree_guide2/unitree_joint_controller', 'symlink_install': False, 'test_result_base': None}
[0.317s] INFO:colcon.colcon_core.executor:Executing jobs using 'parallel' executor
[0.318s] DEBUG:colcon.colcon_parallel_executor.executor.parallel:run_until_complete
[0.318s] INFO:colcon.colcon_ros.task.ament_cmake.build:Building ROS package in '/home/pim0ubuntu/go1_ws/src/unitree_guide2/ros2_unitree_legged_msgs' with build type 'ament_cmake'
[0.318s] INFO:colcon.colcon_cmake.task.cmake.build:Building CMake package in '/home/pim0ubuntu/go1_ws/src/unitree_guide2/ros2_unitree_legged_msgs'
[0.320s] INFO:colcon.colcon_core.plugin_system:Skipping extension 'colcon_core.shell.bat': Not used on non-Windows systems
[0.321s] INFO:colcon.colcon_core.shell:Skip shell extension 'powershell' for command environment: Not usable outside of PowerShell
[0.321s] DEBUG:colcon.colcon_core.shell:Skip shell extension 'dsv' for command environment
[0.324s] INFO:colcon.colcon_ros.task.ament_cmake.build:Building ROS package in '/home/pim0ubuntu/go1_ws/src/unitree_guide2/go1_description' with build type 'ament_cmake'
[0.325s] INFO:colcon.colcon_cmake.task.cmake.build:Building CMake package in '/home/pim0ubuntu/go1_ws/src/unitree_guide2/go1_description'
[0.325s] INFO:colcon.colcon_core.shell:Skip shell extension 'powershell' for command environment: Not usable outside of PowerShell
[0.325s] DEBUG:colcon.colcon_core.shell:Skip shell extension 'dsv' for command environment
[0.329s] INFO:colcon.colcon_cmake.task.cmake.build:Building CMake package in '/home/pim0ubuntu/go1_ws/src/unitree_guide2/unitree_actuator_sdk'
[0.329s] INFO:colcon.colcon_core.shell:Skip shell extension 'powershell' for command environment: Not usable outside of PowerShell
[0.329s] DEBUG:colcon.colcon_core.shell:Skip shell extension 'dsv' for command environment
[0.333s] INFO:colcon.colcon_ros.task.ament_cmake.build:Building ROS package in '/home/pim0ubuntu/go1_ws/src/unitree_guide2/unitree_guide2' with build type 'ament_cmake'
[0.333s] INFO:colcon.colcon_cmake.task.cmake.build:Building CMake package in '/home/pim0ubuntu/go1_ws/src/unitree_guide2/unitree_guide2'
[0.333s] INFO:colcon.colcon_core.shell:Skip shell extension 'powershell' for command environment: Not usable outside of PowerShell
[0.333s] DEBUG:colcon.colcon_core.shell:Skip shell extension 'dsv' for command environment
[0.341s] DEBUG:colcon.colcon_core.event_handler.log_command:Invoking command in '/home/pim0ubuntu/go1_ws/build/ros2_unitree_legged_msgs': CMAKE_PREFIX_PATH=${CMAKE_PREFIX_PATH}:/opt/ros/humble /usr/bin/cmake --build /home/pim0ubuntu/go1_ws/build/ros2_unitree_legged_msgs -- -j4 -l4
[0.347s] DEBUG:colcon.colcon_core.event_handler.log_command:Invoking command in '/home/pim0ubuntu/go1_ws/build/go1_description': CMAKE_PREFIX_PATH=${CMAKE_PREFIX_PATH}:/opt/ros/humble /usr/bin/cmake --build /home/pim0ubuntu/go1_ws/build/go1_description -- -j4 -l4
[0.350s] DEBUG:colcon.colcon_core.event_handler.log_command:Invoking command in '/home/pim0ubuntu/go1_ws/build/motor_ctrl': /usr/bin/cmake --build /home/pim0ubuntu/go1_ws/build/motor_ctrl -- -j4 -l4
[0.362s] DEBUG:colcon.colcon_core.event_handler.log_command:Invoking command in '/home/pim0ubuntu/go1_ws/build/unitree_guide2': CMAKE_PREFIX_PATH=${CMAKE_PREFIX_PATH}:/opt/ros/humble /usr/bin/cmake --build /home/pim0ubuntu/go1_ws/build/unitree_guide2 -- -j4 -l4
[0.390s] DEBUG:colcon.colcon_core.event_handler.log_command:Invoked command in '/home/pim0ubuntu/go1_ws/build/go1_description' returned '0': CMAKE_PREFIX_PATH=${CMAKE_PREFIX_PATH}:/opt/ros/humble /usr/bin/cmake --build /home/pim0ubuntu/go1_ws/build/go1_description -- -j4 -l4
[0.402s] DEBUG:colcon.colcon_core.event_handler.log_command:Invoking command in '/home/pim0ubuntu/go1_ws/build/go1_description': CMAKE_PREFIX_PATH=${CMAKE_PREFIX_PATH}:/opt/ros/humble /usr/bin/cmake --install /home/pim0ubuntu/go1_ws/build/go1_description
[0.427s] Level 1:colcon.colcon_core.environment:create_environment_scripts_only(go1_description)
[0.427s] DEBUG:colcon.colcon_core.event_handler.log_command:Invoked command in '/home/pim0ubuntu/go1_ws/build/go1_description' returned '0': CMAKE_PREFIX_PATH=${CMAKE_PREFIX_PATH}:/opt/ros/humble /usr/bin/cmake --install /home/pim0ubuntu/go1_ws/build/go1_description
[0.429s] Level 1:colcon.colcon_core.environment:checking '/home/pim0ubuntu/go1_ws/install/go1_description' for CMake module files
[0.430s] Level 1:colcon.colcon_core.environment:checking '/home/pim0ubuntu/go1_ws/install/go1_description' for CMake config files
[0.430s] Level 1:colcon.colcon_core.shell:create_environment_hook('go1_description', 'cmake_prefix_path')
[0.430s] INFO:colcon.colcon_core.shell:Creating environment hook '/home/pim0ubuntu/go1_ws/install/go1_description/share/go1_description/hook/cmake_prefix_path.ps1'
[0.431s] INFO:colcon.colcon_core.shell:Creating environment descriptor '/home/pim0ubuntu/go1_ws/install/go1_description/share/go1_description/hook/cmake_prefix_path.dsv'
[0.431s] INFO:colcon.colcon_core.shell:Creating environment hook '/home/pim0ubuntu/go1_ws/install/go1_description/share/go1_description/hook/cmake_prefix_path.sh'
[0.432s] Level 1:colcon.colcon_core.environment:checking '/home/pim0ubuntu/go1_ws/install/go1_description/bin'
[0.432s] Level 1:colcon.colcon_core.environment:checking '/home/pim0ubuntu/go1_ws/install/go1_description/lib/pkgconfig/go1_description.pc'
[0.432s] Level 1:colcon.colcon_core.environment:checking '/home/pim0ubuntu/go1_ws/install/go1_description/lib/python3.10/site-packages'
[0.432s] Level 1:colcon.colcon_core.environment:checking '/home/pim0ubuntu/go1_ws/install/go1_description/bin'
[0.433s] INFO:colcon.colcon_core.shell:Creating package script '/home/pim0ubuntu/go1_ws/install/go1_description/share/go1_description/package.ps1'
[0.434s] INFO:colcon.colcon_core.shell:Creating package descriptor '/home/pim0ubuntu/go1_ws/install/go1_description/share/go1_description/package.dsv'
[0.435s] INFO:colcon.colcon_core.shell:Creating package script '/home/pim0ubuntu/go1_ws/install/go1_description/share/go1_description/package.sh'
[0.435s] INFO:colcon.colcon_core.shell:Creating package script '/home/pim0ubuntu/go1_ws/install/go1_description/share/go1_description/package.bash'
[0.436s] INFO:colcon.colcon_core.shell:Creating package script '/home/pim0ubuntu/go1_ws/install/go1_description/share/go1_description/package.zsh'
[0.436s] Level 1:colcon.colcon_core.environment:create_file_with_runtime_dependencies(/home/pim0ubuntu/go1_ws/install/go1_description/share/colcon-core/packages/go1_description)
[0.437s] Level 1:colcon.colcon_core.environment:create_environment_scripts_only(go1_description)
[0.437s] Level 1:colcon.colcon_core.environment:checking '/home/pim0ubuntu/go1_ws/install/go1_description' for CMake module files
[0.437s] Level 1:colcon.colcon_core.environment:checking '/home/pim0ubuntu/go1_ws/install/go1_description' for CMake config files
[0.438s] Level 1:colcon.colcon_core.shell:create_environment_hook('go1_description', 'cmake_prefix_path')
[0.438s] INFO:colcon.colcon_core.shell:Creating environment hook '/home/pim0ubuntu/go1_ws/install/go1_description/share/go1_description/hook/cmake_prefix_path.ps1'
[0.438s] INFO:colcon.colcon_core.shell:Creating environment descriptor '/home/pim0ubuntu/go1_ws/install/go1_description/share/go1_description/hook/cmake_prefix_path.dsv'
[0.438s] INFO:colcon.colcon_core.shell:Creating environment hook '/home/pim0ubuntu/go1_ws/install/go1_description/share/go1_description/hook/cmake_prefix_path.sh'
[0.439s] Level 1:colcon.colcon_core.environment:checking '/home/pim0ubuntu/go1_ws/install/go1_description/bin'
[0.439s] Level 1:colcon.colcon_core.environment:checking '/home/pim0ubuntu/go1_ws/install/go1_description/lib/pkgconfig/go1_description.pc'
[0.439s] Level 1:colcon.colcon_core.environment:checking '/home/pim0ubuntu/go1_ws/install/go1_description/lib/python3.10/site-packages'
[0.445s] Level 1:colcon.colcon_core.environment:checking '/home/pim0ubuntu/go1_ws/install/go1_description/bin'
[0.445s] INFO:colcon.colcon_core.shell:Creating package script '/home/pim0ubuntu/go1_ws/install/go1_description/share/go1_description/package.ps1'
[0.448s] INFO:colcon.colcon_core.shell:Creating package descriptor '/home/pim0ubuntu/go1_ws/install/go1_description/share/go1_description/package.dsv'
[0.460s] INFO:colcon.colcon_core.shell:Creating package script '/home/pim0ubuntu/go1_ws/install/go1_description/share/go1_description/package.sh'
[0.461s] INFO:colcon.colcon_core.shell:Creating package script '/home/pim0ubuntu/go1_ws/install/go1_description/share/go1_description/package.bash'
[0.461s] INFO:colcon.colcon_core.shell:Creating package script '/home/pim0ubuntu/go1_ws/install/go1_description/share/go1_description/package.zsh'
[0.462s] Level 1:colcon.colcon_core.environment:create_file_with_runtime_dependencies(/home/pim0ubuntu/go1_ws/install/go1_description/share/colcon-core/packages/go1_description)
[0.504s] DEBUG:colcon.colcon_core.event_handler.log_command:Invoked command in '/home/pim0ubuntu/go1_ws/build/motor_ctrl' returned '0': /usr/bin/cmake --build /home/pim0ubuntu/go1_ws/build/motor_ctrl -- -j4 -l4
[0.504s] WARNING:colcon.colcon_cmake.task.cmake.build:Could not run installation step for package 'motor_ctrl' because it has no 'install' target
[0.504s] Level 1:colcon.colcon_core.environment:create_environment_scripts_only(motor_ctrl)
[0.504s] Level 1:colcon.colcon_core.environment:checking '/home/pim0ubuntu/go1_ws/install/motor_ctrl' for CMake module files
[0.505s] Level 1:colcon.colcon_core.environment:checking '/home/pim0ubuntu/go1_ws/install/motor_ctrl' for CMake config files
[0.505s] Level 1:colcon.colcon_core.environment:checking '/home/pim0ubuntu/go1_ws/install/motor_ctrl/bin'
[0.505s] Level 1:colcon.colcon_core.environment:checking '/home/pim0ubuntu/go1_ws/install/motor_ctrl/lib/pkgconfig/motor_ctrl.pc'
[0.505s] Level 1:colcon.colcon_core.environment:checking '/home/pim0ubuntu/go1_ws/install/motor_ctrl/lib/python3.10/site-packages'
[0.506s] Level 1:colcon.colcon_core.environment:checking '/home/pim0ubuntu/go1_ws/install/motor_ctrl/bin'
[0.506s] INFO:colcon.colcon_core.shell:Creating package script '/home/pim0ubuntu/go1_ws/install/motor_ctrl/share/motor_ctrl/package.ps1'
[0.506s] INFO:colcon.colcon_core.shell:Creating package descriptor '/home/pim0ubuntu/go1_ws/install/motor_ctrl/share/motor_ctrl/package.dsv'
[0.507s] INFO:colcon.colcon_core.shell:Creating package script '/home/pim0ubuntu/go1_ws/install/motor_ctrl/share/motor_ctrl/package.sh'
[0.507s] INFO:colcon.colcon_core.shell:Creating package script '/home/pim0ubuntu/go1_ws/install/motor_ctrl/share/motor_ctrl/package.bash'
[0.507s] INFO:colcon.colcon_core.shell:Creating package script '/home/pim0ubuntu/go1_ws/install/motor_ctrl/share/motor_ctrl/package.zsh'
[0.508s] Level 1:colcon.colcon_core.environment:create_file_with_runtime_dependencies(/home/pim0ubuntu/go1_ws/install/motor_ctrl/share/colcon-core/packages/motor_ctrl)
[0.861s] DEBUG:colcon.colcon_core.event_handler.log_command:Invoked command in '/home/pim0ubuntu/go1_ws/build/ros2_unitree_legged_msgs' returned '0': CMAKE_PREFIX_PATH=${CMAKE_PREFIX_PATH}:/opt/ros/humble /usr/bin/cmake --build /home/pim0ubuntu/go1_ws/build/ros2_unitree_legged_msgs -- -j4 -l4
[0.863s] DEBUG:colcon.colcon_core.event_handler.log_command:Invoking command in '/home/pim0ubuntu/go1_ws/build/ros2_unitree_legged_msgs': CMAKE_PREFIX_PATH=${CMAKE_PREFIX_PATH}:/opt/ros/humble /usr/bin/cmake --install /home/pim0ubuntu/go1_ws/build/ros2_unitree_legged_msgs
[0.942s] Level 1:colcon.colcon_core.environment:create_environment_scripts_only(ros2_unitree_legged_msgs)
[0.942s] DEBUG:colcon.colcon_core.event_handler.log_command:Invoked command in '/home/pim0ubuntu/go1_ws/build/ros2_unitree_legged_msgs' returned '0': CMAKE_PREFIX_PATH=${CMAKE_PREFIX_PATH}:/opt/ros/humble /usr/bin/cmake --install /home/pim0ubuntu/go1_ws/build/ros2_unitree_legged_msgs
[0.942s] Level 1:colcon.colcon_core.environment:checking '/home/pim0ubuntu/go1_ws/install/ros2_unitree_legged_msgs' for CMake module files
[0.943s] Level 1:colcon.colcon_core.environment:checking '/home/pim0ubuntu/go1_ws/install/ros2_unitree_legged_msgs' for CMake config files
[0.943s] Level 1:colcon.colcon_core.shell:create_environment_hook('ros2_unitree_legged_msgs', 'cmake_prefix_path')
[0.943s] INFO:colcon.colcon_core.shell:Creating environment hook '/home/pim0ubuntu/go1_ws/install/ros2_unitree_legged_msgs/share/ros2_unitree_legged_msgs/hook/cmake_prefix_path.ps1'
[0.944s] INFO:colcon.colcon_core.shell:Creating environment descriptor '/home/pim0ubuntu/go1_ws/install/ros2_unitree_legged_msgs/share/ros2_unitree_legged_msgs/hook/cmake_prefix_path.dsv'
[0.944s] INFO:colcon.colcon_core.shell:Creating environment hook '/home/pim0ubuntu/go1_ws/install/ros2_unitree_legged_msgs/share/ros2_unitree_legged_msgs/hook/cmake_prefix_path.sh'
[0.945s] Level 1:colcon.colcon_core.environment:checking '/home/pim0ubuntu/go1_ws/install/ros2_unitree_legged_msgs/lib'
[0.945s] Level 1:colcon.colcon_core.shell:create_environment_hook('ros2_unitree_legged_msgs', 'ld_library_path_lib')
[0.945s] INFO:colcon.colcon_core.shell:Creating environment hook '/home/pim0ubuntu/go1_ws/install/ros2_unitree_legged_msgs/share/ros2_unitree_legged_msgs/hook/ld_library_path_lib.ps1'
[0.947s] INFO:colcon.colcon_core.shell:Creating environment descriptor '/home/pim0ubuntu/go1_ws/install/ros2_unitree_legged_msgs/share/ros2_unitree_legged_msgs/hook/ld_library_path_lib.dsv'
[0.947s] INFO:colcon.colcon_core.shell:Creating environment hook '/home/pim0ubuntu/go1_ws/install/ros2_unitree_legged_msgs/share/ros2_unitree_legged_msgs/hook/ld_library_path_lib.sh'
[0.948s] Level 1:colcon.colcon_core.environment:checking '/home/pim0ubuntu/go1_ws/install/ros2_unitree_legged_msgs/bin'
[0.948s] Level 1:colcon.colcon_core.environment:checking '/home/pim0ubuntu/go1_ws/install/ros2_unitree_legged_msgs/lib/pkgconfig/ros2_unitree_legged_msgs.pc'
[0.948s] Level 1:colcon.colcon_core.environment:checking '/home/pim0ubuntu/go1_ws/install/ros2_unitree_legged_msgs/lib/python3.10/site-packages'
[0.948s] Level 1:colcon.colcon_core.environment:checking '/home/pim0ubuntu/go1_ws/install/ros2_unitree_legged_msgs/bin'
[0.949s] INFO:colcon.colcon_core.shell:Creating package script '/home/pim0ubuntu/go1_ws/install/ros2_unitree_legged_msgs/share/ros2_unitree_legged_msgs/package.ps1'
[0.949s] INFO:colcon.colcon_core.shell:Creating package descriptor '/home/pim0ubuntu/go1_ws/install/ros2_unitree_legged_msgs/share/ros2_unitree_legged_msgs/package.dsv'
[0.949s] INFO:colcon.colcon_core.shell:Creating package script '/home/pim0ubuntu/go1_ws/install/ros2_unitree_legged_msgs/share/ros2_unitree_legged_msgs/package.sh'
[0.950s] INFO:colcon.colcon_core.shell:Creating package script '/home/pim0ubuntu/go1_ws/install/ros2_unitree_legged_msgs/share/ros2_unitree_legged_msgs/package.bash'
[0.950s] INFO:colcon.colcon_core.shell:Creating package script '/home/pim0ubuntu/go1_ws/install/ros2_unitree_legged_msgs/share/ros2_unitree_legged_msgs/package.zsh'
[0.950s] Level 1:colcon.colcon_core.environment:create_file_with_runtime_dependencies(/home/pim0ubuntu/go1_ws/install/ros2_unitree_legged_msgs/share/colcon-core/packages/ros2_unitree_legged_msgs)
[0.951s] Level 1:colcon.colcon_core.environment:create_environment_scripts_only(ros2_unitree_legged_msgs)
[0.951s] Level 1:colcon.colcon_core.environment:checking '/home/pim0ubuntu/go1_ws/install/ros2_unitree_legged_msgs' for CMake module files
[0.952s] Level 1:colcon.colcon_core.environment:checking '/home/pim0ubuntu/go1_ws/install/ros2_unitree_legged_msgs' for CMake config files
[0.952s] Level 1:colcon.colcon_core.shell:create_environment_hook('ros2_unitree_legged_msgs', 'cmake_prefix_path')
[0.952s] INFO:colcon.colcon_core.shell:Creating environment hook '/home/pim0ubuntu/go1_ws/install/ros2_unitree_legged_msgs/share/ros2_unitree_legged_msgs/hook/cmake_prefix_path.ps1'
[0.952s] INFO:colcon.colcon_core.shell:Creating environment descriptor '/home/pim0ubuntu/go1_ws/install/ros2_unitree_legged_msgs/share/ros2_unitree_legged_msgs/hook/cmake_prefix_path.dsv'
[0.953s] INFO:colcon.colcon_core.shell:Creating environment hook '/home/pim0ubuntu/go1_ws/install/ros2_unitree_legged_msgs/share/ros2_unitree_legged_msgs/hook/cmake_prefix_path.sh'
[0.957s] Level 1:colcon.colcon_core.environment:checking '/home/pim0ubuntu/go1_ws/install/ros2_unitree_legged_msgs/lib'
[0.957s] Level 1:colcon.colcon_core.shell:create_environment_hook('ros2_unitree_legged_msgs', 'ld_library_path_lib')
[0.958s] INFO:colcon.colcon_core.shell:Creating environment hook '/home/pim0ubuntu/go1_ws/install/ros2_unitree_legged_msgs/share/ros2_unitree_legged_msgs/hook/ld_library_path_lib.ps1'
[0.960s] INFO:colcon.colcon_core.shell:Creating environment descriptor '/home/pim0ubuntu/go1_ws/install/ros2_unitree_legged_msgs/share/ros2_unitree_legged_msgs/hook/ld_library_path_lib.dsv'
[0.961s] INFO:colcon.colcon_core.shell:Creating environment hook '/home/pim0ubuntu/go1_ws/install/ros2_unitree_legged_msgs/share/ros2_unitree_legged_msgs/hook/ld_library_path_lib.sh'
[0.961s] Level 1:colcon.colcon_core.environment:checking '/home/pim0ubuntu/go1_ws/install/ros2_unitree_legged_msgs/bin'
[0.961s] Level 1:colcon.colcon_core.environment:checking '/home/pim0ubuntu/go1_ws/install/ros2_unitree_legged_msgs/lib/pkgconfig/ros2_unitree_legged_msgs.pc'
[0.962s] Level 1:colcon.colcon_core.environment:checking '/home/pim0ubuntu/go1_ws/install/ros2_unitree_legged_msgs/lib/python3.10/site-packages'
[0.962s] Level 1:colcon.colcon_core.environment:checking '/home/pim0ubuntu/go1_ws/install/ros2_unitree_legged_msgs/bin'
[0.963s] INFO:colcon.colcon_core.shell:Creating package script '/home/pim0ubuntu/go1_ws/install/ros2_unitree_legged_msgs/share/ros2_unitree_legged_msgs/package.ps1'
[0.963s] INFO:colcon.colcon_core.shell:Creating package descriptor '/home/pim0ubuntu/go1_ws/install/ros2_unitree_legged_msgs/share/ros2_unitree_legged_msgs/package.dsv'
[0.964s] INFO:colcon.colcon_core.shell:Creating package script '/home/pim0ubuntu/go1_ws/install/ros2_unitree_legged_msgs/share/ros2_unitree_legged_msgs/package.sh'
[0.964s] INFO:colcon.colcon_core.shell:Creating package script '/home/pim0ubuntu/go1_ws/install/ros2_unitree_legged_msgs/share/ros2_unitree_legged_msgs/package.bash'
[0.965s] INFO:colcon.colcon_core.shell:Creating package script '/home/pim0ubuntu/go1_ws/install/ros2_unitree_legged_msgs/share/ros2_unitree_legged_msgs/package.zsh'
[0.965s] Level 1:colcon.colcon_core.environment:create_file_with_runtime_dependencies(/home/pim0ubuntu/go1_ws/install/ros2_unitree_legged_msgs/share/colcon-core/packages/ros2_unitree_legged_msgs)
[0.966s] INFO:colcon.colcon_ros.task.ament_cmake.build:Building ROS package in '/home/pim0ubuntu/go1_ws/src/unitree_guide2/unitree_joint_controller' with build type 'ament_cmake'
[0.966s] INFO:colcon.colcon_cmake.task.cmake.build:Building CMake package in '/home/pim0ubuntu/go1_ws/src/unitree_guide2/unitree_joint_controller'
[0.967s] INFO:colcon.colcon_core.shell:Skip shell extension 'powershell' for command environment: Not usable outside of PowerShell
[0.967s] DEBUG:colcon.colcon_core.shell:Skip shell extension 'dsv' for command environment
[0.978s] DEBUG:colcon.colcon_core.event_handler.log_command:Invoking command in '/home/pim0ubuntu/go1_ws/build/unitree_joint_controller': CMAKE_PREFIX_PATH=/home/pim0ubuntu/go1_ws/install/ros2_unitree_legged_msgs:/home/pim0ubuntu/go1_ws/install/unitree_guide2:/home/pim0ubuntu/go1_ws/install/unitree_joint_controller:/home/pim0ubuntu/go1_ws/install/go1_description:/opt/ros/humble LD_LIBRARY_PATH=/home/pim0ubuntu/go1_ws/install/ros2_unitree_legged_msgs/lib:/home/pim0ubuntu/go1_ws/install/unitree_joint_controller/lib:/usr/lib/x86_64-linux-gnu/gazebo-11/plugins:/opt/ros/humble/opt/rviz_ogre_vendor/lib:/opt/ros/humble/lib/x86_64-linux-gnu:/opt/ros/humble/lib /usr/bin/cmake --build /home/pim0ubuntu/go1_ws/build/unitree_joint_controller -- -j4 -l4
[1.076s] DEBUG:colcon.colcon_core.event_handler.log_command:Invoked command in '/home/pim0ubuntu/go1_ws/build/unitree_joint_controller' returned '0': CMAKE_PREFIX_PATH=/home/pim0ubuntu/go1_ws/install/ros2_unitree_legged_msgs:/home/pim0ubuntu/go1_ws/install/unitree_guide2:/home/pim0ubuntu/go1_ws/install/unitree_joint_controller:/home/pim0ubuntu/go1_ws/install/go1_description:/opt/ros/humble LD_LIBRARY_PATH=/home/pim0ubuntu/go1_ws/install/ros2_unitree_legged_msgs/lib:/home/pim0ubuntu/go1_ws/install/unitree_joint_controller/lib:/usr/lib/x86_64-linux-gnu/gazebo-11/plugins:/opt/ros/humble/opt/rviz_ogre_vendor/lib:/opt/ros/humble/lib/x86_64-linux-gnu:/opt/ros/humble/lib /usr/bin/cmake --build /home/pim0ubuntu/go1_ws/build/unitree_joint_controller -- -j4 -l4
[1.077s] DEBUG:colcon.colcon_core.event_handler.log_command:Invoking command in '/home/pim0ubuntu/go1_ws/build/unitree_joint_controller': CMAKE_PREFIX_PATH=/home/pim0ubuntu/go1_ws/install/ros2_unitree_legged_msgs:/home/pim0ubuntu/go1_ws/install/unitree_guide2:/home/pim0ubuntu/go1_ws/install/unitree_joint_controller:/home/pim0ubuntu/go1_ws/install/go1_description:/opt/ros/humble LD_LIBRARY_PATH=/home/pim0ubuntu/go1_ws/install/ros2_unitree_legged_msgs/lib:/home/pim0ubuntu/go1_ws/install/unitree_joint_controller/lib:/usr/lib/x86_64-linux-gnu/gazebo-11/plugins:/opt/ros/humble/opt/rviz_ogre_vendor/lib:/opt/ros/humble/lib/x86_64-linux-gnu:/opt/ros/humble/lib /usr/bin/cmake --install /home/pim0ubuntu/go1_ws/build/unitree_joint_controller
[1.092s] Level 1:colcon.colcon_core.environment:create_environment_scripts_only(unitree_joint_controller)
[1.092s] Level 1:colcon.colcon_core.environment:checking '/home/pim0ubuntu/go1_ws/install/unitree_joint_controller' for CMake module files
[1.093s] DEBUG:colcon.colcon_core.event_handler.log_command:Invoked command in '/home/pim0ubuntu/go1_ws/build/unitree_joint_controller' returned '0': CMAKE_PREFIX_PATH=/home/pim0ubuntu/go1_ws/install/ros2_unitree_legged_msgs:/home/pim0ubuntu/go1_ws/install/unitree_guide2:/home/pim0ubuntu/go1_ws/install/unitree_joint_controller:/home/pim0ubuntu/go1_ws/install/go1_description:/opt/ros/humble LD_LIBRARY_PATH=/home/pim0ubuntu/go1_ws/install/ros2_unitree_legged_msgs/lib:/home/pim0ubuntu/go1_ws/install/unitree_joint_controller/lib:/usr/lib/x86_64-linux-gnu/gazebo-11/plugins:/opt/ros/humble/opt/rviz_ogre_vendor/lib:/opt/ros/humble/lib/x86_64-linux-gnu:/opt/ros/humble/lib /usr/bin/cmake --install /home/pim0ubuntu/go1_ws/build/unitree_joint_controller
[1.093s] Level 1:colcon.colcon_core.environment:checking '/home/pim0ubuntu/go1_ws/install/unitree_joint_controller' for CMake config files
[1.094s] Level 1:colcon.colcon_core.shell:create_environment_hook('unitree_joint_controller', 'cmake_prefix_path')
[1.094s] INFO:colcon.colcon_core.shell:Creating environment hook '/home/pim0ubuntu/go1_ws/install/unitree_joint_controller/share/unitree_joint_controller/hook/cmake_prefix_path.ps1'
[1.094s] INFO:colcon.colcon_core.shell:Creating environment descriptor '/home/pim0ubuntu/go1_ws/install/unitree_joint_controller/share/unitree_joint_controller/hook/cmake_prefix_path.dsv'
[1.095s] INFO:colcon.colcon_core.shell:Creating environment hook '/home/pim0ubuntu/go1_ws/install/unitree_joint_controller/share/unitree_joint_controller/hook/cmake_prefix_path.sh'
[1.095s] Level 1:colcon.colcon_core.environment:checking '/home/pim0ubuntu/go1_ws/install/unitree_joint_controller/lib'
[1.095s] Level 1:colcon.colcon_core.shell:create_environment_hook('unitree_joint_controller', 'ld_library_path_lib')
[1.096s] INFO:colcon.colcon_core.shell:Creating environment hook '/home/pim0ubuntu/go1_ws/install/unitree_joint_controller/share/unitree_joint_controller/hook/ld_library_path_lib.ps1'
[1.096s] INFO:colcon.colcon_core.shell:Creating environment descriptor '/home/pim0ubuntu/go1_ws/install/unitree_joint_controller/share/unitree_joint_controller/hook/ld_library_path_lib.dsv'
[1.096s] INFO:colcon.colcon_core.shell:Creating environment hook '/home/pim0ubuntu/go1_ws/install/unitree_joint_controller/share/unitree_joint_controller/hook/ld_library_path_lib.sh'
[1.097s] Level 1:colcon.colcon_core.environment:checking '/home/pim0ubuntu/go1_ws/install/unitree_joint_controller/bin'
[1.097s] Level 1:colcon.colcon_core.environment:checking '/home/pim0ubuntu/go1_ws/install/unitree_joint_controller/lib/pkgconfig/unitree_joint_controller.pc'
[1.097s] Level 1:colcon.colcon_core.environment:checking '/home/pim0ubuntu/go1_ws/install/unitree_joint_controller/lib/python3.10/site-packages'
[1.097s] Level 1:colcon.colcon_core.environment:checking '/home/pim0ubuntu/go1_ws/install/unitree_joint_controller/bin'
[1.098s] INFO:colcon.colcon_core.shell:Creating package script '/home/pim0ubuntu/go1_ws/install/unitree_joint_controller/share/unitree_joint_controller/package.ps1'
[1.098s] INFO:colcon.colcon_core.shell:Creating package descriptor '/home/pim0ubuntu/go1_ws/install/unitree_joint_controller/share/unitree_joint_controller/package.dsv'
[1.098s] INFO:colcon.colcon_core.shell:Creating package script '/home/pim0ubuntu/go1_ws/install/unitree_joint_controller/share/unitree_joint_controller/package.sh'
[1.099s] INFO:colcon.colcon_core.shell:Creating package script '/home/pim0ubuntu/go1_ws/install/unitree_joint_controller/share/unitree_joint_controller/package.bash'
[1.099s] INFO:colcon.colcon_core.shell:Creating package script '/home/pim0ubuntu/go1_ws/install/unitree_joint_controller/share/unitree_joint_controller/package.zsh'
[1.100s] Level 1:colcon.colcon_core.environment:create_file_with_runtime_dependencies(/home/pim0ubuntu/go1_ws/install/unitree_joint_controller/share/colcon-core/packages/unitree_joint_controller)
[1.100s] Level 1:colcon.colcon_core.environment:create_environment_scripts_only(unitree_joint_controller)
[1.101s] Level 1:colcon.colcon_core.environment:checking '/home/pim0ubuntu/go1_ws/install/unitree_joint_controller' for CMake module files
[1.101s] Level 1:colcon.colcon_core.environment:checking '/home/pim0ubuntu/go1_ws/install/unitree_joint_controller' for CMake config files
[1.101s] Level 1:colcon.colcon_core.shell:create_environment_hook('unitree_joint_controller', 'cmake_prefix_path')
[1.101s] INFO:colcon.colcon_core.shell:Creating environment hook '/home/pim0ubuntu/go1_ws/install/unitree_joint_controller/share/unitree_joint_controller/hook/cmake_prefix_path.ps1'
[1.102s] INFO:colcon.colcon_core.shell:Creating environment descriptor '/home/pim0ubuntu/go1_ws/install/unitree_joint_controller/share/unitree_joint_controller/hook/cmake_prefix_path.dsv'
[1.102s] INFO:colcon.colcon_core.shell:Creating environment hook '/home/pim0ubuntu/go1_ws/install/unitree_joint_controller/share/unitree_joint_controller/hook/cmake_prefix_path.sh'
[1.102s] Level 1:colcon.colcon_core.environment:checking '/home/pim0ubuntu/go1_ws/install/unitree_joint_controller/lib'
[1.103s] Level 1:colcon.colcon_core.shell:create_environment_hook('unitree_joint_controller', 'ld_library_path_lib')
[1.103s] INFO:colcon.colcon_core.shell:Creating environment hook '/home/pim0ubuntu/go1_ws/install/unitree_joint_controller/share/unitree_joint_controller/hook/ld_library_path_lib.ps1'
[1.103s] INFO:colcon.colcon_core.shell:Creating environment descriptor '/home/pim0ubuntu/go1_ws/install/unitree_joint_controller/share/unitree_joint_controller/hook/ld_library_path_lib.dsv'
[1.103s] INFO:colcon.colcon_core.shell:Creating environment hook '/home/pim0ubuntu/go1_ws/install/unitree_joint_controller/share/unitree_joint_controller/hook/ld_library_path_lib.sh'
[1.104s] Level 1:colcon.colcon_core.environment:checking '/home/pim0ubuntu/go1_ws/install/unitree_joint_controller/bin'
[1.104s] Level 1:colcon.colcon_core.environment:checking '/home/pim0ubuntu/go1_ws/install/unitree_joint_controller/lib/pkgconfig/unitree_joint_controller.pc'
[1.104s] Level 1:colcon.colcon_core.environment:checking '/home/pim0ubuntu/go1_ws/install/unitree_joint_controller/lib/python3.10/site-packages'
[1.105s] Level 1:colcon.colcon_core.environment:checking '/home/pim0ubuntu/go1_ws/install/unitree_joint_controller/bin'
[1.105s] INFO:colcon.colcon_core.shell:Creating package script '/home/pim0ubuntu/go1_ws/install/unitree_joint_controller/share/unitree_joint_controller/package.ps1'
[1.105s] INFO:colcon.colcon_core.shell:Creating package descriptor '/home/pim0ubuntu/go1_ws/install/unitree_joint_controller/share/unitree_joint_controller/package.dsv'
[1.106s] INFO:colcon.colcon_core.shell:Creating package script '/home/pim0ubuntu/go1_ws/install/unitree_joint_controller/share/unitree_joint_controller/package.sh'
[1.106s] INFO:colcon.colcon_core.shell:Creating package script '/home/pim0ubuntu/go1_ws/install/unitree_joint_controller/share/unitree_joint_controller/package.bash'
[1.107s] INFO:colcon.colcon_core.shell:Creating package script '/home/pim0ubuntu/go1_ws/install/unitree_joint_controller/share/unitree_joint_controller/package.zsh'
[1.107s] Level 1:colcon.colcon_core.environment:create_file_with_runtime_dependencies(/home/pim0ubuntu/go1_ws/install/unitree_joint_controller/share/colcon-core/packages/unitree_joint_controller)
[7.510s] DEBUG:colcon.colcon_core.event_handler.log_command:Invoked command in '/home/pim0ubuntu/go1_ws/build/unitree_guide2' returned '0': CMAKE_PREFIX_PATH=${CMAKE_PREFIX_PATH}:/opt/ros/humble /usr/bin/cmake --build /home/pim0ubuntu/go1_ws/build/unitree_guide2 -- -j4 -l4
[7.512s] DEBUG:colcon.colcon_core.event_handler.log_command:Invoking command in '/home/pim0ubuntu/go1_ws/build/unitree_guide2': CMAKE_PREFIX_PATH=${CMAKE_PREFIX_PATH}:/opt/ros/humble /usr/bin/cmake --install /home/pim0ubuntu/go1_ws/build/unitree_guide2
[7.537s] Level 1:colcon.colcon_core.environment:create_environment_scripts_only(unitree_guide2)
[7.538s] Level 1:colcon.colcon_core.environment:checking '/home/pim0ubuntu/go1_ws/install/unitree_guide2' for CMake module files
[7.538s] DEBUG:colcon.colcon_core.event_handler.log_command:Invoked command in '/home/pim0ubuntu/go1_ws/build/unitree_guide2' returned '0': CMAKE_PREFIX_PATH=${CMAKE_PREFIX_PATH}:/opt/ros/humble /usr/bin/cmake --install /home/pim0ubuntu/go1_ws/build/unitree_guide2
[7.538s] Level 1:colcon.colcon_core.environment:checking '/home/pim0ubuntu/go1_ws/install/unitree_guide2' for CMake config files
[7.539s] Level 1:colcon.colcon_core.shell:create_environment_hook('unitree_guide2', 'cmake_prefix_path')
[7.539s] INFO:colcon.colcon_core.shell:Creating environment hook '/home/pim0ubuntu/go1_ws/install/unitree_guide2/share/unitree_guide2/hook/cmake_prefix_path.ps1'
[7.539s] INFO:colcon.colcon_core.shell:Creating environment descriptor '/home/pim0ubuntu/go1_ws/install/unitree_guide2/share/unitree_guide2/hook/cmake_prefix_path.dsv'
[7.540s] INFO:colcon.colcon_core.shell:Creating environment hook '/home/pim0ubuntu/go1_ws/install/unitree_guide2/share/unitree_guide2/hook/cmake_prefix_path.sh'
[7.540s] Level 1:colcon.colcon_core.environment:checking '/home/pim0ubuntu/go1_ws/install/unitree_guide2/lib'
[7.540s] Level 1:colcon.colcon_core.environment:checking '/home/pim0ubuntu/go1_ws/install/unitree_guide2/bin'
[7.540s] Level 1:colcon.colcon_core.environment:checking '/home/pim0ubuntu/go1_ws/install/unitree_guide2/lib/pkgconfig/unitree_guide2.pc'
[7.541s] Level 1:colcon.colcon_core.environment:checking '/home/pim0ubuntu/go1_ws/install/unitree_guide2/lib/python3.10/site-packages'
[7.541s] Level 1:colcon.colcon_core.environment:checking '/home/pim0ubuntu/go1_ws/install/unitree_guide2/bin'
[7.541s] INFO:colcon.colcon_core.shell:Creating package script '/home/pim0ubuntu/go1_ws/install/unitree_guide2/share/unitree_guide2/package.ps1'
[7.541s] INFO:colcon.colcon_core.shell:Creating package descriptor '/home/pim0ubuntu/go1_ws/install/unitree_guide2/share/unitree_guide2/package.dsv'
[7.542s] INFO:colcon.colcon_core.shell:Creating package script '/home/pim0ubuntu/go1_ws/install/unitree_guide2/share/unitree_guide2/package.sh'
[7.542s] INFO:colcon.colcon_core.shell:Creating package script '/home/pim0ubuntu/go1_ws/install/unitree_guide2/share/unitree_guide2/package.bash'
[7.542s] INFO:colcon.colcon_core.shell:Creating package script '/home/pim0ubuntu/go1_ws/install/unitree_guide2/share/unitree_guide2/package.zsh'
[7.543s] Level 1:colcon.colcon_core.environment:create_file_with_runtime_dependencies(/home/pim0ubuntu/go1_ws/install/unitree_guide2/share/colcon-core/packages/unitree_guide2)
[7.543s] Level 1:colcon.colcon_core.environment:create_environment_scripts_only(unitree_guide2)
[7.544s] Level 1:colcon.colcon_core.environment:checking '/home/pim0ubuntu/go1_ws/install/unitree_guide2' for CMake module files
[7.544s] Level 1:colcon.colcon_core.environment:checking '/home/pim0ubuntu/go1_ws/install/unitree_guide2' for CMake config files
[7.544s] Level 1:colcon.colcon_core.shell:create_environment_hook('unitree_guide2', 'cmake_prefix_path')
[7.544s] INFO:colcon.colcon_core.shell:Creating environment hook '/home/pim0ubuntu/go1_ws/install/unitree_guide2/share/unitree_guide2/hook/cmake_prefix_path.ps1'
[7.544s] INFO:colcon.colcon_core.shell:Creating environment descriptor '/home/pim0ubuntu/go1_ws/install/unitree_guide2/share/unitree_guide2/hook/cmake_prefix_path.dsv'
[7.545s] INFO:colcon.colcon_core.shell:Creating environment hook '/home/pim0ubuntu/go1_ws/install/unitree_guide2/share/unitree_guide2/hook/cmake_prefix_path.sh'
[7.545s] Level 1:colcon.colcon_core.environment:checking '/home/pim0ubuntu/go1_ws/install/unitree_guide2/lib'
[7.545s] Level 1:colcon.colcon_core.environment:checking '/home/pim0ubuntu/go1_ws/install/unitree_guide2/bin'
[7.545s] Level 1:colcon.colcon_core.environment:checking '/home/pim0ubuntu/go1_ws/install/unitree_guide2/lib/pkgconfig/unitree_guide2.pc'
[7.545s] Level 1:colcon.colcon_core.environment:checking '/home/pim0ubuntu/go1_ws/install/unitree_guide2/lib/python3.10/site-packages'
[7.546s] Level 1:colcon.colcon_core.environment:checking '/home/pim0ubuntu/go1_ws/install/unitree_guide2/bin'
[7.546s] INFO:colcon.colcon_core.shell:Creating package script '/home/pim0ubuntu/go1_ws/install/unitree_guide2/share/unitree_guide2/package.ps1'
[7.546s] INFO:colcon.colcon_core.shell:Creating package descriptor '/home/pim0ubuntu/go1_ws/install/unitree_guide2/share/unitree_guide2/package.dsv'
[7.546s] INFO:colcon.colcon_core.shell:Creating package script '/home/pim0ubuntu/go1_ws/install/unitree_guide2/share/unitree_guide2/package.sh'
[7.547s] INFO:colcon.colcon_core.shell:Creating package script '/home/pim0ubuntu/go1_ws/install/unitree_guide2/share/unitree_guide2/package.bash'
[7.547s] INFO:colcon.colcon_core.shell:Creating package script '/home/pim0ubuntu/go1_ws/install/unitree_guide2/share/unitree_guide2/package.zsh'
[7.547s] Level 1:colcon.colcon_core.environment:create_file_with_runtime_dependencies(/home/pim0ubuntu/go1_ws/install/unitree_guide2/share/colcon-core/packages/unitree_guide2)
[7.548s] DEBUG:colcon.colcon_parallel_executor.executor.parallel:closing loop
[7.548s] DEBUG:colcon.colcon_parallel_executor.executor.parallel:loop closed
[7.548s] DEBUG:colcon.colcon_parallel_executor.executor.parallel:run_until_complete finished with '0'
[7.549s] DEBUG:colcon.colcon_core.event_reactor:joining thread
[7.553s] INFO:colcon.colcon_core.plugin_system:Skipping extension 'colcon_notification.desktop_notification.terminal_notifier': Not used on non-Darwin systems
[7.554s] INFO:colcon.colcon_core.plugin_system:Skipping extension 'colcon_notification.desktop_notification.win32': Not used on non-Windows systems
[7.554s] INFO:colcon.colcon_notification.desktop_notification:Sending desktop notification using 'notify2'
[7.564s] DEBUG:colcon.colcon_core.event_reactor:joined thread
[7.565s] INFO:colcon.colcon_core.shell:Creating prefix script '/home/pim0ubuntu/go1_ws/install/local_setup.ps1'
[7.566s] INFO:colcon.colcon_core.shell:Creating prefix util module '/home/pim0ubuntu/go1_ws/install/_local_setup_util_ps1.py'
[7.567s] INFO:colcon.colcon_core.shell:Creating prefix chain script '/home/pim0ubuntu/go1_ws/install/setup.ps1'
[7.568s] INFO:colcon.colcon_core.shell:Creating prefix script '/home/pim0ubuntu/go1_ws/install/local_setup.sh'
[7.569s] INFO:colcon.colcon_core.shell:Creating prefix util module '/home/pim0ubuntu/go1_ws/install/_local_setup_util_sh.py'
[7.570s] INFO:colcon.colcon_core.shell:Creating prefix chain script '/home/pim0ubuntu/go1_ws/install/setup.sh'
[7.572s] INFO:colcon.colcon_core.shell:Creating prefix script '/home/pim0ubuntu/go1_ws/install/local_setup.bash'
[7.573s] INFO:colcon.colcon_core.shell:Creating prefix chain script '/home/pim0ubuntu/go1_ws/install/setup.bash'
[7.574s] INFO:colcon.colcon_core.shell:Creating prefix script '/home/pim0ubuntu/go1_ws/install/local_setup.zsh'
[7.574s] INFO:colcon.colcon_core.shell:Creating prefix chain script '/home/pim0ubuntu/go1_ws/install/setup.zsh'
