[0.045s] Invoking command in '/home/pim0ubuntu/go1_ws/build/ros2_unitree_legged_msgs': CMAKE_PREFIX_PATH=${CMAKE_PREFIX_PATH}:/opt/ros/humble /usr/bin/cmake --build /home/pim0ubuntu/go1_ws/build/ros2_unitree_legged_msgs -- -j4 -l4
[0.280s] [  0%] Built target ament_cmake_python_copy_ros2_unitree_legged_msgs
[0.280s] [  0%] Built target ros2_unitree_legged_msgs__cpp
[0.281s] [ 12%] Built target ros2_unitree_legged_msgs__rosidl_generator_c
[0.352s] [ 23%] Built target ros2_unitree_legged_msgs__rosidl_typesupport_fastrtps_cpp
[0.412s] [ 35%] Built target ros2_unitree_legged_msgs__rosidl_typesupport_cpp
[0.423s] [ 47%] Built target ros2_unitree_legged_msgs__rosidl_typesupport_introspection_cpp
[0.454s] [ 59%] Built target ros2_unitree_legged_msgs__rosidl_typesupport_fastrtps_c
[0.506s] [ 71%] Built target ros2_unitree_legged_msgs__rosidl_typesupport_c
[0.525s] [ 83%] Built target ros2_unitree_legged_msgs__rosidl_typesupport_introspection_c
[0.585s] [ 83%] Built target ros2_unitree_legged_msgs
[0.695s] [ 84%] Built target ros2_unitree_legged_msgs__py
[0.846s] [ 95%] Built target ros2_unitree_legged_msgs__rosidl_generator_py
[0.987s] [ 97%] Built target ros2_unitree_legged_msgs__rosidl_typesupport_fastrtps_c__pyext
[1.013s] [ 98%] Built target ros2_unitree_legged_msgs__rosidl_typesupport_c__pyext
[1.030s] [100%] Built target ros2_unitree_legged_msgs__rosidl_typesupport_introspection_c__pyext
[1.097s] running egg_info
[1.097s] writing ros2_unitree_legged_msgs.egg-info/PKG-INFO
[1.098s] writing dependency_links to ros2_unitree_legged_msgs.egg-info/dependency_links.txt
[1.098s] writing top-level names to ros2_unitree_legged_msgs.egg-info/top_level.txt
[1.104s] reading manifest file 'ros2_unitree_legged_msgs.egg-info/SOURCES.txt'
[1.107s] writing manifest file 'ros2_unitree_legged_msgs.egg-info/SOURCES.txt'
[1.195s] [100%] Built target ament_cmake_python_build_ros2_unitree_legged_msgs_egg
[1.217s] Invoked command in '/home/pim0ubuntu/go1_ws/build/ros2_unitree_legged_msgs' returned '0': CMAKE_PREFIX_PATH=${CMAKE_PREFIX_PATH}:/opt/ros/humble /usr/bin/cmake --build /home/pim0ubuntu/go1_ws/build/ros2_unitree_legged_msgs -- -j4 -l4
[1.219s] Invoking command in '/home/pim0ubuntu/go1_ws/build/ros2_unitree_legged_msgs': CMAKE_PREFIX_PATH=${CMAKE_PREFIX_PATH}:/opt/ros/humble /usr/bin/cmake --install /home/pim0ubuntu/go1_ws/build/ros2_unitree_legged_msgs
[1.236s] -- Install configuration: ""
[1.237s] -- Up-to-date: /home/pim0ubuntu/go1_ws/install/ros2_unitree_legged_msgs/share/ament_index/resource_index/rosidl_interfaces/ros2_unitree_legged_msgs
[1.237s] -- Up-to-date: /home/pim0ubuntu/go1_ws/install/ros2_unitree_legged_msgs/include/ros2_unitree_legged_msgs/ros2_unitree_legged_msgs
[1.237s] -- Up-to-date: /home/pim0ubuntu/go1_ws/install/ros2_unitree_legged_msgs/include/ros2_unitree_legged_msgs/ros2_unitree_legged_msgs/msg
[1.237s] -- Up-to-date: /home/pim0ubuntu/go1_ws/install/ros2_unitree_legged_msgs/include/ros2_unitree_legged_msgs/ros2_unitree_legged_msgs/msg/bms_cmd.h
[1.240s] -- Up-to-date: /home/pim0ubuntu/go1_ws/install/ros2_unitree_legged_msgs/include/ros2_unitree_legged_msgs/ros2_unitree_legged_msgs/msg/motor_state.h
[1.241s] -- Up-to-date: /home/pim0ubuntu/go1_ws/install/ros2_unitree_legged_msgs/include/ros2_unitree_legged_msgs/ros2_unitree_legged_msgs/msg/motor_cmd.h
[1.241s] -- Up-to-date: /home/pim0ubuntu/go1_ws/install/ros2_unitree_legged_msgs/include/ros2_unitree_legged_msgs/ros2_unitree_legged_msgs/msg/high_cmd.h
[1.241s] -- Up-to-date: /home/pim0ubuntu/go1_ws/install/ros2_unitree_legged_msgs/include/ros2_unitree_legged_msgs/ros2_unitree_legged_msgs/msg/rosidl_generator_c__visibility_control.h
[1.241s] -- Up-to-date: /home/pim0ubuntu/go1_ws/install/ros2_unitree_legged_msgs/include/ros2_unitree_legged_msgs/ros2_unitree_legged_msgs/msg/led.h
[1.241s] -- Up-to-date: /home/pim0ubuntu/go1_ws/install/ros2_unitree_legged_msgs/include/ros2_unitree_legged_msgs/ros2_unitree_legged_msgs/msg/detail
[1.241s] -- Up-to-date: /home/pim0ubuntu/go1_ws/install/ros2_unitree_legged_msgs/include/ros2_unitree_legged_msgs/ros2_unitree_legged_msgs/msg/detail/motor_state__functions.h
[1.242s] -- Up-to-date: /home/pim0ubuntu/go1_ws/install/ros2_unitree_legged_msgs/include/ros2_unitree_legged_msgs/ros2_unitree_legged_msgs/msg/detail/cartesian__struct.h
[1.242s] -- Up-to-date: /home/pim0ubuntu/go1_ws/install/ros2_unitree_legged_msgs/include/ros2_unitree_legged_msgs/ros2_unitree_legged_msgs/msg/detail/low_state__struct.h
[1.242s] -- Up-to-date: /home/pim0ubuntu/go1_ws/install/ros2_unitree_legged_msgs/include/ros2_unitree_legged_msgs/ros2_unitree_legged_msgs/msg/detail/bms_state__functions.h
[1.242s] -- Up-to-date: /home/pim0ubuntu/go1_ws/install/ros2_unitree_legged_msgs/include/ros2_unitree_legged_msgs/ros2_unitree_legged_msgs/msg/detail/motor_cmd__functions.h
[1.242s] -- Up-to-date: /home/pim0ubuntu/go1_ws/install/ros2_unitree_legged_msgs/include/ros2_unitree_legged_msgs/ros2_unitree_legged_msgs/msg/detail/imu__struct.h
[1.242s] -- Up-to-date: /home/pim0ubuntu/go1_ws/install/ros2_unitree_legged_msgs/include/ros2_unitree_legged_msgs/ros2_unitree_legged_msgs/msg/detail/low_state__functions.c
[1.242s] -- Up-to-date: /home/pim0ubuntu/go1_ws/install/ros2_unitree_legged_msgs/include/ros2_unitree_legged_msgs/ros2_unitree_legged_msgs/msg/detail/motor_state__functions.c
[1.242s] -- Up-to-date: /home/pim0ubuntu/go1_ws/install/ros2_unitree_legged_msgs/include/ros2_unitree_legged_msgs/ros2_unitree_legged_msgs/msg/detail/bms_cmd__functions.c
[1.242s] -- Up-to-date: /home/pim0ubuntu/go1_ws/install/ros2_unitree_legged_msgs/include/ros2_unitree_legged_msgs/ros2_unitree_legged_msgs/msg/detail/high_cmd__type_support.h
[1.242s] -- Up-to-date: /home/pim0ubuntu/go1_ws/install/ros2_unitree_legged_msgs/include/ros2_unitree_legged_msgs/ros2_unitree_legged_msgs/msg/detail/high_cmd__functions.c
[1.242s] -- Up-to-date: /home/pim0ubuntu/go1_ws/install/ros2_unitree_legged_msgs/include/ros2_unitree_legged_msgs/ros2_unitree_legged_msgs/msg/detail/cartesian__functions.c
[1.242s] -- Up-to-date: /home/pim0ubuntu/go1_ws/install/ros2_unitree_legged_msgs/include/ros2_unitree_legged_msgs/ros2_unitree_legged_msgs/msg/detail/imu__type_support.h
[1.242s] -- Up-to-date: /home/pim0ubuntu/go1_ws/install/ros2_unitree_legged_msgs/include/ros2_unitree_legged_msgs/ros2_unitree_legged_msgs/msg/detail/high_state__functions.c
[1.242s] -- Up-to-date: /home/pim0ubuntu/go1_ws/install/ros2_unitree_legged_msgs/include/ros2_unitree_legged_msgs/ros2_unitree_legged_msgs/msg/detail/motor_state__type_support.h
[1.242s] -- Up-to-date: /home/pim0ubuntu/go1_ws/install/ros2_unitree_legged_msgs/include/ros2_unitree_legged_msgs/ros2_unitree_legged_msgs/msg/detail/imu__functions.c
[1.242s] -- Up-to-date: /home/pim0ubuntu/go1_ws/install/ros2_unitree_legged_msgs/include/ros2_unitree_legged_msgs/ros2_unitree_legged_msgs/msg/detail/low_cmd__functions.h
[1.242s] -- Up-to-date: /home/pim0ubuntu/go1_ws/install/ros2_unitree_legged_msgs/include/ros2_unitree_legged_msgs/ros2_unitree_legged_msgs/msg/detail/motor_cmd__functions.c
[1.242s] -- Up-to-date: /home/pim0ubuntu/go1_ws/install/ros2_unitree_legged_msgs/include/ros2_unitree_legged_msgs/ros2_unitree_legged_msgs/msg/detail/bms_state__type_support.h
[1.242s] -- Up-to-date: /home/pim0ubuntu/go1_ws/install/ros2_unitree_legged_msgs/include/ros2_unitree_legged_msgs/ros2_unitree_legged_msgs/msg/detail/high_state__type_support.h
[1.242s] -- Up-to-date: /home/pim0ubuntu/go1_ws/install/ros2_unitree_legged_msgs/include/ros2_unitree_legged_msgs/ros2_unitree_legged_msgs/msg/detail/high_state__functions.h
[1.242s] -- Up-to-date: /home/pim0ubuntu/go1_ws/install/ros2_unitree_legged_msgs/include/ros2_unitree_legged_msgs/ros2_unitree_legged_msgs/msg/detail/low_cmd__functions.c
[1.242s] -- Up-to-date: /home/pim0ubuntu/go1_ws/install/ros2_unitree_legged_msgs/include/ros2_unitree_legged_msgs/ros2_unitree_legged_msgs/msg/detail/motor_cmd__type_support.h
[1.243s] -- Up-to-date: /home/pim0ubuntu/go1_ws/install/ros2_unitree_legged_msgs/include/ros2_unitree_legged_msgs/ros2_unitree_legged_msgs/msg/detail/bms_state__struct.h
[1.243s] -- Up-to-date: /home/pim0ubuntu/go1_ws/install/ros2_unitree_legged_msgs/include/ros2_unitree_legged_msgs/ros2_unitree_legged_msgs/msg/detail/bms_cmd__type_support.h
[1.243s] -- Up-to-date: /home/pim0ubuntu/go1_ws/install/ros2_unitree_legged_msgs/include/ros2_unitree_legged_msgs/ros2_unitree_legged_msgs/msg/detail/high_cmd__functions.h
[1.243s] -- Up-to-date: /home/pim0ubuntu/go1_ws/install/ros2_unitree_legged_msgs/include/ros2_unitree_legged_msgs/ros2_unitree_legged_msgs/msg/detail/led__functions.c
[1.243s] -- Up-to-date: /home/pim0ubuntu/go1_ws/install/ros2_unitree_legged_msgs/include/ros2_unitree_legged_msgs/ros2_unitree_legged_msgs/msg/detail/led__type_support.h
[1.243s] -- Up-to-date: /home/pim0ubuntu/go1_ws/install/ros2_unitree_legged_msgs/include/ros2_unitree_legged_msgs/ros2_unitree_legged_msgs/msg/detail/high_cmd__struct.h
[1.243s] -- Up-to-date: /home/pim0ubuntu/go1_ws/install/ros2_unitree_legged_msgs/include/ros2_unitree_legged_msgs/ros2_unitree_legged_msgs/msg/detail/imu__functions.h
[1.243s] -- Up-to-date: /home/pim0ubuntu/go1_ws/install/ros2_unitree_legged_msgs/include/ros2_unitree_legged_msgs/ros2_unitree_legged_msgs/msg/detail/motor_state__struct.h
[1.243s] -- Up-to-date: /home/pim0ubuntu/go1_ws/install/ros2_unitree_legged_msgs/include/ros2_unitree_legged_msgs/ros2_unitree_legged_msgs/msg/detail/bms_cmd__struct.h
[1.243s] -- Up-to-date: /home/pim0ubuntu/go1_ws/install/ros2_unitree_legged_msgs/include/ros2_unitree_legged_msgs/ros2_unitree_legged_msgs/msg/detail/bms_state__functions.c
[1.243s] -- Up-to-date: /home/pim0ubuntu/go1_ws/install/ros2_unitree_legged_msgs/include/ros2_unitree_legged_msgs/ros2_unitree_legged_msgs/msg/detail/low_cmd__type_support.h
[1.243s] -- Up-to-date: /home/pim0ubuntu/go1_ws/install/ros2_unitree_legged_msgs/include/ros2_unitree_legged_msgs/ros2_unitree_legged_msgs/msg/detail/high_state__struct.h
[1.243s] -- Up-to-date: /home/pim0ubuntu/go1_ws/install/ros2_unitree_legged_msgs/include/ros2_unitree_legged_msgs/ros2_unitree_legged_msgs/msg/detail/motor_cmd__struct.h
[1.243s] -- Up-to-date: /home/pim0ubuntu/go1_ws/install/ros2_unitree_legged_msgs/include/ros2_unitree_legged_msgs/ros2_unitree_legged_msgs/msg/detail/low_cmd__struct.h
[1.244s] -- Up-to-date: /home/pim0ubuntu/go1_ws/install/ros2_unitree_legged_msgs/include/ros2_unitree_legged_msgs/ros2_unitree_legged_msgs/msg/detail/low_state__type_support.h
[1.244s] -- Up-to-date: /home/pim0ubuntu/go1_ws/install/ros2_unitree_legged_msgs/include/ros2_unitree_legged_msgs/ros2_unitree_legged_msgs/msg/detail/low_state__functions.h
[1.244s] -- Up-to-date: /home/pim0ubuntu/go1_ws/install/ros2_unitree_legged_msgs/include/ros2_unitree_legged_msgs/ros2_unitree_legged_msgs/msg/detail/cartesian__functions.h
[1.244s] -- Up-to-date: /home/pim0ubuntu/go1_ws/install/ros2_unitree_legged_msgs/include/ros2_unitree_legged_msgs/ros2_unitree_legged_msgs/msg/detail/led__struct.h
[1.244s] -- Up-to-date: /home/pim0ubuntu/go1_ws/install/ros2_unitree_legged_msgs/include/ros2_unitree_legged_msgs/ros2_unitree_legged_msgs/msg/detail/bms_cmd__functions.h
[1.244s] -- Up-to-date: /home/pim0ubuntu/go1_ws/install/ros2_unitree_legged_msgs/include/ros2_unitree_legged_msgs/ros2_unitree_legged_msgs/msg/detail/cartesian__type_support.h
[1.244s] -- Up-to-date: /home/pim0ubuntu/go1_ws/install/ros2_unitree_legged_msgs/include/ros2_unitree_legged_msgs/ros2_unitree_legged_msgs/msg/detail/led__functions.h
[1.244s] -- Up-to-date: /home/pim0ubuntu/go1_ws/install/ros2_unitree_legged_msgs/include/ros2_unitree_legged_msgs/ros2_unitree_legged_msgs/msg/bms_state.h
[1.244s] -- Up-to-date: /home/pim0ubuntu/go1_ws/install/ros2_unitree_legged_msgs/include/ros2_unitree_legged_msgs/ros2_unitree_legged_msgs/msg/imu.h
[1.244s] -- Up-to-date: /home/pim0ubuntu/go1_ws/install/ros2_unitree_legged_msgs/include/ros2_unitree_legged_msgs/ros2_unitree_legged_msgs/msg/cartesian.h
[1.244s] -- Up-to-date: /home/pim0ubuntu/go1_ws/install/ros2_unitree_legged_msgs/include/ros2_unitree_legged_msgs/ros2_unitree_legged_msgs/msg/high_state.h
[1.244s] -- Up-to-date: /home/pim0ubuntu/go1_ws/install/ros2_unitree_legged_msgs/include/ros2_unitree_legged_msgs/ros2_unitree_legged_msgs/msg/low_state.h
[1.244s] -- Up-to-date: /home/pim0ubuntu/go1_ws/install/ros2_unitree_legged_msgs/include/ros2_unitree_legged_msgs/ros2_unitree_legged_msgs/msg/low_cmd.h
[1.245s] -- Up-to-date: /home/pim0ubuntu/go1_ws/install/ros2_unitree_legged_msgs/share/ros2_unitree_legged_msgs/environment/library_path.sh
[1.245s] -- Up-to-date: /home/pim0ubuntu/go1_ws/install/ros2_unitree_legged_msgs/share/ros2_unitree_legged_msgs/environment/library_path.dsv
[1.245s] -- Up-to-date: /home/pim0ubuntu/go1_ws/install/ros2_unitree_legged_msgs/lib/libros2_unitree_legged_msgs__rosidl_generator_c.so
[1.245s] -- Up-to-date: /home/pim0ubuntu/go1_ws/install/ros2_unitree_legged_msgs/include/ros2_unitree_legged_msgs/ros2_unitree_legged_msgs
[1.245s] -- Up-to-date: /home/pim0ubuntu/go1_ws/install/ros2_unitree_legged_msgs/include/ros2_unitree_legged_msgs/ros2_unitree_legged_msgs/msg
[1.245s] -- Up-to-date: /home/pim0ubuntu/go1_ws/install/ros2_unitree_legged_msgs/include/ros2_unitree_legged_msgs/ros2_unitree_legged_msgs/msg/detail
[1.245s] -- Up-to-date: /home/pim0ubuntu/go1_ws/install/ros2_unitree_legged_msgs/include/ros2_unitree_legged_msgs/ros2_unitree_legged_msgs/msg/detail/low_cmd__rosidl_typesupport_fastrtps_c.h
[1.245s] -- Up-to-date: /home/pim0ubuntu/go1_ws/install/ros2_unitree_legged_msgs/include/ros2_unitree_legged_msgs/ros2_unitree_legged_msgs/msg/detail/cartesian__rosidl_typesupport_fastrtps_c.h
[1.245s] -- Up-to-date: /home/pim0ubuntu/go1_ws/install/ros2_unitree_legged_msgs/include/ros2_unitree_legged_msgs/ros2_unitree_legged_msgs/msg/detail/high_cmd__rosidl_typesupport_fastrtps_c.h
[1.245s] -- Up-to-date: /home/pim0ubuntu/go1_ws/install/ros2_unitree_legged_msgs/include/ros2_unitree_legged_msgs/ros2_unitree_legged_msgs/msg/detail/motor_state__rosidl_typesupport_fastrtps_c.h
[1.245s] -- Up-to-date: /home/pim0ubuntu/go1_ws/install/ros2_unitree_legged_msgs/include/ros2_unitree_legged_msgs/ros2_unitree_legged_msgs/msg/detail/led__rosidl_typesupport_fastrtps_c.h
[1.246s] -- Up-to-date: /home/pim0ubuntu/go1_ws/install/ros2_unitree_legged_msgs/include/ros2_unitree_legged_msgs/ros2_unitree_legged_msgs/msg/detail/low_state__rosidl_typesupport_fastrtps_c.h
[1.246s] -- Up-to-date: /home/pim0ubuntu/go1_ws/install/ros2_unitree_legged_msgs/include/ros2_unitree_legged_msgs/ros2_unitree_legged_msgs/msg/detail/bms_cmd__rosidl_typesupport_fastrtps_c.h
[1.247s] -- Up-to-date: /home/pim0ubuntu/go1_ws/install/ros2_unitree_legged_msgs/include/ros2_unitree_legged_msgs/ros2_unitree_legged_msgs/msg/detail/high_state__rosidl_typesupport_fastrtps_c.h
[1.247s] -- Up-to-date: /home/pim0ubuntu/go1_ws/install/ros2_unitree_legged_msgs/include/ros2_unitree_legged_msgs/ros2_unitree_legged_msgs/msg/detail/imu__rosidl_typesupport_fastrtps_c.h
[1.247s] -- Up-to-date: /home/pim0ubuntu/go1_ws/install/ros2_unitree_legged_msgs/include/ros2_unitree_legged_msgs/ros2_unitree_legged_msgs/msg/detail/bms_state__rosidl_typesupport_fastrtps_c.h
[1.247s] -- Up-to-date: /home/pim0ubuntu/go1_ws/install/ros2_unitree_legged_msgs/include/ros2_unitree_legged_msgs/ros2_unitree_legged_msgs/msg/detail/motor_cmd__rosidl_typesupport_fastrtps_c.h
[1.247s] -- Up-to-date: /home/pim0ubuntu/go1_ws/install/ros2_unitree_legged_msgs/include/ros2_unitree_legged_msgs/ros2_unitree_legged_msgs/msg/rosidl_typesupport_fastrtps_c__visibility_control.h
[1.247s] -- Up-to-date: /home/pim0ubuntu/go1_ws/install/ros2_unitree_legged_msgs/lib/libros2_unitree_legged_msgs__rosidl_typesupport_fastrtps_c.so
[1.248s] -- Up-to-date: /home/pim0ubuntu/go1_ws/install/ros2_unitree_legged_msgs/include/ros2_unitree_legged_msgs/ros2_unitree_legged_msgs
[1.248s] -- Up-to-date: /home/pim0ubuntu/go1_ws/install/ros2_unitree_legged_msgs/include/ros2_unitree_legged_msgs/ros2_unitree_legged_msgs/msg
[1.248s] -- Up-to-date: /home/pim0ubuntu/go1_ws/install/ros2_unitree_legged_msgs/include/ros2_unitree_legged_msgs/ros2_unitree_legged_msgs/msg/detail
[1.248s] -- Up-to-date: /home/pim0ubuntu/go1_ws/install/ros2_unitree_legged_msgs/include/ros2_unitree_legged_msgs/ros2_unitree_legged_msgs/msg/detail/bms_state__type_support.c
[1.248s] -- Up-to-date: /home/pim0ubuntu/go1_ws/install/ros2_unitree_legged_msgs/include/ros2_unitree_legged_msgs/ros2_unitree_legged_msgs/msg/detail/high_cmd__type_support.c
[1.248s] -- Up-to-date: /home/pim0ubuntu/go1_ws/install/ros2_unitree_legged_msgs/include/ros2_unitree_legged_msgs/ros2_unitree_legged_msgs/msg/detail/bms_cmd__rosidl_typesupport_introspection_c.h
[1.251s] -- Up-to-date: /home/pim0ubuntu/go1_ws/install/ros2_unitree_legged_msgs/include/ros2_unitree_legged_msgs/ros2_unitree_legged_msgs/msg/detail/high_state__rosidl_typesupport_introspection_c.h
[1.251s] -- Up-to-date: /home/pim0ubuntu/go1_ws/install/ros2_unitree_legged_msgs/include/ros2_unitree_legged_msgs/ros2_unitree_legged_msgs/msg/detail/low_cmd__rosidl_typesupport_introspection_c.h
[1.251s] -- Up-to-date: /home/pim0ubuntu/go1_ws/install/ros2_unitree_legged_msgs/include/ros2_unitree_legged_msgs/ros2_unitree_legged_msgs/msg/detail/motor_cmd__rosidl_typesupport_introspection_c.h
[1.251s] -- Up-to-date: /home/pim0ubuntu/go1_ws/install/ros2_unitree_legged_msgs/include/ros2_unitree_legged_msgs/ros2_unitree_legged_msgs/msg/detail/bms_state__rosidl_typesupport_introspection_c.h
[1.252s] -- Up-to-date: /home/pim0ubuntu/go1_ws/install/ros2_unitree_legged_msgs/include/ros2_unitree_legged_msgs/ros2_unitree_legged_msgs/msg/detail/imu__rosidl_typesupport_introspection_c.h
[1.252s] -- Up-to-date: /home/pim0ubuntu/go1_ws/install/ros2_unitree_legged_msgs/include/ros2_unitree_legged_msgs/ros2_unitree_legged_msgs/msg/detail/motor_state__type_support.c
[1.252s] -- Up-to-date: /home/pim0ubuntu/go1_ws/install/ros2_unitree_legged_msgs/include/ros2_unitree_legged_msgs/ros2_unitree_legged_msgs/msg/detail/low_state__type_support.c
[1.252s] -- Up-to-date: /home/pim0ubuntu/go1_ws/install/ros2_unitree_legged_msgs/include/ros2_unitree_legged_msgs/ros2_unitree_legged_msgs/msg/detail/high_cmd__rosidl_typesupport_introspection_c.h
[1.252s] -- Up-to-date: /home/pim0ubuntu/go1_ws/install/ros2_unitree_legged_msgs/include/ros2_unitree_legged_msgs/ros2_unitree_legged_msgs/msg/detail/motor_cmd__type_support.c
[1.252s] -- Up-to-date: /home/pim0ubuntu/go1_ws/install/ros2_unitree_legged_msgs/include/ros2_unitree_legged_msgs/ros2_unitree_legged_msgs/msg/detail/imu__type_support.c
[1.252s] -- Up-to-date: /home/pim0ubuntu/go1_ws/install/ros2_unitree_legged_msgs/include/ros2_unitree_legged_msgs/ros2_unitree_legged_msgs/msg/detail/cartesian__rosidl_typesupport_introspection_c.h
[1.252s] -- Up-to-date: /home/pim0ubuntu/go1_ws/install/ros2_unitree_legged_msgs/include/ros2_unitree_legged_msgs/ros2_unitree_legged_msgs/msg/detail/led__rosidl_typesupport_introspection_c.h
[1.252s] -- Up-to-date: /home/pim0ubuntu/go1_ws/install/ros2_unitree_legged_msgs/include/ros2_unitree_legged_msgs/ros2_unitree_legged_msgs/msg/detail/high_state__type_support.c
[1.252s] -- Up-to-date: /home/pim0ubuntu/go1_ws/install/ros2_unitree_legged_msgs/include/ros2_unitree_legged_msgs/ros2_unitree_legged_msgs/msg/detail/motor_state__rosidl_typesupport_introspection_c.h
[1.253s] -- Up-to-date: /home/pim0ubuntu/go1_ws/install/ros2_unitree_legged_msgs/include/ros2_unitree_legged_msgs/ros2_unitree_legged_msgs/msg/detail/low_state__rosidl_typesupport_introspection_c.h
[1.253s] -- Up-to-date: /home/pim0ubuntu/go1_ws/install/ros2_unitree_legged_msgs/include/ros2_unitree_legged_msgs/ros2_unitree_legged_msgs/msg/detail/low_cmd__type_support.c
[1.254s] -- Up-to-date: /home/pim0ubuntu/go1_ws/install/ros2_unitree_legged_msgs/include/ros2_unitree_legged_msgs/ros2_unitree_legged_msgs/msg/detail/bms_cmd__type_support.c
[1.255s] -- Up-to-date: /home/pim0ubuntu/go1_ws/install/ros2_unitree_legged_msgs/include/ros2_unitree_legged_msgs/ros2_unitree_legged_msgs/msg/detail/led__type_support.c
[1.263s] -- Up-to-date: /home/pim0ubuntu/go1_ws/install/ros2_unitree_legged_msgs/include/ros2_unitree_legged_msgs/ros2_unitree_legged_msgs/msg/detail/cartesian__type_support.c
[1.264s] -- Up-to-date: /home/pim0ubuntu/go1_ws/install/ros2_unitree_legged_msgs/include/ros2_unitree_legged_msgs/ros2_unitree_legged_msgs/msg/rosidl_typesupport_introspection_c__visibility_control.h
[1.264s] -- Up-to-date: /home/pim0ubuntu/go1_ws/install/ros2_unitree_legged_msgs/lib/libros2_unitree_legged_msgs__rosidl_typesupport_introspection_c.so
[1.264s] -- Up-to-date: /home/pim0ubuntu/go1_ws/install/ros2_unitree_legged_msgs/lib/libros2_unitree_legged_msgs__rosidl_typesupport_c.so
[1.264s] -- Up-to-date: /home/pim0ubuntu/go1_ws/install/ros2_unitree_legged_msgs/include/ros2_unitree_legged_msgs/ros2_unitree_legged_msgs
[1.264s] -- Up-to-date: /home/pim0ubuntu/go1_ws/install/ros2_unitree_legged_msgs/include/ros2_unitree_legged_msgs/ros2_unitree_legged_msgs/msg
[1.264s] -- Up-to-date: /home/pim0ubuntu/go1_ws/install/ros2_unitree_legged_msgs/include/ros2_unitree_legged_msgs/ros2_unitree_legged_msgs/msg/motor_state.hpp
[1.264s] -- Up-to-date: /home/pim0ubuntu/go1_ws/install/ros2_unitree_legged_msgs/include/ros2_unitree_legged_msgs/ros2_unitree_legged_msgs/msg/low_cmd.hpp
[1.264s] -- Up-to-date: /home/pim0ubuntu/go1_ws/install/ros2_unitree_legged_msgs/include/ros2_unitree_legged_msgs/ros2_unitree_legged_msgs/msg/led.hpp
[1.264s] -- Up-to-date: /home/pim0ubuntu/go1_ws/install/ros2_unitree_legged_msgs/include/ros2_unitree_legged_msgs/ros2_unitree_legged_msgs/msg/bms_state.hpp
[1.264s] -- Up-to-date: /home/pim0ubuntu/go1_ws/install/ros2_unitree_legged_msgs/include/ros2_unitree_legged_msgs/ros2_unitree_legged_msgs/msg/bms_cmd.hpp
[1.264s] -- Up-to-date: /home/pim0ubuntu/go1_ws/install/ros2_unitree_legged_msgs/include/ros2_unitree_legged_msgs/ros2_unitree_legged_msgs/msg/imu.hpp
[1.264s] -- Up-to-date: /home/pim0ubuntu/go1_ws/install/ros2_unitree_legged_msgs/include/ros2_unitree_legged_msgs/ros2_unitree_legged_msgs/msg/detail
[1.264s] -- Up-to-date: /home/pim0ubuntu/go1_ws/install/ros2_unitree_legged_msgs/include/ros2_unitree_legged_msgs/ros2_unitree_legged_msgs/msg/detail/high_state__traits.hpp
[1.265s] -- Up-to-date: /home/pim0ubuntu/go1_ws/install/ros2_unitree_legged_msgs/include/ros2_unitree_legged_msgs/ros2_unitree_legged_msgs/msg/detail/cartesian__struct.hpp
[1.265s] -- Up-to-date: /home/pim0ubuntu/go1_ws/install/ros2_unitree_legged_msgs/include/ros2_unitree_legged_msgs/ros2_unitree_legged_msgs/msg/detail/low_cmd__type_support.hpp
[1.265s] -- Up-to-date: /home/pim0ubuntu/go1_ws/install/ros2_unitree_legged_msgs/include/ros2_unitree_legged_msgs/ros2_unitree_legged_msgs/msg/detail/bms_cmd__struct.hpp
[1.265s] -- Up-to-date: /home/pim0ubuntu/go1_ws/install/ros2_unitree_legged_msgs/include/ros2_unitree_legged_msgs/ros2_unitree_legged_msgs/msg/detail/motor_state__struct.hpp
[1.265s] -- Up-to-date: /home/pim0ubuntu/go1_ws/install/ros2_unitree_legged_msgs/include/ros2_unitree_legged_msgs/ros2_unitree_legged_msgs/msg/detail/cartesian__type_support.hpp
[1.265s] -- Up-to-date: /home/pim0ubuntu/go1_ws/install/ros2_unitree_legged_msgs/include/ros2_unitree_legged_msgs/ros2_unitree_legged_msgs/msg/detail/bms_cmd__builder.hpp
[1.265s] -- Up-to-date: /home/pim0ubuntu/go1_ws/install/ros2_unitree_legged_msgs/include/ros2_unitree_legged_msgs/ros2_unitree_legged_msgs/msg/detail/bms_state__struct.hpp
[1.265s] -- Up-to-date: /home/pim0ubuntu/go1_ws/install/ros2_unitree_legged_msgs/include/ros2_unitree_legged_msgs/ros2_unitree_legged_msgs/msg/detail/imu__type_support.hpp
[1.265s] -- Up-to-date: /home/pim0ubuntu/go1_ws/install/ros2_unitree_legged_msgs/include/ros2_unitree_legged_msgs/ros2_unitree_legged_msgs/msg/detail/high_cmd__traits.hpp
[1.265s] -- Up-to-date: /home/pim0ubuntu/go1_ws/install/ros2_unitree_legged_msgs/include/ros2_unitree_legged_msgs/ros2_unitree_legged_msgs/msg/detail/low_cmd__struct.hpp
[1.265s] -- Up-to-date: /home/pim0ubuntu/go1_ws/install/ros2_unitree_legged_msgs/include/ros2_unitree_legged_msgs/ros2_unitree_legged_msgs/msg/detail/bms_cmd__type_support.hpp
[1.265s] -- Up-to-date: /home/pim0ubuntu/go1_ws/install/ros2_unitree_legged_msgs/include/ros2_unitree_legged_msgs/ros2_unitree_legged_msgs/msg/detail/high_cmd__struct.hpp
[1.265s] -- Up-to-date: /home/pim0ubuntu/go1_ws/install/ros2_unitree_legged_msgs/include/ros2_unitree_legged_msgs/ros2_unitree_legged_msgs/msg/detail/high_state__builder.hpp
[1.265s] -- Up-to-date: /home/pim0ubuntu/go1_ws/install/ros2_unitree_legged_msgs/include/ros2_unitree_legged_msgs/ros2_unitree_legged_msgs/msg/detail/high_state__type_support.hpp
[1.265s] -- Up-to-date: /home/pim0ubuntu/go1_ws/install/ros2_unitree_legged_msgs/include/ros2_unitree_legged_msgs/ros2_unitree_legged_msgs/msg/detail/high_cmd__builder.hpp
[1.265s] -- Up-to-date: /home/pim0ubuntu/go1_ws/install/ros2_unitree_legged_msgs/include/ros2_unitree_legged_msgs/ros2_unitree_legged_msgs/msg/detail/motor_state__traits.hpp
[1.265s] -- Up-to-date: /home/pim0ubuntu/go1_ws/install/ros2_unitree_legged_msgs/include/ros2_unitree_legged_msgs/ros2_unitree_legged_msgs/msg/detail/bms_state__traits.hpp
[1.265s] -- Up-to-date: /home/pim0ubuntu/go1_ws/install/ros2_unitree_legged_msgs/include/ros2_unitree_legged_msgs/ros2_unitree_legged_msgs/msg/detail/low_state__struct.hpp
[1.265s] -- Up-to-date: /home/pim0ubuntu/go1_ws/install/ros2_unitree_legged_msgs/include/ros2_unitree_legged_msgs/ros2_unitree_legged_msgs/msg/detail/motor_state__builder.hpp
[1.265s] -- Up-to-date: /home/pim0ubuntu/go1_ws/install/ros2_unitree_legged_msgs/include/ros2_unitree_legged_msgs/ros2_unitree_legged_msgs/msg/detail/motor_cmd__type_support.hpp
[1.266s] -- Up-to-date: /home/pim0ubuntu/go1_ws/install/ros2_unitree_legged_msgs/include/ros2_unitree_legged_msgs/ros2_unitree_legged_msgs/msg/detail/led__builder.hpp
[1.266s] -- Up-to-date: /home/pim0ubuntu/go1_ws/install/ros2_unitree_legged_msgs/include/ros2_unitree_legged_msgs/ros2_unitree_legged_msgs/msg/detail/motor_cmd__struct.hpp
[1.266s] -- Up-to-date: /home/pim0ubuntu/go1_ws/install/ros2_unitree_legged_msgs/include/ros2_unitree_legged_msgs/ros2_unitree_legged_msgs/msg/detail/led__type_support.hpp
[1.266s] -- Up-to-date: /home/pim0ubuntu/go1_ws/install/ros2_unitree_legged_msgs/include/ros2_unitree_legged_msgs/ros2_unitree_legged_msgs/msg/detail/motor_state__type_support.hpp
[1.266s] -- Up-to-date: /home/pim0ubuntu/go1_ws/install/ros2_unitree_legged_msgs/include/ros2_unitree_legged_msgs/ros2_unitree_legged_msgs/msg/detail/motor_cmd__traits.hpp
[1.266s] -- Up-to-date: /home/pim0ubuntu/go1_ws/install/ros2_unitree_legged_msgs/include/ros2_unitree_legged_msgs/ros2_unitree_legged_msgs/msg/detail/motor_cmd__builder.hpp
[1.266s] -- Up-to-date: /home/pim0ubuntu/go1_ws/install/ros2_unitree_legged_msgs/include/ros2_unitree_legged_msgs/ros2_unitree_legged_msgs/msg/detail/imu__builder.hpp
[1.266s] -- Up-to-date: /home/pim0ubuntu/go1_ws/install/ros2_unitree_legged_msgs/include/ros2_unitree_legged_msgs/ros2_unitree_legged_msgs/msg/detail/imu__traits.hpp
[1.266s] -- Up-to-date: /home/pim0ubuntu/go1_ws/install/ros2_unitree_legged_msgs/include/ros2_unitree_legged_msgs/ros2_unitree_legged_msgs/msg/detail/high_cmd__type_support.hpp
[1.266s] -- Up-to-date: /home/pim0ubuntu/go1_ws/install/ros2_unitree_legged_msgs/include/ros2_unitree_legged_msgs/ros2_unitree_legged_msgs/msg/detail/led__struct.hpp
[1.266s] -- Up-to-date: /home/pim0ubuntu/go1_ws/install/ros2_unitree_legged_msgs/include/ros2_unitree_legged_msgs/ros2_unitree_legged_msgs/msg/detail/low_cmd__builder.hpp
[1.266s] -- Up-to-date: /home/pim0ubuntu/go1_ws/install/ros2_unitree_legged_msgs/include/ros2_unitree_legged_msgs/ros2_unitree_legged_msgs/msg/detail/led__traits.hpp
[1.267s] -- Up-to-date: /home/pim0ubuntu/go1_ws/install/ros2_unitree_legged_msgs/include/ros2_unitree_legged_msgs/ros2_unitree_legged_msgs/msg/detail/bms_state__type_support.hpp
[1.267s] -- Up-to-date: /home/pim0ubuntu/go1_ws/install/ros2_unitree_legged_msgs/include/ros2_unitree_legged_msgs/ros2_unitree_legged_msgs/msg/detail/cartesian__traits.hpp
[1.267s] -- Up-to-date: /home/pim0ubuntu/go1_ws/install/ros2_unitree_legged_msgs/include/ros2_unitree_legged_msgs/ros2_unitree_legged_msgs/msg/detail/cartesian__builder.hpp
[1.267s] -- Up-to-date: /home/pim0ubuntu/go1_ws/install/ros2_unitree_legged_msgs/include/ros2_unitree_legged_msgs/ros2_unitree_legged_msgs/msg/detail/imu__struct.hpp
[1.267s] -- Up-to-date: /home/pim0ubuntu/go1_ws/install/ros2_unitree_legged_msgs/include/ros2_unitree_legged_msgs/ros2_unitree_legged_msgs/msg/detail/low_state__builder.hpp
[1.267s] -- Up-to-date: /home/pim0ubuntu/go1_ws/install/ros2_unitree_legged_msgs/include/ros2_unitree_legged_msgs/ros2_unitree_legged_msgs/msg/detail/bms_cmd__traits.hpp
[1.267s] -- Up-to-date: /home/pim0ubuntu/go1_ws/install/ros2_unitree_legged_msgs/include/ros2_unitree_legged_msgs/ros2_unitree_legged_msgs/msg/detail/low_state__type_support.hpp
[1.267s] -- Up-to-date: /home/pim0ubuntu/go1_ws/install/ros2_unitree_legged_msgs/include/ros2_unitree_legged_msgs/ros2_unitree_legged_msgs/msg/detail/high_state__struct.hpp
[1.267s] -- Up-to-date: /home/pim0ubuntu/go1_ws/install/ros2_unitree_legged_msgs/include/ros2_unitree_legged_msgs/ros2_unitree_legged_msgs/msg/detail/bms_state__builder.hpp
[1.268s] -- Up-to-date: /home/pim0ubuntu/go1_ws/install/ros2_unitree_legged_msgs/include/ros2_unitree_legged_msgs/ros2_unitree_legged_msgs/msg/detail/low_state__traits.hpp
[1.268s] -- Up-to-date: /home/pim0ubuntu/go1_ws/install/ros2_unitree_legged_msgs/include/ros2_unitree_legged_msgs/ros2_unitree_legged_msgs/msg/detail/low_cmd__traits.hpp
[1.268s] -- Up-to-date: /home/pim0ubuntu/go1_ws/install/ros2_unitree_legged_msgs/include/ros2_unitree_legged_msgs/ros2_unitree_legged_msgs/msg/high_cmd.hpp
[1.268s] -- Up-to-date: /home/pim0ubuntu/go1_ws/install/ros2_unitree_legged_msgs/include/ros2_unitree_legged_msgs/ros2_unitree_legged_msgs/msg/rosidl_generator_cpp__visibility_control.hpp
[1.268s] -- Up-to-date: /home/pim0ubuntu/go1_ws/install/ros2_unitree_legged_msgs/include/ros2_unitree_legged_msgs/ros2_unitree_legged_msgs/msg/cartesian.hpp
[1.268s] -- Up-to-date: /home/pim0ubuntu/go1_ws/install/ros2_unitree_legged_msgs/include/ros2_unitree_legged_msgs/ros2_unitree_legged_msgs/msg/low_state.hpp
[1.268s] -- Up-to-date: /home/pim0ubuntu/go1_ws/install/ros2_unitree_legged_msgs/include/ros2_unitree_legged_msgs/ros2_unitree_legged_msgs/msg/motor_cmd.hpp
[1.268s] -- Up-to-date: /home/pim0ubuntu/go1_ws/install/ros2_unitree_legged_msgs/include/ros2_unitree_legged_msgs/ros2_unitree_legged_msgs/msg/high_state.hpp
[1.268s] -- Up-to-date: /home/pim0ubuntu/go1_ws/install/ros2_unitree_legged_msgs/include/ros2_unitree_legged_msgs/ros2_unitree_legged_msgs
[1.268s] -- Up-to-date: /home/pim0ubuntu/go1_ws/install/ros2_unitree_legged_msgs/include/ros2_unitree_legged_msgs/ros2_unitree_legged_msgs/msg
[1.268s] -- Up-to-date: /home/pim0ubuntu/go1_ws/install/ros2_unitree_legged_msgs/include/ros2_unitree_legged_msgs/ros2_unitree_legged_msgs/msg/detail
[1.268s] -- Up-to-date: /home/pim0ubuntu/go1_ws/install/ros2_unitree_legged_msgs/include/ros2_unitree_legged_msgs/ros2_unitree_legged_msgs/msg/detail/imu__rosidl_typesupport_fastrtps_cpp.hpp
[1.269s] -- Up-to-date: /home/pim0ubuntu/go1_ws/install/ros2_unitree_legged_msgs/include/ros2_unitree_legged_msgs/ros2_unitree_legged_msgs/msg/detail/motor_state__rosidl_typesupport_fastrtps_cpp.hpp
[1.269s] -- Up-to-date: /home/pim0ubuntu/go1_ws/install/ros2_unitree_legged_msgs/include/ros2_unitree_legged_msgs/ros2_unitree_legged_msgs/msg/detail/high_cmd__rosidl_typesupport_fastrtps_cpp.hpp
[1.269s] -- Up-to-date: /home/pim0ubuntu/go1_ws/install/ros2_unitree_legged_msgs/include/ros2_unitree_legged_msgs/ros2_unitree_legged_msgs/msg/detail/high_state__rosidl_typesupport_fastrtps_cpp.hpp
[1.269s] -- Up-to-date: /home/pim0ubuntu/go1_ws/install/ros2_unitree_legged_msgs/include/ros2_unitree_legged_msgs/ros2_unitree_legged_msgs/msg/detail/dds_fastrtps
[1.269s] -- Up-to-date: /home/pim0ubuntu/go1_ws/install/ros2_unitree_legged_msgs/include/ros2_unitree_legged_msgs/ros2_unitree_legged_msgs/msg/detail/low_cmd__rosidl_typesupport_fastrtps_cpp.hpp
[1.269s] -- Up-to-date: /home/pim0ubuntu/go1_ws/install/ros2_unitree_legged_msgs/include/ros2_unitree_legged_msgs/ros2_unitree_legged_msgs/msg/detail/cartesian__rosidl_typesupport_fastrtps_cpp.hpp
[1.269s] -- Up-to-date: /home/pim0ubuntu/go1_ws/install/ros2_unitree_legged_msgs/include/ros2_unitree_legged_msgs/ros2_unitree_legged_msgs/msg/detail/low_state__rosidl_typesupport_fastrtps_cpp.hpp
[1.269s] -- Up-to-date: /home/pim0ubuntu/go1_ws/install/ros2_unitree_legged_msgs/include/ros2_unitree_legged_msgs/ros2_unitree_legged_msgs/msg/detail/bms_state__rosidl_typesupport_fastrtps_cpp.hpp
[1.269s] -- Up-to-date: /home/pim0ubuntu/go1_ws/install/ros2_unitree_legged_msgs/include/ros2_unitree_legged_msgs/ros2_unitree_legged_msgs/msg/detail/bms_cmd__rosidl_typesupport_fastrtps_cpp.hpp
[1.269s] -- Up-to-date: /home/pim0ubuntu/go1_ws/install/ros2_unitree_legged_msgs/include/ros2_unitree_legged_msgs/ros2_unitree_legged_msgs/msg/detail/motor_cmd__rosidl_typesupport_fastrtps_cpp.hpp
[1.269s] -- Up-to-date: /home/pim0ubuntu/go1_ws/install/ros2_unitree_legged_msgs/include/ros2_unitree_legged_msgs/ros2_unitree_legged_msgs/msg/detail/led__rosidl_typesupport_fastrtps_cpp.hpp
[1.269s] -- Up-to-date: /home/pim0ubuntu/go1_ws/install/ros2_unitree_legged_msgs/include/ros2_unitree_legged_msgs/ros2_unitree_legged_msgs/msg/rosidl_typesupport_fastrtps_cpp__visibility_control.h
[1.270s] -- Up-to-date: /home/pim0ubuntu/go1_ws/install/ros2_unitree_legged_msgs/lib/libros2_unitree_legged_msgs__rosidl_typesupport_fastrtps_cpp.so
[1.270s] -- Up-to-date: /home/pim0ubuntu/go1_ws/install/ros2_unitree_legged_msgs/include/ros2_unitree_legged_msgs/ros2_unitree_legged_msgs
[1.270s] -- Up-to-date: /home/pim0ubuntu/go1_ws/install/ros2_unitree_legged_msgs/include/ros2_unitree_legged_msgs/ros2_unitree_legged_msgs/msg
[1.270s] -- Up-to-date: /home/pim0ubuntu/go1_ws/install/ros2_unitree_legged_msgs/include/ros2_unitree_legged_msgs/ros2_unitree_legged_msgs/msg/detail
[1.270s] -- Up-to-date: /home/pim0ubuntu/go1_ws/install/ros2_unitree_legged_msgs/include/ros2_unitree_legged_msgs/ros2_unitree_legged_msgs/msg/detail/led__type_support.cpp
[1.270s] -- Up-to-date: /home/pim0ubuntu/go1_ws/install/ros2_unitree_legged_msgs/include/ros2_unitree_legged_msgs/ros2_unitree_legged_msgs/msg/detail/high_state__rosidl_typesupport_introspection_cpp.hpp
[1.270s] -- Up-to-date: /home/pim0ubuntu/go1_ws/install/ros2_unitree_legged_msgs/include/ros2_unitree_legged_msgs/ros2_unitree_legged_msgs/msg/detail/low_state__rosidl_typesupport_introspection_cpp.hpp
[1.270s] -- Up-to-date: /home/pim0ubuntu/go1_ws/install/ros2_unitree_legged_msgs/include/ros2_unitree_legged_msgs/ros2_unitree_legged_msgs/msg/detail/bms_cmd__rosidl_typesupport_introspection_cpp.hpp
[1.270s] -- Up-to-date: /home/pim0ubuntu/go1_ws/install/ros2_unitree_legged_msgs/include/ros2_unitree_legged_msgs/ros2_unitree_legged_msgs/msg/detail/low_cmd__rosidl_typesupport_introspection_cpp.hpp
[1.271s] -- Up-to-date: /home/pim0ubuntu/go1_ws/install/ros2_unitree_legged_msgs/include/ros2_unitree_legged_msgs/ros2_unitree_legged_msgs/msg/detail/bms_cmd__type_support.cpp
[1.271s] -- Up-to-date: /home/pim0ubuntu/go1_ws/install/ros2_unitree_legged_msgs/include/ros2_unitree_legged_msgs/ros2_unitree_legged_msgs/msg/detail/led__rosidl_typesupport_introspection_cpp.hpp
[1.271s] -- Up-to-date: /home/pim0ubuntu/go1_ws/install/ros2_unitree_legged_msgs/include/ros2_unitree_legged_msgs/ros2_unitree_legged_msgs/msg/detail/imu__rosidl_typesupport_introspection_cpp.hpp
[1.271s] -- Up-to-date: /home/pim0ubuntu/go1_ws/install/ros2_unitree_legged_msgs/include/ros2_unitree_legged_msgs/ros2_unitree_legged_msgs/msg/detail/cartesian__rosidl_typesupport_introspection_cpp.hpp
[1.271s] -- Up-to-date: /home/pim0ubuntu/go1_ws/install/ros2_unitree_legged_msgs/include/ros2_unitree_legged_msgs/ros2_unitree_legged_msgs/msg/detail/imu__type_support.cpp
[1.271s] -- Up-to-date: /home/pim0ubuntu/go1_ws/install/ros2_unitree_legged_msgs/include/ros2_unitree_legged_msgs/ros2_unitree_legged_msgs/msg/detail/cartesian__type_support.cpp
[1.271s] -- Up-to-date: /home/pim0ubuntu/go1_ws/install/ros2_unitree_legged_msgs/include/ros2_unitree_legged_msgs/ros2_unitree_legged_msgs/msg/detail/motor_cmd__rosidl_typesupport_introspection_cpp.hpp
[1.284s] -- Up-to-date: /home/pim0ubuntu/go1_ws/install/ros2_unitree_legged_msgs/include/ros2_unitree_legged_msgs/ros2_unitree_legged_msgs/msg/detail/low_cmd__type_support.cpp
[1.284s] -- Up-to-date: /home/pim0ubuntu/go1_ws/install/ros2_unitree_legged_msgs/include/ros2_unitree_legged_msgs/ros2_unitree_legged_msgs/msg/detail/high_cmd__type_support.cpp
[1.284s] -- Up-to-date: /home/pim0ubuntu/go1_ws/install/ros2_unitree_legged_msgs/include/ros2_unitree_legged_msgs/ros2_unitree_legged_msgs/msg/detail/motor_cmd__type_support.cpp
[1.284s] -- Up-to-date: /home/pim0ubuntu/go1_ws/install/ros2_unitree_legged_msgs/include/ros2_unitree_legged_msgs/ros2_unitree_legged_msgs/msg/detail/motor_state__rosidl_typesupport_introspection_cpp.hpp
[1.284s] -- Up-to-date: /home/pim0ubuntu/go1_ws/install/ros2_unitree_legged_msgs/include/ros2_unitree_legged_msgs/ros2_unitree_legged_msgs/msg/detail/high_cmd__rosidl_typesupport_introspection_cpp.hpp
[1.284s] -- Up-to-date: /home/pim0ubuntu/go1_ws/install/ros2_unitree_legged_msgs/include/ros2_unitree_legged_msgs/ros2_unitree_legged_msgs/msg/detail/high_state__type_support.cpp
[1.285s] -- Up-to-date: /home/pim0ubuntu/go1_ws/install/ros2_unitree_legged_msgs/include/ros2_unitree_legged_msgs/ros2_unitree_legged_msgs/msg/detail/bms_state__type_support.cpp
[1.285s] -- Up-to-date: /home/pim0ubuntu/go1_ws/install/ros2_unitree_legged_msgs/include/ros2_unitree_legged_msgs/ros2_unitree_legged_msgs/msg/detail/bms_state__rosidl_typesupport_introspection_cpp.hpp
[1.285s] -- Up-to-date: /home/pim0ubuntu/go1_ws/install/ros2_unitree_legged_msgs/include/ros2_unitree_legged_msgs/ros2_unitree_legged_msgs/msg/detail/motor_state__type_support.cpp
[1.285s] -- Up-to-date: /home/pim0ubuntu/go1_ws/install/ros2_unitree_legged_msgs/include/ros2_unitree_legged_msgs/ros2_unitree_legged_msgs/msg/detail/low_state__type_support.cpp
[1.285s] -- Up-to-date: /home/pim0ubuntu/go1_ws/install/ros2_unitree_legged_msgs/lib/libros2_unitree_legged_msgs__rosidl_typesupport_introspection_cpp.so
[1.285s] -- Up-to-date: /home/pim0ubuntu/go1_ws/install/ros2_unitree_legged_msgs/lib/libros2_unitree_legged_msgs__rosidl_typesupport_cpp.so
[1.285s] -- Up-to-date: /home/pim0ubuntu/go1_ws/install/ros2_unitree_legged_msgs/share/ros2_unitree_legged_msgs/environment/pythonpath.sh
[1.285s] -- Up-to-date: /home/pim0ubuntu/go1_ws/install/ros2_unitree_legged_msgs/share/ros2_unitree_legged_msgs/environment/pythonpath.dsv
[1.285s] -- Up-to-date: /home/pim0ubuntu/go1_ws/install/ros2_unitree_legged_msgs/local/lib/python3.10/dist-packages/ros2_unitree_legged_msgs-0.4.0-py3.10.egg-info
[1.285s] -- Installing: /home/pim0ubuntu/go1_ws/install/ros2_unitree_legged_msgs/local/lib/python3.10/dist-packages/ros2_unitree_legged_msgs-0.4.0-py3.10.egg-info/SOURCES.txt
[1.285s] -- Installing: /home/pim0ubuntu/go1_ws/install/ros2_unitree_legged_msgs/local/lib/python3.10/dist-packages/ros2_unitree_legged_msgs-0.4.0-py3.10.egg-info/top_level.txt
[1.285s] -- Installing: /home/pim0ubuntu/go1_ws/install/ros2_unitree_legged_msgs/local/lib/python3.10/dist-packages/ros2_unitree_legged_msgs-0.4.0-py3.10.egg-info/dependency_links.txt
[1.286s] -- Installing: /home/pim0ubuntu/go1_ws/install/ros2_unitree_legged_msgs/local/lib/python3.10/dist-packages/ros2_unitree_legged_msgs-0.4.0-py3.10.egg-info/PKG-INFO
[1.286s] -- Up-to-date: /home/pim0ubuntu/go1_ws/install/ros2_unitree_legged_msgs/local/lib/python3.10/dist-packages/ros2_unitree_legged_msgs
[1.286s] -- Up-to-date: /home/pim0ubuntu/go1_ws/install/ros2_unitree_legged_msgs/local/lib/python3.10/dist-packages/ros2_unitree_legged_msgs/msg
[1.286s] -- Up-to-date: /home/pim0ubuntu/go1_ws/install/ros2_unitree_legged_msgs/local/lib/python3.10/dist-packages/ros2_unitree_legged_msgs/msg/_motor_state_s.c
[1.286s] -- Up-to-date: /home/pim0ubuntu/go1_ws/install/ros2_unitree_legged_msgs/local/lib/python3.10/dist-packages/ros2_unitree_legged_msgs/msg/_low_state_s.c
[1.286s] -- Up-to-date: /home/pim0ubuntu/go1_ws/install/ros2_unitree_legged_msgs/local/lib/python3.10/dist-packages/ros2_unitree_legged_msgs/msg/_bms_state_s.c
[1.286s] -- Up-to-date: /home/pim0ubuntu/go1_ws/install/ros2_unitree_legged_msgs/local/lib/python3.10/dist-packages/ros2_unitree_legged_msgs/msg/_high_cmd.py
[1.286s] -- Up-to-date: /home/pim0ubuntu/go1_ws/install/ros2_unitree_legged_msgs/local/lib/python3.10/dist-packages/ros2_unitree_legged_msgs/msg/_high_state.py
[1.287s] -- Up-to-date: /home/pim0ubuntu/go1_ws/install/ros2_unitree_legged_msgs/local/lib/python3.10/dist-packages/ros2_unitree_legged_msgs/msg/_high_cmd_s.c
[1.287s] -- Up-to-date: /home/pim0ubuntu/go1_ws/install/ros2_unitree_legged_msgs/local/lib/python3.10/dist-packages/ros2_unitree_legged_msgs/msg/_bms_cmd_s.c
[1.287s] -- Up-to-date: /home/pim0ubuntu/go1_ws/install/ros2_unitree_legged_msgs/local/lib/python3.10/dist-packages/ros2_unitree_legged_msgs/msg/_led.py
[1.287s] -- Up-to-date: /home/pim0ubuntu/go1_ws/install/ros2_unitree_legged_msgs/local/lib/python3.10/dist-packages/ros2_unitree_legged_msgs/msg/_cartesian_s.c
[1.287s] -- Up-to-date: /home/pim0ubuntu/go1_ws/install/ros2_unitree_legged_msgs/local/lib/python3.10/dist-packages/ros2_unitree_legged_msgs/msg/_bms_state.py
[1.287s] -- Up-to-date: /home/pim0ubuntu/go1_ws/install/ros2_unitree_legged_msgs/local/lib/python3.10/dist-packages/ros2_unitree_legged_msgs/msg/_low_state.py
[1.287s] -- Up-to-date: /home/pim0ubuntu/go1_ws/install/ros2_unitree_legged_msgs/local/lib/python3.10/dist-packages/ros2_unitree_legged_msgs/msg/_high_state_s.c
[1.287s] -- Up-to-date: /home/pim0ubuntu/go1_ws/install/ros2_unitree_legged_msgs/local/lib/python3.10/dist-packages/ros2_unitree_legged_msgs/msg/_cartesian.py
[1.287s] -- Up-to-date: /home/pim0ubuntu/go1_ws/install/ros2_unitree_legged_msgs/local/lib/python3.10/dist-packages/ros2_unitree_legged_msgs/msg/_led_s.c
[1.287s] -- Up-to-date: /home/pim0ubuntu/go1_ws/install/ros2_unitree_legged_msgs/local/lib/python3.10/dist-packages/ros2_unitree_legged_msgs/msg/_low_cmd_s.c
[1.288s] -- Up-to-date: /home/pim0ubuntu/go1_ws/install/ros2_unitree_legged_msgs/local/lib/python3.10/dist-packages/ros2_unitree_legged_msgs/msg/_imu.py
[1.292s] -- Up-to-date: /home/pim0ubuntu/go1_ws/install/ros2_unitree_legged_msgs/local/lib/python3.10/dist-packages/ros2_unitree_legged_msgs/msg/__init__.py
[1.292s] -- Up-to-date: /home/pim0ubuntu/go1_ws/install/ros2_unitree_legged_msgs/local/lib/python3.10/dist-packages/ros2_unitree_legged_msgs/msg/_motor_cmd_s.c
[1.292s] -- Up-to-date: /home/pim0ubuntu/go1_ws/install/ros2_unitree_legged_msgs/local/lib/python3.10/dist-packages/ros2_unitree_legged_msgs/msg/_low_cmd.py
[1.292s] -- Up-to-date: /home/pim0ubuntu/go1_ws/install/ros2_unitree_legged_msgs/local/lib/python3.10/dist-packages/ros2_unitree_legged_msgs/msg/_bms_cmd.py
[1.292s] -- Up-to-date: /home/pim0ubuntu/go1_ws/install/ros2_unitree_legged_msgs/local/lib/python3.10/dist-packages/ros2_unitree_legged_msgs/msg/_imu_s.c
[1.292s] -- Up-to-date: /home/pim0ubuntu/go1_ws/install/ros2_unitree_legged_msgs/local/lib/python3.10/dist-packages/ros2_unitree_legged_msgs/msg/_motor_state.py
[1.292s] -- Up-to-date: /home/pim0ubuntu/go1_ws/install/ros2_unitree_legged_msgs/local/lib/python3.10/dist-packages/ros2_unitree_legged_msgs/msg/_motor_cmd.py
[1.292s] -- Up-to-date: /home/pim0ubuntu/go1_ws/install/ros2_unitree_legged_msgs/local/lib/python3.10/dist-packages/ros2_unitree_legged_msgs/ros2_unitree_legged_msgs_s__rosidl_typesupport_c.cpython-310-x86_64-linux-gnu.so
[1.292s] -- Up-to-date: /home/pim0ubuntu/go1_ws/install/ros2_unitree_legged_msgs/local/lib/python3.10/dist-packages/ros2_unitree_legged_msgs/ros2_unitree_legged_msgs_s__rosidl_typesupport_fastrtps_c.cpython-310-x86_64-linux-gnu.so
[1.292s] -- Up-to-date: /home/pim0ubuntu/go1_ws/install/ros2_unitree_legged_msgs/local/lib/python3.10/dist-packages/ros2_unitree_legged_msgs/_ros2_unitree_legged_msgs_s.ep.rosidl_typesupport_fastrtps_c.c
[1.292s] -- Up-to-date: /home/pim0ubuntu/go1_ws/install/ros2_unitree_legged_msgs/local/lib/python3.10/dist-packages/ros2_unitree_legged_msgs/__init__.py
[1.292s] -- Up-to-date: /home/pim0ubuntu/go1_ws/install/ros2_unitree_legged_msgs/local/lib/python3.10/dist-packages/ros2_unitree_legged_msgs/libros2_unitree_legged_msgs__rosidl_generator_py.so
[1.293s] -- Up-to-date: /home/pim0ubuntu/go1_ws/install/ros2_unitree_legged_msgs/local/lib/python3.10/dist-packages/ros2_unitree_legged_msgs/_ros2_unitree_legged_msgs_s.ep.rosidl_typesupport_introspection_c.c
[1.293s] -- Up-to-date: /home/pim0ubuntu/go1_ws/install/ros2_unitree_legged_msgs/local/lib/python3.10/dist-packages/ros2_unitree_legged_msgs/ros2_unitree_legged_msgs_s__rosidl_typesupport_introspection_c.cpython-310-x86_64-linux-gnu.so
[1.293s] -- Up-to-date: /home/pim0ubuntu/go1_ws/install/ros2_unitree_legged_msgs/local/lib/python3.10/dist-packages/ros2_unitree_legged_msgs/_ros2_unitree_legged_msgs_s.ep.rosidl_typesupport_c.c
[1.308s] Listing '/home/pim0ubuntu/go1_ws/install/ros2_unitree_legged_msgs/local/lib/python3.10/dist-packages/ros2_unitree_legged_msgs'...
[1.308s] Listing '/home/pim0ubuntu/go1_ws/install/ros2_unitree_legged_msgs/local/lib/python3.10/dist-packages/ros2_unitree_legged_msgs/msg'...
[1.336s] -- Up-to-date: /home/pim0ubuntu/go1_ws/install/ros2_unitree_legged_msgs/local/lib/python3.10/dist-packages/ros2_unitree_legged_msgs/ros2_unitree_legged_msgs_s__rosidl_typesupport_fastrtps_c.cpython-310-x86_64-linux-gnu.so
[1.336s] -- Up-to-date: /home/pim0ubuntu/go1_ws/install/ros2_unitree_legged_msgs/local/lib/python3.10/dist-packages/ros2_unitree_legged_msgs/ros2_unitree_legged_msgs_s__rosidl_typesupport_introspection_c.cpython-310-x86_64-linux-gnu.so
[1.336s] -- Up-to-date: /home/pim0ubuntu/go1_ws/install/ros2_unitree_legged_msgs/local/lib/python3.10/dist-packages/ros2_unitree_legged_msgs/ros2_unitree_legged_msgs_s__rosidl_typesupport_c.cpython-310-x86_64-linux-gnu.so
[1.337s] -- Up-to-date: /home/pim0ubuntu/go1_ws/install/ros2_unitree_legged_msgs/lib/libros2_unitree_legged_msgs__rosidl_generator_py.so
[1.337s] -- Up-to-date: /home/pim0ubuntu/go1_ws/install/ros2_unitree_legged_msgs/share/ros2_unitree_legged_msgs/msg/MotorCmd.idl
[1.337s] -- Up-to-date: /home/pim0ubuntu/go1_ws/install/ros2_unitree_legged_msgs/share/ros2_unitree_legged_msgs/msg/MotorState.idl
[1.337s] -- Up-to-date: /home/pim0ubuntu/go1_ws/install/ros2_unitree_legged_msgs/share/ros2_unitree_legged_msgs/msg/BmsCmd.idl
[1.337s] -- Up-to-date: /home/pim0ubuntu/go1_ws/install/ros2_unitree_legged_msgs/share/ros2_unitree_legged_msgs/msg/BmsState.idl
[1.337s] -- Up-to-date: /home/pim0ubuntu/go1_ws/install/ros2_unitree_legged_msgs/share/ros2_unitree_legged_msgs/msg/Cartesian.idl
[1.337s] -- Up-to-date: /home/pim0ubuntu/go1_ws/install/ros2_unitree_legged_msgs/share/ros2_unitree_legged_msgs/msg/IMU.idl
[1.338s] -- Up-to-date: /home/pim0ubuntu/go1_ws/install/ros2_unitree_legged_msgs/share/ros2_unitree_legged_msgs/msg/LED.idl
[1.338s] -- Up-to-date: /home/pim0ubuntu/go1_ws/install/ros2_unitree_legged_msgs/share/ros2_unitree_legged_msgs/msg/LowCmd.idl
[1.338s] -- Up-to-date: /home/pim0ubuntu/go1_ws/install/ros2_unitree_legged_msgs/share/ros2_unitree_legged_msgs/msg/LowState.idl
[1.338s] -- Up-to-date: /home/pim0ubuntu/go1_ws/install/ros2_unitree_legged_msgs/share/ros2_unitree_legged_msgs/msg/HighCmd.idl
[1.338s] -- Up-to-date: /home/pim0ubuntu/go1_ws/install/ros2_unitree_legged_msgs/share/ros2_unitree_legged_msgs/msg/HighState.idl
[1.338s] -- Up-to-date: /home/pim0ubuntu/go1_ws/install/ros2_unitree_legged_msgs/share/ros2_unitree_legged_msgs/msg/MotorCmd.msg
[1.338s] -- Up-to-date: /home/pim0ubuntu/go1_ws/install/ros2_unitree_legged_msgs/share/ros2_unitree_legged_msgs/msg/MotorState.msg
[1.338s] -- Up-to-date: /home/pim0ubuntu/go1_ws/install/ros2_unitree_legged_msgs/share/ros2_unitree_legged_msgs/msg/BmsCmd.msg
[1.338s] -- Up-to-date: /home/pim0ubuntu/go1_ws/install/ros2_unitree_legged_msgs/share/ros2_unitree_legged_msgs/msg/BmsState.msg
[1.338s] -- Up-to-date: /home/pim0ubuntu/go1_ws/install/ros2_unitree_legged_msgs/share/ros2_unitree_legged_msgs/msg/Cartesian.msg
[1.339s] -- Up-to-date: /home/pim0ubuntu/go1_ws/install/ros2_unitree_legged_msgs/share/ros2_unitree_legged_msgs/msg/IMU.msg
[1.339s] -- Up-to-date: /home/pim0ubuntu/go1_ws/install/ros2_unitree_legged_msgs/share/ros2_unitree_legged_msgs/msg/LED.msg
[1.339s] -- Up-to-date: /home/pim0ubuntu/go1_ws/install/ros2_unitree_legged_msgs/share/ros2_unitree_legged_msgs/msg/LowCmd.msg
[1.339s] -- Up-to-date: /home/pim0ubuntu/go1_ws/install/ros2_unitree_legged_msgs/share/ros2_unitree_legged_msgs/msg/LowState.msg
[1.339s] -- Up-to-date: /home/pim0ubuntu/go1_ws/install/ros2_unitree_legged_msgs/share/ros2_unitree_legged_msgs/msg/HighCmd.msg
[1.339s] -- Up-to-date: /home/pim0ubuntu/go1_ws/install/ros2_unitree_legged_msgs/share/ros2_unitree_legged_msgs/msg/HighState.msg
[1.343s] -- Up-to-date: /home/pim0ubuntu/go1_ws/install/ros2_unitree_legged_msgs/share/ament_index/resource_index/package_run_dependencies/ros2_unitree_legged_msgs
[1.343s] -- Up-to-date: /home/pim0ubuntu/go1_ws/install/ros2_unitree_legged_msgs/share/ament_index/resource_index/parent_prefix_path/ros2_unitree_legged_msgs
[1.343s] -- Up-to-date: /home/pim0ubuntu/go1_ws/install/ros2_unitree_legged_msgs/share/ros2_unitree_legged_msgs/environment/ament_prefix_path.sh
[1.343s] -- Up-to-date: /home/pim0ubuntu/go1_ws/install/ros2_unitree_legged_msgs/share/ros2_unitree_legged_msgs/environment/ament_prefix_path.dsv
[1.343s] -- Up-to-date: /home/pim0ubuntu/go1_ws/install/ros2_unitree_legged_msgs/share/ros2_unitree_legged_msgs/environment/path.sh
[1.343s] -- Up-to-date: /home/pim0ubuntu/go1_ws/install/ros2_unitree_legged_msgs/share/ros2_unitree_legged_msgs/environment/path.dsv
[1.343s] -- Up-to-date: /home/pim0ubuntu/go1_ws/install/ros2_unitree_legged_msgs/share/ros2_unitree_legged_msgs/local_setup.bash
[1.343s] -- Up-to-date: /home/pim0ubuntu/go1_ws/install/ros2_unitree_legged_msgs/share/ros2_unitree_legged_msgs/local_setup.sh
[1.343s] -- Up-to-date: /home/pim0ubuntu/go1_ws/install/ros2_unitree_legged_msgs/share/ros2_unitree_legged_msgs/local_setup.zsh
[1.343s] -- Up-to-date: /home/pim0ubuntu/go1_ws/install/ros2_unitree_legged_msgs/share/ros2_unitree_legged_msgs/local_setup.dsv
[1.343s] -- Installing: /home/pim0ubuntu/go1_ws/install/ros2_unitree_legged_msgs/share/ros2_unitree_legged_msgs/package.dsv
[1.347s] -- Up-to-date: /home/pim0ubuntu/go1_ws/install/ros2_unitree_legged_msgs/share/ament_index/resource_index/packages/ros2_unitree_legged_msgs
[1.349s] -- Up-to-date: /home/pim0ubuntu/go1_ws/install/ros2_unitree_legged_msgs/share/ros2_unitree_legged_msgs/cmake/export_ros2_unitree_legged_msgs__rosidl_generator_cExport.cmake
[1.349s] -- Up-to-date: /home/pim0ubuntu/go1_ws/install/ros2_unitree_legged_msgs/share/ros2_unitree_legged_msgs/cmake/export_ros2_unitree_legged_msgs__rosidl_generator_cExport-noconfig.cmake
[1.352s] -- Up-to-date: /home/pim0ubuntu/go1_ws/install/ros2_unitree_legged_msgs/share/ros2_unitree_legged_msgs/cmake/export_ros2_unitree_legged_msgs__rosidl_typesupport_fastrtps_cExport.cmake
[1.352s] -- Up-to-date: /home/pim0ubuntu/go1_ws/install/ros2_unitree_legged_msgs/share/ros2_unitree_legged_msgs/cmake/export_ros2_unitree_legged_msgs__rosidl_typesupport_fastrtps_cExport-noconfig.cmake
[1.354s] -- Up-to-date: /home/pim0ubuntu/go1_ws/install/ros2_unitree_legged_msgs/share/ros2_unitree_legged_msgs/cmake/ros2_unitree_legged_msgs__rosidl_typesupport_introspection_cExport.cmake
[1.355s] -- Up-to-date: /home/pim0ubuntu/go1_ws/install/ros2_unitree_legged_msgs/share/ros2_unitree_legged_msgs/cmake/ros2_unitree_legged_msgs__rosidl_typesupport_introspection_cExport-noconfig.cmake
[1.355s] -- Up-to-date: /home/pim0ubuntu/go1_ws/install/ros2_unitree_legged_msgs/share/ros2_unitree_legged_msgs/cmake/ros2_unitree_legged_msgs__rosidl_typesupport_cExport.cmake
[1.355s] -- Up-to-date: /home/pim0ubuntu/go1_ws/install/ros2_unitree_legged_msgs/share/ros2_unitree_legged_msgs/cmake/ros2_unitree_legged_msgs__rosidl_typesupport_cExport-noconfig.cmake
[1.355s] -- Up-to-date: /home/pim0ubuntu/go1_ws/install/ros2_unitree_legged_msgs/share/ros2_unitree_legged_msgs/cmake/export_ros2_unitree_legged_msgs__rosidl_generator_cppExport.cmake
[1.355s] -- Up-to-date: /home/pim0ubuntu/go1_ws/install/ros2_unitree_legged_msgs/share/ros2_unitree_legged_msgs/cmake/export_ros2_unitree_legged_msgs__rosidl_typesupport_fastrtps_cppExport.cmake
[1.356s] -- Up-to-date: /home/pim0ubuntu/go1_ws/install/ros2_unitree_legged_msgs/share/ros2_unitree_legged_msgs/cmake/export_ros2_unitree_legged_msgs__rosidl_typesupport_fastrtps_cppExport-noconfig.cmake
[1.356s] -- Up-to-date: /home/pim0ubuntu/go1_ws/install/ros2_unitree_legged_msgs/share/ros2_unitree_legged_msgs/cmake/ros2_unitree_legged_msgs__rosidl_typesupport_introspection_cppExport.cmake
[1.356s] -- Up-to-date: /home/pim0ubuntu/go1_ws/install/ros2_unitree_legged_msgs/share/ros2_unitree_legged_msgs/cmake/ros2_unitree_legged_msgs__rosidl_typesupport_introspection_cppExport-noconfig.cmake
[1.356s] -- Up-to-date: /home/pim0ubuntu/go1_ws/install/ros2_unitree_legged_msgs/share/ros2_unitree_legged_msgs/cmake/ros2_unitree_legged_msgs__rosidl_typesupport_cppExport.cmake
[1.356s] -- Up-to-date: /home/pim0ubuntu/go1_ws/install/ros2_unitree_legged_msgs/share/ros2_unitree_legged_msgs/cmake/ros2_unitree_legged_msgs__rosidl_typesupport_cppExport-noconfig.cmake
[1.357s] -- Up-to-date: /home/pim0ubuntu/go1_ws/install/ros2_unitree_legged_msgs/share/ros2_unitree_legged_msgs/cmake/export_ros2_unitree_legged_msgs__rosidl_generator_pyExport.cmake
[1.357s] -- Up-to-date: /home/pim0ubuntu/go1_ws/install/ros2_unitree_legged_msgs/share/ros2_unitree_legged_msgs/cmake/export_ros2_unitree_legged_msgs__rosidl_generator_pyExport-noconfig.cmake
[1.357s] -- Up-to-date: /home/pim0ubuntu/go1_ws/install/ros2_unitree_legged_msgs/share/ros2_unitree_legged_msgs/cmake/rosidl_cmake-extras.cmake
[1.357s] -- Up-to-date: /home/pim0ubuntu/go1_ws/install/ros2_unitree_legged_msgs/share/ros2_unitree_legged_msgs/cmake/ament_cmake_export_include_directories-extras.cmake
[1.358s] -- Up-to-date: /home/pim0ubuntu/go1_ws/install/ros2_unitree_legged_msgs/share/ros2_unitree_legged_msgs/cmake/ament_cmake_export_libraries-extras.cmake
[1.358s] -- Up-to-date: /home/pim0ubuntu/go1_ws/install/ros2_unitree_legged_msgs/share/ros2_unitree_legged_msgs/cmake/ament_cmake_export_targets-extras.cmake
[1.358s] -- Up-to-date: /home/pim0ubuntu/go1_ws/install/ros2_unitree_legged_msgs/share/ros2_unitree_legged_msgs/cmake/rosidl_cmake_export_typesupport_targets-extras.cmake
[1.360s] -- Up-to-date: /home/pim0ubuntu/go1_ws/install/ros2_unitree_legged_msgs/share/ros2_unitree_legged_msgs/cmake/ament_cmake_export_dependencies-extras.cmake
[1.362s] -- Up-to-date: /home/pim0ubuntu/go1_ws/install/ros2_unitree_legged_msgs/share/ros2_unitree_legged_msgs/cmake/rosidl_cmake_export_typesupport_libraries-extras.cmake
[1.366s] -- Up-to-date: /home/pim0ubuntu/go1_ws/install/ros2_unitree_legged_msgs/share/ros2_unitree_legged_msgs/cmake/ros2_unitree_legged_msgsConfig.cmake
[1.366s] -- Up-to-date: /home/pim0ubuntu/go1_ws/install/ros2_unitree_legged_msgs/share/ros2_unitree_legged_msgs/cmake/ros2_unitree_legged_msgsConfig-version.cmake
[1.368s] -- Up-to-date: /home/pim0ubuntu/go1_ws/install/ros2_unitree_legged_msgs/share/ros2_unitree_legged_msgs/package.xml
[1.374s] Invoked command in '/home/pim0ubuntu/go1_ws/build/ros2_unitree_legged_msgs' returned '0': CMAKE_PREFIX_PATH=${CMAKE_PREFIX_PATH}:/opt/ros/humble /usr/bin/cmake --install /home/pim0ubuntu/go1_ws/build/ros2_unitree_legged_msgs
