[0.084s] DEBUG:colcon:Command line arguments: ['/usr/bin/colcon', 'build']
[0.084s] DEBUG:colcon:Parsed command line arguments: Namespace(log_base=None, log_level=None, verb_name='build', build_base='build', install_base='install', merge_install=False, symlink_install=False, test_result_base=None, continue_on_error=False, executor='parallel', parallel_workers=4, event_handlers=None, ignore_user_meta=False, metas=['./colcon.meta'], base_paths=['.'], packages_ignore=None, packages_ignore_regex=None, paths=None, packages_up_to=None, packages_up_to_regex=None, packages_above=None, packages_above_and_dependencies=None, packages_above_depth=None, packages_select_by_dep=None, packages_skip_by_dep=None, packages_skip_up_to=None, packages_select_build_failed=False, packages_skip_build_finished=False, packages_select_test_failures=False, packages_skip_test_passed=False, packages_select=None, packages_skip=None, packages_select_regex=None, packages_skip_regex=None, packages_start=None, packages_end=None, allow_overriding=[], cmake_args=None, cmake_target=None, cmake_target_skip_unavailable=False, cmake_clean_cache=False, cmake_clean_first=False, cmake_force_configure=False, ament_cmake_args=None, catkin_cmake_args=None, catkin_skip_building_tests=False, mixin_files=None, mixin=None, verb_parser=<colcon_mixin.mixin.mixin_argument.MixinArgumentDecorator object at 0x7f48bb7dec50>, verb_extension=<colcon_core.verb.build.BuildVerb object at 0x7f48bb7981f0>, main=<bound method BuildVerb.main of <colcon_core.verb.build.BuildVerb object at 0x7f48bb7981f0>>, mixin_verb=('build',))
[0.230s] Level 1:colcon.colcon_core.package_discovery:discover_packages(colcon_meta) check parameters
[0.230s] Level 1:colcon.colcon_core.package_discovery:discover_packages(recursive) check parameters
[0.230s] Level 1:colcon.colcon_core.package_discovery:discover_packages(ignore) check parameters
[0.230s] Level 1:colcon.colcon_core.package_discovery:discover_packages(path) check parameters
[0.230s] Level 1:colcon.colcon_core.package_discovery:discover_packages(colcon_meta) discover
[0.230s] Level 1:colcon.colcon_core.package_discovery:discover_packages(recursive) discover
[0.230s] INFO:colcon.colcon_core.package_discovery:Crawling recursively for packages in '/home/pim0ubuntu/go1_ws'
[0.230s] Level 1:colcon.colcon_core.package_identification:_identify(.) by extensions ['ignore', 'ignore_ament_install']
[0.230s] Level 1:colcon.colcon_core.package_identification:_identify(.) by extension 'ignore'
[0.230s] Level 1:colcon.colcon_core.package_identification:_identify(.) by extension 'ignore_ament_install'
[0.231s] Level 1:colcon.colcon_core.package_identification:_identify(.) by extensions ['colcon_pkg']
[0.231s] Level 1:colcon.colcon_core.package_identification:_identify(.) by extension 'colcon_pkg'
[0.231s] Level 1:colcon.colcon_core.package_identification:_identify(.) by extensions ['colcon_meta']
[0.231s] Level 1:colcon.colcon_core.package_identification:_identify(.) by extension 'colcon_meta'
[0.231s] Level 1:colcon.colcon_core.package_identification:_identify(.) by extensions ['ros']
[0.231s] Level 1:colcon.colcon_core.package_identification:_identify(.) by extension 'ros'
[0.244s] Level 1:colcon.colcon_core.package_identification:_identify(.) by extensions ['cmake', 'python']
[0.244s] Level 1:colcon.colcon_core.package_identification:_identify(.) by extension 'cmake'
[0.244s] Level 1:colcon.colcon_core.package_identification:_identify(.) by extension 'python'
[0.244s] Level 1:colcon.colcon_core.package_identification:_identify(.) by extensions ['python_setup_py']
[0.244s] Level 1:colcon.colcon_core.package_identification:_identify(.) by extension 'python_setup_py'
[0.244s] Level 1:colcon.colcon_core.package_identification:_identify(build) by extensions ['ignore', 'ignore_ament_install']
[0.244s] Level 1:colcon.colcon_core.package_identification:_identify(build) by extension 'ignore'
[0.244s] Level 1:colcon.colcon_core.package_identification:_identify(build) ignored
[0.244s] Level 1:colcon.colcon_core.package_identification:_identify(install) by extensions ['ignore', 'ignore_ament_install']
[0.244s] Level 1:colcon.colcon_core.package_identification:_identify(install) by extension 'ignore'
[0.244s] Level 1:colcon.colcon_core.package_identification:_identify(install) ignored
[0.245s] Level 1:colcon.colcon_core.package_identification:_identify(log) by extensions ['ignore', 'ignore_ament_install']
[0.245s] Level 1:colcon.colcon_core.package_identification:_identify(log) by extension 'ignore'
[0.245s] Level 1:colcon.colcon_core.package_identification:_identify(log) ignored
[0.245s] Level 1:colcon.colcon_core.package_identification:_identify(src) by extensions ['ignore', 'ignore_ament_install']
[0.245s] Level 1:colcon.colcon_core.package_identification:_identify(src) by extension 'ignore'
[0.245s] Level 1:colcon.colcon_core.package_identification:_identify(src) by extension 'ignore_ament_install'
[0.245s] Level 1:colcon.colcon_core.package_identification:_identify(src) by extensions ['colcon_pkg']
[0.245s] Level 1:colcon.colcon_core.package_identification:_identify(src) by extension 'colcon_pkg'
[0.245s] Level 1:colcon.colcon_core.package_identification:_identify(src) by extensions ['colcon_meta']
[0.245s] Level 1:colcon.colcon_core.package_identification:_identify(src) by extension 'colcon_meta'
[0.245s] Level 1:colcon.colcon_core.package_identification:_identify(src) by extensions ['ros']
[0.245s] Level 1:colcon.colcon_core.package_identification:_identify(src) by extension 'ros'
[0.245s] Level 1:colcon.colcon_core.package_identification:_identify(src) by extensions ['cmake', 'python']
[0.245s] Level 1:colcon.colcon_core.package_identification:_identify(src) by extension 'cmake'
[0.245s] Level 1:colcon.colcon_core.package_identification:_identify(src) by extension 'python'
[0.245s] Level 1:colcon.colcon_core.package_identification:_identify(src) by extensions ['python_setup_py']
[0.245s] Level 1:colcon.colcon_core.package_identification:_identify(src) by extension 'python_setup_py'
[0.245s] Level 1:colcon.colcon_core.package_identification:_identify(src/unitree_guide2) by extensions ['ignore', 'ignore_ament_install']
[0.246s] Level 1:colcon.colcon_core.package_identification:_identify(src/unitree_guide2) by extension 'ignore'
[0.246s] Level 1:colcon.colcon_core.package_identification:_identify(src/unitree_guide2) by extension 'ignore_ament_install'
[0.246s] Level 1:colcon.colcon_core.package_identification:_identify(src/unitree_guide2) by extensions ['colcon_pkg']
[0.246s] Level 1:colcon.colcon_core.package_identification:_identify(src/unitree_guide2) by extension 'colcon_pkg'
[0.246s] Level 1:colcon.colcon_core.package_identification:_identify(src/unitree_guide2) by extensions ['colcon_meta']
[0.246s] Level 1:colcon.colcon_core.package_identification:_identify(src/unitree_guide2) by extension 'colcon_meta'
[0.246s] Level 1:colcon.colcon_core.package_identification:_identify(src/unitree_guide2) by extensions ['ros']
[0.246s] Level 1:colcon.colcon_core.package_identification:_identify(src/unitree_guide2) by extension 'ros'
[0.246s] Level 1:colcon.colcon_core.package_identification:_identify(src/unitree_guide2) by extensions ['cmake', 'python']
[0.246s] Level 1:colcon.colcon_core.package_identification:_identify(src/unitree_guide2) by extension 'cmake'
[0.246s] Level 1:colcon.colcon_core.package_identification:_identify(src/unitree_guide2) by extension 'python'
[0.246s] Level 1:colcon.colcon_core.package_identification:_identify(src/unitree_guide2) by extensions ['python_setup_py']
[0.246s] Level 1:colcon.colcon_core.package_identification:_identify(src/unitree_guide2) by extension 'python_setup_py'
[0.246s] Level 1:colcon.colcon_core.package_identification:_identify(src/unitree_guide2/go1_description) by extensions ['ignore', 'ignore_ament_install']
[0.246s] Level 1:colcon.colcon_core.package_identification:_identify(src/unitree_guide2/go1_description) by extension 'ignore'
[0.246s] Level 1:colcon.colcon_core.package_identification:_identify(src/unitree_guide2/go1_description) by extension 'ignore_ament_install'
[0.246s] Level 1:colcon.colcon_core.package_identification:_identify(src/unitree_guide2/go1_description) by extensions ['colcon_pkg']
[0.246s] Level 1:colcon.colcon_core.package_identification:_identify(src/unitree_guide2/go1_description) by extension 'colcon_pkg'
[0.246s] Level 1:colcon.colcon_core.package_identification:_identify(src/unitree_guide2/go1_description) by extensions ['colcon_meta']
[0.246s] Level 1:colcon.colcon_core.package_identification:_identify(src/unitree_guide2/go1_description) by extension 'colcon_meta'
[0.246s] Level 1:colcon.colcon_core.package_identification:_identify(src/unitree_guide2/go1_description) by extensions ['ros']
[0.246s] Level 1:colcon.colcon_core.package_identification:_identify(src/unitree_guide2/go1_description) by extension 'ros'
[0.249s] DEBUG:colcon.colcon_core.package_identification:Package 'src/unitree_guide2/go1_description' with type 'ros.ament_cmake' and name 'go1_description'
[0.249s] Level 1:colcon.colcon_core.package_identification:_identify(src/unitree_guide2/ros2_unitree_legged_msgs) by extensions ['ignore', 'ignore_ament_install']
[0.249s] Level 1:colcon.colcon_core.package_identification:_identify(src/unitree_guide2/ros2_unitree_legged_msgs) by extension 'ignore'
[0.249s] Level 1:colcon.colcon_core.package_identification:_identify(src/unitree_guide2/ros2_unitree_legged_msgs) by extension 'ignore_ament_install'
[0.249s] Level 1:colcon.colcon_core.package_identification:_identify(src/unitree_guide2/ros2_unitree_legged_msgs) by extensions ['colcon_pkg']
[0.249s] Level 1:colcon.colcon_core.package_identification:_identify(src/unitree_guide2/ros2_unitree_legged_msgs) by extension 'colcon_pkg'
[0.249s] Level 1:colcon.colcon_core.package_identification:_identify(src/unitree_guide2/ros2_unitree_legged_msgs) by extensions ['colcon_meta']
[0.249s] Level 1:colcon.colcon_core.package_identification:_identify(src/unitree_guide2/ros2_unitree_legged_msgs) by extension 'colcon_meta'
[0.249s] Level 1:colcon.colcon_core.package_identification:_identify(src/unitree_guide2/ros2_unitree_legged_msgs) by extensions ['ros']
[0.250s] Level 1:colcon.colcon_core.package_identification:_identify(src/unitree_guide2/ros2_unitree_legged_msgs) by extension 'ros'
[0.266s] DEBUG:colcon.colcon_core.package_identification:Package 'src/unitree_guide2/ros2_unitree_legged_msgs' with type 'ros.ament_cmake' and name 'ros2_unitree_legged_msgs'
[0.266s] Level 1:colcon.colcon_core.package_identification:_identify(src/unitree_guide2/unitree_actuator_sdk) by extensions ['ignore', 'ignore_ament_install']
[0.266s] Level 1:colcon.colcon_core.package_identification:_identify(src/unitree_guide2/unitree_actuator_sdk) by extension 'ignore'
[0.266s] Level 1:colcon.colcon_core.package_identification:_identify(src/unitree_guide2/unitree_actuator_sdk) by extension 'ignore_ament_install'
[0.266s] Level 1:colcon.colcon_core.package_identification:_identify(src/unitree_guide2/unitree_actuator_sdk) by extensions ['colcon_pkg']
[0.266s] Level 1:colcon.colcon_core.package_identification:_identify(src/unitree_guide2/unitree_actuator_sdk) by extension 'colcon_pkg'
[0.266s] Level 1:colcon.colcon_core.package_identification:_identify(src/unitree_guide2/unitree_actuator_sdk) by extensions ['colcon_meta']
[0.267s] Level 1:colcon.colcon_core.package_identification:_identify(src/unitree_guide2/unitree_actuator_sdk) by extension 'colcon_meta'
[0.267s] Level 1:colcon.colcon_core.package_identification:_identify(src/unitree_guide2/unitree_actuator_sdk) by extensions ['ros']
[0.267s] Level 1:colcon.colcon_core.package_identification:_identify(src/unitree_guide2/unitree_actuator_sdk) by extension 'ros'
[0.267s] Level 1:colcon.colcon_core.package_identification:_identify(src/unitree_guide2/unitree_actuator_sdk) by extensions ['cmake', 'python']
[0.267s] Level 1:colcon.colcon_core.package_identification:_identify(src/unitree_guide2/unitree_actuator_sdk) by extension 'cmake'
[0.269s] Level 1:colcon.colcon_core.package_identification:_identify(src/unitree_guide2/unitree_actuator_sdk) by extension 'python'
[0.269s] DEBUG:colcon.colcon_core.package_identification:Package 'src/unitree_guide2/unitree_actuator_sdk' with type 'cmake' and name 'motor_ctrl'
[0.269s] Level 1:colcon.colcon_core.package_identification:_identify(src/unitree_guide2/unitree_guide2) by extensions ['ignore', 'ignore_ament_install']
[0.269s] Level 1:colcon.colcon_core.package_identification:_identify(src/unitree_guide2/unitree_guide2) by extension 'ignore'
[0.269s] Level 1:colcon.colcon_core.package_identification:_identify(src/unitree_guide2/unitree_guide2) by extension 'ignore_ament_install'
[0.269s] Level 1:colcon.colcon_core.package_identification:_identify(src/unitree_guide2/unitree_guide2) by extensions ['colcon_pkg']
[0.269s] Level 1:colcon.colcon_core.package_identification:_identify(src/unitree_guide2/unitree_guide2) by extension 'colcon_pkg'
[0.269s] Level 1:colcon.colcon_core.package_identification:_identify(src/unitree_guide2/unitree_guide2) by extensions ['colcon_meta']
[0.269s] Level 1:colcon.colcon_core.package_identification:_identify(src/unitree_guide2/unitree_guide2) by extension 'colcon_meta'
[0.269s] Level 1:colcon.colcon_core.package_identification:_identify(src/unitree_guide2/unitree_guide2) by extensions ['ros']
[0.269s] Level 1:colcon.colcon_core.package_identification:_identify(src/unitree_guide2/unitree_guide2) by extension 'ros'
[0.270s] DEBUG:colcon.colcon_core.package_identification:Package 'src/unitree_guide2/unitree_guide2' with type 'ros.ament_cmake' and name 'unitree_guide2'
[0.270s] Level 1:colcon.colcon_core.package_identification:_identify(src/unitree_guide2/unitree_joint_controller) by extensions ['ignore', 'ignore_ament_install']
[0.270s] Level 1:colcon.colcon_core.package_identification:_identify(src/unitree_guide2/unitree_joint_controller) by extension 'ignore'
[0.270s] Level 1:colcon.colcon_core.package_identification:_identify(src/unitree_guide2/unitree_joint_controller) by extension 'ignore_ament_install'
[0.270s] Level 1:colcon.colcon_core.package_identification:_identify(src/unitree_guide2/unitree_joint_controller) by extensions ['colcon_pkg']
[0.270s] Level 1:colcon.colcon_core.package_identification:_identify(src/unitree_guide2/unitree_joint_controller) by extension 'colcon_pkg'
[0.270s] Level 1:colcon.colcon_core.package_identification:_identify(src/unitree_guide2/unitree_joint_controller) by extensions ['colcon_meta']
[0.270s] Level 1:colcon.colcon_core.package_identification:_identify(src/unitree_guide2/unitree_joint_controller) by extension 'colcon_meta'
[0.270s] Level 1:colcon.colcon_core.package_identification:_identify(src/unitree_guide2/unitree_joint_controller) by extensions ['ros']
[0.270s] Level 1:colcon.colcon_core.package_identification:_identify(src/unitree_guide2/unitree_joint_controller) by extension 'ros'
[0.272s] DEBUG:colcon.colcon_core.package_identification:Package 'src/unitree_guide2/unitree_joint_controller' with type 'ros.ament_cmake' and name 'unitree_joint_controller'
[0.272s] Level 1:colcon.colcon_core.package_discovery:discover_packages(recursive) using defaults
[0.272s] Level 1:colcon.colcon_core.package_discovery:discover_packages(ignore) discover
[0.272s] Level 1:colcon.colcon_core.package_discovery:discover_packages(ignore) using defaults
[0.272s] Level 1:colcon.colcon_core.package_discovery:discover_packages(path) discover
[0.272s] Level 1:colcon.colcon_core.package_discovery:discover_packages(path) using defaults
[0.295s] Level 1:colcon.colcon_core.package_discovery:discover_packages(prefix_path) check parameters
[0.295s] Level 1:colcon.colcon_core.package_discovery:discover_packages(prefix_path) discover
[0.297s] DEBUG:colcon.colcon_installed_package_information.package_discovery:Found 5 installed packages in /home/pim0ubuntu/go1_ws/install
[0.299s] DEBUG:colcon.colcon_installed_package_information.package_discovery:Found 408 installed packages in /opt/ros/humble
[0.301s] Level 1:colcon.colcon_core.package_discovery:discover_packages(prefix_path) using defaults
[0.348s] Level 5:colcon.colcon_core.verb:set package 'go1_description' build argument 'cmake_args' from command line to 'None'
[0.348s] Level 5:colcon.colcon_core.verb:set package 'go1_description' build argument 'cmake_target' from command line to 'None'
[0.348s] Level 5:colcon.colcon_core.verb:set package 'go1_description' build argument 'cmake_target_skip_unavailable' from command line to 'False'
[0.348s] Level 5:colcon.colcon_core.verb:set package 'go1_description' build argument 'cmake_clean_cache' from command line to 'False'
[0.348s] Level 5:colcon.colcon_core.verb:set package 'go1_description' build argument 'cmake_clean_first' from command line to 'False'
[0.348s] Level 5:colcon.colcon_core.verb:set package 'go1_description' build argument 'cmake_force_configure' from command line to 'False'
[0.348s] Level 5:colcon.colcon_core.verb:set package 'go1_description' build argument 'ament_cmake_args' from command line to 'None'
[0.348s] Level 5:colcon.colcon_core.verb:set package 'go1_description' build argument 'catkin_cmake_args' from command line to 'None'
[0.348s] Level 5:colcon.colcon_core.verb:set package 'go1_description' build argument 'catkin_skip_building_tests' from command line to 'False'
[0.348s] DEBUG:colcon.colcon_core.verb:Building package 'go1_description' with the following arguments: {'ament_cmake_args': None, 'build_base': '/home/pim0ubuntu/go1_ws/build/go1_description', 'catkin_cmake_args': None, 'catkin_skip_building_tests': False, 'cmake_args': None, 'cmake_clean_cache': False, 'cmake_clean_first': False, 'cmake_force_configure': False, 'cmake_target': None, 'cmake_target_skip_unavailable': False, 'install_base': '/home/pim0ubuntu/go1_ws/install/go1_description', 'merge_install': False, 'path': '/home/pim0ubuntu/go1_ws/src/unitree_guide2/go1_description', 'symlink_install': False, 'test_result_base': None}
[0.349s] Level 5:colcon.colcon_core.verb:set package 'motor_ctrl' build argument 'cmake_args' from command line to 'None'
[0.349s] Level 5:colcon.colcon_core.verb:set package 'motor_ctrl' build argument 'cmake_target' from command line to 'None'
[0.349s] Level 5:colcon.colcon_core.verb:set package 'motor_ctrl' build argument 'cmake_target_skip_unavailable' from command line to 'False'
[0.349s] Level 5:colcon.colcon_core.verb:set package 'motor_ctrl' build argument 'cmake_clean_cache' from command line to 'False'
[0.349s] Level 5:colcon.colcon_core.verb:set package 'motor_ctrl' build argument 'cmake_clean_first' from command line to 'False'
[0.349s] Level 5:colcon.colcon_core.verb:set package 'motor_ctrl' build argument 'cmake_force_configure' from command line to 'False'
[0.349s] Level 5:colcon.colcon_core.verb:set package 'motor_ctrl' build argument 'ament_cmake_args' from command line to 'None'
[0.349s] Level 5:colcon.colcon_core.verb:set package 'motor_ctrl' build argument 'catkin_cmake_args' from command line to 'None'
[0.349s] Level 5:colcon.colcon_core.verb:set package 'motor_ctrl' build argument 'catkin_skip_building_tests' from command line to 'False'
[0.349s] DEBUG:colcon.colcon_core.verb:Building package 'motor_ctrl' with the following arguments: {'ament_cmake_args': None, 'build_base': '/home/pim0ubuntu/go1_ws/build/motor_ctrl', 'catkin_cmake_args': None, 'catkin_skip_building_tests': False, 'cmake_args': None, 'cmake_clean_cache': False, 'cmake_clean_first': False, 'cmake_force_configure': False, 'cmake_target': None, 'cmake_target_skip_unavailable': False, 'install_base': '/home/pim0ubuntu/go1_ws/install/motor_ctrl', 'merge_install': False, 'path': '/home/pim0ubuntu/go1_ws/src/unitree_guide2/unitree_actuator_sdk', 'symlink_install': False, 'test_result_base': None}
[0.349s] Level 5:colcon.colcon_core.verb:set package 'ros2_unitree_legged_msgs' build argument 'cmake_args' from command line to 'None'
[0.349s] Level 5:colcon.colcon_core.verb:set package 'ros2_unitree_legged_msgs' build argument 'cmake_target' from command line to 'None'
[0.349s] Level 5:colcon.colcon_core.verb:set package 'ros2_unitree_legged_msgs' build argument 'cmake_target_skip_unavailable' from command line to 'False'
[0.349s] Level 5:colcon.colcon_core.verb:set package 'ros2_unitree_legged_msgs' build argument 'cmake_clean_cache' from command line to 'False'
[0.349s] Level 5:colcon.colcon_core.verb:set package 'ros2_unitree_legged_msgs' build argument 'cmake_clean_first' from command line to 'False'
[0.349s] Level 5:colcon.colcon_core.verb:set package 'ros2_unitree_legged_msgs' build argument 'cmake_force_configure' from command line to 'False'
[0.349s] Level 5:colcon.colcon_core.verb:set package 'ros2_unitree_legged_msgs' build argument 'ament_cmake_args' from command line to 'None'
[0.349s] Level 5:colcon.colcon_core.verb:set package 'ros2_unitree_legged_msgs' build argument 'catkin_cmake_args' from command line to 'None'
[0.349s] Level 5:colcon.colcon_core.verb:set package 'ros2_unitree_legged_msgs' build argument 'catkin_skip_building_tests' from command line to 'False'
[0.349s] DEBUG:colcon.colcon_core.verb:Building package 'ros2_unitree_legged_msgs' with the following arguments: {'ament_cmake_args': None, 'build_base': '/home/pim0ubuntu/go1_ws/build/ros2_unitree_legged_msgs', 'catkin_cmake_args': None, 'catkin_skip_building_tests': False, 'cmake_args': None, 'cmake_clean_cache': False, 'cmake_clean_first': False, 'cmake_force_configure': False, 'cmake_target': None, 'cmake_target_skip_unavailable': False, 'install_base': '/home/pim0ubuntu/go1_ws/install/ros2_unitree_legged_msgs', 'merge_install': False, 'path': '/home/pim0ubuntu/go1_ws/src/unitree_guide2/ros2_unitree_legged_msgs', 'symlink_install': False, 'test_result_base': None}
[0.350s] Level 5:colcon.colcon_core.verb:set package 'unitree_guide2' build argument 'cmake_args' from command line to 'None'
[0.350s] Level 5:colcon.colcon_core.verb:set package 'unitree_guide2' build argument 'cmake_target' from command line to 'None'
[0.350s] Level 5:colcon.colcon_core.verb:set package 'unitree_guide2' build argument 'cmake_target_skip_unavailable' from command line to 'False'
[0.350s] Level 5:colcon.colcon_core.verb:set package 'unitree_guide2' build argument 'cmake_clean_cache' from command line to 'False'
[0.350s] Level 5:colcon.colcon_core.verb:set package 'unitree_guide2' build argument 'cmake_clean_first' from command line to 'False'
[0.350s] Level 5:colcon.colcon_core.verb:set package 'unitree_guide2' build argument 'cmake_force_configure' from command line to 'False'
[0.350s] Level 5:colcon.colcon_core.verb:set package 'unitree_guide2' build argument 'ament_cmake_args' from command line to 'None'
[0.350s] Level 5:colcon.colcon_core.verb:set package 'unitree_guide2' build argument 'catkin_cmake_args' from command line to 'None'
[0.350s] Level 5:colcon.colcon_core.verb:set package 'unitree_guide2' build argument 'catkin_skip_building_tests' from command line to 'False'
[0.350s] DEBUG:colcon.colcon_core.verb:Building package 'unitree_guide2' with the following arguments: {'ament_cmake_args': None, 'build_base': '/home/pim0ubuntu/go1_ws/build/unitree_guide2', 'catkin_cmake_args': None, 'catkin_skip_building_tests': False, 'cmake_args': None, 'cmake_clean_cache': False, 'cmake_clean_first': False, 'cmake_force_configure': False, 'cmake_target': None, 'cmake_target_skip_unavailable': False, 'install_base': '/home/pim0ubuntu/go1_ws/install/unitree_guide2', 'merge_install': False, 'path': '/home/pim0ubuntu/go1_ws/src/unitree_guide2/unitree_guide2', 'symlink_install': False, 'test_result_base': None}
[0.350s] Level 5:colcon.colcon_core.verb:set package 'unitree_joint_controller' build argument 'cmake_args' from command line to 'None'
[0.350s] Level 5:colcon.colcon_core.verb:set package 'unitree_joint_controller' build argument 'cmake_target' from command line to 'None'
[0.350s] Level 5:colcon.colcon_core.verb:set package 'unitree_joint_controller' build argument 'cmake_target_skip_unavailable' from command line to 'False'
[0.350s] Level 5:colcon.colcon_core.verb:set package 'unitree_joint_controller' build argument 'cmake_clean_cache' from command line to 'False'
[0.350s] Level 5:colcon.colcon_core.verb:set package 'unitree_joint_controller' build argument 'cmake_clean_first' from command line to 'False'
[0.350s] Level 5:colcon.colcon_core.verb:set package 'unitree_joint_controller' build argument 'cmake_force_configure' from command line to 'False'
[0.350s] Level 5:colcon.colcon_core.verb:set package 'unitree_joint_controller' build argument 'ament_cmake_args' from command line to 'None'
[0.350s] Level 5:colcon.colcon_core.verb:set package 'unitree_joint_controller' build argument 'catkin_cmake_args' from command line to 'None'
[0.350s] Level 5:colcon.colcon_core.verb:set package 'unitree_joint_controller' build argument 'catkin_skip_building_tests' from command line to 'False'
[0.350s] DEBUG:colcon.colcon_core.verb:Building package 'unitree_joint_controller' with the following arguments: {'ament_cmake_args': None, 'build_base': '/home/pim0ubuntu/go1_ws/build/unitree_joint_controller', 'catkin_cmake_args': None, 'catkin_skip_building_tests': False, 'cmake_args': None, 'cmake_clean_cache': False, 'cmake_clean_first': False, 'cmake_force_configure': False, 'cmake_target': None, 'cmake_target_skip_unavailable': False, 'install_base': '/home/pim0ubuntu/go1_ws/install/unitree_joint_controller', 'merge_install': False, 'path': '/home/pim0ubuntu/go1_ws/src/unitree_guide2/unitree_joint_controller', 'symlink_install': False, 'test_result_base': None}
[0.350s] INFO:colcon.colcon_core.executor:Executing jobs using 'parallel' executor
[0.357s] DEBUG:colcon.colcon_parallel_executor.executor.parallel:run_until_complete
[0.358s] INFO:colcon.colcon_ros.task.ament_cmake.build:Building ROS package in '/home/pim0ubuntu/go1_ws/src/unitree_guide2/ros2_unitree_legged_msgs' with build type 'ament_cmake'
[0.358s] INFO:colcon.colcon_cmake.task.cmake.build:Building CMake package in '/home/pim0ubuntu/go1_ws/src/unitree_guide2/ros2_unitree_legged_msgs'
[0.366s] INFO:colcon.colcon_core.plugin_system:Skipping extension 'colcon_core.shell.bat': Not used on non-Windows systems
[0.369s] INFO:colcon.colcon_core.shell:Skip shell extension 'powershell' for command environment: Not usable outside of PowerShell
[0.369s] DEBUG:colcon.colcon_core.shell:Skip shell extension 'dsv' for command environment
[0.375s] INFO:colcon.colcon_ros.task.ament_cmake.build:Building ROS package in '/home/pim0ubuntu/go1_ws/src/unitree_guide2/go1_description' with build type 'ament_cmake'
[0.376s] INFO:colcon.colcon_cmake.task.cmake.build:Building CMake package in '/home/pim0ubuntu/go1_ws/src/unitree_guide2/go1_description'
[0.376s] INFO:colcon.colcon_core.shell:Skip shell extension 'powershell' for command environment: Not usable outside of PowerShell
[0.376s] DEBUG:colcon.colcon_core.shell:Skip shell extension 'dsv' for command environment
[0.383s] INFO:colcon.colcon_cmake.task.cmake.build:Building CMake package in '/home/pim0ubuntu/go1_ws/src/unitree_guide2/unitree_actuator_sdk'
[0.383s] INFO:colcon.colcon_core.shell:Skip shell extension 'powershell' for command environment: Not usable outside of PowerShell
[0.384s] DEBUG:colcon.colcon_core.shell:Skip shell extension 'dsv' for command environment
[0.392s] INFO:colcon.colcon_ros.task.ament_cmake.build:Building ROS package in '/home/pim0ubuntu/go1_ws/src/unitree_guide2/unitree_guide2' with build type 'ament_cmake'
[0.392s] INFO:colcon.colcon_cmake.task.cmake.build:Building CMake package in '/home/pim0ubuntu/go1_ws/src/unitree_guide2/unitree_guide2'
[0.393s] INFO:colcon.colcon_core.shell:Skip shell extension 'powershell' for command environment: Not usable outside of PowerShell
[0.393s] DEBUG:colcon.colcon_core.shell:Skip shell extension 'dsv' for command environment
[0.409s] DEBUG:colcon.colcon_core.event_handler.log_command:Invoking command in '/home/pim0ubuntu/go1_ws/build/ros2_unitree_legged_msgs': CMAKE_PREFIX_PATH=${CMAKE_PREFIX_PATH}:/opt/ros/humble /usr/bin/cmake --build /home/pim0ubuntu/go1_ws/build/ros2_unitree_legged_msgs -- -j4 -l4
[0.414s] DEBUG:colcon.colcon_core.event_handler.log_command:Invoking command in '/home/pim0ubuntu/go1_ws/build/go1_description': CMAKE_PREFIX_PATH=${CMAKE_PREFIX_PATH}:/opt/ros/humble /usr/bin/cmake --build /home/pim0ubuntu/go1_ws/build/go1_description -- -j4 -l4
[0.428s] DEBUG:colcon.colcon_core.event_handler.log_command:Invoking command in '/home/pim0ubuntu/go1_ws/build/motor_ctrl': /usr/bin/cmake --build /home/pim0ubuntu/go1_ws/build/motor_ctrl -- -j4 -l4
[0.439s] DEBUG:colcon.colcon_core.event_handler.log_command:Invoking command in '/home/pim0ubuntu/go1_ws/build/unitree_guide2': CMAKE_PREFIX_PATH=${CMAKE_PREFIX_PATH}:/opt/ros/humble /usr/bin/cmake --build /home/pim0ubuntu/go1_ws/build/unitree_guide2 -- -j4 -l4
[0.538s] DEBUG:colcon.colcon_core.event_handler.log_command:Invoked command in '/home/pim0ubuntu/go1_ws/build/go1_description' returned '0': CMAKE_PREFIX_PATH=${CMAKE_PREFIX_PATH}:/opt/ros/humble /usr/bin/cmake --build /home/pim0ubuntu/go1_ws/build/go1_description -- -j4 -l4
[0.573s] DEBUG:colcon.colcon_core.event_handler.log_command:Invoking command in '/home/pim0ubuntu/go1_ws/build/go1_description': CMAKE_PREFIX_PATH=${CMAKE_PREFIX_PATH}:/opt/ros/humble /usr/bin/cmake --install /home/pim0ubuntu/go1_ws/build/go1_description
[0.641s] Level 1:colcon.colcon_core.environment:create_environment_scripts_only(go1_description)
[0.642s] DEBUG:colcon.colcon_core.event_handler.log_command:Invoked command in '/home/pim0ubuntu/go1_ws/build/go1_description' returned '0': CMAKE_PREFIX_PATH=${CMAKE_PREFIX_PATH}:/opt/ros/humble /usr/bin/cmake --install /home/pim0ubuntu/go1_ws/build/go1_description
[0.646s] Level 1:colcon.colcon_core.environment:checking '/home/pim0ubuntu/go1_ws/install/go1_description' for CMake module files
[0.646s] Level 1:colcon.colcon_core.environment:checking '/home/pim0ubuntu/go1_ws/install/go1_description' for CMake config files
[0.647s] Level 1:colcon.colcon_core.shell:create_environment_hook('go1_description', 'cmake_prefix_path')
[0.647s] INFO:colcon.colcon_core.shell:Creating environment hook '/home/pim0ubuntu/go1_ws/install/go1_description/share/go1_description/hook/cmake_prefix_path.ps1'
[0.648s] INFO:colcon.colcon_core.shell:Creating environment descriptor '/home/pim0ubuntu/go1_ws/install/go1_description/share/go1_description/hook/cmake_prefix_path.dsv'
[0.649s] INFO:colcon.colcon_core.shell:Creating environment hook '/home/pim0ubuntu/go1_ws/install/go1_description/share/go1_description/hook/cmake_prefix_path.sh'
[0.650s] Level 1:colcon.colcon_core.environment:checking '/home/pim0ubuntu/go1_ws/install/go1_description/bin'
[0.651s] Level 1:colcon.colcon_core.environment:checking '/home/pim0ubuntu/go1_ws/install/go1_description/lib/pkgconfig/go1_description.pc'
[0.652s] Level 1:colcon.colcon_core.environment:checking '/home/pim0ubuntu/go1_ws/install/go1_description/lib/python3.10/site-packages'
[0.652s] Level 1:colcon.colcon_core.environment:checking '/home/pim0ubuntu/go1_ws/install/go1_description/bin'
[0.653s] INFO:colcon.colcon_core.shell:Creating package script '/home/pim0ubuntu/go1_ws/install/go1_description/share/go1_description/package.ps1'
[0.657s] INFO:colcon.colcon_core.shell:Creating package descriptor '/home/pim0ubuntu/go1_ws/install/go1_description/share/go1_description/package.dsv'
[0.675s] INFO:colcon.colcon_core.shell:Creating package script '/home/pim0ubuntu/go1_ws/install/go1_description/share/go1_description/package.sh'
[0.677s] INFO:colcon.colcon_core.shell:Creating package script '/home/pim0ubuntu/go1_ws/install/go1_description/share/go1_description/package.bash'
[0.681s] INFO:colcon.colcon_core.shell:Creating package script '/home/pim0ubuntu/go1_ws/install/go1_description/share/go1_description/package.zsh'
[0.682s] Level 1:colcon.colcon_core.environment:create_file_with_runtime_dependencies(/home/pim0ubuntu/go1_ws/install/go1_description/share/colcon-core/packages/go1_description)
[0.701s] Level 1:colcon.colcon_core.environment:create_environment_scripts_only(go1_description)
[0.701s] Level 1:colcon.colcon_core.environment:checking '/home/pim0ubuntu/go1_ws/install/go1_description' for CMake module files
[0.702s] Level 1:colcon.colcon_core.environment:checking '/home/pim0ubuntu/go1_ws/install/go1_description' for CMake config files
[0.702s] Level 1:colcon.colcon_core.shell:create_environment_hook('go1_description', 'cmake_prefix_path')
[0.704s] INFO:colcon.colcon_core.shell:Creating environment hook '/home/pim0ubuntu/go1_ws/install/go1_description/share/go1_description/hook/cmake_prefix_path.ps1'
[0.705s] INFO:colcon.colcon_core.shell:Creating environment descriptor '/home/pim0ubuntu/go1_ws/install/go1_description/share/go1_description/hook/cmake_prefix_path.dsv'
[0.709s] INFO:colcon.colcon_core.shell:Creating environment hook '/home/pim0ubuntu/go1_ws/install/go1_description/share/go1_description/hook/cmake_prefix_path.sh'
[0.710s] Level 1:colcon.colcon_core.environment:checking '/home/pim0ubuntu/go1_ws/install/go1_description/bin'
[0.710s] Level 1:colcon.colcon_core.environment:checking '/home/pim0ubuntu/go1_ws/install/go1_description/lib/pkgconfig/go1_description.pc'
[0.711s] Level 1:colcon.colcon_core.environment:checking '/home/pim0ubuntu/go1_ws/install/go1_description/lib/python3.10/site-packages'
[0.711s] Level 1:colcon.colcon_core.environment:checking '/home/pim0ubuntu/go1_ws/install/go1_description/bin'
[0.712s] INFO:colcon.colcon_core.shell:Creating package script '/home/pim0ubuntu/go1_ws/install/go1_description/share/go1_description/package.ps1'
[0.713s] INFO:colcon.colcon_core.shell:Creating package descriptor '/home/pim0ubuntu/go1_ws/install/go1_description/share/go1_description/package.dsv'
[0.713s] INFO:colcon.colcon_core.shell:Creating package script '/home/pim0ubuntu/go1_ws/install/go1_description/share/go1_description/package.sh'
[0.730s] INFO:colcon.colcon_core.shell:Creating package script '/home/pim0ubuntu/go1_ws/install/go1_description/share/go1_description/package.bash'
[0.731s] INFO:colcon.colcon_core.shell:Creating package script '/home/pim0ubuntu/go1_ws/install/go1_description/share/go1_description/package.zsh'
[0.732s] Level 1:colcon.colcon_core.environment:create_file_with_runtime_dependencies(/home/pim0ubuntu/go1_ws/install/go1_description/share/colcon-core/packages/go1_description)
[0.755s] DEBUG:colcon.colcon_core.event_handler.log_command:Invoked command in '/home/pim0ubuntu/go1_ws/build/motor_ctrl' returned '0': /usr/bin/cmake --build /home/pim0ubuntu/go1_ws/build/motor_ctrl -- -j4 -l4
[0.755s] WARNING:colcon.colcon_cmake.task.cmake.build:Could not run installation step for package 'motor_ctrl' because it has no 'install' target
[0.756s] Level 1:colcon.colcon_core.environment:create_environment_scripts_only(motor_ctrl)
[0.757s] Level 1:colcon.colcon_core.environment:checking '/home/pim0ubuntu/go1_ws/install/motor_ctrl' for CMake module files
[0.757s] Level 1:colcon.colcon_core.environment:checking '/home/pim0ubuntu/go1_ws/install/motor_ctrl' for CMake config files
[0.758s] Level 1:colcon.colcon_core.environment:checking '/home/pim0ubuntu/go1_ws/install/motor_ctrl/bin'
[0.758s] Level 1:colcon.colcon_core.environment:checking '/home/pim0ubuntu/go1_ws/install/motor_ctrl/lib/pkgconfig/motor_ctrl.pc'
[0.758s] Level 1:colcon.colcon_core.environment:checking '/home/pim0ubuntu/go1_ws/install/motor_ctrl/lib/python3.10/site-packages'
[0.759s] Level 1:colcon.colcon_core.environment:checking '/home/pim0ubuntu/go1_ws/install/motor_ctrl/bin'
[0.760s] INFO:colcon.colcon_core.shell:Creating package script '/home/pim0ubuntu/go1_ws/install/motor_ctrl/share/motor_ctrl/package.ps1'
[0.761s] INFO:colcon.colcon_core.shell:Creating package descriptor '/home/pim0ubuntu/go1_ws/install/motor_ctrl/share/motor_ctrl/package.dsv'
[0.767s] INFO:colcon.colcon_core.shell:Creating package script '/home/pim0ubuntu/go1_ws/install/motor_ctrl/share/motor_ctrl/package.sh'
[0.769s] INFO:colcon.colcon_core.shell:Creating package script '/home/pim0ubuntu/go1_ws/install/motor_ctrl/share/motor_ctrl/package.bash'
[0.772s] INFO:colcon.colcon_core.shell:Creating package script '/home/pim0ubuntu/go1_ws/install/motor_ctrl/share/motor_ctrl/package.zsh'
[0.773s] Level 1:colcon.colcon_core.environment:create_file_with_runtime_dependencies(/home/pim0ubuntu/go1_ws/install/motor_ctrl/share/colcon-core/packages/motor_ctrl)
[1.366s] DEBUG:colcon.colcon_core.event_handler.log_command:Invoked command in '/home/pim0ubuntu/go1_ws/build/ros2_unitree_legged_msgs' returned '0': CMAKE_PREFIX_PATH=${CMAKE_PREFIX_PATH}:/opt/ros/humble /usr/bin/cmake --build /home/pim0ubuntu/go1_ws/build/ros2_unitree_legged_msgs -- -j4 -l4
[1.368s] DEBUG:colcon.colcon_core.event_handler.log_command:Invoking command in '/home/pim0ubuntu/go1_ws/build/ros2_unitree_legged_msgs': CMAKE_PREFIX_PATH=${CMAKE_PREFIX_PATH}:/opt/ros/humble /usr/bin/cmake --install /home/pim0ubuntu/go1_ws/build/ros2_unitree_legged_msgs
[1.458s] Level 1:colcon.colcon_core.environment:create_environment_scripts_only(ros2_unitree_legged_msgs)
[1.458s] DEBUG:colcon.colcon_core.event_handler.log_command:Invoked command in '/home/pim0ubuntu/go1_ws/build/ros2_unitree_legged_msgs' returned '0': CMAKE_PREFIX_PATH=${CMAKE_PREFIX_PATH}:/opt/ros/humble /usr/bin/cmake --install /home/pim0ubuntu/go1_ws/build/ros2_unitree_legged_msgs
[1.458s] Level 1:colcon.colcon_core.environment:checking '/home/pim0ubuntu/go1_ws/install/ros2_unitree_legged_msgs' for CMake module files
[1.459s] Level 1:colcon.colcon_core.environment:checking '/home/pim0ubuntu/go1_ws/install/ros2_unitree_legged_msgs' for CMake config files
[1.460s] Level 1:colcon.colcon_core.shell:create_environment_hook('ros2_unitree_legged_msgs', 'cmake_prefix_path')
[1.460s] INFO:colcon.colcon_core.shell:Creating environment hook '/home/pim0ubuntu/go1_ws/install/ros2_unitree_legged_msgs/share/ros2_unitree_legged_msgs/hook/cmake_prefix_path.ps1'
[1.461s] INFO:colcon.colcon_core.shell:Creating environment descriptor '/home/pim0ubuntu/go1_ws/install/ros2_unitree_legged_msgs/share/ros2_unitree_legged_msgs/hook/cmake_prefix_path.dsv'
[1.462s] INFO:colcon.colcon_core.shell:Creating environment hook '/home/pim0ubuntu/go1_ws/install/ros2_unitree_legged_msgs/share/ros2_unitree_legged_msgs/hook/cmake_prefix_path.sh'
[1.463s] Level 1:colcon.colcon_core.environment:checking '/home/pim0ubuntu/go1_ws/install/ros2_unitree_legged_msgs/lib'
[1.464s] Level 1:colcon.colcon_core.shell:create_environment_hook('ros2_unitree_legged_msgs', 'ld_library_path_lib')
[1.464s] INFO:colcon.colcon_core.shell:Creating environment hook '/home/pim0ubuntu/go1_ws/install/ros2_unitree_legged_msgs/share/ros2_unitree_legged_msgs/hook/ld_library_path_lib.ps1'
[1.465s] INFO:colcon.colcon_core.shell:Creating environment descriptor '/home/pim0ubuntu/go1_ws/install/ros2_unitree_legged_msgs/share/ros2_unitree_legged_msgs/hook/ld_library_path_lib.dsv'
[1.465s] INFO:colcon.colcon_core.shell:Creating environment hook '/home/pim0ubuntu/go1_ws/install/ros2_unitree_legged_msgs/share/ros2_unitree_legged_msgs/hook/ld_library_path_lib.sh'
[1.466s] Level 1:colcon.colcon_core.environment:checking '/home/pim0ubuntu/go1_ws/install/ros2_unitree_legged_msgs/bin'
[1.466s] Level 1:colcon.colcon_core.environment:checking '/home/pim0ubuntu/go1_ws/install/ros2_unitree_legged_msgs/lib/pkgconfig/ros2_unitree_legged_msgs.pc'
[1.466s] Level 1:colcon.colcon_core.environment:checking '/home/pim0ubuntu/go1_ws/install/ros2_unitree_legged_msgs/lib/python3.10/site-packages'
[1.467s] Level 1:colcon.colcon_core.environment:checking '/home/pim0ubuntu/go1_ws/install/ros2_unitree_legged_msgs/bin'
[1.467s] INFO:colcon.colcon_core.shell:Creating package script '/home/pim0ubuntu/go1_ws/install/ros2_unitree_legged_msgs/share/ros2_unitree_legged_msgs/package.ps1'
[1.469s] INFO:colcon.colcon_core.shell:Creating package descriptor '/home/pim0ubuntu/go1_ws/install/ros2_unitree_legged_msgs/share/ros2_unitree_legged_msgs/package.dsv'
[1.471s] INFO:colcon.colcon_core.shell:Creating package script '/home/pim0ubuntu/go1_ws/install/ros2_unitree_legged_msgs/share/ros2_unitree_legged_msgs/package.sh'
[1.471s] INFO:colcon.colcon_core.shell:Creating package script '/home/pim0ubuntu/go1_ws/install/ros2_unitree_legged_msgs/share/ros2_unitree_legged_msgs/package.bash'
[1.472s] INFO:colcon.colcon_core.shell:Creating package script '/home/pim0ubuntu/go1_ws/install/ros2_unitree_legged_msgs/share/ros2_unitree_legged_msgs/package.zsh'
[1.472s] Level 1:colcon.colcon_core.environment:create_file_with_runtime_dependencies(/home/pim0ubuntu/go1_ws/install/ros2_unitree_legged_msgs/share/colcon-core/packages/ros2_unitree_legged_msgs)
[1.473s] Level 1:colcon.colcon_core.environment:create_environment_scripts_only(ros2_unitree_legged_msgs)
[1.474s] Level 1:colcon.colcon_core.environment:checking '/home/pim0ubuntu/go1_ws/install/ros2_unitree_legged_msgs' for CMake module files
[1.476s] Level 1:colcon.colcon_core.environment:checking '/home/pim0ubuntu/go1_ws/install/ros2_unitree_legged_msgs' for CMake config files
[1.476s] Level 1:colcon.colcon_core.shell:create_environment_hook('ros2_unitree_legged_msgs', 'cmake_prefix_path')
[1.482s] INFO:colcon.colcon_core.shell:Creating environment hook '/home/pim0ubuntu/go1_ws/install/ros2_unitree_legged_msgs/share/ros2_unitree_legged_msgs/hook/cmake_prefix_path.ps1'
[1.483s] INFO:colcon.colcon_core.shell:Creating environment descriptor '/home/pim0ubuntu/go1_ws/install/ros2_unitree_legged_msgs/share/ros2_unitree_legged_msgs/hook/cmake_prefix_path.dsv'
[1.491s] INFO:colcon.colcon_core.shell:Creating environment hook '/home/pim0ubuntu/go1_ws/install/ros2_unitree_legged_msgs/share/ros2_unitree_legged_msgs/hook/cmake_prefix_path.sh'
[1.493s] Level 1:colcon.colcon_core.environment:checking '/home/pim0ubuntu/go1_ws/install/ros2_unitree_legged_msgs/lib'
[1.493s] Level 1:colcon.colcon_core.shell:create_environment_hook('ros2_unitree_legged_msgs', 'ld_library_path_lib')
[1.494s] INFO:colcon.colcon_core.shell:Creating environment hook '/home/pim0ubuntu/go1_ws/install/ros2_unitree_legged_msgs/share/ros2_unitree_legged_msgs/hook/ld_library_path_lib.ps1'
[1.522s] INFO:colcon.colcon_core.shell:Creating environment descriptor '/home/pim0ubuntu/go1_ws/install/ros2_unitree_legged_msgs/share/ros2_unitree_legged_msgs/hook/ld_library_path_lib.dsv'
[1.523s] INFO:colcon.colcon_core.shell:Creating environment hook '/home/pim0ubuntu/go1_ws/install/ros2_unitree_legged_msgs/share/ros2_unitree_legged_msgs/hook/ld_library_path_lib.sh'
[1.525s] Level 1:colcon.colcon_core.environment:checking '/home/pim0ubuntu/go1_ws/install/ros2_unitree_legged_msgs/bin'
[1.525s] Level 1:colcon.colcon_core.environment:checking '/home/pim0ubuntu/go1_ws/install/ros2_unitree_legged_msgs/lib/pkgconfig/ros2_unitree_legged_msgs.pc'
[1.525s] Level 1:colcon.colcon_core.environment:checking '/home/pim0ubuntu/go1_ws/install/ros2_unitree_legged_msgs/lib/python3.10/site-packages'
[1.525s] Level 1:colcon.colcon_core.environment:checking '/home/pim0ubuntu/go1_ws/install/ros2_unitree_legged_msgs/bin'
[1.526s] INFO:colcon.colcon_core.shell:Creating package script '/home/pim0ubuntu/go1_ws/install/ros2_unitree_legged_msgs/share/ros2_unitree_legged_msgs/package.ps1'
[1.532s] INFO:colcon.colcon_core.shell:Creating package descriptor '/home/pim0ubuntu/go1_ws/install/ros2_unitree_legged_msgs/share/ros2_unitree_legged_msgs/package.dsv'
[1.533s] INFO:colcon.colcon_core.shell:Creating package script '/home/pim0ubuntu/go1_ws/install/ros2_unitree_legged_msgs/share/ros2_unitree_legged_msgs/package.sh'
[1.533s] INFO:colcon.colcon_core.shell:Creating package script '/home/pim0ubuntu/go1_ws/install/ros2_unitree_legged_msgs/share/ros2_unitree_legged_msgs/package.bash'
[1.534s] INFO:colcon.colcon_core.shell:Creating package script '/home/pim0ubuntu/go1_ws/install/ros2_unitree_legged_msgs/share/ros2_unitree_legged_msgs/package.zsh'
[1.534s] Level 1:colcon.colcon_core.environment:create_file_with_runtime_dependencies(/home/pim0ubuntu/go1_ws/install/ros2_unitree_legged_msgs/share/colcon-core/packages/ros2_unitree_legged_msgs)
[1.535s] INFO:colcon.colcon_ros.task.ament_cmake.build:Building ROS package in '/home/pim0ubuntu/go1_ws/src/unitree_guide2/unitree_joint_controller' with build type 'ament_cmake'
[1.535s] INFO:colcon.colcon_cmake.task.cmake.build:Building CMake package in '/home/pim0ubuntu/go1_ws/src/unitree_guide2/unitree_joint_controller'
[1.542s] INFO:colcon.colcon_core.shell:Skip shell extension 'powershell' for command environment: Not usable outside of PowerShell
[1.542s] DEBUG:colcon.colcon_core.shell:Skip shell extension 'dsv' for command environment
[1.566s] DEBUG:colcon.colcon_core.event_handler.log_command:Invoking command in '/home/pim0ubuntu/go1_ws/build/unitree_joint_controller': CMAKE_PREFIX_PATH=/home/pim0ubuntu/go1_ws/install/ros2_unitree_legged_msgs:/home/pim0ubuntu/go1_ws/install/unitree_joint_controller:/home/pim0ubuntu/go1_ws/install/unitree_guide2:/home/pim0ubuntu/go1_ws/install/go1_description:/opt/ros/humble LD_LIBRARY_PATH=/home/pim0ubuntu/go1_ws/install/ros2_unitree_legged_msgs/lib:/home/pim0ubuntu/go1_ws/install/unitree_joint_controller/lib:/usr/lib/x86_64-linux-gnu/gazebo-11/plugins:/opt/ros/humble/opt/rviz_ogre_vendor/lib:/opt/ros/humble/lib/x86_64-linux-gnu:/opt/ros/humble/lib /usr/bin/cmake --build /home/pim0ubuntu/go1_ws/build/unitree_joint_controller -- -j4 -l4
[1.697s] DEBUG:colcon.colcon_core.event_handler.log_command:Invoked command in '/home/pim0ubuntu/go1_ws/build/unitree_joint_controller' returned '0': CMAKE_PREFIX_PATH=/home/pim0ubuntu/go1_ws/install/ros2_unitree_legged_msgs:/home/pim0ubuntu/go1_ws/install/unitree_joint_controller:/home/pim0ubuntu/go1_ws/install/unitree_guide2:/home/pim0ubuntu/go1_ws/install/go1_description:/opt/ros/humble LD_LIBRARY_PATH=/home/pim0ubuntu/go1_ws/install/ros2_unitree_legged_msgs/lib:/home/pim0ubuntu/go1_ws/install/unitree_joint_controller/lib:/usr/lib/x86_64-linux-gnu/gazebo-11/plugins:/opt/ros/humble/opt/rviz_ogre_vendor/lib:/opt/ros/humble/lib/x86_64-linux-gnu:/opt/ros/humble/lib /usr/bin/cmake --build /home/pim0ubuntu/go1_ws/build/unitree_joint_controller -- -j4 -l4
[1.707s] DEBUG:colcon.colcon_core.event_handler.log_command:Invoking command in '/home/pim0ubuntu/go1_ws/build/unitree_joint_controller': CMAKE_PREFIX_PATH=/home/pim0ubuntu/go1_ws/install/ros2_unitree_legged_msgs:/home/pim0ubuntu/go1_ws/install/unitree_joint_controller:/home/pim0ubuntu/go1_ws/install/unitree_guide2:/home/pim0ubuntu/go1_ws/install/go1_description:/opt/ros/humble LD_LIBRARY_PATH=/home/pim0ubuntu/go1_ws/install/ros2_unitree_legged_msgs/lib:/home/pim0ubuntu/go1_ws/install/unitree_joint_controller/lib:/usr/lib/x86_64-linux-gnu/gazebo-11/plugins:/opt/ros/humble/opt/rviz_ogre_vendor/lib:/opt/ros/humble/lib/x86_64-linux-gnu:/opt/ros/humble/lib /usr/bin/cmake --install /home/pim0ubuntu/go1_ws/build/unitree_joint_controller
[1.730s] Level 1:colcon.colcon_core.environment:create_environment_scripts_only(unitree_joint_controller)
[1.731s] DEBUG:colcon.colcon_core.event_handler.log_command:Invoked command in '/home/pim0ubuntu/go1_ws/build/unitree_joint_controller' returned '0': CMAKE_PREFIX_PATH=/home/pim0ubuntu/go1_ws/install/ros2_unitree_legged_msgs:/home/pim0ubuntu/go1_ws/install/unitree_joint_controller:/home/pim0ubuntu/go1_ws/install/unitree_guide2:/home/pim0ubuntu/go1_ws/install/go1_description:/opt/ros/humble LD_LIBRARY_PATH=/home/pim0ubuntu/go1_ws/install/ros2_unitree_legged_msgs/lib:/home/pim0ubuntu/go1_ws/install/unitree_joint_controller/lib:/usr/lib/x86_64-linux-gnu/gazebo-11/plugins:/opt/ros/humble/opt/rviz_ogre_vendor/lib:/opt/ros/humble/lib/x86_64-linux-gnu:/opt/ros/humble/lib /usr/bin/cmake --install /home/pim0ubuntu/go1_ws/build/unitree_joint_controller
[1.731s] Level 1:colcon.colcon_core.environment:checking '/home/pim0ubuntu/go1_ws/install/unitree_joint_controller' for CMake module files
[1.732s] Level 1:colcon.colcon_core.environment:checking '/home/pim0ubuntu/go1_ws/install/unitree_joint_controller' for CMake config files
[1.732s] Level 1:colcon.colcon_core.shell:create_environment_hook('unitree_joint_controller', 'cmake_prefix_path')
[1.733s] INFO:colcon.colcon_core.shell:Creating environment hook '/home/pim0ubuntu/go1_ws/install/unitree_joint_controller/share/unitree_joint_controller/hook/cmake_prefix_path.ps1'
[1.734s] INFO:colcon.colcon_core.shell:Creating environment descriptor '/home/pim0ubuntu/go1_ws/install/unitree_joint_controller/share/unitree_joint_controller/hook/cmake_prefix_path.dsv'
[1.734s] INFO:colcon.colcon_core.shell:Creating environment hook '/home/pim0ubuntu/go1_ws/install/unitree_joint_controller/share/unitree_joint_controller/hook/cmake_prefix_path.sh'
[1.735s] Level 1:colcon.colcon_core.environment:checking '/home/pim0ubuntu/go1_ws/install/unitree_joint_controller/lib'
[1.736s] Level 1:colcon.colcon_core.shell:create_environment_hook('unitree_joint_controller', 'ld_library_path_lib')
[1.736s] INFO:colcon.colcon_core.shell:Creating environment hook '/home/pim0ubuntu/go1_ws/install/unitree_joint_controller/share/unitree_joint_controller/hook/ld_library_path_lib.ps1'
[1.737s] INFO:colcon.colcon_core.shell:Creating environment descriptor '/home/pim0ubuntu/go1_ws/install/unitree_joint_controller/share/unitree_joint_controller/hook/ld_library_path_lib.dsv'
[1.738s] INFO:colcon.colcon_core.shell:Creating environment hook '/home/pim0ubuntu/go1_ws/install/unitree_joint_controller/share/unitree_joint_controller/hook/ld_library_path_lib.sh'
[1.739s] Level 1:colcon.colcon_core.environment:checking '/home/pim0ubuntu/go1_ws/install/unitree_joint_controller/bin'
[1.739s] Level 1:colcon.colcon_core.environment:checking '/home/pim0ubuntu/go1_ws/install/unitree_joint_controller/lib/pkgconfig/unitree_joint_controller.pc'
[1.739s] Level 1:colcon.colcon_core.environment:checking '/home/pim0ubuntu/go1_ws/install/unitree_joint_controller/lib/python3.10/site-packages'
[1.740s] Level 1:colcon.colcon_core.environment:checking '/home/pim0ubuntu/go1_ws/install/unitree_joint_controller/bin'
[1.740s] INFO:colcon.colcon_core.shell:Creating package script '/home/pim0ubuntu/go1_ws/install/unitree_joint_controller/share/unitree_joint_controller/package.ps1'
[1.740s] INFO:colcon.colcon_core.shell:Creating package descriptor '/home/pim0ubuntu/go1_ws/install/unitree_joint_controller/share/unitree_joint_controller/package.dsv'
[1.741s] INFO:colcon.colcon_core.shell:Creating package script '/home/pim0ubuntu/go1_ws/install/unitree_joint_controller/share/unitree_joint_controller/package.sh'
[1.741s] INFO:colcon.colcon_core.shell:Creating package script '/home/pim0ubuntu/go1_ws/install/unitree_joint_controller/share/unitree_joint_controller/package.bash'
[1.742s] INFO:colcon.colcon_core.shell:Creating package script '/home/pim0ubuntu/go1_ws/install/unitree_joint_controller/share/unitree_joint_controller/package.zsh'
[1.742s] Level 1:colcon.colcon_core.environment:create_file_with_runtime_dependencies(/home/pim0ubuntu/go1_ws/install/unitree_joint_controller/share/colcon-core/packages/unitree_joint_controller)
[1.747s] Level 1:colcon.colcon_core.environment:create_environment_scripts_only(unitree_joint_controller)
[1.748s] Level 1:colcon.colcon_core.environment:checking '/home/pim0ubuntu/go1_ws/install/unitree_joint_controller' for CMake module files
[1.748s] Level 1:colcon.colcon_core.environment:checking '/home/pim0ubuntu/go1_ws/install/unitree_joint_controller' for CMake config files
[1.749s] Level 1:colcon.colcon_core.shell:create_environment_hook('unitree_joint_controller', 'cmake_prefix_path')
[1.751s] INFO:colcon.colcon_core.shell:Creating environment hook '/home/pim0ubuntu/go1_ws/install/unitree_joint_controller/share/unitree_joint_controller/hook/cmake_prefix_path.ps1'
[1.753s] INFO:colcon.colcon_core.shell:Creating environment descriptor '/home/pim0ubuntu/go1_ws/install/unitree_joint_controller/share/unitree_joint_controller/hook/cmake_prefix_path.dsv'
[1.756s] INFO:colcon.colcon_core.shell:Creating environment hook '/home/pim0ubuntu/go1_ws/install/unitree_joint_controller/share/unitree_joint_controller/hook/cmake_prefix_path.sh'
[1.760s] Level 1:colcon.colcon_core.environment:checking '/home/pim0ubuntu/go1_ws/install/unitree_joint_controller/lib'
[1.760s] Level 1:colcon.colcon_core.shell:create_environment_hook('unitree_joint_controller', 'ld_library_path_lib')
[1.761s] INFO:colcon.colcon_core.shell:Creating environment hook '/home/pim0ubuntu/go1_ws/install/unitree_joint_controller/share/unitree_joint_controller/hook/ld_library_path_lib.ps1'
[1.761s] INFO:colcon.colcon_core.shell:Creating environment descriptor '/home/pim0ubuntu/go1_ws/install/unitree_joint_controller/share/unitree_joint_controller/hook/ld_library_path_lib.dsv'
[1.762s] INFO:colcon.colcon_core.shell:Creating environment hook '/home/pim0ubuntu/go1_ws/install/unitree_joint_controller/share/unitree_joint_controller/hook/ld_library_path_lib.sh'
[1.762s] Level 1:colcon.colcon_core.environment:checking '/home/pim0ubuntu/go1_ws/install/unitree_joint_controller/bin'
[1.762s] Level 1:colcon.colcon_core.environment:checking '/home/pim0ubuntu/go1_ws/install/unitree_joint_controller/lib/pkgconfig/unitree_joint_controller.pc'
[1.763s] Level 1:colcon.colcon_core.environment:checking '/home/pim0ubuntu/go1_ws/install/unitree_joint_controller/lib/python3.10/site-packages'
[1.763s] Level 1:colcon.colcon_core.environment:checking '/home/pim0ubuntu/go1_ws/install/unitree_joint_controller/bin'
[1.763s] INFO:colcon.colcon_core.shell:Creating package script '/home/pim0ubuntu/go1_ws/install/unitree_joint_controller/share/unitree_joint_controller/package.ps1'
[1.764s] INFO:colcon.colcon_core.shell:Creating package descriptor '/home/pim0ubuntu/go1_ws/install/unitree_joint_controller/share/unitree_joint_controller/package.dsv'
[1.765s] INFO:colcon.colcon_core.shell:Creating package script '/home/pim0ubuntu/go1_ws/install/unitree_joint_controller/share/unitree_joint_controller/package.sh'
[1.765s] INFO:colcon.colcon_core.shell:Creating package script '/home/pim0ubuntu/go1_ws/install/unitree_joint_controller/share/unitree_joint_controller/package.bash'
[1.766s] INFO:colcon.colcon_core.shell:Creating package script '/home/pim0ubuntu/go1_ws/install/unitree_joint_controller/share/unitree_joint_controller/package.zsh'
[1.771s] Level 1:colcon.colcon_core.environment:create_file_with_runtime_dependencies(/home/pim0ubuntu/go1_ws/install/unitree_joint_controller/share/colcon-core/packages/unitree_joint_controller)
[11.616s] DEBUG:colcon.colcon_core.event_handler.log_command:Invoked command in '/home/pim0ubuntu/go1_ws/build/unitree_guide2' returned '0': CMAKE_PREFIX_PATH=${CMAKE_PREFIX_PATH}:/opt/ros/humble /usr/bin/cmake --build /home/pim0ubuntu/go1_ws/build/unitree_guide2 -- -j4 -l4
[11.617s] DEBUG:colcon.colcon_core.event_handler.log_command:Invoking command in '/home/pim0ubuntu/go1_ws/build/unitree_guide2': CMAKE_PREFIX_PATH=${CMAKE_PREFIX_PATH}:/opt/ros/humble /usr/bin/cmake --install /home/pim0ubuntu/go1_ws/build/unitree_guide2
[11.661s] Level 1:colcon.colcon_core.environment:create_environment_scripts_only(unitree_guide2)
[11.662s] Level 1:colcon.colcon_core.environment:checking '/home/pim0ubuntu/go1_ws/install/unitree_guide2' for CMake module files
[11.662s] DEBUG:colcon.colcon_core.event_handler.log_command:Invoked command in '/home/pim0ubuntu/go1_ws/build/unitree_guide2' returned '0': CMAKE_PREFIX_PATH=${CMAKE_PREFIX_PATH}:/opt/ros/humble /usr/bin/cmake --install /home/pim0ubuntu/go1_ws/build/unitree_guide2
[11.663s] Level 1:colcon.colcon_core.environment:checking '/home/pim0ubuntu/go1_ws/install/unitree_guide2' for CMake config files
[11.663s] Level 1:colcon.colcon_core.shell:create_environment_hook('unitree_guide2', 'cmake_prefix_path')
[11.663s] INFO:colcon.colcon_core.shell:Creating environment hook '/home/pim0ubuntu/go1_ws/install/unitree_guide2/share/unitree_guide2/hook/cmake_prefix_path.ps1'
[11.664s] INFO:colcon.colcon_core.shell:Creating environment descriptor '/home/pim0ubuntu/go1_ws/install/unitree_guide2/share/unitree_guide2/hook/cmake_prefix_path.dsv'
[11.664s] INFO:colcon.colcon_core.shell:Creating environment hook '/home/pim0ubuntu/go1_ws/install/unitree_guide2/share/unitree_guide2/hook/cmake_prefix_path.sh'
[11.665s] Level 1:colcon.colcon_core.environment:checking '/home/pim0ubuntu/go1_ws/install/unitree_guide2/lib'
[11.665s] Level 1:colcon.colcon_core.environment:checking '/home/pim0ubuntu/go1_ws/install/unitree_guide2/bin'
[11.665s] Level 1:colcon.colcon_core.environment:checking '/home/pim0ubuntu/go1_ws/install/unitree_guide2/lib/pkgconfig/unitree_guide2.pc'
[11.665s] Level 1:colcon.colcon_core.environment:checking '/home/pim0ubuntu/go1_ws/install/unitree_guide2/lib/python3.10/site-packages'
[11.666s] Level 1:colcon.colcon_core.environment:checking '/home/pim0ubuntu/go1_ws/install/unitree_guide2/bin'
[11.666s] INFO:colcon.colcon_core.shell:Creating package script '/home/pim0ubuntu/go1_ws/install/unitree_guide2/share/unitree_guide2/package.ps1'
[11.667s] INFO:colcon.colcon_core.shell:Creating package descriptor '/home/pim0ubuntu/go1_ws/install/unitree_guide2/share/unitree_guide2/package.dsv'
[11.669s] INFO:colcon.colcon_core.shell:Creating package script '/home/pim0ubuntu/go1_ws/install/unitree_guide2/share/unitree_guide2/package.sh'
[11.669s] INFO:colcon.colcon_core.shell:Creating package script '/home/pim0ubuntu/go1_ws/install/unitree_guide2/share/unitree_guide2/package.bash'
[11.670s] INFO:colcon.colcon_core.shell:Creating package script '/home/pim0ubuntu/go1_ws/install/unitree_guide2/share/unitree_guide2/package.zsh'
[11.670s] Level 1:colcon.colcon_core.environment:create_file_with_runtime_dependencies(/home/pim0ubuntu/go1_ws/install/unitree_guide2/share/colcon-core/packages/unitree_guide2)
[11.672s] Level 1:colcon.colcon_core.environment:create_environment_scripts_only(unitree_guide2)
[11.672s] Level 1:colcon.colcon_core.environment:checking '/home/pim0ubuntu/go1_ws/install/unitree_guide2' for CMake module files
[11.676s] Level 1:colcon.colcon_core.environment:checking '/home/pim0ubuntu/go1_ws/install/unitree_guide2' for CMake config files
[11.676s] Level 1:colcon.colcon_core.shell:create_environment_hook('unitree_guide2', 'cmake_prefix_path')
[11.677s] INFO:colcon.colcon_core.shell:Creating environment hook '/home/pim0ubuntu/go1_ws/install/unitree_guide2/share/unitree_guide2/hook/cmake_prefix_path.ps1'
[11.677s] INFO:colcon.colcon_core.shell:Creating environment descriptor '/home/pim0ubuntu/go1_ws/install/unitree_guide2/share/unitree_guide2/hook/cmake_prefix_path.dsv'
[11.678s] INFO:colcon.colcon_core.shell:Creating environment hook '/home/pim0ubuntu/go1_ws/install/unitree_guide2/share/unitree_guide2/hook/cmake_prefix_path.sh'
[11.679s] Level 1:colcon.colcon_core.environment:checking '/home/pim0ubuntu/go1_ws/install/unitree_guide2/lib'
[11.679s] Level 1:colcon.colcon_core.environment:checking '/home/pim0ubuntu/go1_ws/install/unitree_guide2/bin'
[11.679s] Level 1:colcon.colcon_core.environment:checking '/home/pim0ubuntu/go1_ws/install/unitree_guide2/lib/pkgconfig/unitree_guide2.pc'
[11.679s] Level 1:colcon.colcon_core.environment:checking '/home/pim0ubuntu/go1_ws/install/unitree_guide2/lib/python3.10/site-packages'
[11.680s] Level 1:colcon.colcon_core.environment:checking '/home/pim0ubuntu/go1_ws/install/unitree_guide2/bin'
[11.680s] INFO:colcon.colcon_core.shell:Creating package script '/home/pim0ubuntu/go1_ws/install/unitree_guide2/share/unitree_guide2/package.ps1'
[11.681s] INFO:colcon.colcon_core.shell:Creating package descriptor '/home/pim0ubuntu/go1_ws/install/unitree_guide2/share/unitree_guide2/package.dsv'
[11.682s] INFO:colcon.colcon_core.shell:Creating package script '/home/pim0ubuntu/go1_ws/install/unitree_guide2/share/unitree_guide2/package.sh'
[11.683s] INFO:colcon.colcon_core.shell:Creating package script '/home/pim0ubuntu/go1_ws/install/unitree_guide2/share/unitree_guide2/package.bash'
[11.683s] INFO:colcon.colcon_core.shell:Creating package script '/home/pim0ubuntu/go1_ws/install/unitree_guide2/share/unitree_guide2/package.zsh'
[11.684s] Level 1:colcon.colcon_core.environment:create_file_with_runtime_dependencies(/home/pim0ubuntu/go1_ws/install/unitree_guide2/share/colcon-core/packages/unitree_guide2)
[11.684s] DEBUG:colcon.colcon_parallel_executor.executor.parallel:closing loop
[11.685s] DEBUG:colcon.colcon_parallel_executor.executor.parallel:loop closed
[11.685s] DEBUG:colcon.colcon_parallel_executor.executor.parallel:run_until_complete finished with '0'
[11.685s] DEBUG:colcon.colcon_core.event_reactor:joining thread
[11.692s] INFO:colcon.colcon_core.plugin_system:Skipping extension 'colcon_notification.desktop_notification.terminal_notifier': Not used on non-Darwin systems
[11.692s] INFO:colcon.colcon_core.plugin_system:Skipping extension 'colcon_notification.desktop_notification.win32': Not used on non-Windows systems
[11.692s] INFO:colcon.colcon_notification.desktop_notification:Sending desktop notification using 'notify2'
[11.704s] DEBUG:colcon.colcon_core.event_reactor:joined thread
[11.704s] INFO:colcon.colcon_core.shell:Creating prefix script '/home/pim0ubuntu/go1_ws/install/local_setup.ps1'
[11.706s] INFO:colcon.colcon_core.shell:Creating prefix util module '/home/pim0ubuntu/go1_ws/install/_local_setup_util_ps1.py'
[11.708s] INFO:colcon.colcon_core.shell:Creating prefix chain script '/home/pim0ubuntu/go1_ws/install/setup.ps1'
[11.710s] INFO:colcon.colcon_core.shell:Creating prefix script '/home/pim0ubuntu/go1_ws/install/local_setup.sh'
[11.711s] INFO:colcon.colcon_core.shell:Creating prefix util module '/home/pim0ubuntu/go1_ws/install/_local_setup_util_sh.py'
[11.712s] INFO:colcon.colcon_core.shell:Creating prefix chain script '/home/pim0ubuntu/go1_ws/install/setup.sh'
[11.717s] INFO:colcon.colcon_core.shell:Creating prefix script '/home/pim0ubuntu/go1_ws/install/local_setup.bash'
[11.718s] INFO:colcon.colcon_core.shell:Creating prefix chain script '/home/pim0ubuntu/go1_ws/install/setup.bash'
[11.719s] INFO:colcon.colcon_core.shell:Creating prefix script '/home/pim0ubuntu/go1_ws/install/local_setup.zsh'
[11.719s] INFO:colcon.colcon_core.shell:Creating prefix chain script '/home/pim0ubuntu/go1_ws/install/setup.zsh'
